RUN	simulations.RunParallelScenarios		runparallelscenarios	1560286065332	 	2.0
USER	Video Game DB - Get All Video Games	1	START	1560286071783	1560286071783
REQUEST	Video Game DB - Get All Video Games	1		Get All Videogames	1560286071815	1560286071852	OK	 
USER	Video Game DB - Get All Video Games	2	START	1560286072779	1560286072779
REQUEST	Video Game DB - Get All Video Games	2		Get All Videogames	1560286072779	1560286072788	OK	 
USER	Video Game DB - Get All Video Games	3	START	1560286073778	1560286073778
REQUEST	Video Game DB - Get All Video Games	3		Get All Videogames	1560286073779	1560286073794	OK	 
REQUEST	Video Game DB - Get All Video Games	1		Get All Videogames	1560286073870	1560286073879	OK	 
USER	Video Game DB - Get All Video Games	4	START	1560286074779	1560286074779
REQUEST	Video Game DB - Get All Video Games	4		Get All Videogames	1560286074779	1560286074788	OK	 
REQUEST	Video Game DB - Get All Video Games	2		Get All Videogames	1560286074809	1560286074815	OK	 
USER	Video Game DB - Get All Video Games	5	START	1560286075778	1560286075778
REQUEST	Video Game DB - Get All Video Games	5		Get All Videogames	1560286075778	1560286075790	OK	 
REQUEST	Video Game DB - Get All Video Games	3		Get All Videogames	1560286075809	1560286075816	OK	 
REQUEST	Video Game DB - Get All Video Games	1		Get All Videogames	1560286075889	1560286075895	OK	 
USER	Video Game DB - Get Specific Video Game	7	START	1560286076768	1560286076768
USER	Video Game DB - Get All Video Games	6	START	1560286076778	1560286076778
REQUEST	Video Game DB - Get Specific Video Game	7		Get Specific Videogame	1560286076769	1560286076787	OK	 
REQUEST	Video Game DB - Get All Video Games	6		Get All Videogames	1560286076779	1560286076794	OK	 
REQUEST	Video Game DB - Get All Video Games	2		Get All Videogames	1560286076809	1560286076816	OK	 
REQUEST	Video Game DB - Get All Video Games	4		Get All Videogames	1560286076811	1560286076820	OK	 
USER	Video Game DB - Get All Video Games	8	START	1560286077778	1560286077778
REQUEST	Video Game DB - Get All Video Games	8		Get All Videogames	1560286077779	1560286077792	OK	 
REQUEST	Video Game DB - Get All Video Games	5		Get All Videogames	1560286077809	1560286077817	OK	 
REQUEST	Video Game DB - Get All Video Games	3		Get All Videogames	1560286077818	1560286077824	OK	 
REQUEST	Video Game DB - Get All Video Games	1		Get All Videogames	1560286077889	1560286077895	OK	 
USER	Video Game DB - Get Specific Video Game	10	START	1560286078768	1560286078768
USER	Video Game DB - Get All Video Games	9	START	1560286078779	1560286078779
REQUEST	Video Game DB - Get Specific Video Game	10		Get Specific Videogame	1560286078769	1560286078783	OK	 
REQUEST	Video Game DB - Get All Video Games	9		Get All Videogames	1560286078779	1560286078792	OK	 
REQUEST	Video Game DB - Get Specific Video Game	7		Get Specific Videogame	1560286078809	1560286078819	OK	 
REQUEST	Video Game DB - Get All Video Games	6		Get All Videogames	1560286078809	1560286078819	OK	 
REQUEST	Video Game DB - Get All Video Games	2		Get All Videogames	1560286078819	1560286078826	OK	 
REQUEST	Video Game DB - Get All Video Games	4		Get All Videogames	1560286078819	1560286078829	OK	 
USER	Video Game DB - Get All Video Games	11	START	1560286079779	1560286079779
REQUEST	Video Game DB - Get All Video Games	11		Get All Videogames	1560286079779	1560286079791	OK	 
REQUEST	Video Game DB - Get All Video Games	8		Get All Videogames	1560286079809	1560286079815	OK	 
REQUEST	Video Game DB - Get All Video Games	5		Get All Videogames	1560286079809	1560286079815	OK	 
REQUEST	Video Game DB - Get All Video Games	3		Get All Videogames	1560286079829	1560286079834	OK	 
REQUEST	Video Game DB - Get All Video Games	1		Get All Videogames	1560286079890	1560286079896	OK	 
USER	Video Game DB - Get Specific Video Game	13	START	1560286080768	1560286080768
USER	Video Game DB - Get All Video Games	12	START	1560286080768	1560286080768
REQUEST	Video Game DB - Get Specific Video Game	13		Get Specific Videogame	1560286080769	1560286080788	OK	 
REQUEST	Video Game DB - Get All Video Games	12		Get All Videogames	1560286080769	1560286080789	OK	 
REQUEST	Video Game DB - Get Specific Video Game	10		Get Specific Videogame	1560286080799	1560286080811	OK	 
REQUEST	Video Game DB - Get All Video Games	9		Get All Videogames	1560286080809	1560286080820	OK	 
REQUEST	Video Game DB - Get Specific Video Game	7		Get Specific Videogame	1560286080819	1560286080827	OK	 
REQUEST	Video Game DB - Get All Video Games	6		Get All Videogames	1560286080829	1560286080837	OK	 
REQUEST	Video Game DB - Get All Video Games	2		Get All Videogames	1560286080829	1560286080837	OK	 
REQUEST	Video Game DB - Get All Video Games	4		Get All Videogames	1560286080839	1560286080845	OK	 
USER	Video Game DB - Get All Video Games	14	START	1560286081779	1560286081779
REQUEST	Video Game DB - Get All Video Games	14		Get All Videogames	1560286081780	1560286081791	OK	 
REQUEST	Video Game DB - Get All Video Games	11		Get All Videogames	1560286081809	1560286081821	OK	 
REQUEST	Video Game DB - Get All Video Games	8		Get All Videogames	1560286081819	1560286081826	OK	 
REQUEST	Video Game DB - Get All Video Games	5		Get All Videogames	1560286081819	1560286081829	OK	 
REQUEST	Video Game DB - Get All Video Games	3		Get All Videogames	1560286081829	1560286081837	OK	 
REQUEST	Video Game DB - Get All Video Games	1		Get All Videogames	1560286081899	1560286081903	OK	 
USER	Video Game DB - Get Specific Video Game	16	START	1560286082779	1560286082779
USER	Video Game DB - Get All Video Games	15	START	1560286082779	1560286082779
REQUEST	Video Game DB - Get Specific Video Game	16		Get Specific Videogame	1560286082779	1560286082792	OK	 
REQUEST	Video Game DB - Get All Video Games	15		Get All Videogames	1560286082779	1560286082794	OK	 
REQUEST	Video Game DB - Get Specific Video Game	13		Get Specific Videogame	1560286082809	1560286082818	OK	 
REQUEST	Video Game DB - Get All Video Games	12		Get All Videogames	1560286082809	1560286082818	OK	 
REQUEST	Video Game DB - Get Specific Video Game	10		Get Specific Videogame	1560286082819	1560286082825	OK	 
REQUEST	Video Game DB - Get All Video Games	6		Get All Videogames	1560286082829	1560286082836	OK	 
REQUEST	Video Game DB - Get All Video Games	9		Get All Videogames	1560286082829	1560286082836	OK	 
REQUEST	Video Game DB - Get Specific Video Game	7		Get Specific Videogame	1560286082829	1560286082836	OK	 
REQUEST	Video Game DB - Get All Video Games	4		Get All Videogames	1560286082838	1560286082843	OK	 
REQUEST	Video Game DB - Get All Video Games	2		Get All Videogames	1560286082839	1560286082846	OK	 
USER	Video Game DB - Get All Video Games	17	START	1560286083778	1560286083778
REQUEST	Video Game DB - Get All Video Games	17		Get All Videogames	1560286083779	1560286083790	OK	 
REQUEST	Video Game DB - Get All Video Games	14		Get All Videogames	1560286083809	1560286083815	OK	 
REQUEST	Video Game DB - Get All Video Games	8		Get All Videogames	1560286083819	1560286083824	OK	 
REQUEST	Video Game DB - Get All Video Games	11		Get All Videogames	1560286083828	1560286083834	OK	 
REQUEST	Video Game DB - Get All Video Games	5		Get All Videogames	1560286083839	1560286083844	OK	 
REQUEST	Video Game DB - Get All Video Games	3		Get All Videogames	1560286083849	1560286083855	OK	 
REQUEST	Video Game DB - Get All Video Games	1		Get All Videogames	1560286083909	1560286083916	OK	 
USER	Video Game DB - Get Specific Video Game	19	START	1560286084769	1560286084769
USER	Video Game DB - Get All Video Games	18	START	1560286084778	1560286084778
REQUEST	Video Game DB - Get Specific Video Game	19		Get Specific Videogame	1560286084770	1560286084781	OK	 
REQUEST	Video Game DB - Get All Video Games	18		Get All Videogames	1560286084779	1560286084790	OK	 
REQUEST	Video Game DB - Get Specific Video Game	16		Get Specific Videogame	1560286084810	1560286084818	OK	 
REQUEST	Video Game DB - Get All Video Games	15		Get All Videogames	1560286084810	1560286084818	OK	 
REQUEST	Video Game DB - Get All Video Games	12		Get All Videogames	1560286084819	1560286084825	OK	 
REQUEST	Video Game DB - Get Specific Video Game	13		Get Specific Videogame	1560286084819	1560286084826	OK	 
REQUEST	Video Game DB - Get Specific Video Game	10		Get Specific Videogame	1560286084819	1560286084826	OK	 
REQUEST	Video Game DB - Get Specific Video Game	7		Get Specific Videogame	1560286084829	1560286084835	OK	 
REQUEST	Video Game DB - Get All Video Games	9		Get All Videogames	1560286084829	1560286084836	OK	 
REQUEST	Video Game DB - Get All Video Games	4		Get All Videogames	1560286084839	1560286084845	OK	 
REQUEST	Video Game DB - Get All Video Games	6		Get All Videogames	1560286084839	1560286084845	OK	 
REQUEST	Video Game DB - Get All Video Games	2		Get All Videogames	1560286084848	1560286084855	OK	 
USER	Video Game DB - Get All Video Games	20	START	1560286085778	1560286085778
REQUEST	Video Game DB - Get All Video Games	20		Get All Videogames	1560286085779	1560286085789	OK	 
REQUEST	Video Game DB - Get All Video Games	17		Get All Videogames	1560286085810	1560286085817	OK	 
REQUEST	Video Game DB - Get All Video Games	14		Get All Videogames	1560286085818	1560286085825	OK	 
REQUEST	Video Game DB - Get All Video Games	11		Get All Videogames	1560286085829	1560286085835	OK	 
REQUEST	Video Game DB - Get All Video Games	8		Get All Videogames	1560286085829	1560286085835	OK	 
REQUEST	Video Game DB - Get All Video Games	5		Get All Videogames	1560286085839	1560286085846	OK	 
REQUEST	Video Game DB - Get All Video Games	3		Get All Videogames	1560286085849	1560286085854	OK	 
REQUEST	Video Game DB - Get All Video Games	1		Get All Videogames	1560286085909	1560286085918	OK	 
USER	Video Game DB - Get All Video Games	21	START	1560286086779	1560286086779
REQUEST	Video Game DB - Get All Video Games	21		Get All Videogames	1560286086780	1560286086790	OK	 
REQUEST	Video Game DB - Get Specific Video Game	19		Get Specific Videogame	1560286086799	1560286086806	OK	 
REQUEST	Video Game DB - Get All Video Games	18		Get All Videogames	1560286086809	1560286086816	OK	 
REQUEST	Video Game DB - Get All Video Games	12		Get All Videogames	1560286086819	1560286086827	OK	 
REQUEST	Video Game DB - Get Specific Video Game	13		Get Specific Videogame	1560286086819	1560286086827	OK	 
REQUEST	Video Game DB - Get Specific Video Game	10		Get Specific Videogame	1560286086829	1560286086834	OK	 
REQUEST	Video Game DB - Get All Video Games	15		Get All Videogames	1560286086829	1560286086834	OK	 
REQUEST	Video Game DB - Get Specific Video Game	16		Get Specific Videogame	1560286086829	1560286086835	OK	 
REQUEST	Video Game DB - Get All Video Games	9		Get All Videogames	1560286086838	1560286086845	OK	 
REQUEST	Video Game DB - Get Specific Video Game	7		Get Specific Videogame	1560286086839	1560286086846	OK	 
REQUEST	Video Game DB - Get All Video Games	6		Get All Videogames	1560286086849	1560286086855	OK	 
REQUEST	Video Game DB - Get All Video Games	4		Get All Videogames	1560286086849	1560286086858	OK	 
REQUEST	Video Game DB - Get All Video Games	2		Get All Videogames	1560286086849	1560286086858	OK	 
USER	Video Game DB - Get All Video Games	22	START	1560286087778	1560286087778
REQUEST	Video Game DB - Get All Video Games	22		Get All Videogames	1560286087779	1560286087792	OK	 
REQUEST	Video Game DB - Get All Video Games	20		Get All Videogames	1560286087809	1560286087818	OK	 
REQUEST	Video Game DB - Get All Video Games	17		Get All Videogames	1560286087809	1560286087818	OK	 
REQUEST	Video Game DB - Get All Video Games	14		Get All Videogames	1560286087818	1560286087823	OK	 
REQUEST	Video Game DB - Get All Video Games	11		Get All Videogames	1560286087839	1560286087845	OK	 
REQUEST	Video Game DB - Get All Video Games	8		Get All Videogames	1560286087839	1560286087845	OK	 
REQUEST	Video Game DB - Get All Video Games	5		Get All Videogames	1560286087849	1560286087857	OK	 
REQUEST	Video Game DB - Get All Video Games	3		Get All Videogames	1560286087849	1560286087857	OK	 
REQUEST	Video Game DB - Get All Video Games	1		Get All Videogames	1560286087929	1560286087935	OK	 
USER	Video Game DB - Get All Video Games	23	START	1560286088779	1560286088779
REQUEST	Video Game DB - Get All Video Games	23		Get All Videogames	1560286088779	1560286088789	OK	 
REQUEST	Video Game DB - Get All Video Games	21		Get All Videogames	1560286088809	1560286088816	OK	 
REQUEST	Video Game DB - Get Specific Video Game	19		Get Specific Videogame	1560286088809	1560286088818	OK	 
REQUEST	Video Game DB - Get All Video Games	18		Get All Videogames	1560286088809	1560286088821	OK	 
REQUEST	Video Game DB - Get All Video Games	15		Get All Videogames	1560286088829	1560286088841	OK	 
REQUEST	Video Game DB - Get Specific Video Game	16		Get Specific Videogame	1560286088829	1560286088841	OK	 
REQUEST	Video Game DB - Get All Video Games	12		Get All Videogames	1560286088829	1560286088842	OK	 
REQUEST	Video Game DB - Get Specific Video Game	13		Get Specific Videogame	1560286088829	1560286088845	OK	 
REQUEST	Video Game DB - Get Specific Video Game	10		Get Specific Videogame	1560286088829	1560286088845	OK	 
REQUEST	Video Game DB - Get All Video Games	9		Get All Videogames	1560286088839	1560286088846	OK	 
REQUEST	Video Game DB - Get All Video Games	6		Get All Videogames	1560286088849	1560286088857	OK	 
REQUEST	Video Game DB - Get Specific Video Game	7		Get Specific Videogame	1560286088849	1560286088857	OK	 
REQUEST	Video Game DB - Get All Video Games	4		Get All Videogames	1560286088859	1560286088864	OK	 
REQUEST	Video Game DB - Get All Video Games	2		Get All Videogames	1560286088869	1560286088876	OK	 
USER	Video Game DB - Get All Video Games	24	START	1560286089778	1560286089778
REQUEST	Video Game DB - Get All Video Games	24		Get All Videogames	1560286089778	1560286089792	OK	 
REQUEST	Video Game DB - Get All Video Games	22		Get All Videogames	1560286089809	1560286089815	OK	 
REQUEST	Video Game DB - Get All Video Games	17		Get All Videogames	1560286089819	1560286089826	OK	 
REQUEST	Video Game DB - Get All Video Games	20		Get All Videogames	1560286089819	1560286089827	OK	 
REQUEST	Video Game DB - Get All Video Games	14		Get All Videogames	1560286089829	1560286089836	OK	 
REQUEST	Video Game DB - Get All Video Games	8		Get All Videogames	1560286089838	1560286089844	OK	 
REQUEST	Video Game DB - Get All Video Games	11		Get All Videogames	1560286089838	1560286089844	OK	 
REQUEST	Video Game DB - Get All Video Games	5		Get All Videogames	1560286089849	1560286089854	OK	 
REQUEST	Video Game DB - Get All Video Games	3		Get All Videogames	1560286089859	1560286089864	OK	 
REQUEST	Video Game DB - Get All Video Games	1		Get All Videogames	1560286089929	1560286089935	OK	 
USER	Video Game DB - Get All Video Games	25	START	1560286090779	1560286090779
REQUEST	Video Game DB - Get All Video Games	25		Get All Videogames	1560286090779	1560286090787	OK	 
REQUEST	Video Game DB - Get Specific Video Game	19		Get Specific Videogame	1560286090809	1560286090816	OK	 
REQUEST	Video Game DB - Get All Video Games	23		Get All Videogames	1560286090809	1560286090816	OK	 
REQUEST	Video Game DB - Get All Video Games	21		Get All Videogames	1560286090819	1560286090826	OK	 
REQUEST	Video Game DB - Get All Video Games	18		Get All Videogames	1560286090829	1560286090835	OK	 
REQUEST	Video Game DB - Get All Video Games	15		Get All Videogames	1560286090839	1560286090847	OK	 
REQUEST	Video Game DB - Get Specific Video Game	16		Get Specific Videogame	1560286090840	1560286090848	OK	 
REQUEST	Video Game DB - Get Specific Video Game	13		Get Specific Videogame	1560286090849	1560286090861	OK	 
REQUEST	Video Game DB - Get Specific Video Game	10		Get Specific Videogame	1560286090849	1560286090864	OK	 
REQUEST	Video Game DB - Get Specific Video Game	7		Get Specific Videogame	1560286090849	1560286090865	OK	 
REQUEST	Video Game DB - Get All Video Games	9		Get All Videogames	1560286090849	1560286090866	OK	 
REQUEST	Video Game DB - Get All Video Games	12		Get All Videogames	1560286090849	1560286090867	OK	 
REQUEST	Video Game DB - Get All Video Games	4		Get All Videogames	1560286090859	1560286090869	OK	 
REQUEST	Video Game DB - Get All Video Games	6		Get All Videogames	1560286090869	1560286090875	OK	 
REQUEST	Video Game DB - Get All Video Games	2		Get All Videogames	1560286090869	1560286090875	OK	 
USER	Video Game DB - Get All Video Games	26	START	1560286091779	1560286091779
REQUEST	Video Game DB - Get All Video Games	26		Get All Videogames	1560286091779	1560286091789	OK	 
REQUEST	Video Game DB - Get All Video Games	24		Get All Videogames	1560286091809	1560286091815	OK	 
REQUEST	Video Game DB - Get All Video Games	22		Get All Videogames	1560286091819	1560286091826	OK	 
REQUEST	Video Game DB - Get All Video Games	20		Get All Videogames	1560286091819	1560286091826	OK	 
REQUEST	Video Game DB - Get All Video Games	17		Get All Videogames	1560286091828	1560286091833	OK	 
REQUEST	Video Game DB - Get All Video Games	14		Get All Videogames	1560286091828	1560286091833	OK	 
REQUEST	Video Game DB - Get All Video Games	8		Get All Videogames	1560286091849	1560286091854	OK	 
REQUEST	Video Game DB - Get All Video Games	11		Get All Videogames	1560286091849	1560286091854	OK	 
REQUEST	Video Game DB - Get All Video Games	5		Get All Videogames	1560286091859	1560286091864	OK	 
REQUEST	Video Game DB - Get All Video Games	3		Get All Videogames	1560286091868	1560286091875	OK	 
REQUEST	Video Game DB - Get All Video Games	1		Get All Videogames	1560286091939	1560286091944	OK	 
USER	Video Game DB - Get All Video Games	27	START	1560286092779	1560286092779
REQUEST	Video Game DB - Get All Video Games	27		Get All Videogames	1560286092779	1560286092788	OK	 
REQUEST	Video Game DB - Get All Video Games	25		Get All Videogames	1560286092798	1560286092804	OK	 
REQUEST	Video Game DB - Get All Video Games	23		Get All Videogames	1560286092809	1560286092814	OK	 
REQUEST	Video Game DB - Get All Video Games	21		Get All Videogames	1560286092819	1560286092825	OK	 
REQUEST	Video Game DB - Get Specific Video Game	19		Get Specific Videogame	1560286092819	1560286092825	OK	 
REQUEST	Video Game DB - Get All Video Games	18		Get All Videogames	1560286092829	1560286092834	OK	 
REQUEST	Video Game DB - Get Specific Video Game	16		Get Specific Videogame	1560286092849	1560286092855	OK	 
REQUEST	Video Game DB - Get All Video Games	15		Get All Videogames	1560286092859	1560286092866	OK	 
REQUEST	Video Game DB - Get Specific Video Game	13		Get Specific Videogame	1560286092868	1560286092875	OK	 
REQUEST	Video Game DB - Get All Video Games	12		Get All Videogames	1560286092868	1560286092877	OK	 
REQUEST	Video Game DB - Get Specific Video Game	10		Get Specific Videogame	1560286092868	1560286092888	OK	 
REQUEST	Video Game DB - Get All Video Games	9		Get All Videogames	1560286092868	1560286092892	OK	 
REQUEST	Video Game DB - Get All Video Games	6		Get All Videogames	1560286092868	1560286092892	OK	 
REQUEST	Video Game DB - Get Specific Video Game	7		Get Specific Videogame	1560286092868	1560286092893	OK	 
REQUEST	Video Game DB - Get All Video Games	4		Get All Videogames	1560286092878	1560286092897	OK	 
REQUEST	Video Game DB - Get All Video Games	2		Get All Videogames	1560286092879	1560286092897	OK	 
USER	Video Game DB - Get All Video Games	28	START	1560286093778	1560286093778
REQUEST	Video Game DB - Get All Video Games	28		Get All Videogames	1560286093779	1560286093790	OK	 
REQUEST	Video Game DB - Get All Video Games	26		Get All Videogames	1560286093809	1560286093815	OK	 
REQUEST	Video Game DB - Get All Video Games	22		Get All Videogames	1560286093818	1560286093825	OK	 
REQUEST	Video Game DB - Get All Video Games	24		Get All Videogames	1560286093818	1560286093825	OK	 
REQUEST	Video Game DB - Get All Video Games	20		Get All Videogames	1560286093829	1560286093833	OK	 
REQUEST	Video Game DB - Get All Video Games	14		Get All Videogames	1560286093839	1560286093845	OK	 
REQUEST	Video Game DB - Get All Video Games	17		Get All Videogames	1560286093839	1560286093845	OK	 
REQUEST	Video Game DB - Get All Video Games	11		Get All Videogames	1560286093849	1560286093855	OK	 
REQUEST	Video Game DB - Get All Video Games	8		Get All Videogames	1560286093859	1560286093864	OK	 
REQUEST	Video Game DB - Get All Video Games	5		Get All Videogames	1560286093869	1560286093875	OK	 
REQUEST	Video Game DB - Get All Video Games	3		Get All Videogames	1560286093869	1560286093875	OK	 
REQUEST	Video Game DB - Get All Video Games	1		Get All Videogames	1560286093940	1560286093945	OK	 
USER	Video Game DB - Get All Video Games	29	START	1560286094779	1560286094779
REQUEST	Video Game DB - Get All Video Games	29		Get All Videogames	1560286094779	1560286094791	OK	 
REQUEST	Video Game DB - Get All Video Games	27		Get All Videogames	1560286094798	1560286094805	OK	 
REQUEST	Video Game DB - Get All Video Games	25		Get All Videogames	1560286094809	1560286094815	OK	 
REQUEST	Video Game DB - Get All Video Games	23		Get All Videogames	1560286094819	1560286094825	OK	 
REQUEST	Video Game DB - Get Specific Video Game	19		Get Specific Videogame	1560286094828	1560286094836	OK	 
REQUEST	Video Game DB - Get All Video Games	21		Get All Videogames	1560286094828	1560286094836	OK	 
REQUEST	Video Game DB - Get All Video Games	18		Get All Videogames	1560286094838	1560286094845	OK	 
REQUEST	Video Game DB - Get All Video Games	15		Get All Videogames	1560286094848	1560286094853	OK	 
REQUEST	Video Game DB - Get Specific Video Game	16		Get Specific Videogame	1560286094859	1560286094864	OK	 
REQUEST	Video Game DB - Get Specific Video Game	13		Get Specific Videogame	1560286094869	1560286094875	OK	 
REQUEST	Video Game DB - Get All Video Games	12		Get All Videogames	1560286094878	1560286094884	OK	 
REQUEST	Video Game DB - Get All Video Games	6		Get All Videogames	1560286094889	1560286094895	OK	 
REQUEST	Video Game DB - Get Specific Video Game	10		Get Specific Videogame	1560286094889	1560286094899	OK	 
REQUEST	Video Game DB - Get All Video Games	4		Get All Videogames	1560286094889	1560286094904	OK	 
REQUEST	Video Game DB - Get Specific Video Game	7		Get Specific Videogame	1560286094899	1560286094919	OK	 
REQUEST	Video Game DB - Get All Video Games	2		Get All Videogames	1560286094899	1560286094923	OK	 
REQUEST	Video Game DB - Get All Video Games	9		Get All Videogames	1560286094899	1560286094926	OK	 
USER	Video Game DB - Get All Video Games	30	START	1560286095779	1560286095779
REQUEST	Video Game DB - Get All Video Games	30		Get All Videogames	1560286095779	1560286095790	OK	 
REQUEST	Video Game DB - Get All Video Games	28		Get All Videogames	1560286095809	1560286095815	OK	 
REQUEST	Video Game DB - Get All Video Games	26		Get All Videogames	1560286095809	1560286095815	OK	 
REQUEST	Video Game DB - Get All Video Games	24		Get All Videogames	1560286095819	1560286095824	OK	 
REQUEST	Video Game DB - Get All Video Games	22		Get All Videogames	1560286095829	1560286095834	OK	 
REQUEST	Video Game DB - Get All Video Games	20		Get All Videogames	1560286095839	1560286095845	OK	 
REQUEST	Video Game DB - Get All Video Games	14		Get All Videogames	1560286095849	1560286095855	OK	 
REQUEST	Video Game DB - Get All Video Games	17		Get All Videogames	1560286095849	1560286095855	OK	 
REQUEST	Video Game DB - Get All Video Games	11		Get All Videogames	1560286095858	1560286095863	OK	 
REQUEST	Video Game DB - Get All Video Games	8		Get All Videogames	1560286095858	1560286095866	OK	 
REQUEST	Video Game DB - Get All Video Games	5		Get All Videogames	1560286095869	1560286095874	OK	 
REQUEST	Video Game DB - Get All Video Games	3		Get All Videogames	1560286095879	1560286095884	OK	 
REQUEST	Video Game DB - Get All Video Games	1		Get All Videogames	1560286095949	1560286095956	OK	 
USER	Video Game DB - Get All Video Games	31	START	1560286096778	1560286096778
REQUEST	Video Game DB - Get All Video Games	31		Get All Videogames	1560286096779	1560286096789	OK	 
REQUEST	Video Game DB - Get All Video Games	27		Get All Videogames	1560286096809	1560286096816	OK	 
REQUEST	Video Game DB - Get All Video Games	29		Get All Videogames	1560286096809	1560286096816	OK	 
REQUEST	Video Game DB - Get All Video Games	25		Get All Videogames	1560286096818	1560286096822	OK	 
REQUEST	Video Game DB - Get All Video Games	23		Get All Videogames	1560286096828	1560286096833	OK	 
REQUEST	Video Game DB - Get Specific Video Game	19		Get Specific Videogame	1560286096838	1560286096845	OK	 
REQUEST	Video Game DB - Get All Video Games	21		Get All Videogames	1560286096838	1560286096845	OK	 
REQUEST	Video Game DB - Get All Video Games	18		Get All Videogames	1560286096849	1560286096855	OK	 
REQUEST	Video Game DB - Get Specific Video Game	16		Get Specific Videogame	1560286096859	1560286096864	OK	 
REQUEST	Video Game DB - Get All Video Games	15		Get All Videogames	1560286096859	1560286096865	OK	 
REQUEST	Video Game DB - Get All Video Games	12		Get All Videogames	1560286096879	1560286096884	OK	 
REQUEST	Video Game DB - Get Specific Video Game	13		Get Specific Videogame	1560286096879	1560286096884	OK	 
REQUEST	Video Game DB - Get All Video Games	6		Get All Videogames	1560286096899	1560286096907	OK	 
REQUEST	Video Game DB - Get Specific Video Game	10		Get Specific Videogame	1560286096899	1560286096907	OK	 
REQUEST	Video Game DB - Get All Video Games	4		Get All Videogames	1560286096909	1560286096914	OK	 
REQUEST	Video Game DB - Get All Video Games	9		Get All Videogames	1560286096918	1560286096924	OK	 
REQUEST	Video Game DB - Get Specific Video Game	7		Get Specific Videogame	1560286096918	1560286096925	OK	 
REQUEST	Video Game DB - Get All Video Games	2		Get All Videogames	1560286096918	1560286096926	OK	 
USER	Video Game DB - Get All Video Games	32	START	1560286097779	1560286097779
REQUEST	Video Game DB - Get All Video Games	32		Get All Videogames	1560286097779	1560286097789	OK	 
REQUEST	Video Game DB - Get All Video Games	30		Get All Videogames	1560286097809	1560286097816	OK	 
REQUEST	Video Game DB - Get All Video Games	26		Get All Videogames	1560286097819	1560286097824	OK	 
REQUEST	Video Game DB - Get All Video Games	28		Get All Videogames	1560286097819	1560286097824	OK	 
REQUEST	Video Game DB - Get All Video Games	24		Get All Videogames	1560286097829	1560286097833	OK	 
REQUEST	Video Game DB - Get All Video Games	20		Get All Videogames	1560286097839	1560286097846	OK	 
REQUEST	Video Game DB - Get All Video Games	22		Get All Videogames	1560286097839	1560286097846	OK	 
REQUEST	Video Game DB - Get All Video Games	17		Get All Videogames	1560286097848	1560286097853	OK	 
REQUEST	Video Game DB - Get All Video Games	14		Get All Videogames	1560286097848	1560286097853	OK	 
REQUEST	Video Game DB - Get All Video Games	8		Get All Videogames	1560286097869	1560286097876	OK	 
REQUEST	Video Game DB - Get All Video Games	11		Get All Videogames	1560286097869	1560286097876	OK	 
REQUEST	Video Game DB - Get All Video Games	5		Get All Videogames	1560286097879	1560286097884	OK	 
REQUEST	Video Game DB - Get All Video Games	3		Get All Videogames	1560286097889	1560286097896	OK	 
REQUEST	Video Game DB - Get All Video Games	1		Get All Videogames	1560286097949	1560286097954	OK	 
USER	Video Game DB - Get All Video Games	33	START	1560286098779	1560286098779
REQUEST	Video Game DB - Get All Video Games	33		Get All Videogames	1560286098779	1560286098792	OK	 
REQUEST	Video Game DB - Get All Video Games	31		Get All Videogames	1560286098809	1560286098815	OK	 
REQUEST	Video Game DB - Get All Video Games	29		Get All Videogames	1560286098819	1560286098826	OK	 
REQUEST	Video Game DB - Get All Video Games	27		Get All Videogames	1560286098819	1560286098826	OK	 
REQUEST	Video Game DB - Get All Video Games	25		Get All Videogames	1560286098829	1560286098838	OK	 
REQUEST	Video Game DB - Get All Video Games	23		Get All Videogames	1560286098838	1560286098845	OK	 
REQUEST	Video Game DB - Get All Video Games	21		Get All Videogames	1560286098848	1560286098855	OK	 
REQUEST	Video Game DB - Get Specific Video Game	19		Get Specific Videogame	1560286098848	1560286098855	OK	 
REQUEST	Video Game DB - Get All Video Games	18		Get All Videogames	1560286098848	1560286098855	OK	 
REQUEST	Video Game DB - Get All Video Games	15		Get All Videogames	1560286098869	1560286098874	OK	 
REQUEST	Video Game DB - Get Specific Video Game	16		Get Specific Videogame	1560286098869	1560286098874	OK	 
REQUEST	Video Game DB - Get Specific Video Game	13		Get Specific Videogame	1560286098879	1560286098886	OK	 
REQUEST	Video Game DB - Get All Video Games	12		Get All Videogames	1560286098888	1560286098895	OK	 
REQUEST	Video Game DB - Get Specific Video Game	10		Get Specific Videogame	1560286098898	1560286098904	OK	 
REQUEST	Video Game DB - Get All Video Games	6		Get All Videogames	1560286098909	1560286098916	OK	 
REQUEST	Video Game DB - Get Specific Video Game	7		Get Specific Videogame	1560286098919	1560286098925	OK	 
REQUEST	Video Game DB - Get All Video Games	4		Get All Videogames	1560286098919	1560286098925	OK	 
REQUEST	Video Game DB - Get All Video Games	2		Get All Videogames	1560286098929	1560286098939	OK	 
REQUEST	Video Game DB - Get All Video Games	9		Get All Videogames	1560286098929	1560286098939	OK	 
USER	Video Game DB - Get All Video Games	34	START	1560286099778	1560286099778
REQUEST	Video Game DB - Get All Video Games	34		Get All Videogames	1560286099778	1560286099786	OK	 
REQUEST	Video Game DB - Get All Video Games	32		Get All Videogames	1560286099809	1560286099816	OK	 
REQUEST	Video Game DB - Get All Video Games	30		Get All Videogames	1560286099819	1560286099826	OK	 
REQUEST	Video Game DB - Get All Video Games	28		Get All Videogames	1560286099819	1560286099826	OK	 
REQUEST	Video Game DB - Get All Video Games	26		Get All Videogames	1560286099829	1560286099834	OK	 
REQUEST	Video Game DB - Get All Video Games	22		Get All Videogames	1560286099838	1560286099845	OK	 
REQUEST	Video Game DB - Get All Video Games	24		Get All Videogames	1560286099838	1560286099845	OK	 
REQUEST	Video Game DB - Get All Video Games	20		Get All Videogames	1560286099849	1560286099857	OK	 
REQUEST	Video Game DB - Get All Video Games	14		Get All Videogames	1560286099859	1560286099865	OK	 
REQUEST	Video Game DB - Get All Video Games	17		Get All Videogames	1560286099859	1560286099865	OK	 
REQUEST	Video Game DB - Get All Video Games	11		Get All Videogames	1560286099869	1560286099873	OK	 
REQUEST	Video Game DB - Get All Video Games	8		Get All Videogames	1560286099878	1560286099883	OK	 
REQUEST	Video Game DB - Get All Video Games	5		Get All Videogames	1560286099889	1560286099894	OK	 
REQUEST	Video Game DB - Get All Video Games	3		Get All Videogames	1560286099889	1560286099895	OK	 
REQUEST	Video Game DB - Get All Video Games	1		Get All Videogames	1560286099959	1560286099964	OK	 
USER	Video Game DB - Get All Video Games	35	START	1560286100779	1560286100779
REQUEST	Video Game DB - Get All Video Games	35		Get All Videogames	1560286100779	1560286100789	OK	 
REQUEST	Video Game DB - Get All Video Games	33		Get All Videogames	1560286100809	1560286100814	OK	 
REQUEST	Video Game DB - Get All Video Games	31		Get All Videogames	1560286100809	1560286100814	OK	 
REQUEST	Video Game DB - Get All Video Games	29		Get All Videogames	1560286100819	1560286100823	OK	 
REQUEST	Video Game DB - Get All Video Games	27		Get All Videogames	1560286100829	1560286100834	OK	 
REQUEST	Video Game DB - Get All Video Games	23		Get All Videogames	1560286100839	1560286100847	OK	 
REQUEST	Video Game DB - Get All Video Games	25		Get All Videogames	1560286100839	1560286100847	OK	 
REQUEST	Video Game DB - Get All Video Games	21		Get All Videogames	1560286100848	1560286100853	OK	 
REQUEST	Video Game DB - Get Specific Video Game	19		Get Specific Videogame	1560286100848	1560286100854	OK	 
REQUEST	Video Game DB - Get All Video Games	18		Get All Videogames	1560286100858	1560286100863	OK	 
REQUEST	Video Game DB - Get All Video Games	15		Get All Videogames	1560286100869	1560286100876	OK	 
REQUEST	Video Game DB - Get Specific Video Game	16		Get Specific Videogame	1560286100869	1560286100876	OK	 
REQUEST	Video Game DB - Get Specific Video Game	13		Get Specific Videogame	1560286100889	1560286100895	OK	 
REQUEST	Video Game DB - Get All Video Games	12		Get All Videogames	1560286100899	1560286100905	OK	 
REQUEST	Video Game DB - Get All Video Games	6		Get All Videogames	1560286100909	1560286100914	OK	 
REQUEST	Video Game DB - Get Specific Video Game	10		Get Specific Videogame	1560286100909	1560286100916	OK	 
REQUEST	Video Game DB - Get All Video Games	4		Get All Videogames	1560286100918	1560286100928	OK	 
REQUEST	Video Game DB - Get Specific Video Game	7		Get Specific Videogame	1560286100928	1560286100934	OK	 
REQUEST	Video Game DB - Get All Video Games	9		Get All Videogames	1560286100939	1560286100945	OK	 
REQUEST	Video Game DB - Get All Video Games	2		Get All Videogames	1560286100949	1560286100955	OK	 
REQUEST	Video Game DB - Get All Video Games	34		Get All Videogames	1560286101798	1560286101805	OK	 
REQUEST	Video Game DB - Get All Video Games	32		Get All Videogames	1560286101819	1560286101824	OK	 
REQUEST	Video Game DB - Get All Video Games	30		Get All Videogames	1560286101819	1560286101824	OK	 
REQUEST	Video Game DB - Get All Video Games	28		Get All Videogames	1560286101829	1560286101833	OK	 
REQUEST	Video Game DB - Get All Video Games	26		Get All Videogames	1560286101829	1560286101836	OK	 
REQUEST	Video Game DB - Get All Video Games	24		Get All Videogames	1560286101838	1560286101843	OK	 
REQUEST	Video Game DB - Get All Video Games	22		Get All Videogames	1560286101848	1560286101853	OK	 
REQUEST	Video Game DB - Get All Video Games	17		Get All Videogames	1560286101859	1560286101865	OK	 
REQUEST	Video Game DB - Get All Video Games	14		Get All Videogames	1560286101859	1560286101865	OK	 
REQUEST	Video Game DB - Get All Video Games	20		Get All Videogames	1560286101859	1560286101865	OK	 
REQUEST	Video Game DB - Get All Video Games	8		Get All Videogames	1560286101879	1560286101884	OK	 
REQUEST	Video Game DB - Get All Video Games	11		Get All Videogames	1560286101879	1560286101887	OK	 
REQUEST	Video Game DB - Get All Video Games	5		Get All Videogames	1560286101888	1560286101898	OK	 
REQUEST	Video Game DB - Get All Video Games	3		Get All Videogames	1560286101899	1560286101904	OK	 
REQUEST	Video Game DB - Get All Video Games	1		Get All Videogames	1560286101969	1560286101974	OK	 
REQUEST	Video Game DB - Get All Video Games	35		Get All Videogames	1560286102809	1560286102817	OK	 
REQUEST	Video Game DB - Get All Video Games	33		Get All Videogames	1560286102819	1560286102863	OK	 
REQUEST	Video Game DB - Get All Video Games	31		Get All Videogames	1560286102819	1560286102864	OK	 
REQUEST	Video Game DB - Get All Video Games	21		Get All Videogames	1560286102859	1560286102868	OK	 
REQUEST	Video Game DB - Get Specific Video Game	19		Get Specific Videogame	1560286102859	1560286102868	OK	 
REQUEST	Video Game DB - Get All Video Games	29		Get All Videogames	1560286102828	1560286102870	OK	 
REQUEST	Video Game DB - Get All Video Games	27		Get All Videogames	1560286102838	1560286102873	OK	 
REQUEST	Video Game DB - Get All Video Games	18		Get All Videogames	1560286102868	1560286102873	OK	 
REQUEST	Video Game DB - Get All Video Games	25		Get All Videogames	1560286102838	1560286102878	OK	 
REQUEST	Video Game DB - Get All Video Games	23		Get All Videogames	1560286102849	1560286102883	OK	 
REQUEST	Video Game DB - Get All Video Games	15		Get All Videogames	1560286102878	1560286102886	OK	 
REQUEST	Video Game DB - Get Specific Video Game	16		Get Specific Videogame	1560286102878	1560286102886	OK	 
REQUEST	Video Game DB - Get Specific Video Game	13		Get Specific Videogame	1560286102899	1560286102906	OK	 
REQUEST	Video Game DB - Get All Video Games	12		Get All Videogames	1560286102899	1560286102907	OK	 
REQUEST	Video Game DB - Get Specific Video Game	10		Get Specific Videogame	1560286102919	1560286102926	OK	 
REQUEST	Video Game DB - Get All Video Games	6		Get All Videogames	1560286102919	1560286102926	OK	 
REQUEST	Video Game DB - Get Specific Video Game	7		Get Specific Videogame	1560286102939	1560286102943	OK	 
REQUEST	Video Game DB - Get All Video Games	4		Get All Videogames	1560286102939	1560286102943	OK	 
REQUEST	Video Game DB - Get All Video Games	9		Get All Videogames	1560286102939	1560286102946	OK	 
REQUEST	Video Game DB - Get All Video Games	2		Get All Videogames	1560286102949	1560286102955	OK	 
REQUEST	Video Game DB - Get All Video Games	34		Get All Videogames	1560286103809	1560286103814	OK	 
REQUEST	Video Game DB - Get All Video Games	32		Get All Videogames	1560286103819	1560286103824	OK	 
REQUEST	Video Game DB - Get All Video Games	30		Get All Videogames	1560286103828	1560286103832	OK	 
REQUEST	Video Game DB - Get All Video Games	26		Get All Videogames	1560286103838	1560286103845	OK	 
REQUEST	Video Game DB - Get All Video Games	28		Get All Videogames	1560286103838	1560286103845	OK	 
REQUEST	Video Game DB - Get All Video Games	24		Get All Videogames	1560286103849	1560286103854	OK	 
REQUEST	Video Game DB - Get All Video Games	22		Get All Videogames	1560286103859	1560286103864	OK	 
REQUEST	Video Game DB - Get All Video Games	14		Get All Videogames	1560286103868	1560286103875	OK	 
REQUEST	Video Game DB - Get All Video Games	17		Get All Videogames	1560286103868	1560286103875	OK	 
REQUEST	Video Game DB - Get All Video Games	20		Get All Videogames	1560286103868	1560286103876	OK	 
REQUEST	Video Game DB - Get All Video Games	11		Get All Videogames	1560286103878	1560286103884	OK	 
REQUEST	Video Game DB - Get All Video Games	8		Get All Videogames	1560286103889	1560286103894	OK	 
REQUEST	Video Game DB - Get All Video Games	5		Get All Videogames	1560286103909	1560286103917	OK	 
REQUEST	Video Game DB - Get All Video Games	3		Get All Videogames	1560286103909	1560286103917	OK	 
REQUEST	Video Game DB - Get All Video Games	1		Get All Videogames	1560286103969	1560286103974	OK	 
REQUEST	Video Game DB - Get All Video Games	35		Get All Videogames	1560286104809	1560286104814	OK	 
REQUEST	Video Game DB - Get All Video Games	33		Get All Videogames	1560286104859	1560286104866	OK	 
REQUEST	Video Game DB - Get All Video Games	21		Get All Videogames	1560286104868	1560286104875	OK	 
REQUEST	Video Game DB - Get All Video Games	27		Get All Videogames	1560286104868	1560286104875	OK	 
REQUEST	Video Game DB - Get All Video Games	31		Get All Videogames	1560286104868	1560286104876	OK	 
REQUEST	Video Game DB - Get All Video Games	18		Get All Videogames	1560286104868	1560286104876	OK	 
REQUEST	Video Game DB - Get Specific Video Game	19		Get Specific Videogame	1560286104868	1560286104876	OK	 
REQUEST	Video Game DB - Get All Video Games	23		Get All Videogames	1560286104878	1560286104883	OK	 
REQUEST	Video Game DB - Get All Video Games	29		Get All Videogames	1560286104878	1560286104883	OK	 
REQUEST	Video Game DB - Get Specific Video Game	16		Get Specific Videogame	1560286104889	1560286104896	OK	 
REQUEST	Video Game DB - Get All Video Games	25		Get All Videogames	1560286104889	1560286104897	OK	 
REQUEST	Video Game DB - Get All Video Games	15		Get All Videogames	1560286104889	1560286104897	OK	 
REQUEST	Video Game DB - Get Specific Video Game	13		Get Specific Videogame	1560286104909	1560286104916	OK	 
REQUEST	Video Game DB - Get All Video Games	12		Get All Videogames	1560286104909	1560286104917	OK	 
REQUEST	Video Game DB - Get Specific Video Game	10		Get Specific Videogame	1560286104919	1560286104925	OK	 
REQUEST	Video Game DB - Get All Video Games	6		Get All Videogames	1560286104928	1560286104933	OK	 
REQUEST	Video Game DB - Get All Video Games	4		Get All Videogames	1560286104938	1560286104943	OK	 
REQUEST	Video Game DB - Get All Video Games	9		Get All Videogames	1560286104948	1560286104954	OK	 
REQUEST	Video Game DB - Get All Video Games	2		Get All Videogames	1560286104948	1560286104958	OK	 
REQUEST	Video Game DB - Get Specific Video Game	7		Get Specific Videogame	1560286104948	1560286104960	OK	 
REQUEST	Video Game DB - Get All Video Games	34		Get All Videogames	1560286105819	1560286105823	OK	 
REQUEST	Video Game DB - Get All Video Games	32		Get All Videogames	1560286105829	1560286105833	OK	 
REQUEST	Video Game DB - Get All Video Games	30		Get All Videogames	1560286105839	1560286105847	OK	 
REQUEST	Video Game DB - Get All Video Games	28		Get All Videogames	1560286105839	1560286105847	OK	 
REQUEST	Video Game DB - Get All Video Games	26		Get All Videogames	1560286105849	1560286105854	OK	 
REQUEST	Video Game DB - Get All Video Games	24		Get All Videogames	1560286105849	1560286105854	OK	 
REQUEST	Video Game DB - Get All Video Games	22		Get All Videogames	1560286105858	1560286105862	OK	 
REQUEST	Video Game DB - Get All Video Games	20		Get All Videogames	1560286105868	1560286105873	OK	 
REQUEST	Video Game DB - Get All Video Games	14		Get All Videogames	1560286105878	1560286105884	OK	 
REQUEST	Video Game DB - Get All Video Games	17		Get All Videogames	1560286105878	1560286105884	OK	 
REQUEST	Video Game DB - Get All Video Games	11		Get All Videogames	1560286105888	1560286105893	OK	 
REQUEST	Video Game DB - Get All Video Games	8		Get All Videogames	1560286105898	1560286105903	OK	 
REQUEST	Video Game DB - Get All Video Games	3		Get All Videogames	1560286105919	1560286105924	OK	 
REQUEST	Video Game DB - Get All Video Games	5		Get All Videogames	1560286105919	1560286105924	OK	 
REQUEST	Video Game DB - Get All Video Games	1		Get All Videogames	1560286105978	1560286105984	OK	 
REQUEST	Video Game DB - Get All Video Games	35		Get All Videogames	1560286106818	1560286106823	OK	 
REQUEST	Video Game DB - Get All Video Games	31		Get All Videogames	1560286106869	1560286106876	OK	 
REQUEST	Video Game DB - Get All Video Games	21		Get All Videogames	1560286106869	1560286106876	OK	 
REQUEST	Video Game DB - Get All Video Games	33		Get All Videogames	1560286106869	1560286106876	OK	 
REQUEST	Video Game DB - Get Specific Video Game	19		Get Specific Videogame	1560286106869	1560286106881	OK	 
REQUEST	Video Game DB - Get All Video Games	29		Get All Videogames	1560286106879	1560286106884	OK	 
REQUEST	Video Game DB - Get All Video Games	18		Get All Videogames	1560286106879	1560286106885	OK	 
REQUEST	Video Game DB - Get All Video Games	27		Get All Videogames	1560286106879	1560286106885	OK	 
REQUEST	Video Game DB - Get All Video Games	23		Get All Videogames	1560286106889	1560286106896	OK	 
REQUEST	Video Game DB - Get Specific Video Game	16		Get Specific Videogame	1560286106889	1560286106898	OK	 
REQUEST	Video Game DB - Get All Video Games	25		Get All Videogames	1560286106889	1560286106898	OK	 
REQUEST	Video Game DB - Get All Video Games	15		Get All Videogames	1560286106899	1560286106903	OK	 
REQUEST	Video Game DB - Get Specific Video Game	13		Get Specific Videogame	1560286106909	1560286106915	OK	 
REQUEST	Video Game DB - Get All Video Games	12		Get All Videogames	1560286106918	1560286106923	OK	 
REQUEST	Video Game DB - Get Specific Video Game	10		Get Specific Videogame	1560286106928	1560286106932	OK	 
REQUEST	Video Game DB - Get All Video Games	6		Get All Videogames	1560286106938	1560286106943	OK	 
REQUEST	Video Game DB - Get All Video Games	4		Get All Videogames	1560286106938	1560286106943	OK	 
REQUEST	Video Game DB - Get All Video Games	2		Get All Videogames	1560286106959	1560286106965	OK	 
REQUEST	Video Game DB - Get All Video Games	9		Get All Videogames	1560286106959	1560286106965	OK	 
REQUEST	Video Game DB - Get Specific Video Game	7		Get Specific Videogame	1560286106959	1560286106965	OK	 
REQUEST	Video Game DB - Get All Video Games	34		Get All Videogames	1560286107819	1560286107823	OK	 
REQUEST	Video Game DB - Get All Video Games	32		Get All Videogames	1560286107829	1560286107835	OK	 
REQUEST	Video Game DB - Get All Video Games	30		Get All Videogames	1560286107839	1560286107844	OK	 
REQUEST	Video Game DB - Get All Video Games	26		Get All Videogames	1560286107848	1560286107855	OK	 
REQUEST	Video Game DB - Get All Video Games	28		Get All Videogames	1560286107848	1560286107856	OK	 
REQUEST	Video Game DB - Get All Video Games	24		Get All Videogames	1560286107858	1560286107863	OK	 
REQUEST	Video Game DB - Get All Video Games	22		Get All Videogames	1560286107869	1560286107876	OK	 
REQUEST	Video Game DB - Get All Video Games	20		Get All Videogames	1560286107879	1560286107884	OK	 
REQUEST	Video Game DB - Get All Video Games	17		Get All Videogames	1560286107879	1560286107885	OK	 
REQUEST	Video Game DB - Get All Video Games	14		Get All Videogames	1560286107889	1560286107893	OK	 
REQUEST	Video Game DB - Get All Video Games	11		Get All Videogames	1560286107898	1560286107906	OK	 
REQUEST	Video Game DB - Get All Video Games	8		Get All Videogames	1560286107898	1560286107907	OK	 
REQUEST	Video Game DB - Get All Video Games	5		Get All Videogames	1560286107919	1560286107926	OK	 
REQUEST	Video Game DB - Get All Video Games	3		Get All Videogames	1560286107919	1560286107926	OK	 
REQUEST	Video Game DB - Get All Video Games	1		Get All Videogames	1560286107979	1560286107986	OK	 
REQUEST	Video Game DB - Get All Video Games	35		Get All Videogames	1560286108829	1560286108834	OK	 
REQUEST	Video Game DB - Get All Video Games	33		Get All Videogames	1560286108869	1560286108876	OK	 
REQUEST	Video Game DB - Get All Video Games	31		Get All Videogames	1560286108879	1560286108889	OK	 
REQUEST	Video Game DB - Get All Video Games	29		Get All Videogames	1560286108879	1560286108889	OK	 
REQUEST	Video Game DB - Get All Video Games	21		Get All Videogames	1560286108879	1560286108889	OK	 
REQUEST	Video Game DB - Get All Video Games	27		Get All Videogames	1560286108879	1560286108889	OK	 
REQUEST	Video Game DB - Get All Video Games	25		Get All Videogames	1560286108888	1560286108897	OK	 
REQUEST	Video Game DB - Get All Video Games	18		Get All Videogames	1560286108888	1560286108897	OK	 
REQUEST	Video Game DB - Get All Video Games	23		Get All Videogames	1560286108888	1560286108898	OK	 
REQUEST	Video Game DB - Get Specific Video Game	19		Get Specific Videogame	1560286108888	1560286108898	OK	 
REQUEST	Video Game DB - Get Specific Video Game	16		Get Specific Videogame	1560286108898	1560286108904	OK	 
REQUEST	Video Game DB - Get All Video Games	15		Get All Videogames	1560286108898	1560286108904	OK	 
REQUEST	Video Game DB - Get Specific Video Game	13		Get Specific Videogame	1560286108919	1560286108924	OK	 
REQUEST	Video Game DB - Get All Video Games	12		Get All Videogames	1560286108929	1560286108933	OK	 
REQUEST	Video Game DB - Get Specific Video Game	10		Get Specific Videogame	1560286108939	1560286108944	OK	 
REQUEST	Video Game DB - Get All Video Games	6		Get All Videogames	1560286108939	1560286108944	OK	 
REQUEST	Video Game DB - Get All Video Games	4		Get All Videogames	1560286108948	1560286108952	OK	 
REQUEST	Video Game DB - Get Specific Video Game	7		Get Specific Videogame	1560286108958	1560286108966	OK	 
REQUEST	Video Game DB - Get All Video Games	9		Get All Videogames	1560286108958	1560286108966	OK	 
REQUEST	Video Game DB - Get All Video Games	2		Get All Videogames	1560286108968	1560286108972	OK	 
REQUEST	Video Game DB - Get All Video Games	34		Get All Videogames	1560286109828	1560286109833	OK	 
REQUEST	Video Game DB - Get All Video Games	32		Get All Videogames	1560286109839	1560286109843	OK	 
REQUEST	Video Game DB - Get All Video Games	30		Get All Videogames	1560286109849	1560286109854	OK	 
REQUEST	Video Game DB - Get All Video Games	28		Get All Videogames	1560286109849	1560286109854	OK	 
REQUEST	Video Game DB - Get All Video Games	24		Get All Videogames	1560286109858	1560286109863	OK	 
REQUEST	Video Game DB - Get All Video Games	26		Get All Videogames	1560286109858	1560286109863	OK	 
REQUEST	Video Game DB - Get All Video Games	22		Get All Videogames	1560286109868	1560286109873	OK	 
REQUEST	Video Game DB - Get All Video Games	14		Get All Videogames	1560286109889	1560286109895	OK	 
REQUEST	Video Game DB - Get All Video Games	17		Get All Videogames	1560286109889	1560286109895	OK	 
REQUEST	Video Game DB - Get All Video Games	20		Get All Videogames	1560286109889	1560286109895	OK	 
REQUEST	Video Game DB - Get All Video Games	11		Get All Videogames	1560286109899	1560286109903	OK	 
REQUEST	Video Game DB - Get All Video Games	8		Get All Videogames	1560286109908	1560286109915	OK	 
REQUEST	Video Game DB - Get All Video Games	5		Get All Videogames	1560286109918	1560286109923	OK	 
REQUEST	Video Game DB - Get All Video Games	3		Get All Videogames	1560286109928	1560286109936	OK	 
REQUEST	Video Game DB - Get All Video Games	1		Get All Videogames	1560286109989	1560286109994	OK	 
REQUEST	Video Game DB - Get All Video Games	35		Get All Videogames	1560286110828	1560286110833	OK	 
REQUEST	Video Game DB - Get All Video Games	33		Get All Videogames	1560286110878	1560286110883	OK	 
REQUEST	Video Game DB - Get All Video Games	18		Get All Videogames	1560286110889	1560286110895	OK	 
REQUEST	Video Game DB - Get All Video Games	21		Get All Videogames	1560286110899	1560286110906	OK	 
REQUEST	Video Game DB - Get All Video Games	27		Get All Videogames	1560286110899	1560286110906	OK	 
REQUEST	Video Game DB - Get All Video Games	25		Get All Videogames	1560286110899	1560286110908	OK	 
REQUEST	Video Game DB - Get All Video Games	31		Get All Videogames	1560286110899	1560286110908	OK	 
REQUEST	Video Game DB - Get All Video Games	29		Get All Videogames	1560286110899	1560286110908	OK	 
REQUEST	Video Game DB - Get Specific Video Game	16		Get Specific Videogame	1560286110909	1560286110916	OK	 
REQUEST	Video Game DB - Get All Video Games	15		Get All Videogames	1560286110909	1560286110916	OK	 
REQUEST	Video Game DB - Get All Video Games	23		Get All Videogames	1560286110909	1560286110917	OK	 
REQUEST	Video Game DB - Get Specific Video Game	19		Get Specific Videogame	1560286110909	1560286110917	OK	 
REQUEST	Video Game DB - Get Specific Video Game	13		Get Specific Videogame	1560286110928	1560286110935	OK	 
REQUEST	Video Game DB - Get All Video Games	12		Get All Videogames	1560286110928	1560286110935	OK	 
REQUEST	Video Game DB - Get All Video Games	6		Get All Videogames	1560286110938	1560286110945	OK	 
REQUEST	Video Game DB - Get Specific Video Game	10		Get Specific Videogame	1560286110938	1560286110945	OK	 
REQUEST	Video Game DB - Get All Video Games	4		Get All Videogames	1560286110949	1560286110954	OK	 
REQUEST	Video Game DB - Get Specific Video Game	7		Get Specific Videogame	1560286110969	1560286110977	OK	 
REQUEST	Video Game DB - Get All Video Games	9		Get All Videogames	1560286110969	1560286110978	OK	 
REQUEST	Video Game DB - Get All Video Games	2		Get All Videogames	1560286110978	1560286110982	OK	 
REQUEST	Video Game DB - Get All Video Games	34		Get All Videogames	1560286111829	1560286111834	OK	 
REQUEST	Video Game DB - Get All Video Games	30		Get All Videogames	1560286111848	1560286111853	OK	 
REQUEST	Video Game DB - Get All Video Games	32		Get All Videogames	1560286111848	1560286111853	OK	 
REQUEST	Video Game DB - Get All Video Games	28		Get All Videogames	1560286111858	1560286111864	OK	 
REQUEST	Video Game DB - Get All Video Games	26		Get All Videogames	1560286111858	1560286111866	OK	 
REQUEST	Video Game DB - Get All Video Games	24		Get All Videogames	1560286111869	1560286111873	OK	 
REQUEST	Video Game DB - Get All Video Games	22		Get All Videogames	1560286111879	1560286111884	OK	 
REQUEST	Video Game DB - Get All Video Games	20		Get All Videogames	1560286111889	1560286111897	OK	 
REQUEST	Video Game DB - Get All Video Games	14		Get All Videogames	1560286111889	1560286111898	OK	 
REQUEST	Video Game DB - Get All Video Games	17		Get All Videogames	1560286111898	1560286111904	OK	 
REQUEST	Video Game DB - Get All Video Games	11		Get All Videogames	1560286111908	1560286111914	OK	 
REQUEST	Video Game DB - Get All Video Games	8		Get All Videogames	1560286111919	1560286111923	OK	 
REQUEST	Video Game DB - Get All Video Games	5		Get All Videogames	1560286111929	1560286111935	OK	 
REQUEST	Video Game DB - Get All Video Games	3		Get All Videogames	1560286111939	1560286111943	OK	 
REQUEST	Video Game DB - Get All Video Games	1		Get All Videogames	1560286111998	1560286112004	OK	 
REQUEST	Video Game DB - Get All Video Games	35		Get All Videogames	1560286112839	1560286112844	OK	 
REQUEST	Video Game DB - Get All Video Games	33		Get All Videogames	1560286112889	1560286112893	OK	 
REQUEST	Video Game DB - Get All Video Games	31		Get All Videogames	1560286112899	1560286112907	OK	 
REQUEST	Video Game DB - Get All Video Games	21		Get All Videogames	1560286112899	1560286112908	OK	 
REQUEST	Video Game DB - Get Specific Video Game	19		Get Specific Videogame	1560286112899	1560286112914	OK	 
REQUEST	Video Game DB - Get All Video Games	27		Get All Videogames	1560286112899	1560286112922	OK	 
REQUEST	Video Game DB - Get All Video Games	18		Get All Videogames	1560286112899	1560286112926	OK	 
REQUEST	Video Game DB - Get All Video Games	29		Get All Videogames	1560286112899	1560286112939	OK	 
REQUEST	Video Game DB - Get All Video Games	15		Get All Videogames	1560286112908	1560286112953	OK	 
REQUEST	Video Game DB - Get All Video Games	23		Get All Videogames	1560286112908	1560286112954	OK	 
REQUEST	Video Game DB - Get All Video Games	25		Get All Videogames	1560286112908	1560286112954	OK	 
REQUEST	Video Game DB - Get Specific Video Game	16		Get Specific Videogame	1560286112918	1560286112955	OK	 
REQUEST	Video Game DB - Get Specific Video Game	13		Get Specific Videogame	1560286112928	1560286112957	OK	 
REQUEST	Video Game DB - Get All Video Games	12		Get All Videogames	1560286112939	1560286112957	OK	 
REQUEST	Video Game DB - Get Specific Video Game	10		Get Specific Videogame	1560286112949	1560286112959	OK	 
REQUEST	Video Game DB - Get All Video Games	6		Get All Videogames	1560286112949	1560286112959	OK	 
REQUEST	Video Game DB - Get All Video Games	4		Get All Videogames	1560286112958	1560286112963	OK	 
REQUEST	Video Game DB - Get Specific Video Game	7		Get Specific Videogame	1560286112979	1560286112986	OK	 
REQUEST	Video Game DB - Get All Video Games	2		Get All Videogames	1560286112979	1560286112990	OK	 
REQUEST	Video Game DB - Get All Video Games	9		Get All Videogames	1560286112989	1560286112994	OK	 
REQUEST	Video Game DB - Get All Video Games	34		Get All Videogames	1560286113838	1560286113843	OK	 
REQUEST	Video Game DB - Get All Video Games	32		Get All Videogames	1560286113848	1560286113855	OK	 
REQUEST	Video Game DB - Get All Video Games	30		Get All Videogames	1560286113859	1560286113863	OK	 
REQUEST	Video Game DB - Get All Video Games	24		Get All Videogames	1560286113869	1560286113875	OK	 
REQUEST	Video Game DB - Get All Video Games	26		Get All Videogames	1560286113869	1560286113875	OK	 
REQUEST	Video Game DB - Get All Video Games	28		Get All Videogames	1560286113869	1560286113875	OK	 
REQUEST	Video Game DB - Get All Video Games	22		Get All Videogames	1560286113888	1560286113893	OK	 
REQUEST	Video Game DB - Get All Video Games	17		Get All Videogames	1560286113899	1560286113905	OK	 
REQUEST	Video Game DB - Get All Video Games	20		Get All Videogames	1560286113899	1560286113905	OK	 
REQUEST	Video Game DB - Get All Video Games	11		Get All Videogames	1560286113909	1560286113915	OK	 
REQUEST	Video Game DB - Get All Video Games	14		Get All Videogames	1560286113909	1560286113915	OK	 
REQUEST	Video Game DB - Get All Video Games	8		Get All Videogames	1560286113918	1560286113923	OK	 
REQUEST	Video Game DB - Get All Video Games	5		Get All Videogames	1560286113928	1560286113933	OK	 
REQUEST	Video Game DB - Get All Video Games	3		Get All Videogames	1560286113939	1560286113944	OK	 
REQUEST	Video Game DB - Get All Video Games	1		Get All Videogames	1560286113999	1560286114004	OK	 
REQUEST	Video Game DB - Get All Video Games	35		Get All Videogames	1560286114838	1560286114843	OK	 
REQUEST	Video Game DB - Get All Video Games	33		Get All Videogames	1560286114889	1560286114895	OK	 
REQUEST	Video Game DB - Get All Video Games	31		Get All Videogames	1560286114909	1560286114917	OK	 
REQUEST	Video Game DB - Get All Video Games	21		Get All Videogames	1560286114909	1560286114917	OK	 
REQUEST	Video Game DB - Get Specific Video Game	19		Get Specific Videogame	1560286114918	1560286114926	OK	 
REQUEST	Video Game DB - Get All Video Games	27		Get All Videogames	1560286114928	1560286114934	OK	 
REQUEST	Video Game DB - Get All Video Games	18		Get All Videogames	1560286114928	1560286114934	OK	 
REQUEST	Video Game DB - Get All Video Games	29		Get All Videogames	1560286114949	1560286114954	OK	 
REQUEST	Video Game DB - Get All Video Games	12		Get All Videogames	1560286114949	1560286114956	OK	 
REQUEST	Video Game DB - Get All Video Games	23		Get All Videogames	1560286114959	1560286114967	OK	 
REQUEST	Video Game DB - Get All Video Games	15		Get All Videogames	1560286114959	1560286114967	OK	 
REQUEST	Video Game DB - Get All Video Games	25		Get All Videogames	1560286114959	1560286114969	OK	 
REQUEST	Video Game DB - Get All Video Games	4		Get All Videogames	1560286114959	1560286114969	OK	 
REQUEST	Video Game DB - Get Specific Video Game	10		Get Specific Videogame	1560286114959	1560286114969	OK	 
REQUEST	Video Game DB - Get Specific Video Game	16		Get Specific Videogame	1560286114959	1560286114969	OK	 
REQUEST	Video Game DB - Get Specific Video Game	13		Get Specific Videogame	1560286114959	1560286114970	OK	 
REQUEST	Video Game DB - Get All Video Games	6		Get All Videogames	1560286114968	1560286114975	OK	 
REQUEST	Video Game DB - Get Specific Video Game	7		Get Specific Videogame	1560286114989	1560286114993	OK	 
REQUEST	Video Game DB - Get All Video Games	9		Get All Videogames	1560286114989	1560286114994	OK	 
REQUEST	Video Game DB - Get All Video Games	2		Get All Videogames	1560286114999	1560286115004	OK	 
REQUEST	Video Game DB - Get All Video Games	34		Get All Videogames	1560286115839	1560286115845	OK	 
REQUEST	Video Game DB - Get All Video Games	32		Get All Videogames	1560286115859	1560286115864	OK	 
REQUEST	Video Game DB - Get All Video Games	30		Get All Videogames	1560286115859	1560286115864	OK	 
REQUEST	Video Game DB - Get All Video Games	28		Get All Videogames	1560286115868	1560286115873	OK	 
REQUEST	Video Game DB - Get All Video Games	24		Get All Videogames	1560286115878	1560286115884	OK	 
REQUEST	Video Game DB - Get All Video Games	26		Get All Videogames	1560286115878	1560286115885	OK	 
REQUEST	Video Game DB - Get All Video Games	22		Get All Videogames	1560286115888	1560286115894	OK	 
REQUEST	Video Game DB - Get All Video Games	20		Get All Videogames	1560286115909	1560286115917	OK	 
REQUEST	Video Game DB - Get All Video Games	17		Get All Videogames	1560286115909	1560286115917	OK	 
REQUEST	Video Game DB - Get All Video Games	14		Get All Videogames	1560286115909	1560286115917	OK	 
REQUEST	Video Game DB - Get All Video Games	11		Get All Videogames	1560286115918	1560286115922	OK	 
REQUEST	Video Game DB - Get All Video Games	8		Get All Videogames	1560286115928	1560286115934	OK	 
REQUEST	Video Game DB - Get All Video Games	5		Get All Videogames	1560286115938	1560286115946	OK	 
REQUEST	Video Game DB - Get All Video Games	3		Get All Videogames	1560286115948	1560286115954	OK	 
REQUEST	Video Game DB - Get All Video Games	1		Get All Videogames	1560286116009	1560286116014	OK	 
REQUEST	Video Game DB - Get All Video Games	35		Get All Videogames	1560286116848	1560286116855	OK	 
REQUEST	Video Game DB - Get All Video Games	33		Get All Videogames	1560286116898	1560286116903	OK	 
REQUEST	Video Game DB - Get All Video Games	21		Get All Videogames	1560286116908	1560286116915	OK	 
REQUEST	Video Game DB - Get All Video Games	31		Get All Videogames	1560286116919	1560286116923	OK	 
REQUEST	Video Game DB - Get All Video Games	18		Get All Videogames	1560286116929	1560286116935	OK	 
REQUEST	Video Game DB - Get Specific Video Game	19		Get Specific Videogame	1560286116929	1560286116935	OK	 
REQUEST	Video Game DB - Get All Video Games	27		Get All Videogames	1560286116929	1560286116936	OK	 
REQUEST	Video Game DB - Get All Video Games	29		Get All Videogames	1560286116948	1560286116953	OK	 
REQUEST	Video Game DB - Get All Video Games	12		Get All Videogames	1560286116958	1560286116964	OK	 
REQUEST	Video Game DB - Get All Video Games	15		Get All Videogames	1560286116969	1560286116980	OK	 
REQUEST	Video Game DB - Get Specific Video Game	10		Get Specific Videogame	1560286116969	1560286116985	OK	 
REQUEST	Video Game DB - Get Specific Video Game	16		Get Specific Videogame	1560286116969	1560286116987	OK	 
REQUEST	Video Game DB - Get All Video Games	23		Get All Videogames	1560286116969	1560286116989	OK	 
REQUEST	Video Game DB - Get All Video Games	6		Get All Videogames	1560286116969	1560286116990	OK	 
REQUEST	Video Game DB - Get All Video Games	25		Get All Videogames	1560286116979	1560286116994	OK	 
REQUEST	Video Game DB - Get Specific Video Game	13		Get Specific Videogame	1560286116979	1560286116994	OK	 
REQUEST	Video Game DB - Get All Video Games	4		Get All Videogames	1560286116979	1560286116994	OK	 
REQUEST	Video Game DB - Get Specific Video Game	7		Get Specific Videogame	1560286116988	1560286116995	OK	 
REQUEST	Video Game DB - Get All Video Games	9		Get All Videogames	1560286116988	1560286116998	OK	 
REQUEST	Video Game DB - Get All Video Games	2		Get All Videogames	1560286116998	1560286117005	OK	 
REQUEST	Video Game DB - Get All Video Games	34		Get All Videogames	1560286117849	1560286117853	OK	 
REQUEST	Video Game DB - Get All Video Games	32		Get All Videogames	1560286117859	1560286117864	OK	 
REQUEST	Video Game DB - Get All Video Games	30		Get All Videogames	1560286117868	1560286117875	OK	 
REQUEST	Video Game DB - Get All Video Games	28		Get All Videogames	1560286117879	1560286117885	OK	 
REQUEST	Video Game DB - Get All Video Games	24		Get All Videogames	1560286117879	1560286117885	OK	 
REQUEST	Video Game DB - Get All Video Games	26		Get All Videogames	1560286117879	1560286117886	OK	 
REQUEST	Video Game DB - Get All Video Games	22		Get All Videogames	1560286117899	1560286117904	OK	 
REQUEST	Video Game DB - Get All Video Games	20		Get All Videogames	1560286117908	1560286117913	OK	 
REQUEST	Video Game DB - Get All Video Games	17		Get All Videogames	1560286117918	1560286117924	OK	 
REQUEST	Video Game DB - Get All Video Games	14		Get All Videogames	1560286117918	1560286117925	OK	 
REQUEST	Video Game DB - Get All Video Games	11		Get All Videogames	1560286117928	1560286117935	OK	 
REQUEST	Video Game DB - Get All Video Games	8		Get All Videogames	1560286117928	1560286117936	OK	 
REQUEST	Video Game DB - Get All Video Games	3		Get All Videogames	1560286117949	1560286117956	OK	 
REQUEST	Video Game DB - Get All Video Games	5		Get All Videogames	1560286117949	1560286117956	OK	 
REQUEST	Video Game DB - Get All Video Games	1		Get All Videogames	1560286118008	1560286118013	OK	 
REQUEST	Video Game DB - Get All Video Games	35		Get All Videogames	1560286118859	1560286118863	OK	 
REQUEST	Video Game DB - Get All Video Games	33		Get All Videogames	1560286118909	1560286118914	OK	 
REQUEST	Video Game DB - Get All Video Games	31		Get All Videogames	1560286118919	1560286118926	OK	 
REQUEST	Video Game DB - Get All Video Games	21		Get All Videogames	1560286118919	1560286118926	OK	 
REQUEST	Video Game DB - Get All Video Games	18		Get All Videogames	1560286118939	1560286118946	OK	 
REQUEST	Video Game DB - Get Specific Video Game	19		Get Specific Videogame	1560286118939	1560286118946	OK	 
REQUEST	Video Game DB - Get All Video Games	27		Get All Videogames	1560286118939	1560286118946	OK	 
REQUEST	Video Game DB - Get All Video Games	29		Get All Videogames	1560286118958	1560286118963	OK	 
REQUEST	Video Game DB - Get All Video Games	12		Get All Videogames	1560286118969	1560286118973	OK	 
REQUEST	Video Game DB - Get Specific Video Game	10		Get Specific Videogame	1560286118979	1560286118985	OK	 
REQUEST	Video Game DB - Get All Video Games	15		Get All Videogames	1560286118979	1560286118989	OK	 
REQUEST	Video Game DB - Get Specific Video Game	16		Get Specific Videogame	1560286118979	1560286118989	OK	 
REQUEST	Video Game DB - Get All Video Games	25		Get All Videogames	1560286118989	1560286118994	OK	 
REQUEST	Video Game DB - Get All Video Games	6		Get All Videogames	1560286118989	1560286118996	OK	 
REQUEST	Video Game DB - Get Specific Video Game	13		Get Specific Videogame	1560286118989	1560286118999	OK	 
REQUEST	Video Game DB - Get All Video Games	23		Get All Videogames	1560286118989	1560286118999	OK	 
REQUEST	Video Game DB - Get All Video Games	4		Get All Videogames	1560286118989	1560286118999	OK	 
REQUEST	Video Game DB - Get Specific Video Game	7		Get Specific Videogame	1560286118998	1560286119004	OK	 
REQUEST	Video Game DB - Get All Video Games	2		Get All Videogames	1560286118998	1560286119005	OK	 
REQUEST	Video Game DB - Get All Video Games	9		Get All Videogames	1560286119008	1560286119014	OK	 
REQUEST	Video Game DB - Get All Video Games	34		Get All Videogames	1560286119858	1560286119863	OK	 
REQUEST	Video Game DB - Get All Video Games	30		Get All Videogames	1560286119869	1560286119875	OK	 
REQUEST	Video Game DB - Get All Video Games	32		Get All Videogames	1560286119869	1560286119875	OK	 
REQUEST	Video Game DB - Get All Video Games	24		Get All Videogames	1560286119888	1560286119894	OK	 
REQUEST	Video Game DB - Get All Video Games	26		Get All Videogames	1560286119888	1560286119893	OK	 
REQUEST	Video Game DB - Get All Video Games	28		Get All Videogames	1560286119888	1560286119894	OK	 
REQUEST	Video Game DB - Get All Video Games	22		Get All Videogames	1560286119898	1560286119903	OK	 
REQUEST	Video Game DB - Get All Video Games	20		Get All Videogames	1560286119919	1560286119925	OK	 
REQUEST	Video Game DB - Get All Video Games	17		Get All Videogames	1560286119919	1560286119925	OK	 
REQUEST	Video Game DB - Get All Video Games	11		Get All Videogames	1560286119929	1560286119934	OK	 
REQUEST	Video Game DB - Get All Video Games	14		Get All Videogames	1560286119929	1560286119934	OK	 
REQUEST	Video Game DB - Get All Video Games	8		Get All Videogames	1560286119938	1560286119942	OK	 
REQUEST	Video Game DB - Get All Video Games	5		Get All Videogames	1560286119948	1560286119953	OK	 
REQUEST	Video Game DB - Get All Video Games	3		Get All Videogames	1560286119959	1560286119965	OK	 
REQUEST	Video Game DB - Get All Video Games	1		Get All Videogames	1560286120019	1560286120024	OK	 
REQUEST	Video Game DB - Get All Video Games	35		Get All Videogames	1560286120858	1560286120864	OK	 
REQUEST	Video Game DB - Get All Video Games	33		Get All Videogames	1560286120908	1560286120915	OK	 
REQUEST	Video Game DB - Get All Video Games	31		Get All Videogames	1560286120929	1560286120934	OK	 
REQUEST	Video Game DB - Get All Video Games	21		Get All Videogames	1560286120929	1560286120936	OK	 
REQUEST	Video Game DB - Get All Video Games	27		Get All Videogames	1560286120938	1560286120947	OK	 
REQUEST	Video Game DB - Get Specific Video Game	19		Get Specific Videogame	1560286120938	1560286120947	OK	 
REQUEST	Video Game DB - Get All Video Games	18		Get All Videogames	1560286120948	1560286120954	OK	 
REQUEST	Video Game DB - Get All Video Games	29		Get All Videogames	1560286120959	1560286120963	OK	 
REQUEST	Video Game DB - Get All Video Games	12		Get All Videogames	1560286120979	1560286120985	OK	 
REQUEST	Video Game DB - Get Specific Video Game	10		Get Specific Videogame	1560286120988	1560286120994	OK	 
REQUEST	Video Game DB - Get All Video Games	6		Get All Videogames	1560286120988	1560286120996	OK	 
REQUEST	Video Game DB - Get All Video Games	25		Get All Videogames	1560286120988	1560286120997	OK	 
REQUEST	Video Game DB - Get All Video Games	15		Get All Videogames	1560286120988	1560286120997	OK	 
REQUEST	Video Game DB - Get Specific Video Game	16		Get Specific Videogame	1560286120998	1560286121004	OK	 
REQUEST	Video Game DB - Get All Video Games	23		Get All Videogames	1560286120998	1560286121004	OK	 
REQUEST	Video Game DB - Get All Video Games	4		Get All Videogames	1560286120998	1560286121005	OK	 
REQUEST	Video Game DB - Get All Video Games	9		Get All Videogames	1560286121008	1560286121015	OK	 
REQUEST	Video Game DB - Get Specific Video Game	13		Get Specific Videogame	1560286121008	1560286121015	OK	 
REQUEST	Video Game DB - Get All Video Games	2		Get All Videogames	1560286121008	1560286121016	OK	 
REQUEST	Video Game DB - Get Specific Video Game	7		Get Specific Videogame	1560286121008	1560286121016	OK	 
REQUEST	Video Game DB - Get All Video Games	34		Get All Videogames	1560286121859	1560286121866	OK	 
REQUEST	Video Game DB - Get All Video Games	32		Get All Videogames	1560286121869	1560286121873	OK	 
REQUEST	Video Game DB - Get All Video Games	30		Get All Videogames	1560286121878	1560286121884	OK	 
REQUEST	Video Game DB - Get All Video Games	28		Get All Videogames	1560286121888	1560286121898	OK	 
REQUEST	Video Game DB - Get All Video Games	26		Get All Videogames	1560286121899	1560286121903	OK	 
REQUEST	Video Game DB - Get All Video Games	24		Get All Videogames	1560286121899	1560286121903	OK	 
REQUEST	Video Game DB - Get All Video Games	22		Get All Videogames	1560286121909	1560286121916	OK	 
REQUEST	Video Game DB - Get All Video Games	17		Get All Videogames	1560286121928	1560286121934	OK	 
REQUEST	Video Game DB - Get All Video Games	14		Get All Videogames	1560286121928	1560286121936	OK	 
REQUEST	Video Game DB - Get All Video Games	20		Get All Videogames	1560286121928	1560286121937	OK	 
REQUEST	Video Game DB - Get All Video Games	11		Get All Videogames	1560286121938	1560286121945	OK	 
REQUEST	Video Game DB - Get All Video Games	8		Get All Videogames	1560286121948	1560286121956	OK	 
REQUEST	Video Game DB - Get All Video Games	5		Get All Videogames	1560286121959	1560286121966	OK	 
REQUEST	Video Game DB - Get All Video Games	3		Get All Videogames	1560286121969	1560286121975	OK	 
REQUEST	Video Game DB - Get All Video Games	1		Get All Videogames	1560286122019	1560286122024	OK	 
REQUEST	Video Game DB - Get All Video Games	35		Get All Videogames	1560286122868	1560286122875	OK	 
REQUEST	Video Game DB - Get All Video Games	33		Get All Videogames	1560286122918	1560286122925	OK	 
REQUEST	Video Game DB - Get All Video Games	31		Get All Videogames	1560286122939	1560286122947	OK	 
REQUEST	Video Game DB - Get All Video Games	21		Get All Videogames	1560286122939	1560286122947	OK	 
REQUEST	Video Game DB - Get All Video Games	27		Get All Videogames	1560286122949	1560286122959	OK	 
REQUEST	Video Game DB - Get All Video Games	18		Get All Videogames	1560286122949	1560286122960	OK	 
REQUEST	Video Game DB - Get Specific Video Game	19		Get Specific Videogame	1560286122949	1560286122960	OK	 
REQUEST	Video Game DB - Get All Video Games	29		Get All Videogames	1560286122968	1560286122974	OK	 
REQUEST	Video Game DB - Get All Video Games	12		Get All Videogames	1560286122978	1560286122985	OK	 
REQUEST	Video Game DB - Get All Video Games	15		Get All Videogames	1560286122999	1560286123006	OK	 
REQUEST	Video Game DB - Get Specific Video Game	10		Get Specific Videogame	1560286122999	1560286123006	OK	 
REQUEST	Video Game DB - Get Specific Video Game	16		Get Specific Videogame	1560286122999	1560286123010	OK	 
REQUEST	Video Game DB - Get All Video Games	6		Get All Videogames	1560286122999	1560286123010	OK	 
REQUEST	Video Game DB - Get All Video Games	25		Get All Videogames	1560286122999	1560286123011	OK	 
REQUEST	Video Game DB - Get All Video Games	23		Get All Videogames	1560286122999	1560286123011	OK	 
REQUEST	Video Game DB - Get All Video Games	4		Get All Videogames	1560286123008	1560286123014	OK	 
REQUEST	Video Game DB - Get Specific Video Game	13		Get Specific Videogame	1560286123008	1560286123015	OK	 
REQUEST	Video Game DB - Get All Video Games	9		Get All Videogames	1560286123008	1560286123020	OK	 
REQUEST	Video Game DB - Get Specific Video Game	7		Get Specific Videogame	1560286123008	1560286123020	OK	 
REQUEST	Video Game DB - Get All Video Games	2		Get All Videogames	1560286123018	1560286123022	OK	 
REQUEST	Video Game DB - Get All Video Games	34		Get All Videogames	1560286123869	1560286123874	OK	 
REQUEST	Video Game DB - Get All Video Games	32		Get All Videogames	1560286123879	1560286123884	OK	 
REQUEST	Video Game DB - Get All Video Games	30		Get All Videogames	1560286123888	1560286123892	OK	 
REQUEST	Video Game DB - Get All Video Games	24		Get All Videogames	1560286123898	1560286123906	OK	 
REQUEST	Video Game DB - Get All Video Games	26		Get All Videogames	1560286123898	1560286123906	OK	 
REQUEST	Video Game DB - Get All Video Games	22		Get All Videogames	1560286123908	1560286123914	OK	 
REQUEST	Video Game DB - Get All Video Games	28		Get All Videogames	1560286123908	1560286123914	OK	 
REQUEST	Video Game DB - Get All Video Games	20		Get All Videogames	1560286123929	1560286123938	OK	 
REQUEST	Video Game DB - Get All Video Games	14		Get All Videogames	1560286123938	1560286123945	OK	 
REQUEST	Video Game DB - Get All Video Games	17		Get All Videogames	1560286123938	1560286123946	OK	 
REQUEST	Video Game DB - Get All Video Games	11		Get All Videogames	1560286123938	1560286123946	OK	 
REQUEST	Video Game DB - Get All Video Games	8		Get All Videogames	1560286123948	1560286123953	OK	 
REQUEST	Video Game DB - Get All Video Games	3		Get All Videogames	1560286123968	1560286123973	OK	 
REQUEST	Video Game DB - Get All Video Games	5		Get All Videogames	1560286123968	1560286123973	OK	 
REQUEST	Video Game DB - Get All Video Games	1		Get All Videogames	1560286124029	1560286124034	OK	 
REQUEST	Video Game DB - Get All Video Games	35		Get All Videogames	1560286124869	1560286124882	OK	 
REQUEST	Video Game DB - Get All Video Games	33		Get All Videogames	1560286124918	1560286124924	OK	 
REQUEST	Video Game DB - Get All Video Games	21		Get All Videogames	1560286124939	1560286124945	OK	 
REQUEST	Video Game DB - Get All Video Games	31		Get All Videogames	1560286124939	1560286124945	OK	 
REQUEST	Video Game DB - Get All Video Games	29		Get All Videogames	1560286124969	1560286124978	OK	 
REQUEST	Video Game DB - Get All Video Games	18		Get All Videogames	1560286124969	1560286124978	OK	 
REQUEST	Video Game DB - Get Specific Video Game	19		Get Specific Videogame	1560286124969	1560286124978	OK	 
REQUEST	Video Game DB - Get All Video Games	27		Get All Videogames	1560286124969	1560286124978	OK	 
REQUEST	Video Game DB - Get All Video Games	12		Get All Videogames	1560286124988	1560286124993	OK	 
REQUEST	Video Game DB - Get All Video Games	15		Get All Videogames	1560286124998	1560286125005	OK	 
REQUEST	Video Game DB - Get Specific Video Game	10		Get Specific Videogame	1560286124998	1560286125005	OK	 
REQUEST	Video Game DB - Get Specific Video Game	13		Get Specific Videogame	1560286125009	1560286125014	OK	 
REQUEST	Video Game DB - Get All Video Games	4		Get All Videogames	1560286125009	1560286125014	OK	 
REQUEST	Video Game DB - Get All Video Games	2		Get All Videogames	1560286125019	1560286125025	OK	 
REQUEST	Video Game DB - Get Specific Video Game	16		Get Specific Videogame	1560286125019	1560286125025	OK	 
REQUEST	Video Game DB - Get All Video Games	23		Get All Videogames	1560286125019	1560286125026	OK	 
REQUEST	Video Game DB - Get All Video Games	6		Get All Videogames	1560286125019	1560286125028	OK	 
REQUEST	Video Game DB - Get All Video Games	25		Get All Videogames	1560286125019	1560286125028	OK	 
REQUEST	Video Game DB - Get All Video Games	9		Get All Videogames	1560286125029	1560286125033	OK	 
REQUEST	Video Game DB - Get Specific Video Game	7		Get Specific Videogame	1560286125029	1560286125036	OK	 
REQUEST	Video Game DB - Get All Video Games	34		Get All Videogames	1560286125869	1560286125873	OK	 
REQUEST	Video Game DB - Get All Video Games	32		Get All Videogames	1560286125878	1560286125884	OK	 
REQUEST	Video Game DB - Get All Video Games	30		Get All Videogames	1560286125889	1560286125895	OK	 
REQUEST	Video Game DB - Get All Video Games	26		Get All Videogames	1560286125908	1560286125915	OK	 
REQUEST	Video Game DB - Get All Video Games	28		Get All Videogames	1560286125908	1560286125915	OK	 
REQUEST	Video Game DB - Get All Video Games	24		Get All Videogames	1560286125908	1560286125915	OK	 
REQUEST	Video Game DB - Get All Video Games	22		Get All Videogames	1560286125918	1560286125923	OK	 
REQUEST	Video Game DB - Get All Video Games	17		Get All Videogames	1560286125939	1560286125945	OK	 
REQUEST	Video Game DB - Get All Video Games	11		Get All Videogames	1560286125949	1560286125955	OK	 
REQUEST	Video Game DB - Get All Video Games	14		Get All Videogames	1560286125949	1560286125955	OK	 
REQUEST	Video Game DB - Get All Video Games	20		Get All Videogames	1560286125949	1560286125957	OK	 
REQUEST	Video Game DB - Get All Video Games	8		Get All Videogames	1560286125958	1560286125963	OK	 
REQUEST	Video Game DB - Get All Video Games	5		Get All Videogames	1560286125969	1560286125977	OK	 
REQUEST	Video Game DB - Get All Video Games	3		Get All Videogames	1560286125979	1560286125983	OK	 
REQUEST	Video Game DB - Get All Video Games	1		Get All Videogames	1560286126028	1560286126034	OK	 
