RUN	simulations.RampUsersLoadSimulation		rampusersloadsimulation	1560268190702	 	2.0
USER	Video Game DB	1	START	1560268197125	1560268197125
REQUEST	Video Game DB	1		Get All Videogames	1560268197146	1560268197186	OK	 
USER	Video Game DB	2	START	1560268197224	1560268197224
REQUEST	Video Game DB	2		Get All Videogames	1560268197224	1560268197239	OK	 
USER	Video Game DB	3	START	1560268197324	1560268197324
REQUEST	Video Game DB	3		Get All Videogames	1560268197325	1560268197343	OK	 
USER	Video Game DB	4	START	1560268197424	1560268197424
REQUEST	Video Game DB	4		Get All Videogames	1560268197425	1560268197441	OK	 
USER	Video Game DB	5	START	1560268197523	1560268197523
REQUEST	Video Game DB	5		Get All Videogames	1560268197524	1560268197540	OK	 
USER	Video Game DB	6	START	1560268197624	1560268197624
REQUEST	Video Game DB	6		Get All Videogames	1560268197625	1560268197646	OK	 
USER	Video Game DB	7	START	1560268197724	1560268197724
REQUEST	Video Game DB	7		Get All Videogames	1560268197725	1560268197742	OK	 
USER	Video Game DB	8	START	1560268197824	1560268197824
REQUEST	Video Game DB	8		Get All Videogames	1560268197825	1560268197843	OK	 
USER	Video Game DB	9	START	1560268197924	1560268197924
REQUEST	Video Game DB	9		Get All Videogames	1560268197925	1560268197941	OK	 
USER	Video Game DB	10	START	1560268198024	1560268198024
REQUEST	Video Game DB	10		Get All Videogames	1560268198025	1560268198040	OK	 
USER	Video Game DB	11	START	1560268198124	1560268198124
REQUEST	Video Game DB	11		Get All Videogames	1560268198125	1560268198139	OK	 
USER	Video Game DB	12	START	1560268198224	1560268198224
REQUEST	Video Game DB	12		Get All Videogames	1560268198225	1560268198299	OK	 
USER	Video Game DB	13	START	1560268198324	1560268198324
REQUEST	Video Game DB	13		Get All Videogames	1560268198324	1560268198341	OK	 
USER	Video Game DB	14	START	1560268198424	1560268198424
REQUEST	Video Game DB	14		Get All Videogames	1560268198425	1560268198439	OK	 
USER	Video Game DB	15	START	1560268198524	1560268198524
REQUEST	Video Game DB	15		Get All Videogames	1560268198525	1560268198541	OK	 
USER	Video Game DB	16	START	1560268198624	1560268198624
REQUEST	Video Game DB	16		Get All Videogames	1560268198625	1560268198638	OK	 
USER	Video Game DB	17	START	1560268198724	1560268198724
REQUEST	Video Game DB	17		Get All Videogames	1560268198724	1560268198737	OK	 
USER	Video Game DB	18	START	1560268198824	1560268198824
REQUEST	Video Game DB	18		Get All Videogames	1560268198824	1560268198839	OK	 
USER	Video Game DB	19	START	1560268198924	1560268198924
REQUEST	Video Game DB	19		Get All Videogames	1560268198924	1560268198942	OK	 
USER	Video Game DB	20	START	1560268199024	1560268199024
REQUEST	Video Game DB	20		Get All Videogames	1560268199025	1560268199041	OK	 
USER	Video Game DB	21	START	1560268199124	1560268199124
REQUEST	Video Game DB	21		Get All Videogames	1560268199124	1560268199136	OK	 
USER	Video Game DB	22	START	1560268199223	1560268199223
REQUEST	Video Game DB	22		Get All Videogames	1560268199224	1560268199240	OK	 
USER	Video Game DB	23	START	1560268199323	1560268199323
REQUEST	Video Game DB	23		Get All Videogames	1560268199324	1560268199336	OK	 
USER	Video Game DB	24	START	1560268199424	1560268199424
REQUEST	Video Game DB	24		Get All Videogames	1560268199424	1560268199439	OK	 
USER	Video Game DB	25	START	1560268199524	1560268199524
REQUEST	Video Game DB	25		Get All Videogames	1560268199524	1560268199537	OK	 
USER	Video Game DB	26	START	1560268199624	1560268199624
REQUEST	Video Game DB	26		Get All Videogames	1560268199625	1560268199636	OK	 
USER	Video Game DB	27	START	1560268199724	1560268199724
REQUEST	Video Game DB	27		Get All Videogames	1560268199725	1560268199737	OK	 
USER	Video Game DB	28	START	1560268199824	1560268199824
REQUEST	Video Game DB	28		Get All Videogames	1560268199824	1560268199837	OK	 
USER	Video Game DB	29	START	1560268199924	1560268199924
REQUEST	Video Game DB	29		Get All Videogames	1560268199925	1560268199938	OK	 
USER	Video Game DB	30	START	1560268200024	1560268200024
REQUEST	Video Game DB	30		Get All Videogames	1560268200025	1560268200037	OK	 
USER	Video Game DB	31	START	1560268200124	1560268200124
REQUEST	Video Game DB	31		Get All Videogames	1560268200124	1560268200134	OK	 
USER	Video Game DB	32	START	1560268200224	1560268200224
REQUEST	Video Game DB	32		Get All Videogames	1560268200224	1560268200236	OK	 
USER	Video Game DB	33	START	1560268200324	1560268200324
REQUEST	Video Game DB	33		Get All Videogames	1560268200325	1560268200338	OK	 
USER	Video Game DB	34	START	1560268200424	1560268200424
REQUEST	Video Game DB	34		Get All Videogames	1560268200425	1560268200436	OK	 
USER	Video Game DB	35	START	1560268200524	1560268200524
REQUEST	Video Game DB	35		Get All Videogames	1560268200525	1560268200537	OK	 
USER	Video Game DB	36	START	1560268200623	1560268200623
REQUEST	Video Game DB	36		Get All Videogames	1560268200624	1560268200637	OK	 
USER	Video Game DB	37	START	1560268200724	1560268200724
REQUEST	Video Game DB	37		Get All Videogames	1560268200725	1560268200738	OK	 
USER	Video Game DB	38	START	1560268200824	1560268200824
REQUEST	Video Game DB	38		Get All Videogames	1560268200825	1560268200839	OK	 
USER	Video Game DB	39	START	1560268200924	1560268200924
REQUEST	Video Game DB	39		Get All Videogames	1560268200925	1560268200937	OK	 
USER	Video Game DB	40	START	1560268201024	1560268201024
REQUEST	Video Game DB	40		Get All Videogames	1560268201025	1560268201038	OK	 
USER	Video Game DB	41	START	1560268201124	1560268201124
REQUEST	Video Game DB	41		Get All Videogames	1560268201124	1560268201139	OK	 
USER	Video Game DB	42	START	1560268201224	1560268201224
REQUEST	Video Game DB	42		Get All Videogames	1560268201224	1560268201239	OK	 
USER	Video Game DB	43	START	1560268201324	1560268201324
REQUEST	Video Game DB	43		Get All Videogames	1560268201325	1560268201338	OK	 
USER	Video Game DB	44	START	1560268201424	1560268201424
REQUEST	Video Game DB	44		Get All Videogames	1560268201424	1560268201436	OK	 
USER	Video Game DB	45	START	1560268201524	1560268201524
REQUEST	Video Game DB	45		Get All Videogames	1560268201525	1560268201538	OK	 
USER	Video Game DB	46	START	1560268201624	1560268201624
REQUEST	Video Game DB	46		Get All Videogames	1560268201624	1560268201637	OK	 
USER	Video Game DB	47	START	1560268201724	1560268201724
REQUEST	Video Game DB	47		Get All Videogames	1560268201724	1560268201735	OK	 
USER	Video Game DB	48	START	1560268201824	1560268201824
REQUEST	Video Game DB	48		Get All Videogames	1560268201824	1560268201836	OK	 
USER	Video Game DB	49	START	1560268201923	1560268201923
REQUEST	Video Game DB	49		Get All Videogames	1560268201924	1560268201936	OK	 
USER	Video Game DB	50	START	1560268202024	1560268202024
REQUEST	Video Game DB	50		Get All Videogames	1560268202025	1560268202036	OK	 
USER	Video Game DB	51	START	1560268202124	1560268202124
REQUEST	Video Game DB	51		Get All Videogames	1560268202124	1560268202138	OK	 
USER	Video Game DB	52	START	1560268202223	1560268202223
REQUEST	Video Game DB	1		Get Specific Videogame	1560268202204	1560268202231	OK	 
REQUEST	Video Game DB	52		Get All Videogames	1560268202224	1560268202236	OK	 
REQUEST	Video Game DB	2		Get Specific Videogame	1560268202254	1560268202263	OK	 
USER	Video Game DB	53	START	1560268202324	1560268202324
REQUEST	Video Game DB	53		Get All Videogames	1560268202324	1560268202338	OK	 
REQUEST	Video Game DB	3		Get Specific Videogame	1560268202364	1560268202373	OK	 
USER	Video Game DB	54	START	1560268202424	1560268202424
REQUEST	Video Game DB	54		Get All Videogames	1560268202424	1560268202434	OK	 
REQUEST	Video Game DB	4		Get Specific Videogame	1560268202455	1560268202462	OK	 
USER	Video Game DB	55	START	1560268202524	1560268202524
REQUEST	Video Game DB	55		Get All Videogames	1560268202524	1560268202536	OK	 
REQUEST	Video Game DB	5		Get Specific Videogame	1560268202555	1560268202563	OK	 
USER	Video Game DB	56	START	1560268202624	1560268202624
REQUEST	Video Game DB	56		Get All Videogames	1560268202624	1560268202634	OK	 
REQUEST	Video Game DB	6		Get Specific Videogame	1560268202664	1560268202678	OK	 
USER	Video Game DB	57	START	1560268202724	1560268202724
REQUEST	Video Game DB	57		Get All Videogames	1560268202724	1560268202734	OK	 
REQUEST	Video Game DB	7		Get Specific Videogame	1560268202764	1560268202775	OK	 
USER	Video Game DB	58	START	1560268202823	1560268202823
REQUEST	Video Game DB	58		Get All Videogames	1560268202824	1560268202838	OK	 
REQUEST	Video Game DB	8		Get Specific Videogame	1560268202864	1560268202875	OK	 
USER	Video Game DB	59	START	1560268202924	1560268202924
REQUEST	Video Game DB	59		Get All Videogames	1560268202924	1560268202937	OK	 
REQUEST	Video Game DB	9		Get Specific Videogame	1560268202954	1560268202962	OK	 
USER	Video Game DB	60	START	1560268203024	1560268203024
REQUEST	Video Game DB	60		Get All Videogames	1560268203025	1560268203035	OK	 
REQUEST	Video Game DB	10		Get Specific Videogame	1560268203054	1560268203063	OK	 
USER	Video Game DB	61	START	1560268203124	1560268203124
REQUEST	Video Game DB	61		Get All Videogames	1560268203125	1560268203136	OK	 
REQUEST	Video Game DB	11		Get Specific Videogame	1560268203154	1560268203163	OK	 
USER	Video Game DB	62	START	1560268203224	1560268203224
REQUEST	Video Game DB	62		Get All Videogames	1560268203224	1560268203235	OK	 
REQUEST	Video Game DB	12		Get Specific Videogame	1560268203315	1560268203324	OK	 
USER	Video Game DB	63	START	1560268203324	1560268203324
REQUEST	Video Game DB	63		Get All Videogames	1560268203324	1560268203336	OK	 
REQUEST	Video Game DB	13		Get Specific Videogame	1560268203354	1560268203362	OK	 
USER	Video Game DB	64	START	1560268203424	1560268203424
REQUEST	Video Game DB	64		Get All Videogames	1560268203425	1560268203435	OK	 
REQUEST	Video Game DB	14		Get Specific Videogame	1560268203454	1560268203463	OK	 
USER	Video Game DB	65	START	1560268203523	1560268203523
REQUEST	Video Game DB	65		Get All Videogames	1560268203524	1560268203532	OK	 
REQUEST	Video Game DB	15		Get Specific Videogame	1560268203554	1560268203562	OK	 
USER	Video Game DB	66	START	1560268203623	1560268203623
REQUEST	Video Game DB	66		Get All Videogames	1560268203623	1560268203634	OK	 
REQUEST	Video Game DB	16		Get Specific Videogame	1560268203654	1560268203664	OK	 
USER	Video Game DB	67	START	1560268203723	1560268203723
REQUEST	Video Game DB	67		Get All Videogames	1560268203724	1560268203735	OK	 
REQUEST	Video Game DB	17		Get Specific Videogame	1560268203755	1560268203763	OK	 
USER	Video Game DB	68	START	1560268203824	1560268203824
REQUEST	Video Game DB	68		Get All Videogames	1560268203825	1560268203835	OK	 
REQUEST	Video Game DB	18		Get Specific Videogame	1560268203854	1560268203863	OK	 
USER	Video Game DB	69	START	1560268203924	1560268203924
REQUEST	Video Game DB	69		Get All Videogames	1560268203925	1560268203935	OK	 
REQUEST	Video Game DB	19		Get Specific Videogame	1560268203954	1560268203963	OK	 
USER	Video Game DB	70	START	1560268204024	1560268204024
REQUEST	Video Game DB	70		Get All Videogames	1560268204025	1560268204036	OK	 
REQUEST	Video Game DB	20		Get Specific Videogame	1560268204054	1560268204081	OK	 
USER	Video Game DB	71	START	1560268204123	1560268204123
REQUEST	Video Game DB	71		Get All Videogames	1560268204124	1560268204136	OK	 
REQUEST	Video Game DB	21		Get Specific Videogame	1560268204154	1560268204163	OK	 
USER	Video Game DB	72	START	1560268204224	1560268204224
REQUEST	Video Game DB	72		Get All Videogames	1560268204225	1560268204237	OK	 
REQUEST	Video Game DB	22		Get Specific Videogame	1560268204254	1560268204262	OK	 
USER	Video Game DB	73	START	1560268204323	1560268204323
REQUEST	Video Game DB	73		Get All Videogames	1560268204324	1560268204337	OK	 
REQUEST	Video Game DB	23		Get Specific Videogame	1560268204355	1560268204362	OK	 
USER	Video Game DB	74	START	1560268204424	1560268204424
REQUEST	Video Game DB	74		Get All Videogames	1560268204424	1560268204435	OK	 
REQUEST	Video Game DB	24		Get Specific Videogame	1560268204454	1560268204463	OK	 
USER	Video Game DB	75	START	1560268204524	1560268204524
REQUEST	Video Game DB	75		Get All Videogames	1560268204524	1560268204534	OK	 
REQUEST	Video Game DB	25		Get Specific Videogame	1560268204555	1560268204562	OK	 
USER	Video Game DB	76	START	1560268204624	1560268204624
REQUEST	Video Game DB	76		Get All Videogames	1560268204624	1560268204634	OK	 
REQUEST	Video Game DB	26		Get Specific Videogame	1560268204655	1560268204666	OK	 
USER	Video Game DB	77	START	1560268204724	1560268204724
REQUEST	Video Game DB	77		Get All Videogames	1560268204724	1560268204738	OK	 
REQUEST	Video Game DB	27		Get Specific Videogame	1560268204754	1560268204762	OK	 
USER	Video Game DB	78	START	1560268204824	1560268204824
REQUEST	Video Game DB	78		Get All Videogames	1560268204824	1560268204834	OK	 
REQUEST	Video Game DB	28		Get Specific Videogame	1560268204854	1560268204862	OK	 
USER	Video Game DB	79	START	1560268204924	1560268204924
REQUEST	Video Game DB	79		Get All Videogames	1560268204924	1560268204935	OK	 
REQUEST	Video Game DB	29		Get Specific Videogame	1560268204954	1560268204964	OK	 
USER	Video Game DB	80	START	1560268205024	1560268205024
REQUEST	Video Game DB	80		Get All Videogames	1560268205024	1560268205035	OK	 
REQUEST	Video Game DB	30		Get Specific Videogame	1560268205054	1560268205064	OK	 
USER	Video Game DB	81	START	1560268205123	1560268205123
REQUEST	Video Game DB	81		Get All Videogames	1560268205124	1560268205136	OK	 
REQUEST	Video Game DB	31		Get Specific Videogame	1560268205154	1560268205161	OK	 
USER	Video Game DB	82	START	1560268205224	1560268205224
REQUEST	Video Game DB	82		Get All Videogames	1560268205224	1560268205234	OK	 
REQUEST	Video Game DB	32		Get Specific Videogame	1560268205254	1560268205263	OK	 
USER	Video Game DB	83	START	1560268205324	1560268205324
REQUEST	Video Game DB	83		Get All Videogames	1560268205325	1560268205335	OK	 
REQUEST	Video Game DB	33		Get Specific Videogame	1560268205354	1560268205362	OK	 
USER	Video Game DB	84	START	1560268205424	1560268205424
REQUEST	Video Game DB	84		Get All Videogames	1560268205425	1560268205435	OK	 
REQUEST	Video Game DB	34		Get Specific Videogame	1560268205454	1560268205461	OK	 
USER	Video Game DB	85	START	1560268205524	1560268205524
REQUEST	Video Game DB	85		Get All Videogames	1560268205524	1560268205535	OK	 
REQUEST	Video Game DB	35		Get Specific Videogame	1560268205555	1560268205564	OK	 
USER	Video Game DB	86	START	1560268205624	1560268205624
REQUEST	Video Game DB	86		Get All Videogames	1560268205624	1560268205635	OK	 
REQUEST	Video Game DB	36		Get Specific Videogame	1560268205655	1560268205667	OK	 
USER	Video Game DB	87	START	1560268205724	1560268205724
REQUEST	Video Game DB	87		Get All Videogames	1560268205724	1560268205735	OK	 
REQUEST	Video Game DB	37		Get Specific Videogame	1560268205754	1560268205762	OK	 
USER	Video Game DB	88	START	1560268205824	1560268205824
REQUEST	Video Game DB	88		Get All Videogames	1560268205824	1560268205838	OK	 
REQUEST	Video Game DB	38		Get Specific Videogame	1560268205854	1560268205865	OK	 
USER	Video Game DB	89	START	1560268205923	1560268205923
REQUEST	Video Game DB	89		Get All Videogames	1560268205924	1560268205935	OK	 
REQUEST	Video Game DB	39		Get Specific Videogame	1560268205955	1560268205964	OK	 
USER	Video Game DB	90	START	1560268206024	1560268206024
REQUEST	Video Game DB	90		Get All Videogames	1560268206025	1560268206034	OK	 
REQUEST	Video Game DB	40		Get Specific Videogame	1560268206054	1560268206060	OK	 
USER	Video Game DB	91	START	1560268206124	1560268206124
REQUEST	Video Game DB	91		Get All Videogames	1560268206124	1560268206135	OK	 
REQUEST	Video Game DB	41		Get Specific Videogame	1560268206154	1560268206161	OK	 
USER	Video Game DB	92	START	1560268206224	1560268206224
REQUEST	Video Game DB	92		Get All Videogames	1560268206224	1560268206233	OK	 
REQUEST	Video Game DB	42		Get Specific Videogame	1560268206254	1560268206261	OK	 
USER	Video Game DB	93	START	1560268206324	1560268206324
REQUEST	Video Game DB	93		Get All Videogames	1560268206325	1560268206336	OK	 
REQUEST	Video Game DB	43		Get Specific Videogame	1560268206354	1560268206363	OK	 
USER	Video Game DB	94	START	1560268206424	1560268206424
REQUEST	Video Game DB	94		Get All Videogames	1560268206425	1560268206440	OK	 
REQUEST	Video Game DB	44		Get Specific Videogame	1560268206454	1560268206461	OK	 
USER	Video Game DB	95	START	1560268206524	1560268206524
REQUEST	Video Game DB	95		Get All Videogames	1560268206525	1560268206535	OK	 
REQUEST	Video Game DB	45		Get Specific Videogame	1560268206554	1560268206561	OK	 
USER	Video Game DB	96	START	1560268206624	1560268206624
REQUEST	Video Game DB	96		Get All Videogames	1560268206625	1560268206637	OK	 
REQUEST	Video Game DB	46		Get Specific Videogame	1560268206654	1560268206660	OK	 
USER	Video Game DB	97	START	1560268206724	1560268206724
REQUEST	Video Game DB	97		Get All Videogames	1560268206725	1560268206734	OK	 
USER	Video Game DB	98	START	1560268206824	1560268206824
REQUEST	Video Game DB	47		Get Specific Videogame	1560268206754	1560268206842	OK	 
REQUEST	Video Game DB	98		Get All Videogames	1560268206824	1560268206848	OK	 
REQUEST	Video Game DB	48		Get Specific Videogame	1560268206854	1560268206860	OK	 
USER	Video Game DB	99	START	1560268206924	1560268206924
REQUEST	Video Game DB	99		Get All Videogames	1560268206925	1560268206934	OK	 
REQUEST	Video Game DB	49		Get Specific Videogame	1560268206954	1560268206961	OK	 
USER	Video Game DB	100	START	1560268207024	1560268207024
REQUEST	Video Game DB	100		Get All Videogames	1560268207025	1560268207036	OK	 
REQUEST	Video Game DB	50		Get Specific Videogame	1560268207054	1560268207061	OK	 
REQUEST	Video Game DB	51		Get Specific Videogame	1560268207155	1560268207162	OK	 
REQUEST	Video Game DB	1		Get All Videogames	1560268207234	1560268207243	OK	 
USER	Video Game DB	1	END	1560268197125	1560268207247
REQUEST	Video Game DB	52		Get Specific Videogame	1560268207254	1560268207261	OK	 
REQUEST	Video Game DB	2		Get All Videogames	1560268207264	1560268207273	OK	 
USER	Video Game DB	2	END	1560268197224	1560268207274
REQUEST	Video Game DB	53		Get Specific Videogame	1560268207354	1560268207362	OK	 
REQUEST	Video Game DB	3		Get All Videogames	1560268207375	1560268207384	OK	 
USER	Video Game DB	3	END	1560268197324	1560268207386
REQUEST	Video Game DB	54		Get Specific Videogame	1560268207454	1560268207461	OK	 
REQUEST	Video Game DB	4		Get All Videogames	1560268207464	1560268207473	OK	 
USER	Video Game DB	4	END	1560268197424	1560268207475
REQUEST	Video Game DB	55		Get Specific Videogame	1560268207554	1560268207561	OK	 
REQUEST	Video Game DB	5		Get All Videogames	1560268207574	1560268207582	OK	 
USER	Video Game DB	5	END	1560268197523	1560268207584
REQUEST	Video Game DB	56		Get Specific Videogame	1560268207654	1560268207662	OK	 
REQUEST	Video Game DB	6		Get All Videogames	1560268207685	1560268207694	OK	 
USER	Video Game DB	6	END	1560268197624	1560268207695
REQUEST	Video Game DB	57		Get Specific Videogame	1560268207754	1560268207761	OK	 
REQUEST	Video Game DB	7		Get All Videogames	1560268207775	1560268207784	OK	 
USER	Video Game DB	7	END	1560268197724	1560268207786
REQUEST	Video Game DB	58		Get Specific Videogame	1560268207854	1560268207861	OK	 
REQUEST	Video Game DB	8		Get All Videogames	1560268207874	1560268207881	OK	 
USER	Video Game DB	8	END	1560268197824	1560268207882
REQUEST	Video Game DB	59		Get Specific Videogame	1560268207955	1560268207961	OK	 
REQUEST	Video Game DB	9		Get All Videogames	1560268207964	1560268207972	OK	 
USER	Video Game DB	9	END	1560268197924	1560268207973
REQUEST	Video Game DB	60		Get Specific Videogame	1560268208055	1560268208063	OK	 
REQUEST	Video Game DB	10		Get All Videogames	1560268208074	1560268208081	OK	 
USER	Video Game DB	10	END	1560268198024	1560268208082
REQUEST	Video Game DB	61		Get Specific Videogame	1560268208154	1560268208163	OK	 
REQUEST	Video Game DB	11		Get All Videogames	1560268208174	1560268208182	OK	 
USER	Video Game DB	11	END	1560268198124	1560268208184
REQUEST	Video Game DB	62		Get Specific Videogame	1560268208255	1560268208261	OK	 
REQUEST	Video Game DB	12		Get All Videogames	1560268208334	1560268208342	OK	 
USER	Video Game DB	12	END	1560268198224	1560268208343
REQUEST	Video Game DB	63		Get Specific Videogame	1560268208354	1560268208363	OK	 
REQUEST	Video Game DB	13		Get All Videogames	1560268208365	1560268208371	OK	 
USER	Video Game DB	13	END	1560268198324	1560268208372
REQUEST	Video Game DB	64		Get Specific Videogame	1560268208454	1560268208463	OK	 
REQUEST	Video Game DB	14		Get All Videogames	1560268208474	1560268208480	OK	 
USER	Video Game DB	14	END	1560268198424	1560268208481
REQUEST	Video Game DB	65		Get Specific Videogame	1560268208544	1560268208553	OK	 
REQUEST	Video Game DB	15		Get All Videogames	1560268208564	1560268208576	OK	 
USER	Video Game DB	15	END	1560268198524	1560268208577
REQUEST	Video Game DB	66		Get Specific Videogame	1560268208654	1560268208663	OK	 
REQUEST	Video Game DB	16		Get All Videogames	1560268208674	1560268208681	OK	 
USER	Video Game DB	16	END	1560268198624	1560268208682
REQUEST	Video Game DB	67		Get Specific Videogame	1560268208754	1560268208762	OK	 
REQUEST	Video Game DB	17		Get All Videogames	1560268208774	1560268208781	OK	 
USER	Video Game DB	17	END	1560268198724	1560268208782
REQUEST	Video Game DB	68		Get Specific Videogame	1560268208854	1560268208861	OK	 
REQUEST	Video Game DB	18		Get All Videogames	1560268208874	1560268208881	OK	 
USER	Video Game DB	18	END	1560268198824	1560268208882
REQUEST	Video Game DB	69		Get Specific Videogame	1560268208954	1560268208962	OK	 
REQUEST	Video Game DB	19		Get All Videogames	1560268208974	1560268208982	OK	 
USER	Video Game DB	19	END	1560268198924	1560268208984
REQUEST	Video Game DB	70		Get Specific Videogame	1560268209054	1560268209062	OK	 
REQUEST	Video Game DB	20		Get All Videogames	1560268209084	1560268209094	OK	 
USER	Video Game DB	20	END	1560268199024	1560268209095
REQUEST	Video Game DB	71		Get Specific Videogame	1560268209155	1560268209162	OK	 
REQUEST	Video Game DB	21		Get All Videogames	1560268209174	1560268209182	OK	 
USER	Video Game DB	21	END	1560268199124	1560268209183
REQUEST	Video Game DB	72		Get Specific Videogame	1560268209255	1560268209264	OK	 
REQUEST	Video Game DB	22		Get All Videogames	1560268209264	1560268209270	OK	 
USER	Video Game DB	22	END	1560268199223	1560268209271
REQUEST	Video Game DB	73		Get Specific Videogame	1560268209355	1560268209363	OK	 
REQUEST	Video Game DB	23		Get All Videogames	1560268209374	1560268209382	OK	 
USER	Video Game DB	23	END	1560268199323	1560268209383
REQUEST	Video Game DB	74		Get Specific Videogame	1560268209454	1560268209464	OK	 
REQUEST	Video Game DB	24		Get All Videogames	1560268209474	1560268209482	OK	 
USER	Video Game DB	24	END	1560268199424	1560268209483
REQUEST	Video Game DB	75		Get Specific Videogame	1560268209554	1560268209563	OK	 
REQUEST	Video Game DB	25		Get All Videogames	1560268209574	1560268209585	OK	 
USER	Video Game DB	25	END	1560268199524	1560268209587
REQUEST	Video Game DB	76		Get Specific Videogame	1560268209654	1560268209661	OK	 
REQUEST	Video Game DB	26		Get All Videogames	1560268209674	1560268209681	OK	 
USER	Video Game DB	26	END	1560268199624	1560268209683
REQUEST	Video Game DB	77		Get Specific Videogame	1560268209754	1560268209761	OK	 
REQUEST	Video Game DB	27		Get All Videogames	1560268209764	1560268209771	OK	 
USER	Video Game DB	27	END	1560268199724	1560268209773
REQUEST	Video Game DB	78		Get Specific Videogame	1560268209854	1560268209861	OK	 
REQUEST	Video Game DB	28		Get All Videogames	1560268209865	1560268209874	OK	 
USER	Video Game DB	28	END	1560268199824	1560268209875
REQUEST	Video Game DB	79		Get Specific Videogame	1560268209954	1560268209961	OK	 
REQUEST	Video Game DB	29		Get All Videogames	1560268209974	1560268209984	OK	 
USER	Video Game DB	29	END	1560268199924	1560268209985
REQUEST	Video Game DB	80		Get Specific Videogame	1560268210054	1560268210062	OK	 
REQUEST	Video Game DB	30		Get All Videogames	1560268210074	1560268210084	OK	 
USER	Video Game DB	30	END	1560268200024	1560268210085
REQUEST	Video Game DB	31		Get All Videogames	1560268210155	1560268210167	OK	 
USER	Video Game DB	31	END	1560268200124	1560268210168
REQUEST	Video Game DB	81		Get Specific Videogame	1560268210155	1560268210170	OK	 
REQUEST	Video Game DB	82		Get Specific Videogame	1560268210254	1560268210261	OK	 
REQUEST	Video Game DB	32		Get All Videogames	1560268210274	1560268210283	OK	 
USER	Video Game DB	32	END	1560268200224	1560268210284
REQUEST	Video Game DB	83		Get Specific Videogame	1560268210355	1560268210362	OK	 
REQUEST	Video Game DB	33		Get All Videogames	1560268210364	1560268210372	OK	 
USER	Video Game DB	33	END	1560268200324	1560268210373
REQUEST	Video Game DB	84		Get Specific Videogame	1560268210454	1560268210461	OK	 
REQUEST	Video Game DB	34		Get All Videogames	1560268210464	1560268210474	OK	 
USER	Video Game DB	34	END	1560268200424	1560268210475
REQUEST	Video Game DB	85		Get Specific Videogame	1560268210554	1560268210561	OK	 
REQUEST	Video Game DB	35		Get All Videogames	1560268210574	1560268210582	OK	 
USER	Video Game DB	35	END	1560268200524	1560268210582
REQUEST	Video Game DB	86		Get Specific Videogame	1560268210655	1560268210662	OK	 
REQUEST	Video Game DB	36		Get All Videogames	1560268210674	1560268210682	OK	 
USER	Video Game DB	36	END	1560268200623	1560268210683
REQUEST	Video Game DB	87		Get Specific Videogame	1560268210755	1560268210761	OK	 
REQUEST	Video Game DB	37		Get All Videogames	1560268210764	1560268210771	OK	 
USER	Video Game DB	37	END	1560268200724	1560268210772
REQUEST	Video Game DB	88		Get Specific Videogame	1560268210854	1560268210860	OK	 
REQUEST	Video Game DB	38		Get All Videogames	1560268210874	1560268210880	OK	 
USER	Video Game DB	38	END	1560268200824	1560268210881
REQUEST	Video Game DB	89		Get Specific Videogame	1560268210954	1560268210960	OK	 
REQUEST	Video Game DB	39		Get All Videogames	1560268210974	1560268210985	OK	 
USER	Video Game DB	39	END	1560268200924	1560268210986
REQUEST	Video Game DB	90		Get Specific Videogame	1560268211054	1560268211061	OK	 
REQUEST	Video Game DB	40		Get All Videogames	1560268211064	1560268211071	OK	 
USER	Video Game DB	40	END	1560268201024	1560268211072
REQUEST	Video Game DB	91		Get Specific Videogame	1560268211154	1560268211164	OK	 
REQUEST	Video Game DB	41		Get All Videogames	1560268211164	1560268211171	OK	 
USER	Video Game DB	41	END	1560268201124	1560268211172
REQUEST	Video Game DB	92		Get Specific Videogame	1560268211244	1560268211251	OK	 
REQUEST	Video Game DB	42		Get All Videogames	1560268211264	1560268211272	OK	 
USER	Video Game DB	42	END	1560268201224	1560268211273
REQUEST	Video Game DB	93		Get Specific Videogame	1560268211354	1560268211360	OK	 
REQUEST	Video Game DB	43		Get All Videogames	1560268211374	1560268211381	OK	 
USER	Video Game DB	43	END	1560268201324	1560268211382
REQUEST	Video Game DB	94		Get Specific Videogame	1560268211454	1560268211462	OK	 
REQUEST	Video Game DB	44		Get All Videogames	1560268211464	1560268211472	OK	 
USER	Video Game DB	44	END	1560268201424	1560268211473
REQUEST	Video Game DB	95		Get Specific Videogame	1560268211554	1560268211562	OK	 
REQUEST	Video Game DB	45		Get All Videogames	1560268211564	1560268211572	OK	 
USER	Video Game DB	45	END	1560268201524	1560268211573
REQUEST	Video Game DB	96		Get Specific Videogame	1560268211655	1560268211662	OK	 
REQUEST	Video Game DB	46		Get All Videogames	1560268211664	1560268211672	OK	 
USER	Video Game DB	46	END	1560268201624	1560268211673
REQUEST	Video Game DB	97		Get Specific Videogame	1560268211755	1560268211764	OK	 
REQUEST	Video Game DB	47		Get All Videogames	1560268211844	1560268211854	OK	 
USER	Video Game DB	47	END	1560268201724	1560268211855
REQUEST	Video Game DB	98		Get Specific Videogame	1560268211864	1560268211872	OK	 
REQUEST	Video Game DB	48		Get All Videogames	1560268211864	1560268211876	OK	 
USER	Video Game DB	48	END	1560268201824	1560268211877
REQUEST	Video Game DB	99		Get Specific Videogame	1560268211954	1560268211962	OK	 
REQUEST	Video Game DB	49		Get All Videogames	1560268211964	1560268211974	OK	 
USER	Video Game DB	49	END	1560268201923	1560268211975
REQUEST	Video Game DB	100		Get Specific Videogame	1560268212054	1560268212061	OK	 
REQUEST	Video Game DB	50		Get All Videogames	1560268212064	1560268212072	OK	 
USER	Video Game DB	50	END	1560268202024	1560268212073
REQUEST	Video Game DB	51		Get All Videogames	1560268212174	1560268212184	OK	 
USER	Video Game DB	51	END	1560268202124	1560268212185
REQUEST	Video Game DB	52		Get All Videogames	1560268212265	1560268212274	OK	 
USER	Video Game DB	52	END	1560268202223	1560268212276
REQUEST	Video Game DB	53		Get All Videogames	1560268212364	1560268212372	OK	 
USER	Video Game DB	53	END	1560268202324	1560268212373
REQUEST	Video Game DB	54		Get All Videogames	1560268212454	1560268212463	OK	 
USER	Video Game DB	54	END	1560268202424	1560268212464
REQUEST	Video Game DB	55		Get All Videogames	1560268212564	1560268212572	OK	 
USER	Video Game DB	55	END	1560268202524	1560268212573
REQUEST	Video Game DB	56		Get All Videogames	1560268212665	1560268212671	OK	 
USER	Video Game DB	56	END	1560268202624	1560268212673
REQUEST	Video Game DB	57		Get All Videogames	1560268212754	1560268212763	OK	 
USER	Video Game DB	57	END	1560268202724	1560268212764
REQUEST	Video Game DB	58		Get All Videogames	1560268212864	1560268212873	OK	 
USER	Video Game DB	58	END	1560268202823	1560268212874
REQUEST	Video Game DB	59		Get All Videogames	1560268212964	1560268212971	OK	 
USER	Video Game DB	59	END	1560268202924	1560268212973
REQUEST	Video Game DB	60		Get All Videogames	1560268213065	1560268213072	OK	 
USER	Video Game DB	60	END	1560268203024	1560268213073
REQUEST	Video Game DB	61		Get All Videogames	1560268213174	1560268213180	OK	 
USER	Video Game DB	61	END	1560268203124	1560268213181
REQUEST	Video Game DB	62		Get All Videogames	1560268213254	1560268213262	OK	 
USER	Video Game DB	62	END	1560268203224	1560268213263
REQUEST	Video Game DB	63		Get All Videogames	1560268213364	1560268213371	OK	 
USER	Video Game DB	63	END	1560268203324	1560268213372
REQUEST	Video Game DB	64		Get All Videogames	1560268213464	1560268213471	OK	 
USER	Video Game DB	64	END	1560268203424	1560268213472
REQUEST	Video Game DB	65		Get All Videogames	1560268213554	1560268213561	OK	 
USER	Video Game DB	65	END	1560268203523	1560268213562
REQUEST	Video Game DB	66		Get All Videogames	1560268213654	1560268213661	OK	 
USER	Video Game DB	66	END	1560268203623	1560268213662
REQUEST	Video Game DB	67		Get All Videogames	1560268213754	1560268213763	OK	 
USER	Video Game DB	67	END	1560268203723	1560268213764
REQUEST	Video Game DB	68		Get All Videogames	1560268213854	1560268213862	OK	 
USER	Video Game DB	68	END	1560268203824	1560268213863
REQUEST	Video Game DB	69		Get All Videogames	1560268213964	1560268213973	OK	 
USER	Video Game DB	69	END	1560268203924	1560268213974
REQUEST	Video Game DB	70		Get All Videogames	1560268214065	1560268214073	OK	 
USER	Video Game DB	70	END	1560268204024	1560268214074
REQUEST	Video Game DB	71		Get All Videogames	1560268214165	1560268214171	OK	 
USER	Video Game DB	71	END	1560268204123	1560268214172
REQUEST	Video Game DB	72		Get All Videogames	1560268214274	1560268214281	OK	 
USER	Video Game DB	72	END	1560268204224	1560268214282
REQUEST	Video Game DB	73		Get All Videogames	1560268214374	1560268214381	OK	 
USER	Video Game DB	73	END	1560268204323	1560268214382
REQUEST	Video Game DB	74		Get All Videogames	1560268214464	1560268214470	OK	 
USER	Video Game DB	74	END	1560268204424	1560268214471
REQUEST	Video Game DB	75		Get All Videogames	1560268214554	1560268214560	OK	 
USER	Video Game DB	75	END	1560268204524	1560268214561
REQUEST	Video Game DB	76		Get All Videogames	1560268214655	1560268214663	OK	 
USER	Video Game DB	76	END	1560268204624	1560268214664
REQUEST	Video Game DB	77		Get All Videogames	1560268214764	1560268214772	OK	 
USER	Video Game DB	77	END	1560268204724	1560268214773
REQUEST	Video Game DB	78		Get All Videogames	1560268214854	1560268214862	OK	 
USER	Video Game DB	78	END	1560268204824	1560268214863
REQUEST	Video Game DB	79		Get All Videogames	1560268214954	1560268214962	OK	 
USER	Video Game DB	79	END	1560268204924	1560268214963
REQUEST	Video Game DB	80		Get All Videogames	1560268215064	1560268215070	OK	 
USER	Video Game DB	80	END	1560268205024	1560268215071
REQUEST	Video Game DB	81		Get All Videogames	1560268215174	1560268215181	OK	 
USER	Video Game DB	81	END	1560268205123	1560268215182
REQUEST	Video Game DB	82		Get All Videogames	1560268215254	1560268215260	OK	 
USER	Video Game DB	82	END	1560268205224	1560268215261
REQUEST	Video Game DB	83		Get All Videogames	1560268215364	1560268215385	OK	 
USER	Video Game DB	83	END	1560268205324	1560268215387
REQUEST	Video Game DB	84		Get All Videogames	1560268215454	1560268215462	OK	 
USER	Video Game DB	84	END	1560268205424	1560268215463
REQUEST	Video Game DB	85		Get All Videogames	1560268215564	1560268215571	OK	 
USER	Video Game DB	85	END	1560268205524	1560268215572
REQUEST	Video Game DB	86		Get All Videogames	1560268215654	1560268215662	OK	 
USER	Video Game DB	86	END	1560268205624	1560268215663
REQUEST	Video Game DB	87		Get All Videogames	1560268215764	1560268215771	OK	 
USER	Video Game DB	87	END	1560268205724	1560268215772
REQUEST	Video Game DB	88		Get All Videogames	1560268215864	1560268215870	OK	 
USER	Video Game DB	88	END	1560268205824	1560268215871
REQUEST	Video Game DB	89		Get All Videogames	1560268215954	1560268215961	OK	 
USER	Video Game DB	89	END	1560268205923	1560268215962
REQUEST	Video Game DB	90		Get All Videogames	1560268216054	1560268216061	OK	 
USER	Video Game DB	90	END	1560268206024	1560268216062
REQUEST	Video Game DB	91		Get All Videogames	1560268216164	1560268216172	OK	 
USER	Video Game DB	91	END	1560268206124	1560268216173
REQUEST	Video Game DB	92		Get All Videogames	1560268216254	1560268216260	OK	 
USER	Video Game DB	92	END	1560268206224	1560268216261
REQUEST	Video Game DB	93		Get All Videogames	1560268216364	1560268216370	OK	 
USER	Video Game DB	93	END	1560268206324	1560268216371
REQUEST	Video Game DB	94		Get All Videogames	1560268216464	1560268216470	OK	 
USER	Video Game DB	94	END	1560268206424	1560268216471
REQUEST	Video Game DB	95		Get All Videogames	1560268216554	1560268216563	OK	 
USER	Video Game DB	95	END	1560268206524	1560268216564
REQUEST	Video Game DB	96		Get All Videogames	1560268216665	1560268216672	OK	 
USER	Video Game DB	96	END	1560268206624	1560268216673
REQUEST	Video Game DB	97		Get All Videogames	1560268216765	1560268216772	OK	 
USER	Video Game DB	97	END	1560268206724	1560268216773
REQUEST	Video Game DB	98		Get All Videogames	1560268216884	1560268216891	OK	 
USER	Video Game DB	98	END	1560268206824	1560268216892
REQUEST	Video Game DB	99		Get All Videogames	1560268216954	1560268216960	OK	 
USER	Video Game DB	99	END	1560268206924	1560268216960
REQUEST	Video Game DB	100		Get All Videogames	1560268217064	1560268217071	OK	 
USER	Video Game DB	100	END	1560268207024	1560268217072
