RUN	simulations.RampUsersLoadSimulation		rampusersloadsimulation	1560273761264	 	2.0
USER	Video Game DB	1	START	1560273767689	1560273767689
REQUEST	Video Game DB	1		Get All Videogames	1560273767710	1560273767748	OK	 
USER	Video Game DB	2	START	1560273768688	1560273768688
REQUEST	Video Game DB	2		Get All Videogames	1560273768688	1560273768700	OK	 
USER	Video Game DB	3	START	1560273769688	1560273769688
REQUEST	Video Game DB	3		Get All Videogames	1560273769688	1560273769707	OK	 
USER	Video Game DB	4	START	1560273770687	1560273770687
REQUEST	Video Game DB	4		Get All Videogames	1560273770688	1560273770705	OK	 
USER	Video Game DB	5	START	1560273771187	1560273771187
REQUEST	Video Game DB	5		Get All Videogames	1560273771188	1560273771205	OK	 
USER	Video Game DB	6	START	1560273771687	1560273771687
REQUEST	Video Game DB	6		Get All Videogames	1560273771688	1560273771701	OK	 
USER	Video Game DB	7	START	1560273772187	1560273772187
REQUEST	Video Game DB	7		Get All Videogames	1560273772188	1560273772203	OK	 
USER	Video Game DB	8	START	1560273772687	1560273772687
REQUEST	Video Game DB	8		Get All Videogames	1560273772688	1560273772704	OK	 
REQUEST	Video Game DB	1		Get Specific Videogame	1560273772768	1560273772795	OK	 
USER	Video Game DB	9	START	1560273773188	1560273773188
REQUEST	Video Game DB	9		Get All Videogames	1560273773188	1560273773204	OK	 
USER	Video Game DB	10	START	1560273773687	1560273773687
REQUEST	Video Game DB	10		Get All Videogames	1560273773688	1560273773705	OK	 
REQUEST	Video Game DB	2		Get Specific Videogame	1560273773718	1560273773728	OK	 
USER	Video Game DB	11	START	1560273774187	1560273774187
REQUEST	Video Game DB	11		Get All Videogames	1560273774187	1560273774199	OK	 
USER	Video Game DB	12	START	1560273774688	1560273774688
REQUEST	Video Game DB	3		Get Specific Videogame	1560273774728	1560273774748	OK	 
REQUEST	Video Game DB	12		Get All Videogames	1560273774688	1560273774750	OK	 
USER	Video Game DB	13	START	1560273775017	1560273775017
REQUEST	Video Game DB	13		Get All Videogames	1560273775018	1560273775033	OK	 
USER	Video Game DB	14	START	1560273775348	1560273775348
REQUEST	Video Game DB	14		Get All Videogames	1560273775348	1560273775363	OK	 
USER	Video Game DB	15	START	1560273775687	1560273775687
REQUEST	Video Game DB	15		Get All Videogames	1560273775688	1560273775705	OK	 
REQUEST	Video Game DB	4		Get Specific Videogame	1560273775728	1560273775736	OK	 
USER	Video Game DB	16	START	1560273776018	1560273776018
REQUEST	Video Game DB	16		Get All Videogames	1560273776019	1560273776033	OK	 
REQUEST	Video Game DB	5		Get Specific Videogame	1560273776218	1560273776227	OK	 
USER	Video Game DB	17	START	1560273776347	1560273776347
REQUEST	Video Game DB	17		Get All Videogames	1560273776348	1560273776363	OK	 
USER	Video Game DB	18	START	1560273776687	1560273776687
REQUEST	Video Game DB	18		Get All Videogames	1560273776688	1560273776704	OK	 
REQUEST	Video Game DB	6		Get Specific Videogame	1560273776719	1560273776728	OK	 
USER	Video Game DB	19	START	1560273777187	1560273777187
REQUEST	Video Game DB	19		Get All Videogames	1560273777187	1560273777196	OK	 
REQUEST	Video Game DB	7		Get Specific Videogame	1560273777217	1560273777225	OK	 
USER	Video Game DB	20	START	1560273777688	1560273777688
REQUEST	Video Game DB	20		Get All Videogames	1560273777688	1560273777700	OK	 
REQUEST	Video Game DB	8		Get Specific Videogame	1560273777718	1560273777733	OK	 
REQUEST	Video Game DB	1		Get All Videogames	1560273777788	1560273777802	OK	 
USER	Video Game DB	1	END	1560273767689	1560273777808
USER	Video Game DB	21	START	1560273777937	1560273777937
REQUEST	Video Game DB	21		Get All Videogames	1560273777938	1560273777951	OK	 
USER	Video Game DB	22	START	1560273778188	1560273778188
REQUEST	Video Game DB	22		Get All Videogames	1560273778188	1560273778199	OK	 
REQUEST	Video Game DB	9		Get Specific Videogame	1560273778218	1560273778228	OK	 
USER	Video Game DB	23	START	1560273778437	1560273778437
REQUEST	Video Game DB	23		Get All Videogames	1560273778438	1560273778449	OK	 
USER	Video Game DB	24	START	1560273778687	1560273778687
REQUEST	Video Game DB	24		Get All Videogames	1560273778687	1560273778696	OK	 
REQUEST	Video Game DB	10		Get Specific Videogame	1560273778717	1560273778725	OK	 
REQUEST	Video Game DB	2		Get All Videogames	1560273778727	1560273778734	OK	 
USER	Video Game DB	2	END	1560273768688	1560273778735
USER	Video Game DB	25	START	1560273779018	1560273779018
REQUEST	Video Game DB	25		Get All Videogames	1560273779018	1560273779031	OK	 
REQUEST	Video Game DB	11		Get Specific Videogame	1560273779218	1560273779226	OK	 
USER	Video Game DB	26	START	1560273779347	1560273779347
REQUEST	Video Game DB	26		Get All Videogames	1560273779348	1560273779362	OK	 
USER	Video Game DB	27	START	1560273779687	1560273779687
REQUEST	Video Game DB	27		Get All Videogames	1560273779687	1560273779699	OK	 
REQUEST	Video Game DB	3		Get All Videogames	1560273779747	1560273779755	OK	 
USER	Video Game DB	3	END	1560273769688	1560273779757
REQUEST	Video Game DB	12		Get Specific Videogame	1560273779768	1560273779776	OK	 
USER	Video Game DB	28	START	1560273780018	1560273780018
REQUEST	Video Game DB	28		Get All Videogames	1560273780018	1560273780030	OK	 
REQUEST	Video Game DB	13		Get Specific Videogame	1560273780048	1560273780056	OK	 
USER	Video Game DB	29	START	1560273780347	1560273780347
REQUEST	Video Game DB	29		Get All Videogames	1560273780347	1560273780357	OK	 
REQUEST	Video Game DB	14		Get Specific Videogame	1560273780378	1560273780387	OK	 
USER	Video Game DB	30	START	1560273780687	1560273780687
REQUEST	Video Game DB	30		Get All Videogames	1560273780688	1560273780698	OK	 
REQUEST	Video Game DB	15		Get Specific Videogame	1560273780718	1560273780727	OK	 
REQUEST	Video Game DB	4		Get All Videogames	1560273780737	1560273780745	OK	 
USER	Video Game DB	4	END	1560273770687	1560273780747
USER	Video Game DB	31	START	1560273780937	1560273780937
REQUEST	Video Game DB	31		Get All Videogames	1560273780938	1560273780952	OK	 
REQUEST	Video Game DB	16		Get Specific Videogame	1560273781048	1560273781057	OK	 
USER	Video Game DB	32	START	1560273781187	1560273781187
REQUEST	Video Game DB	32		Get All Videogames	1560273781187	1560273781247	OK	 
REQUEST	Video Game DB	5		Get All Videogames	1560273781238	1560273781247	OK	 
USER	Video Game DB	5	END	1560273771187	1560273781248
REQUEST	Video Game DB	17		Get Specific Videogame	1560273781378	1560273781386	OK	 
USER	Video Game DB	33	START	1560273781438	1560273781438
REQUEST	Video Game DB	33		Get All Videogames	1560273781438	1560273781451	OK	 
USER	Video Game DB	34	START	1560273781688	1560273781688
REQUEST	Video Game DB	34		Get All Videogames	1560273781688	1560273781699	OK	 
REQUEST	Video Game DB	18		Get Specific Videogame	1560273781718	1560273781725	OK	 
REQUEST	Video Game DB	6		Get All Videogames	1560273781738	1560273781747	OK	 
USER	Video Game DB	6	END	1560273771687	1560273781749
USER	Video Game DB	35	START	1560273781937	1560273781937
REQUEST	Video Game DB	35		Get All Videogames	1560273781938	1560273781950	OK	 
USER	Video Game DB	36	START	1560273782187	1560273782187
REQUEST	Video Game DB	36		Get All Videogames	1560273782188	1560273782199	OK	 
REQUEST	Video Game DB	19		Get Specific Videogame	1560273782208	1560273782217	OK	 
REQUEST	Video Game DB	7		Get All Videogames	1560273782227	1560273782234	OK	 
USER	Video Game DB	7	END	1560273772187	1560273782235
USER	Video Game DB	37	START	1560273782437	1560273782437
REQUEST	Video Game DB	37		Get All Videogames	1560273782438	1560273782449	OK	 
USER	Video Game DB	38	START	1560273782687	1560273782687
REQUEST	Video Game DB	38		Get All Videogames	1560273782688	1560273782699	OK	 
REQUEST	Video Game DB	20		Get Specific Videogame	1560273782719	1560273782727	OK	 
REQUEST	Video Game DB	8		Get All Videogames	1560273782738	1560273782744	OK	 
USER	Video Game DB	8	END	1560273772687	1560273782747
USER	Video Game DB	39	START	1560273782937	1560273782937
REQUEST	Video Game DB	39		Get All Videogames	1560273782938	1560273782950	OK	 
REQUEST	Video Game DB	21		Get Specific Videogame	1560273782968	1560273782978	OK	 
USER	Video Game DB	40	START	1560273783187	1560273783187
REQUEST	Video Game DB	40		Get All Videogames	1560273783187	1560273783200	OK	 
REQUEST	Video Game DB	22		Get Specific Videogame	1560273783218	1560273783225	OK	 
REQUEST	Video Game DB	9		Get All Videogames	1560273783238	1560273783247	OK	 
USER	Video Game DB	9	END	1560273773188	1560273783248
USER	Video Game DB	41	START	1560273783437	1560273783437
REQUEST	Video Game DB	41		Get All Videogames	1560273783438	1560273783449	OK	 
REQUEST	Video Game DB	23		Get Specific Videogame	1560273783468	1560273783477	OK	 
USER	Video Game DB	42	START	1560273783687	1560273783687
REQUEST	Video Game DB	42		Get All Videogames	1560273783688	1560273783698	OK	 
REQUEST	Video Game DB	24		Get Specific Videogame	1560273783718	1560273783752	OK	 
REQUEST	Video Game DB	10		Get All Videogames	1560273783728	1560273783752	OK	 
USER	Video Game DB	10	END	1560273773687	1560273783754
USER	Video Game DB	43	START	1560273783938	1560273783938
REQUEST	Video Game DB	43		Get All Videogames	1560273783938	1560273783949	OK	 
REQUEST	Video Game DB	25		Get Specific Videogame	1560273784048	1560273784056	OK	 
USER	Video Game DB	44	START	1560273784188	1560273784188
REQUEST	Video Game DB	44		Get All Videogames	1560273784188	1560273784199	OK	 
REQUEST	Video Game DB	11		Get All Videogames	1560273784218	1560273784225	OK	 
USER	Video Game DB	11	END	1560273774187	1560273784227
REQUEST	Video Game DB	26		Get Specific Videogame	1560273784378	1560273784385	OK	 
USER	Video Game DB	45	START	1560273784438	1560273784438
REQUEST	Video Game DB	45		Get All Videogames	1560273784438	1560273784451	OK	 
USER	Video Game DB	46	START	1560273784688	1560273784688
REQUEST	Video Game DB	46		Get All Videogames	1560273784688	1560273784700	OK	 
REQUEST	Video Game DB	27		Get Specific Videogame	1560273784718	1560273784725	OK	 
REQUEST	Video Game DB	12		Get All Videogames	1560273784778	1560273784785	OK	 
USER	Video Game DB	12	END	1560273774688	1560273784787
USER	Video Game DB	47	START	1560273784888	1560273784888
REQUEST	Video Game DB	47		Get All Videogames	1560273784888	1560273784901	OK	 
REQUEST	Video Game DB	28		Get Specific Videogame	1560273785048	1560273785056	OK	 
REQUEST	Video Game DB	13		Get All Videogames	1560273785068	1560273785075	OK	 
USER	Video Game DB	13	END	1560273775017	1560273785076
USER	Video Game DB	48	START	1560273785088	1560273785088
REQUEST	Video Game DB	48		Get All Videogames	1560273785088	1560273785098	OK	 
USER	Video Game DB	49	START	1560273785288	1560273785288
REQUEST	Video Game DB	49		Get All Videogames	1560273785288	1560273785299	OK	 
REQUEST	Video Game DB	29		Get Specific Videogame	1560273785378	1560273785386	OK	 
REQUEST	Video Game DB	14		Get All Videogames	1560273785387	1560273785395	OK	 
USER	Video Game DB	14	END	1560273775348	1560273785397
USER	Video Game DB	50	START	1560273785487	1560273785487
REQUEST	Video Game DB	50		Get All Videogames	1560273785488	1560273785498	OK	 
USER	Video Game DB	51	START	1560273785687	1560273785687
REQUEST	Video Game DB	51		Get All Videogames	1560273785687	1560273785697	OK	 
REQUEST	Video Game DB	30		Get Specific Videogame	1560273785718	1560273785727	OK	 
REQUEST	Video Game DB	15		Get All Videogames	1560273785738	1560273785745	OK	 
USER	Video Game DB	15	END	1560273775687	1560273785746
USER	Video Game DB	52	START	1560273785888	1560273785888
REQUEST	Video Game DB	52		Get All Videogames	1560273785888	1560273785898	OK	 
REQUEST	Video Game DB	31		Get Specific Videogame	1560273785968	1560273785977	OK	 
REQUEST	Video Game DB	16		Get All Videogames	1560273786067	1560273786074	OK	 
USER	Video Game DB	16	END	1560273776018	1560273786076
USER	Video Game DB	53	START	1560273786088	1560273786088
REQUEST	Video Game DB	53		Get All Videogames	1560273786088	1560273786099	OK	 
REQUEST	Video Game DB	32		Get Specific Videogame	1560273786267	1560273786275	OK	 
USER	Video Game DB	54	START	1560273786288	1560273786288
REQUEST	Video Game DB	54		Get All Videogames	1560273786288	1560273786299	OK	 
REQUEST	Video Game DB	17		Get All Videogames	1560273786388	1560273786394	OK	 
USER	Video Game DB	17	END	1560273776347	1560273786394
REQUEST	Video Game DB	33		Get Specific Videogame	1560273786467	1560273786476	OK	 
USER	Video Game DB	55	START	1560273786488	1560273786488
REQUEST	Video Game DB	55		Get All Videogames	1560273786488	1560273786500	OK	 
USER	Video Game DB	56	START	1560273786688	1560273786688
REQUEST	Video Game DB	56		Get All Videogames	1560273786688	1560273786699	OK	 
REQUEST	Video Game DB	34		Get Specific Videogame	1560273786718	1560273786725	OK	 
REQUEST	Video Game DB	18		Get All Videogames	1560273786728	1560273786735	OK	 
USER	Video Game DB	18	END	1560273776687	1560273786737
USER	Video Game DB	57	START	1560273786888	1560273786888
REQUEST	Video Game DB	57		Get All Videogames	1560273786888	1560273786900	OK	 
REQUEST	Video Game DB	35		Get Specific Videogame	1560273786968	1560273786975	OK	 
USER	Video Game DB	58	START	1560273787088	1560273787088
REQUEST	Video Game DB	58		Get All Videogames	1560273787088	1560273787098	OK	 
REQUEST	Video Game DB	36		Get Specific Videogame	1560273787217	1560273787223	OK	 
REQUEST	Video Game DB	19		Get All Videogames	1560273787227	1560273787234	OK	 
USER	Video Game DB	19	END	1560273777187	1560273787235
USER	Video Game DB	59	START	1560273787287	1560273787287
REQUEST	Video Game DB	59		Get All Videogames	1560273787288	1560273787299	OK	 
REQUEST	Video Game DB	37		Get Specific Videogame	1560273787468	1560273787475	OK	 
USER	Video Game DB	60	START	1560273787487	1560273787487
REQUEST	Video Game DB	60		Get All Videogames	1560273787488	1560273787500	OK	 
REQUEST	Video Game DB	38		Get Specific Videogame	1560273787718	1560273787726	OK	 
REQUEST	Video Game DB	20		Get All Videogames	1560273787738	1560273787744	OK	 
USER	Video Game DB	20	END	1560273777688	1560273787745
REQUEST	Video Game DB	39		Get Specific Videogame	1560273787968	1560273787975	OK	 
REQUEST	Video Game DB	21		Get All Videogames	1560273787988	1560273787995	OK	 
USER	Video Game DB	21	END	1560273777937	1560273787997
REQUEST	Video Game DB	22		Get All Videogames	1560273788218	1560273788237	OK	 
USER	Video Game DB	22	END	1560273778188	1560273788238
REQUEST	Video Game DB	40		Get Specific Videogame	1560273788218	1560273788237	OK	 
REQUEST	Video Game DB	41		Get Specific Videogame	1560273788467	1560273788475	OK	 
REQUEST	Video Game DB	23		Get All Videogames	1560273788488	1560273788495	OK	 
USER	Video Game DB	23	END	1560273778437	1560273788497
REQUEST	Video Game DB	42		Get Specific Videogame	1560273788718	1560273788726	OK	 
REQUEST	Video Game DB	24		Get All Videogames	1560273788748	1560273788757	OK	 
USER	Video Game DB	24	END	1560273778687	1560273788759
REQUEST	Video Game DB	43		Get Specific Videogame	1560273788968	1560273788980	OK	 
REQUEST	Video Game DB	25		Get All Videogames	1560273789069	1560273789077	OK	 
USER	Video Game DB	25	END	1560273779018	1560273789079
REQUEST	Video Game DB	44		Get Specific Videogame	1560273789217	1560273789224	OK	 
REQUEST	Video Game DB	26		Get All Videogames	1560273789387	1560273789395	OK	 
USER	Video Game DB	26	END	1560273779347	1560273789397
REQUEST	Video Game DB	45		Get Specific Videogame	1560273789468	1560273789477	OK	 
REQUEST	Video Game DB	46		Get Specific Videogame	1560273789718	1560273789726	OK	 
REQUEST	Video Game DB	27		Get All Videogames	1560273789728	1560273789735	OK	 
USER	Video Game DB	27	END	1560273779687	1560273789737
REQUEST	Video Game DB	47		Get Specific Videogame	1560273789917	1560273789925	OK	 
REQUEST	Video Game DB	28		Get All Videogames	1560273790068	1560273790074	OK	 
USER	Video Game DB	28	END	1560273780018	1560273790076
REQUEST	Video Game DB	48		Get Specific Videogame	1560273790118	1560273790125	OK	 
REQUEST	Video Game DB	49		Get Specific Videogame	1560273790318	1560273790325	OK	 
REQUEST	Video Game DB	29		Get All Videogames	1560273790378	1560273790385	OK	 
USER	Video Game DB	29	END	1560273780347	1560273790387
REQUEST	Video Game DB	50		Get Specific Videogame	1560273790517	1560273790523	OK	 
REQUEST	Video Game DB	51		Get Specific Videogame	1560273790718	1560273790733	OK	 
REQUEST	Video Game DB	30		Get All Videogames	1560273790728	1560273790735	OK	 
USER	Video Game DB	30	END	1560273780687	1560273790737
REQUEST	Video Game DB	52		Get Specific Videogame	1560273790918	1560273790925	OK	 
REQUEST	Video Game DB	31		Get All Videogames	1560273790987	1560273790994	OK	 
USER	Video Game DB	31	END	1560273780937	1560273790995
REQUEST	Video Game DB	53		Get Specific Videogame	1560273791118	1560273791125	OK	 
REQUEST	Video Game DB	32		Get All Videogames	1560273791268	1560273791275	OK	 
USER	Video Game DB	32	END	1560273781187	1560273791276
REQUEST	Video Game DB	54		Get Specific Videogame	1560273791318	1560273791325	OK	 
REQUEST	Video Game DB	33		Get All Videogames	1560273791478	1560273791485	OK	 
USER	Video Game DB	33	END	1560273781438	1560273791487
REQUEST	Video Game DB	55		Get Specific Videogame	1560273791517	1560273791523	OK	 
REQUEST	Video Game DB	56		Get Specific Videogame	1560273791718	1560273791724	OK	 
REQUEST	Video Game DB	34		Get All Videogames	1560273791727	1560273791734	OK	 
USER	Video Game DB	34	END	1560273781688	1560273791735
REQUEST	Video Game DB	57		Get Specific Videogame	1560273791917	1560273791923	OK	 
REQUEST	Video Game DB	35		Get All Videogames	1560273791978	1560273791985	OK	 
USER	Video Game DB	35	END	1560273781937	1560273791987
REQUEST	Video Game DB	58		Get Specific Videogame	1560273792118	1560273792125	OK	 
REQUEST	Video Game DB	36		Get All Videogames	1560273792228	1560273792234	OK	 
USER	Video Game DB	36	END	1560273782187	1560273792236
REQUEST	Video Game DB	59		Get Specific Videogame	1560273792318	1560273792325	OK	 
REQUEST	Video Game DB	37		Get All Videogames	1560273792477	1560273792484	OK	 
USER	Video Game DB	37	END	1560273782437	1560273792485
REQUEST	Video Game DB	60		Get Specific Videogame	1560273792518	1560273792525	OK	 
REQUEST	Video Game DB	38		Get All Videogames	1560273792728	1560273792734	OK	 
USER	Video Game DB	38	END	1560273782687	1560273792736
REQUEST	Video Game DB	39		Get All Videogames	1560273792978	1560273792985	OK	 
USER	Video Game DB	39	END	1560273782937	1560273792986
REQUEST	Video Game DB	40		Get All Videogames	1560273793248	1560273793255	OK	 
USER	Video Game DB	40	END	1560273783187	1560273793256
REQUEST	Video Game DB	41		Get All Videogames	1560273793478	1560273793485	OK	 
USER	Video Game DB	41	END	1560273783437	1560273793486
REQUEST	Video Game DB	42		Get All Videogames	1560273793728	1560273793735	OK	 
USER	Video Game DB	42	END	1560273783687	1560273793737
REQUEST	Video Game DB	43		Get All Videogames	1560273793978	1560273793985	OK	 
USER	Video Game DB	43	END	1560273783938	1560273793987
REQUEST	Video Game DB	44		Get All Videogames	1560273794228	1560273794235	OK	 
USER	Video Game DB	44	END	1560273784188	1560273794236
REQUEST	Video Game DB	45		Get All Videogames	1560273794488	1560273794497	OK	 
USER	Video Game DB	45	END	1560273784438	1560273794498
REQUEST	Video Game DB	46		Get All Videogames	1560273794728	1560273794735	OK	 
USER	Video Game DB	46	END	1560273784688	1560273794736
REQUEST	Video Game DB	47		Get All Videogames	1560273794928	1560273794935	OK	 
USER	Video Game DB	47	END	1560273784888	1560273794936
REQUEST	Video Game DB	48		Get All Videogames	1560273795128	1560273795135	OK	 
USER	Video Game DB	48	END	1560273785088	1560273795136
REQUEST	Video Game DB	49		Get All Videogames	1560273795328	1560273795335	OK	 
USER	Video Game DB	49	END	1560273785288	1560273795337
REQUEST	Video Game DB	50		Get All Videogames	1560273795517	1560273795525	OK	 
USER	Video Game DB	50	END	1560273785487	1560273795526
REQUEST	Video Game DB	51		Get All Videogames	1560273795728	1560273795735	OK	 
USER	Video Game DB	51	END	1560273785687	1560273795736
REQUEST	Video Game DB	52		Get All Videogames	1560273795918	1560273795925	OK	 
USER	Video Game DB	52	END	1560273785888	1560273795926
REQUEST	Video Game DB	53		Get All Videogames	1560273796128	1560273796135	OK	 
USER	Video Game DB	53	END	1560273786088	1560273796136
REQUEST	Video Game DB	54		Get All Videogames	1560273796318	1560273796327	OK	 
USER	Video Game DB	54	END	1560273786288	1560273796328
REQUEST	Video Game DB	55		Get All Videogames	1560273796528	1560273796535	OK	 
USER	Video Game DB	55	END	1560273786488	1560273796536
REQUEST	Video Game DB	56		Get All Videogames	1560273796717	1560273796725	OK	 
USER	Video Game DB	56	END	1560273786688	1560273796726
REQUEST	Video Game DB	57		Get All Videogames	1560273796928	1560273796935	OK	 
USER	Video Game DB	57	END	1560273786888	1560273796936
REQUEST	Video Game DB	58		Get All Videogames	1560273797118	1560273797126	OK	 
USER	Video Game DB	58	END	1560273787088	1560273797127
REQUEST	Video Game DB	59		Get All Videogames	1560273797328	1560273797335	OK	 
USER	Video Game DB	59	END	1560273787287	1560273797336
REQUEST	Video Game DB	60		Get All Videogames	1560273797528	1560273797535	OK	 
USER	Video Game DB	60	END	1560273787487	1560273797536
