RUN	simulations.RunParallelScenarios		runparallelscenarios	1560287396939	 	2.0
USER	Video Game DB - Get All Video Games	1	START	1560287403300	1560287403300
REQUEST	Video Game DB - Get All Video Games	1		Get All Video Games	1560287403322	1560287403357	OK	 
USER	Video Game DB - Get All Video Games	2	START	1560287403798	1560287403798
REQUEST	Video Game DB - Get All Video Games	2		Get All Video Games	1560287403799	1560287403816	OK	 
USER	Video Game DB - Get All Video Games	3	START	1560287404299	1560287404299
REQUEST	Video Game DB - Get All Video Games	3		Get All Video Games	1560287404299	1560287404313	OK	 
USER	Video Game DB - Get All Video Games	4	START	1560287404799	1560287404799
REQUEST	Video Game DB - Get All Video Games	4		Get All Video Games	1560287404799	1560287404813	OK	 
USER	Video Game DB - Get All Video Games	5	START	1560287405299	1560287405299
REQUEST	Video Game DB - Get All Video Games	5		Get All Video Games	1560287405300	1560287405312	OK	 
REQUEST	Video Game DB - Get All Video Games	1		Get All Video Games	1560287405379	1560287405388	OK	 
USER	Video Game DB - Get All Video Games	6	START	1560287405799	1560287405799
REQUEST	Video Game DB - Get All Video Games	6		Get All Video Games	1560287405799	1560287405813	OK	 
REQUEST	Video Game DB - Get All Video Games	2		Get All Video Games	1560287405829	1560287405835	OK	 
USER	Video Game DB - Get All Video Games	7	START	1560287406299	1560287406299
REQUEST	Video Game DB - Get All Video Games	7		Get All Video Games	1560287406299	1560287406311	OK	 
REQUEST	Video Game DB - Get All Video Games	3		Get All Video Games	1560287406329	1560287406340	OK	 
USER	Video Game DB - Get All Video Games	8	START	1560287406798	1560287406798
REQUEST	Video Game DB - Get All Video Games	8		Get All Video Games	1560287406799	1560287406815	OK	 
REQUEST	Video Game DB - Get All Video Games	4		Get All Video Games	1560287406828	1560287406837	OK	 
USER	Video Game DB - Get All Video Games	9	START	1560287407299	1560287407299
REQUEST	Video Game DB - Get All Video Games	9		Get All Video Games	1560287407300	1560287407311	OK	 
REQUEST	Video Game DB - Get All Video Games	5		Get All Video Games	1560287407329	1560287407334	OK	 
REQUEST	Video Game DB - Get All Video Games	1		Get All Video Games	1560287407389	1560287407394	OK	 
USER	Video Game DB - Get All Video Games	10	START	1560287407798	1560287407798
REQUEST	Video Game DB - Get All Video Games	10		Get All Video Games	1560287407799	1560287407813	OK	 
REQUEST	Video Game DB - Get All Video Games	6		Get All Video Games	1560287407829	1560287407837	OK	 
REQUEST	Video Game DB - Get All Video Games	2		Get All Video Games	1560287407838	1560287407845	OK	 
USER	Video Game DB - Get Specific Video Game	12	START	1560287408298	1560287408298
USER	Video Game DB - Get All Video Games	11	START	1560287408298	1560287408298
REQUEST	Video Game DB - Get All Video Games	11		Get All Video Games	1560287408298	1560287408306	OK	 
REQUEST	Video Game DB - Get Specific Video Game	12		Get Specific Video Game	1560287408298	1560287408310	OK	 
REQUEST	Video Game DB - Get All Video Games	7		Get All Video Games	1560287408329	1560287408335	OK	 
REQUEST	Video Game DB - Get All Video Games	3		Get All Video Games	1560287408349	1560287408355	OK	 
USER	Video Game DB - Get All Video Games	13	START	1560287408798	1560287408798
REQUEST	Video Game DB - Get All Video Games	13		Get All Video Games	1560287408799	1560287408811	OK	 
REQUEST	Video Game DB - Get All Video Games	8		Get All Video Games	1560287408829	1560287408835	OK	 
REQUEST	Video Game DB - Get All Video Games	4		Get All Video Games	1560287408839	1560287408844	OK	 
USER	Video Game DB - Get All Video Games	14	START	1560287409298	1560287409298
REQUEST	Video Game DB - Get All Video Games	14		Get All Video Games	1560287409299	1560287409313	OK	 
REQUEST	Video Game DB - Get All Video Games	9		Get All Video Games	1560287409329	1560287409336	OK	 
REQUEST	Video Game DB - Get All Video Games	5		Get All Video Games	1560287409339	1560287409347	OK	 
REQUEST	Video Game DB - Get All Video Games	1		Get All Video Games	1560287409389	1560287409395	OK	 
USER	Video Game DB - Get All Video Games	15	START	1560287409798	1560287409798
REQUEST	Video Game DB - Get All Video Games	15		Get All Video Games	1560287409799	1560287409813	OK	 
REQUEST	Video Game DB - Get All Video Games	10		Get All Video Games	1560287409829	1560287409835	OK	 
REQUEST	Video Game DB - Get All Video Games	2		Get All Video Games	1560287409849	1560287409855	OK	 
REQUEST	Video Game DB - Get All Video Games	6		Get All Video Games	1560287409849	1560287409855	OK	 
USER	Video Game DB - Get Specific Video Game	17	START	1560287410298	1560287410298
USER	Video Game DB - Get All Video Games	16	START	1560287410298	1560287410298
REQUEST	Video Game DB - Get Specific Video Game	17		Get Specific Video Game	1560287410299	1560287410310	OK	 
REQUEST	Video Game DB - Get All Video Games	16		Get All Video Games	1560287410299	1560287410310	OK	 
REQUEST	Video Game DB - Get All Video Games	11		Get All Video Games	1560287410319	1560287410325	OK	 
REQUEST	Video Game DB - Get Specific Video Game	12		Get Specific Video Game	1560287410330	1560287410337	OK	 
REQUEST	Video Game DB - Get All Video Games	7		Get All Video Games	1560287410339	1560287410345	OK	 
REQUEST	Video Game DB - Get All Video Games	3		Get All Video Games	1560287410349	1560287410420	OK	 
USER	Video Game DB - Get All Video Games	18	START	1560287410799	1560287410799
REQUEST	Video Game DB - Get All Video Games	18		Get All Video Games	1560287410800	1560287410810	OK	 
REQUEST	Video Game DB - Get All Video Games	13		Get All Video Games	1560287410829	1560287410834	OK	 
REQUEST	Video Game DB - Get All Video Games	8		Get All Video Games	1560287410839	1560287410844	OK	 
REQUEST	Video Game DB - Get All Video Games	4		Get All Video Games	1560287410849	1560287410857	OK	 
USER	Video Game DB - Get All Video Games	19	START	1560287411298	1560287411298
REQUEST	Video Game DB - Get All Video Games	19		Get All Video Games	1560287411299	1560287411309	OK	 
REQUEST	Video Game DB - Get All Video Games	14		Get All Video Games	1560287411329	1560287411337	OK	 
REQUEST	Video Game DB - Get All Video Games	9		Get All Video Games	1560287411338	1560287411343	OK	 
REQUEST	Video Game DB - Get All Video Games	5		Get All Video Games	1560287411349	1560287411355	OK	 
REQUEST	Video Game DB - Get All Video Games	1		Get All Video Games	1560287411399	1560287411404	OK	 
USER	Video Game DB - Get All Video Games	20	START	1560287411798	1560287411798
REQUEST	Video Game DB - Get All Video Games	20		Get All Video Games	1560287411799	1560287411809	OK	 
REQUEST	Video Game DB - Get All Video Games	15		Get All Video Games	1560287411829	1560287411836	OK	 
REQUEST	Video Game DB - Get All Video Games	10		Get All Video Games	1560287411838	1560287411844	OK	 
REQUEST	Video Game DB - Get All Video Games	6		Get All Video Games	1560287411849	1560287411854	OK	 
REQUEST	Video Game DB - Get All Video Games	2		Get All Video Games	1560287411859	1560287411864	OK	 
USER	Video Game DB - Get All Video Games	21	START	1560287412298	1560287412298
USER	Video Game DB - Get Specific Video Game	22	START	1560287412298	1560287412298
REQUEST	Video Game DB - Get Specific Video Game	22		Get Specific Video Game	1560287412299	1560287412309	OK	 
REQUEST	Video Game DB - Get All Video Games	21		Get All Video Games	1560287412299	1560287412310	OK	 
REQUEST	Video Game DB - Get Specific Video Game	17		Get Specific Video Game	1560287412329	1560287412337	OK	 
REQUEST	Video Game DB - Get All Video Games	16		Get All Video Games	1560287412329	1560287412337	OK	 
REQUEST	Video Game DB - Get All Video Games	11		Get All Video Games	1560287412329	1560287412337	OK	 
REQUEST	Video Game DB - Get All Video Games	7		Get All Video Games	1560287412339	1560287412343	OK	 
REQUEST	Video Game DB - Get Specific Video Game	12		Get Specific Video Game	1560287412349	1560287412354	OK	 
REQUEST	Video Game DB - Get All Video Games	3		Get All Video Games	1560287412429	1560287412434	OK	 
USER	Video Game DB - Get All Video Games	23	START	1560287412799	1560287412799
REQUEST	Video Game DB - Get All Video Games	23		Get All Video Games	1560287412799	1560287412812	OK	 
REQUEST	Video Game DB - Get All Video Games	18		Get All Video Games	1560287412828	1560287412834	OK	 
REQUEST	Video Game DB - Get All Video Games	13		Get All Video Games	1560287412839	1560287412845	OK	 
REQUEST	Video Game DB - Get All Video Games	8		Get All Video Games	1560287412849	1560287412854	OK	 
REQUEST	Video Game DB - Get All Video Games	4		Get All Video Games	1560287412858	1560287412865	OK	 
USER	Video Game DB - Get All Video Games	24	START	1560287413299	1560287413299
REQUEST	Video Game DB - Get All Video Games	24		Get All Video Games	1560287413299	1560287413309	OK	 
REQUEST	Video Game DB - Get All Video Games	19		Get All Video Games	1560287413329	1560287413335	OK	 
REQUEST	Video Game DB - Get All Video Games	9		Get All Video Games	1560287413338	1560287413346	OK	 
REQUEST	Video Game DB - Get All Video Games	14		Get All Video Games	1560287413338	1560287413346	OK	 
REQUEST	Video Game DB - Get All Video Games	5		Get All Video Games	1560287413349	1560287413353	OK	 
REQUEST	Video Game DB - Get All Video Games	1		Get All Video Games	1560287413409	1560287413414	OK	 
USER	Video Game DB - Get All Video Games	25	START	1560287413798	1560287413798
REQUEST	Video Game DB - Get All Video Games	25		Get All Video Games	1560287413799	1560287413808	OK	 
REQUEST	Video Game DB - Get All Video Games	20		Get All Video Games	1560287413828	1560287413835	OK	 
REQUEST	Video Game DB - Get All Video Games	15		Get All Video Games	1560287413838	1560287413844	OK	 
REQUEST	Video Game DB - Get All Video Games	6		Get All Video Games	1560287413849	1560287413855	OK	 
REQUEST	Video Game DB - Get All Video Games	10		Get All Video Games	1560287413849	1560287413855	OK	 
REQUEST	Video Game DB - Get All Video Games	2		Get All Video Games	1560287413859	1560287413864	OK	 
USER	Video Game DB - Get Specific Video Game	27	START	1560287414299	1560287414299
USER	Video Game DB - Get All Video Games	26	START	1560287414299	1560287414299
REQUEST	Video Game DB - Get Specific Video Game	27		Get Specific Video Game	1560287414300	1560287414311	OK	 
REQUEST	Video Game DB - Get All Video Games	26		Get All Video Games	1560287414300	1560287414312	OK	 
REQUEST	Video Game DB - Get Specific Video Game	22		Get Specific Video Game	1560287414329	1560287414335	OK	 
REQUEST	Video Game DB - Get All Video Games	21		Get All Video Games	1560287414329	1560287414335	OK	 
REQUEST	Video Game DB - Get Specific Video Game	12		Get Specific Video Game	1560287414338	1560287414344	OK	 
REQUEST	Video Game DB - Get Specific Video Game	17		Get Specific Video Game	1560287414338	1560287414346	OK	 
REQUEST	Video Game DB - Get All Video Games	16		Get All Video Games	1560287414338	1560287414347	OK	 
REQUEST	Video Game DB - Get All Video Games	11		Get All Video Games	1560287414349	1560287414355	OK	 
REQUEST	Video Game DB - Get All Video Games	7		Get All Video Games	1560287414349	1560287414356	OK	 
REQUEST	Video Game DB - Get All Video Games	3		Get All Video Games	1560287414429	1560287414437	OK	 
USER	Video Game DB - Get All Video Games	28	START	1560287414799	1560287414799
REQUEST	Video Game DB - Get All Video Games	28		Get All Video Games	1560287414799	1560287414811	OK	 
REQUEST	Video Game DB - Get All Video Games	23		Get All Video Games	1560287414829	1560287414834	OK	 
REQUEST	Video Game DB - Get All Video Games	13		Get All Video Games	1560287414839	1560287414845	OK	 
REQUEST	Video Game DB - Get All Video Games	18		Get All Video Games	1560287414839	1560287414845	OK	 
REQUEST	Video Game DB - Get All Video Games	8		Get All Video Games	1560287414848	1560287414854	OK	 
REQUEST	Video Game DB - Get All Video Games	4		Get All Video Games	1560287414858	1560287414864	OK	 
USER	Video Game DB - Get All Video Games	29	START	1560287415299	1560287415299
REQUEST	Video Game DB - Get All Video Games	29		Get All Video Games	1560287415299	1560287415309	OK	 
REQUEST	Video Game DB - Get All Video Games	19		Get All Video Games	1560287415329	1560287415336	OK	 
REQUEST	Video Game DB - Get All Video Games	24		Get All Video Games	1560287415329	1560287415336	OK	 
REQUEST	Video Game DB - Get All Video Games	14		Get All Video Games	1560287415349	1560287415354	OK	 
REQUEST	Video Game DB - Get All Video Games	9		Get All Video Games	1560287415349	1560287415354	OK	 
REQUEST	Video Game DB - Get All Video Games	5		Get All Video Games	1560287415359	1560287415364	OK	 
REQUEST	Video Game DB - Get All Video Games	1		Get All Video Games	1560287415409	1560287415415	OK	 
USER	Video Game DB - Get All Video Games	30	START	1560287415799	1560287415799
REQUEST	Video Game DB - Get All Video Games	30		Get All Video Games	1560287415799	1560287415809	OK	 
REQUEST	Video Game DB - Get All Video Games	25		Get All Video Games	1560287415829	1560287415835	OK	 
REQUEST	Video Game DB - Get All Video Games	20		Get All Video Games	1560287415839	1560287415846	OK	 
REQUEST	Video Game DB - Get All Video Games	10		Get All Video Games	1560287415849	1560287415854	OK	 
REQUEST	Video Game DB - Get All Video Games	15		Get All Video Games	1560287415849	1560287415854	OK	 
REQUEST	Video Game DB - Get All Video Games	6		Get All Video Games	1560287415858	1560287415863	OK	 
REQUEST	Video Game DB - Get All Video Games	2		Get All Video Games	1560287415869	1560287415874	OK	 
USER	Video Game DB - Get All Video Games	31	START	1560287416298	1560287416298
USER	Video Game DB - Get Specific Video Game	32	START	1560287416298	1560287416298
REQUEST	Video Game DB - Get Specific Video Game	32		Get Specific Video Game	1560287416299	1560287416308	OK	 
REQUEST	Video Game DB - Get All Video Games	31		Get All Video Games	1560287416299	1560287416310	OK	 
REQUEST	Video Game DB - Get All Video Games	21		Get All Video Games	1560287416329	1560287416337	OK	 
REQUEST	Video Game DB - Get Specific Video Game	22		Get Specific Video Game	1560287416329	1560287416337	OK	 
REQUEST	Video Game DB - Get Specific Video Game	27		Get Specific Video Game	1560287416329	1560287416337	OK	 
REQUEST	Video Game DB - Get All Video Games	26		Get All Video Games	1560287416329	1560287416338	OK	 
REQUEST	Video Game DB - Get Specific Video Game	17		Get Specific Video Game	1560287416339	1560287416345	OK	 
REQUEST	Video Game DB - Get Specific Video Game	12		Get Specific Video Game	1560287416349	1560287416355	OK	 
REQUEST	Video Game DB - Get All Video Games	11		Get All Video Games	1560287416349	1560287416355	OK	 
REQUEST	Video Game DB - Get All Video Games	16		Get All Video Games	1560287416349	1560287416355	OK	 
REQUEST	Video Game DB - Get All Video Games	7		Get All Video Games	1560287416359	1560287416363	OK	 
REQUEST	Video Game DB - Get All Video Games	3		Get All Video Games	1560287416439	1560287416444	OK	 
USER	Video Game DB - Get All Video Games	33	START	1560287416798	1560287416798
REQUEST	Video Game DB - Get All Video Games	33		Get All Video Games	1560287416799	1560287416809	OK	 
REQUEST	Video Game DB - Get All Video Games	28		Get All Video Games	1560287416828	1560287416834	OK	 
REQUEST	Video Game DB - Get All Video Games	18		Get All Video Games	1560287416839	1560287416846	OK	 
REQUEST	Video Game DB - Get All Video Games	23		Get All Video Games	1560287416839	1560287416847	OK	 
REQUEST	Video Game DB - Get All Video Games	13		Get All Video Games	1560287416849	1560287416853	OK	 
REQUEST	Video Game DB - Get All Video Games	8		Get All Video Games	1560287416859	1560287416865	OK	 
REQUEST	Video Game DB - Get All Video Games	4		Get All Video Games	1560287416869	1560287416876	OK	 
USER	Video Game DB - Get All Video Games	34	START	1560287417299	1560287417299
REQUEST	Video Game DB - Get All Video Games	34		Get All Video Games	1560287417299	1560287417311	OK	 
REQUEST	Video Game DB - Get All Video Games	24		Get All Video Games	1560287417329	1560287417335	OK	 
REQUEST	Video Game DB - Get All Video Games	29		Get All Video Games	1560287417329	1560287417335	OK	 
REQUEST	Video Game DB - Get All Video Games	19		Get All Video Games	1560287417339	1560287417346	OK	 
REQUEST	Video Game DB - Get All Video Games	14		Get All Video Games	1560287417348	1560287417354	OK	 
REQUEST	Video Game DB - Get All Video Games	5		Get All Video Games	1560287417359	1560287417365	OK	 
REQUEST	Video Game DB - Get All Video Games	9		Get All Video Games	1560287417359	1560287417365	OK	 
REQUEST	Video Game DB - Get All Video Games	1		Get All Video Games	1560287417419	1560287417424	OK	 
USER	Video Game DB - Get All Video Games	35	START	1560287417798	1560287417798
REQUEST	Video Game DB - Get All Video Games	35		Get All Video Games	1560287417799	1560287417810	OK	 
REQUEST	Video Game DB - Get All Video Games	30		Get All Video Games	1560287417829	1560287417835	OK	 
REQUEST	Video Game DB - Get All Video Games	25		Get All Video Games	1560287417829	1560287417835	OK	 
REQUEST	Video Game DB - Get All Video Games	20		Get All Video Games	1560287417838	1560287417844	OK	 
REQUEST	Video Game DB - Get All Video Games	15		Get All Video Games	1560287417849	1560287417854	OK	 
REQUEST	Video Game DB - Get All Video Games	10		Get All Video Games	1560287417859	1560287417865	OK	 
REQUEST	Video Game DB - Get All Video Games	2		Get All Video Games	1560287417868	1560287417876	OK	 
REQUEST	Video Game DB - Get All Video Games	6		Get All Video Games	1560287417868	1560287417876	OK	 
REQUEST	Video Game DB - Get Specific Video Game	32		Get Specific Video Game	1560287418328	1560287418335	OK	 
REQUEST	Video Game DB - Get All Video Games	31		Get All Video Games	1560287418328	1560287418335	OK	 
REQUEST	Video Game DB - Get Specific Video Game	27		Get Specific Video Game	1560287418339	1560287418343	OK	 
REQUEST	Video Game DB - Get All Video Games	26		Get All Video Games	1560287418349	1560287418355	OK	 
REQUEST	Video Game DB - Get All Video Games	21		Get All Video Games	1560287418349	1560287418357	OK	 
REQUEST	Video Game DB - Get Specific Video Game	22		Get Specific Video Game	1560287418349	1560287418357	OK	 
REQUEST	Video Game DB - Get Specific Video Game	17		Get Specific Video Game	1560287418351	1560287418358	OK	 
REQUEST	Video Game DB - Get All Video Games	11		Get All Video Games	1560287418350	1560287418358	OK	 
REQUEST	Video Game DB - Get All Video Games	16		Get All Video Games	1560287418350	1560287418358	OK	 
REQUEST	Video Game DB - Get Specific Video Game	12		Get Specific Video Game	1560287418358	1560287418364	OK	 
REQUEST	Video Game DB - Get All Video Games	7		Get All Video Games	1560287418358	1560287418366	OK	 
REQUEST	Video Game DB - Get All Video Games	3		Get All Video Games	1560287418439	1560287418444	OK	 
REQUEST	Video Game DB - Get All Video Games	33		Get All Video Games	1560287418828	1560287418836	OK	 
REQUEST	Video Game DB - Get All Video Games	23		Get All Video Games	1560287418839	1560287418844	OK	 
REQUEST	Video Game DB - Get All Video Games	28		Get All Video Games	1560287418839	1560287418844	OK	 
REQUEST	Video Game DB - Get All Video Games	18		Get All Video Games	1560287418849	1560287418855	OK	 
REQUEST	Video Game DB - Get All Video Games	13		Get All Video Games	1560287418849	1560287418855	OK	 
REQUEST	Video Game DB - Get All Video Games	8		Get All Video Games	1560287418859	1560287418864	OK	 
REQUEST	Video Game DB - Get All Video Games	4		Get All Video Games	1560287418869	1560287418875	OK	 
REQUEST	Video Game DB - Get All Video Games	34		Get All Video Games	1560287419328	1560287419337	OK	 
REQUEST	Video Game DB - Get All Video Games	29		Get All Video Games	1560287419328	1560287419337	OK	 
REQUEST	Video Game DB - Get All Video Games	24		Get All Video Games	1560287419339	1560287419343	OK	 
REQUEST	Video Game DB - Get All Video Games	19		Get All Video Games	1560287419349	1560287419354	OK	 
REQUEST	Video Game DB - Get All Video Games	14		Get All Video Games	1560287419359	1560287419365	OK	 
REQUEST	Video Game DB - Get All Video Games	9		Get All Video Games	1560287419359	1560287419365	OK	 
REQUEST	Video Game DB - Get All Video Games	5		Get All Video Games	1560287419368	1560287419372	OK	 
REQUEST	Video Game DB - Get All Video Games	1		Get All Video Games	1560287419419	1560287419424	OK	 
REQUEST	Video Game DB - Get All Video Games	30		Get All Video Games	1560287419828	1560287419835	OK	 
REQUEST	Video Game DB - Get All Video Games	35		Get All Video Games	1560287419828	1560287419835	OK	 
REQUEST	Video Game DB - Get All Video Games	25		Get All Video Games	1560287419838	1560287419843	OK	 
REQUEST	Video Game DB - Get All Video Games	20		Get All Video Games	1560287419849	1560287419852	OK	 
REQUEST	Video Game DB - Get All Video Games	15		Get All Video Games	1560287419859	1560287419863	OK	 
REQUEST	Video Game DB - Get All Video Games	10		Get All Video Games	1560287419859	1560287419863	OK	 
REQUEST	Video Game DB - Get All Video Games	6		Get All Video Games	1560287419868	1560287419872	OK	 
REQUEST	Video Game DB - Get All Video Games	2		Get All Video Games	1560287419878	1560287419883	OK	 
REQUEST	Video Game DB - Get Specific Video Game	32		Get Specific Video Game	1560287420329	1560287420334	OK	 
REQUEST	Video Game DB - Get Specific Video Game	27		Get Specific Video Game	1560287420338	1560287420344	OK	 
REQUEST	Video Game DB - Get All Video Games	26		Get All Video Games	1560287420338	1560287420344	OK	 
REQUEST	Video Game DB - Get All Video Games	31		Get All Video Games	1560287420338	1560287420345	OK	 
REQUEST	Video Game DB - Get Specific Video Game	12		Get Specific Video Game	1560287420359	1560287420365	OK	 
REQUEST	Video Game DB - Get Specific Video Game	22		Get Specific Video Game	1560287420359	1560287420365	OK	 
REQUEST	Video Game DB - Get All Video Games	21		Get All Video Games	1560287420359	1560287420365	OK	 
REQUEST	Video Game DB - Get All Video Games	11		Get All Video Games	1560287420369	1560287420375	OK	 
REQUEST	Video Game DB - Get All Video Games	7		Get All Video Games	1560287420369	1560287420375	OK	 
REQUEST	Video Game DB - Get Specific Video Game	17		Get Specific Video Game	1560287420369	1560287420376	OK	 
REQUEST	Video Game DB - Get All Video Games	16		Get All Video Games	1560287420369	1560287420376	OK	 
REQUEST	Video Game DB - Get All Video Games	3		Get All Video Games	1560287420449	1560287420454	OK	 
REQUEST	Video Game DB - Get All Video Games	33		Get All Video Games	1560287420829	1560287420835	OK	 
REQUEST	Video Game DB - Get All Video Games	28		Get All Video Games	1560287420839	1560287420844	OK	 
REQUEST	Video Game DB - Get All Video Games	18		Get All Video Games	1560287420848	1560287420854	OK	 
REQUEST	Video Game DB - Get All Video Games	23		Get All Video Games	1560287420848	1560287420854	OK	 
REQUEST	Video Game DB - Get All Video Games	13		Get All Video Games	1560287420859	1560287420863	OK	 
REQUEST	Video Game DB - Get All Video Games	8		Get All Video Games	1560287420869	1560287420874	OK	 
REQUEST	Video Game DB - Get All Video Games	4		Get All Video Games	1560287420879	1560287420886	OK	 
REQUEST	Video Game DB - Get All Video Games	34		Get All Video Games	1560287421340	1560287421345	OK	 
REQUEST	Video Game DB - Get All Video Games	29		Get All Video Games	1560287421340	1560287421346	OK	 
REQUEST	Video Game DB - Get All Video Games	24		Get All Video Games	1560287421349	1560287421353	OK	 
REQUEST	Video Game DB - Get All Video Games	19		Get All Video Games	1560287421359	1560287421365	OK	 
REQUEST	Video Game DB - Get All Video Games	9		Get All Video Games	1560287421369	1560287421374	OK	 
REQUEST	Video Game DB - Get All Video Games	14		Get All Video Games	1560287421369	1560287421374	OK	 
REQUEST	Video Game DB - Get All Video Games	5		Get All Video Games	1560287421378	1560287421383	OK	 
REQUEST	Video Game DB - Get All Video Games	1		Get All Video Games	1560287421429	1560287421433	OK	 
REQUEST	Video Game DB - Get All Video Games	35		Get All Video Games	1560287421839	1560287421845	OK	 
REQUEST	Video Game DB - Get All Video Games	30		Get All Video Games	1560287421839	1560287421845	OK	 
REQUEST	Video Game DB - Get All Video Games	25		Get All Video Games	1560287421848	1560287421853	OK	 
REQUEST	Video Game DB - Get All Video Games	15		Get All Video Games	1560287421859	1560287421865	OK	 
REQUEST	Video Game DB - Get All Video Games	20		Get All Video Games	1560287421859	1560287421865	OK	 
REQUEST	Video Game DB - Get All Video Games	10		Get All Video Games	1560287421869	1560287421874	OK	 
REQUEST	Video Game DB - Get All Video Games	6		Get All Video Games	1560287421879	1560287421884	OK	 
REQUEST	Video Game DB - Get All Video Games	2		Get All Video Games	1560287421888	1560287421893	OK	 
REQUEST	Video Game DB - Get Specific Video Game	32		Get Specific Video Game	1560287422339	1560287422346	OK	 
REQUEST	Video Game DB - Get All Video Games	31		Get All Video Games	1560287422339	1560287422346	OK	 
REQUEST	Video Game DB - Get All Video Games	26		Get All Video Games	1560287422348	1560287422354	OK	 
REQUEST	Video Game DB - Get Specific Video Game	27		Get Specific Video Game	1560287422348	1560287422354	OK	 
REQUEST	Video Game DB - Get All Video Games	21		Get All Video Games	1560287422358	1560287422364	OK	 
REQUEST	Video Game DB - Get Specific Video Game	22		Get Specific Video Game	1560287422358	1560287422364	OK	 
REQUEST	Video Game DB - Get All Video Games	16		Get All Video Games	1560287422369	1560287422374	OK	 
REQUEST	Video Game DB - Get Specific Video Game	17		Get Specific Video Game	1560287422369	1560287422374	OK	 
REQUEST	Video Game DB - Get Specific Video Game	12		Get Specific Video Game	1560287422369	1560287422376	OK	 
REQUEST	Video Game DB - Get All Video Games	7		Get All Video Games	1560287422369	1560287422376	OK	 
REQUEST	Video Game DB - Get All Video Games	11		Get All Video Games	1560287422369	1560287422376	OK	 
REQUEST	Video Game DB - Get All Video Games	3		Get All Video Games	1560287422449	1560287422453	OK	 
REQUEST	Video Game DB - Get All Video Games	33		Get All Video Games	1560287422839	1560287422843	OK	 
REQUEST	Video Game DB - Get All Video Games	28		Get All Video Games	1560287422849	1560287422854	OK	 
REQUEST	Video Game DB - Get All Video Games	18		Get All Video Games	1560287422859	1560287422866	OK	 
REQUEST	Video Game DB - Get All Video Games	23		Get All Video Games	1560287422859	1560287422866	OK	 
REQUEST	Video Game DB - Get All Video Games	13		Get All Video Games	1560287422868	1560287422873	OK	 
REQUEST	Video Game DB - Get All Video Games	8		Get All Video Games	1560287422879	1560287422885	OK	 
REQUEST	Video Game DB - Get All Video Games	4		Get All Video Games	1560287422889	1560287422893	OK	 
REQUEST	Video Game DB - Get All Video Games	34		Get All Video Games	1560287423339	1560287423345	OK	 
REQUEST	Video Game DB - Get All Video Games	29		Get All Video Games	1560287423349	1560287423353	OK	 
REQUEST	Video Game DB - Get All Video Games	24		Get All Video Games	1560287423358	1560287423364	OK	 
REQUEST	Video Game DB - Get All Video Games	19		Get All Video Games	1560287423358	1560287423364	OK	 
REQUEST	Video Game DB - Get All Video Games	9		Get All Video Games	1560287423368	1560287423374	OK	 
REQUEST	Video Game DB - Get All Video Games	14		Get All Video Games	1560287423369	1560287423374	OK	 
REQUEST	Video Game DB - Get All Video Games	5		Get All Video Games	1560287423379	1560287423384	OK	 
REQUEST	Video Game DB - Get All Video Games	1		Get All Video Games	1560287423429	1560287423434	OK	 
REQUEST	Video Game DB - Get All Video Games	35		Get All Video Games	1560287423839	1560287423844	OK	 
REQUEST	Video Game DB - Get All Video Games	30		Get All Video Games	1560287423849	1560287423854	OK	 
REQUEST	Video Game DB - Get All Video Games	25		Get All Video Games	1560287423849	1560287423854	OK	 
REQUEST	Video Game DB - Get All Video Games	20		Get All Video Games	1560287423859	1560287423864	OK	 
REQUEST	Video Game DB - Get All Video Games	10		Get All Video Games	1560287423868	1560287423874	OK	 
REQUEST	Video Game DB - Get All Video Games	15		Get All Video Games	1560287423868	1560287423874	OK	 
REQUEST	Video Game DB - Get All Video Games	6		Get All Video Games	1560287423878	1560287423886	OK	 
REQUEST	Video Game DB - Get All Video Games	2		Get All Video Games	1560287423889	1560287423894	OK	 
REQUEST	Video Game DB - Get Specific Video Game	32		Get Specific Video Game	1560287424338	1560287424344	OK	 
REQUEST	Video Game DB - Get All Video Games	31		Get All Video Games	1560287424349	1560287424357	OK	 
REQUEST	Video Game DB - Get All Video Games	21		Get All Video Games	1560287424358	1560287424368	OK	 
REQUEST	Video Game DB - Get Specific Video Game	27		Get Specific Video Game	1560287424358	1560287424369	OK	 
REQUEST	Video Game DB - Get Specific Video Game	22		Get Specific Video Game	1560287424358	1560287424370	OK	 
REQUEST	Video Game DB - Get All Video Games	26		Get All Video Games	1560287424358	1560287424370	OK	 
REQUEST	Video Game DB - Get Specific Video Game	17		Get Specific Video Game	1560287424369	1560287424372	OK	 
REQUEST	Video Game DB - Get All Video Games	11		Get All Video Games	1560287424379	1560287424384	OK	 
REQUEST	Video Game DB - Get All Video Games	16		Get All Video Games	1560287424379	1560287424384	OK	 
REQUEST	Video Game DB - Get Specific Video Game	12		Get Specific Video Game	1560287424379	1560287424387	OK	 
REQUEST	Video Game DB - Get All Video Games	7		Get All Video Games	1560287424379	1560287424388	OK	 
REQUEST	Video Game DB - Get All Video Games	3		Get All Video Games	1560287424458	1560287424462	OK	 
REQUEST	Video Game DB - Get All Video Games	33		Get All Video Games	1560287424848	1560287424854	OK	 
REQUEST	Video Game DB - Get All Video Games	23		Get All Video Games	1560287424859	1560287424864	OK	 
REQUEST	Video Game DB - Get All Video Games	28		Get All Video Games	1560287424859	1560287424864	OK	 
REQUEST	Video Game DB - Get All Video Games	13		Get All Video Games	1560287424869	1560287424874	OK	 
REQUEST	Video Game DB - Get All Video Games	18		Get All Video Games	1560287424869	1560287424874	OK	 
REQUEST	Video Game DB - Get All Video Games	8		Get All Video Games	1560287424879	1560287424886	OK	 
REQUEST	Video Game DB - Get All Video Games	4		Get All Video Games	1560287424899	1560287424903	OK	 
REQUEST	Video Game DB - Get All Video Games	34		Get All Video Games	1560287425349	1560287425356	OK	 
REQUEST	Video Game DB - Get All Video Games	29		Get All Video Games	1560287425359	1560287425365	OK	 
REQUEST	Video Game DB - Get All Video Games	24		Get All Video Games	1560287425359	1560287425365	OK	 
REQUEST	Video Game DB - Get All Video Games	19		Get All Video Games	1560287425369	1560287425374	OK	 
REQUEST	Video Game DB - Get All Video Games	14		Get All Video Games	1560287425379	1560287425383	OK	 
REQUEST	Video Game DB - Get All Video Games	9		Get All Video Games	1560287425379	1560287425383	OK	 
REQUEST	Video Game DB - Get All Video Games	5		Get All Video Games	1560287425389	1560287425393	OK	 
REQUEST	Video Game DB - Get All Video Games	1		Get All Video Games	1560287425439	1560287425443	OK	 
REQUEST	Video Game DB - Get All Video Games	35		Get All Video Games	1560287425849	1560287425855	OK	 
REQUEST	Video Game DB - Get All Video Games	30		Get All Video Games	1560287425849	1560287425855	OK	 
REQUEST	Video Game DB - Get All Video Games	25		Get All Video Games	1560287425859	1560287425863	OK	 
REQUEST	Video Game DB - Get All Video Games	20		Get All Video Games	1560287425869	1560287425874	OK	 
REQUEST	Video Game DB - Get All Video Games	15		Get All Video Games	1560287425879	1560287425884	OK	 
REQUEST	Video Game DB - Get All Video Games	10		Get All Video Games	1560287425879	1560287425885	OK	 
REQUEST	Video Game DB - Get All Video Games	6		Get All Video Games	1560287425888	1560287425894	OK	 
REQUEST	Video Game DB - Get All Video Games	2		Get All Video Games	1560287425899	1560287425905	OK	 
REQUEST	Video Game DB - Get Specific Video Game	32		Get Specific Video Game	1560287426349	1560287426355	OK	 
REQUEST	Video Game DB - Get All Video Games	31		Get All Video Games	1560287426359	1560287426369	OK	 
REQUEST	Video Game DB - Get Specific Video Game	27		Get Specific Video Game	1560287426369	1560287426382	OK	 
REQUEST	Video Game DB - Get Specific Video Game	17		Get Specific Video Game	1560287426379	1560287426388	OK	 
REQUEST	Video Game DB - Get All Video Games	26		Get All Video Games	1560287426379	1560287426389	OK	 
REQUEST	Video Game DB - Get Specific Video Game	12		Get Specific Video Game	1560287426379	1560287426393	OK	 
REQUEST	Video Game DB - Get All Video Games	21		Get All Video Games	1560287426379	1560287426393	OK	 
REQUEST	Video Game DB - Get Specific Video Game	22		Get Specific Video Game	1560287426380	1560287426395	OK	 
REQUEST	Video Game DB - Get All Video Games	11		Get All Video Games	1560287426379	1560287426395	OK	 
REQUEST	Video Game DB - Get All Video Games	16		Get All Video Games	1560287426379	1560287426395	OK	 
REQUEST	Video Game DB - Get All Video Games	7		Get All Video Games	1560287426398	1560287426405	OK	 
REQUEST	Video Game DB - Get All Video Games	3		Get All Video Games	1560287426458	1560287426465	OK	 
REQUEST	Video Game DB - Get All Video Games	33		Get All Video Games	1560287426849	1560287426854	OK	 
REQUEST	Video Game DB - Get All Video Games	28		Get All Video Games	1560287426859	1560287426868	OK	 
REQUEST	Video Game DB - Get All Video Games	23		Get All Video Games	1560287426869	1560287426874	OK	 
REQUEST	Video Game DB - Get All Video Games	18		Get All Video Games	1560287426869	1560287426877	OK	 
REQUEST	Video Game DB - Get All Video Games	13		Get All Video Games	1560287426878	1560287426883	OK	 
REQUEST	Video Game DB - Get All Video Games	8		Get All Video Games	1560287426888	1560287426894	OK	 
REQUEST	Video Game DB - Get All Video Games	4		Get All Video Games	1560287426899	1560287426903	OK	 
REQUEST	Video Game DB - Get All Video Games	29		Get All Video Games	1560287427358	1560287427428	OK	 
REQUEST	Video Game DB - Get All Video Games	34		Get All Video Games	1560287427358	1560287427428	OK	 
REQUEST	Video Game DB - Get All Video Games	5		Get All Video Games	1560287427389	1560287427432	OK	 
REQUEST	Video Game DB - Get All Video Games	14		Get All Video Games	1560287427378	1560287427435	OK	 
REQUEST	Video Game DB - Get All Video Games	24		Get All Video Games	1560287427372	1560287427435	OK	 
REQUEST	Video Game DB - Get All Video Games	19		Get All Video Games	1560287427372	1560287427435	OK	 
REQUEST	Video Game DB - Get All Video Games	9		Get All Video Games	1560287427389	1560287427435	OK	 
REQUEST	Video Game DB - Get All Video Games	1		Get All Video Games	1560287427449	1560287427453	OK	 
REQUEST	Video Game DB - Get All Video Games	25		Get All Video Games	1560287427859	1560287427864	OK	 
REQUEST	Video Game DB - Get All Video Games	35		Get All Video Games	1560287427859	1560287427864	OK	 
REQUEST	Video Game DB - Get All Video Games	30		Get All Video Games	1560287427859	1560287427865	OK	 
REQUEST	Video Game DB - Get All Video Games	20		Get All Video Games	1560287427869	1560287427873	OK	 
REQUEST	Video Game DB - Get All Video Games	15		Get All Video Games	1560287427878	1560287427882	OK	 
REQUEST	Video Game DB - Get All Video Games	10		Get All Video Games	1560287427888	1560287427893	OK	 
REQUEST	Video Game DB - Get All Video Games	2		Get All Video Games	1560287427899	1560287427906	OK	 
REQUEST	Video Game DB - Get All Video Games	6		Get All Video Games	1560287427899	1560287427906	OK	 
REQUEST	Video Game DB - Get Specific Video Game	32		Get Specific Video Game	1560287428359	1560287428364	OK	 
REQUEST	Video Game DB - Get All Video Games	31		Get All Video Games	1560287428379	1560287428384	OK	 
REQUEST	Video Game DB - Get Specific Video Game	27		Get Specific Video Game	1560287428379	1560287428384	OK	 
REQUEST	Video Game DB - Get All Video Games	26		Get All Video Games	1560287428389	1560287428396	OK	 
REQUEST	Video Game DB - Get Specific Video Game	17		Get Specific Video Game	1560287428389	1560287428396	OK	 
REQUEST	Video Game DB - Get Specific Video Game	22		Get Specific Video Game	1560287428389	1560287428397	OK	 
REQUEST	Video Game DB - Get All Video Games	21		Get All Video Games	1560287428389	1560287428397	OK	 
REQUEST	Video Game DB - Get All Video Games	7		Get All Video Games	1560287428399	1560287428407	OK	 
REQUEST	Video Game DB - Get All Video Games	16		Get All Video Games	1560287428399	1560287428407	OK	 
REQUEST	Video Game DB - Get Specific Video Game	12		Get Specific Video Game	1560287428399	1560287428409	OK	 
REQUEST	Video Game DB - Get All Video Games	11		Get All Video Games	1560287428399	1560287428410	OK	 
REQUEST	Video Game DB - Get All Video Games	3		Get All Video Games	1560287428469	1560287428473	OK	 
REQUEST	Video Game DB - Get All Video Games	33		Get All Video Games	1560287428859	1560287428864	OK	 
REQUEST	Video Game DB - Get All Video Games	28		Get All Video Games	1560287428868	1560287428873	OK	 
REQUEST	Video Game DB - Get All Video Games	23		Get All Video Games	1560287428878	1560287428885	OK	 
REQUEST	Video Game DB - Get All Video Games	13		Get All Video Games	1560287428878	1560287428887	OK	 
REQUEST	Video Game DB - Get All Video Games	18		Get All Video Games	1560287428888	1560287428893	OK	 
REQUEST	Video Game DB - Get All Video Games	8		Get All Video Games	1560287428899	1560287428905	OK	 
REQUEST	Video Game DB - Get All Video Games	4		Get All Video Games	1560287428909	1560287428916	OK	 
REQUEST	Video Game DB - Get All Video Games	24		Get All Video Games	1560287429428	1560287429436	OK	 
REQUEST	Video Game DB - Get All Video Games	9		Get All Video Games	1560287429428	1560287429437	OK	 
REQUEST	Video Game DB - Get All Video Games	5		Get All Video Games	1560287429438	1560287429444	OK	 
REQUEST	Video Game DB - Get All Video Games	29		Get All Video Games	1560287429438	1560287429445	OK	 
REQUEST	Video Game DB - Get All Video Games	19		Get All Video Games	1560287429438	1560287429446	OK	 
REQUEST	Video Game DB - Get All Video Games	34		Get All Video Games	1560287429438	1560287429447	OK	 
REQUEST	Video Game DB - Get All Video Games	14		Get All Video Games	1560287429438	1560287429447	OK	 
REQUEST	Video Game DB - Get All Video Games	1		Get All Video Games	1560287429449	1560287429453	OK	 
REQUEST	Video Game DB - Get All Video Games	30		Get All Video Games	1560287429859	1560287429864	OK	 
REQUEST	Video Game DB - Get All Video Games	35		Get All Video Games	1560287429859	1560287429864	OK	 
REQUEST	Video Game DB - Get All Video Games	25		Get All Video Games	1560287429869	1560287429875	OK	 
REQUEST	Video Game DB - Get All Video Games	20		Get All Video Games	1560287429879	1560287429883	OK	 
REQUEST	Video Game DB - Get All Video Games	15		Get All Video Games	1560287429889	1560287429897	OK	 
REQUEST	Video Game DB - Get All Video Games	10		Get All Video Games	1560287429889	1560287429897	OK	 
REQUEST	Video Game DB - Get All Video Games	6		Get All Video Games	1560287429898	1560287429906	OK	 
REQUEST	Video Game DB - Get All Video Games	2		Get All Video Games	1560287429908	1560287429913	OK	 
REQUEST	Video Game DB - Get Specific Video Game	32		Get Specific Video Game	1560287430369	1560287430374	OK	 
REQUEST	Video Game DB - Get All Video Games	31		Get All Video Games	1560287430378	1560287430383	OK	 
REQUEST	Video Game DB - Get All Video Games	26		Get All Video Games	1560287430388	1560287430395	OK	 
REQUEST	Video Game DB - Get Specific Video Game	27		Get Specific Video Game	1560287430388	1560287430396	OK	 
REQUEST	Video Game DB - Get Specific Video Game	17		Get Specific Video Game	1560287430388	1560287430397	OK	 
REQUEST	Video Game DB - Get All Video Games	21		Get All Video Games	1560287430399	1560287430405	OK	 
REQUEST	Video Game DB - Get All Video Games	7		Get All Video Games	1560287430399	1560287430407	OK	 
REQUEST	Video Game DB - Get Specific Video Game	22		Get Specific Video Game	1560287430399	1560287430408	OK	 
REQUEST	Video Game DB - Get All Video Games	16		Get All Video Games	1560287430399	1560287430408	OK	 
REQUEST	Video Game DB - Get All Video Games	11		Get All Video Games	1560287430409	1560287430414	OK	 
REQUEST	Video Game DB - Get Specific Video Game	12		Get Specific Video Game	1560287430419	1560287430424	OK	 
REQUEST	Video Game DB - Get All Video Games	3		Get All Video Games	1560287430469	1560287430473	OK	 
REQUEST	Video Game DB - Get All Video Games	33		Get All Video Games	1560287430869	1560287430874	OK	 
REQUEST	Video Game DB - Get All Video Games	23		Get All Video Games	1560287430879	1560287430885	OK	 
REQUEST	Video Game DB - Get All Video Games	28		Get All Video Games	1560287430879	1560287430885	OK	 
REQUEST	Video Game DB - Get All Video Games	18		Get All Video Games	1560287430889	1560287430895	OK	 
REQUEST	Video Game DB - Get All Video Games	13		Get All Video Games	1560287430889	1560287430895	OK	 
REQUEST	Video Game DB - Get All Video Games	8		Get All Video Games	1560287430898	1560287430903	OK	 
REQUEST	Video Game DB - Get All Video Games	4		Get All Video Games	1560287430909	1560287430913	OK	 
REQUEST	Video Game DB - Get All Video Games	19		Get All Video Games	1560287431439	1560287431445	OK	 
REQUEST	Video Game DB - Get All Video Games	9		Get All Video Games	1560287431438	1560287431445	OK	 
REQUEST	Video Game DB - Get All Video Games	29		Get All Video Games	1560287431439	1560287431447	OK	 
REQUEST	Video Game DB - Get All Video Games	5		Get All Video Games	1560287431439	1560287431447	OK	 
REQUEST	Video Game DB - Get All Video Games	34		Get All Video Games	1560287431439	1560287431448	OK	 
REQUEST	Video Game DB - Get All Video Games	24		Get All Video Games	1560287431439	1560287431450	OK	 
REQUEST	Video Game DB - Get All Video Games	14		Get All Video Games	1560287431448	1560287431453	OK	 
REQUEST	Video Game DB - Get All Video Games	1		Get All Video Games	1560287431459	1560287431463	OK	 
REQUEST	Video Game DB - Get All Video Games	35		Get All Video Games	1560287431868	1560287431873	OK	 
REQUEST	Video Game DB - Get All Video Games	30		Get All Video Games	1560287431868	1560287431873	OK	 
REQUEST	Video Game DB - Get All Video Games	25		Get All Video Games	1560287431868	1560287431874	OK	 
REQUEST	Video Game DB - Get All Video Games	20		Get All Video Games	1560287431879	1560287431884	OK	 
REQUEST	Video Game DB - Get All Video Games	15		Get All Video Games	1560287431889	1560287431894	OK	 
REQUEST	Video Game DB - Get All Video Games	10		Get All Video Games	1560287431899	1560287431903	OK	 
REQUEST	Video Game DB - Get All Video Games	6		Get All Video Games	1560287431908	1560287431913	OK	 
REQUEST	Video Game DB - Get All Video Games	2		Get All Video Games	1560287431918	1560287431925	OK	 
REQUEST	Video Game DB - Get Specific Video Game	32		Get Specific Video Game	1560287432369	1560287432374	OK	 
REQUEST	Video Game DB - Get All Video Games	31		Get All Video Games	1560287432378	1560287432383	OK	 
REQUEST	Video Game DB - Get Specific Video Game	27		Get Specific Video Game	1560287432389	1560287432394	OK	 
REQUEST	Video Game DB - Get All Video Games	21		Get All Video Games	1560287432399	1560287432405	OK	 
REQUEST	Video Game DB - Get All Video Games	26		Get All Video Games	1560287432399	1560287432405	OK	 
REQUEST	Video Game DB - Get Specific Video Game	17		Get Specific Video Game	1560287432399	1560287432405	OK	 
REQUEST	Video Game DB - Get All Video Games	7		Get All Video Games	1560287432409	1560287432414	OK	 
REQUEST	Video Game DB - Get Specific Video Game	12		Get Specific Video Game	1560287432419	1560287432424	OK	 
REQUEST	Video Game DB - Get Specific Video Game	22		Get Specific Video Game	1560287432419	1560287432425	OK	 
REQUEST	Video Game DB - Get All Video Games	16		Get All Video Games	1560287432419	1560287432426	OK	 
REQUEST	Video Game DB - Get All Video Games	11		Get All Video Games	1560287432419	1560287432426	OK	 
REQUEST	Video Game DB - Get All Video Games	3		Get All Video Games	1560287432479	1560287432484	OK	 
REQUEST	Video Game DB - Get All Video Games	33		Get All Video Games	1560287432869	1560287432874	OK	 
REQUEST	Video Game DB - Get All Video Games	28		Get All Video Games	1560287432879	1560287432884	OK	 
REQUEST	Video Game DB - Get All Video Games	18		Get All Video Games	1560287432889	1560287432895	OK	 
REQUEST	Video Game DB - Get All Video Games	23		Get All Video Games	1560287432889	1560287432896	OK	 
REQUEST	Video Game DB - Get All Video Games	13		Get All Video Games	1560287432899	1560287432905	OK	 
REQUEST	Video Game DB - Get All Video Games	8		Get All Video Games	1560287432908	1560287432913	OK	 
REQUEST	Video Game DB - Get All Video Games	4		Get All Video Games	1560287432919	1560287432932	OK	 
REQUEST	Video Game DB - Get All Video Games	5		Get All Video Games	1560287433449	1560287433485	OK	 
REQUEST	Video Game DB - Get All Video Games	1		Get All Video Games	1560287433459	1560287433485	OK	 
REQUEST	Video Game DB - Get All Video Games	9		Get All Video Games	1560287433449	1560287433488	OK	 
REQUEST	Video Game DB - Get All Video Games	29		Get All Video Games	1560287433438	1560287433488	OK	 
REQUEST	Video Game DB - Get All Video Games	34		Get All Video Games	1560287433459	1560287433497	OK	 
REQUEST	Video Game DB - Get All Video Games	19		Get All Video Games	1560287433449	1560287433497	OK	 
REQUEST	Video Game DB - Get All Video Games	24		Get All Video Games	1560287433459	1560287433503	OK	 
REQUEST	Video Game DB - Get All Video Games	14		Get All Video Games	1560287433459	1560287433506	OK	 
REQUEST	Video Game DB - Get All Video Games	35		Get All Video Games	1560287433869	1560287433874	OK	 
REQUEST	Video Game DB - Get All Video Games	25		Get All Video Games	1560287433878	1560287433884	OK	 
REQUEST	Video Game DB - Get All Video Games	30		Get All Video Games	1560287433878	1560287433885	OK	 
REQUEST	Video Game DB - Get All Video Games	20		Get All Video Games	1560287433888	1560287433893	OK	 
REQUEST	Video Game DB - Get All Video Games	10		Get All Video Games	1560287433898	1560287433903	OK	 
REQUEST	Video Game DB - Get All Video Games	15		Get All Video Games	1560287433898	1560287433903	OK	 
REQUEST	Video Game DB - Get All Video Games	6		Get All Video Games	1560287433919	1560287433923	OK	 
REQUEST	Video Game DB - Get All Video Games	2		Get All Video Games	1560287433928	1560287433933	OK	 
REQUEST	Video Game DB - Get Specific Video Game	32		Get Specific Video Game	1560287434369	1560287434375	OK	 
REQUEST	Video Game DB - Get All Video Games	31		Get All Video Games	1560287434388	1560287434393	OK	 
REQUEST	Video Game DB - Get All Video Games	26		Get All Video Games	1560287434398	1560287434405	OK	 
REQUEST	Video Game DB - Get Specific Video Game	27		Get Specific Video Game	1560287434398	1560287434405	OK	 
REQUEST	Video Game DB - Get All Video Games	21		Get All Video Games	1560287434409	1560287434413	OK	 
REQUEST	Video Game DB - Get Specific Video Game	17		Get Specific Video Game	1560287434409	1560287434413	OK	 
REQUEST	Video Game DB - Get All Video Games	7		Get All Video Games	1560287434419	1560287434427	OK	 
REQUEST	Video Game DB - Get All Video Games	11		Get All Video Games	1560287434419	1560287434428	OK	 
REQUEST	Video Game DB - Get Specific Video Game	12		Get Specific Video Game	1560287434419	1560287434429	OK	 
REQUEST	Video Game DB - Get Specific Video Game	22		Get Specific Video Game	1560287434419	1560287434429	OK	 
REQUEST	Video Game DB - Get All Video Games	16		Get All Video Games	1560287434419	1560287434430	OK	 
REQUEST	Video Game DB - Get All Video Games	3		Get All Video Games	1560287434478	1560287434483	OK	 
REQUEST	Video Game DB - Get All Video Games	33		Get All Video Games	1560287434879	1560287434884	OK	 
REQUEST	Video Game DB - Get All Video Games	28		Get All Video Games	1560287434889	1560287434893	OK	 
REQUEST	Video Game DB - Get All Video Games	13		Get All Video Games	1560287434898	1560287434903	OK	 
REQUEST	Video Game DB - Get All Video Games	18		Get All Video Games	1560287434898	1560287434903	OK	 
REQUEST	Video Game DB - Get All Video Games	23		Get All Video Games	1560287434898	1560287434904	OK	 
REQUEST	Video Game DB - Get All Video Games	8		Get All Video Games	1560287434918	1560287434923	OK	 
REQUEST	Video Game DB - Get All Video Games	4		Get All Video Games	1560287434929	1560287434934	OK	 
REQUEST	Video Game DB - Get All Video Games	34		Get All Video Games	1560287435478	1560287435484	OK	 
REQUEST	Video Game DB - Get All Video Games	1		Get All Video Games	1560287435478	1560287435484	OK	 
REQUEST	Video Game DB - Get All Video Games	5		Get All Video Games	1560287435488	1560287435492	OK	 
REQUEST	Video Game DB - Get All Video Games	19		Get All Video Games	1560287435499	1560287435505	OK	 
REQUEST	Video Game DB - Get All Video Games	9		Get All Video Games	1560287435499	1560287435506	OK	 
REQUEST	Video Game DB - Get All Video Games	24		Get All Video Games	1560287435499	1560287435506	OK	 
REQUEST	Video Game DB - Get All Video Games	29		Get All Video Games	1560287435499	1560287435509	OK	 
REQUEST	Video Game DB - Get All Video Games	14		Get All Video Games	1560287435499	1560287435509	OK	 
REQUEST	Video Game DB - Get All Video Games	35		Get All Video Games	1560287435879	1560287435885	OK	 
REQUEST	Video Game DB - Get All Video Games	30		Get All Video Games	1560287435879	1560287435885	OK	 
REQUEST	Video Game DB - Get All Video Games	25		Get All Video Games	1560287435888	1560287435892	OK	 
REQUEST	Video Game DB - Get All Video Games	20		Get All Video Games	1560287435888	1560287435895	OK	 
REQUEST	Video Game DB - Get All Video Games	10		Get All Video Games	1560287435908	1560287435913	OK	 
REQUEST	Video Game DB - Get All Video Games	15		Get All Video Games	1560287435908	1560287435913	OK	 
REQUEST	Video Game DB - Get All Video Games	6		Get All Video Games	1560287435919	1560287435922	OK	 
REQUEST	Video Game DB - Get All Video Games	2		Get All Video Games	1560287435929	1560287435933	OK	 
REQUEST	Video Game DB - Get Specific Video Game	32		Get Specific Video Game	1560287436379	1560287436384	OK	 
REQUEST	Video Game DB - Get All Video Games	31		Get All Video Games	1560287436388	1560287436393	OK	 
REQUEST	Video Game DB - Get All Video Games	26		Get All Video Games	1560287436409	1560287436414	OK	 
REQUEST	Video Game DB - Get Specific Video Game	27		Get Specific Video Game	1560287436409	1560287436414	OK	 
REQUEST	Video Game DB - Get Specific Video Game	17		Get Specific Video Game	1560287436419	1560287436424	OK	 
REQUEST	Video Game DB - Get All Video Games	21		Get All Video Games	1560287436419	1560287436425	OK	 
REQUEST	Video Game DB - Get All Video Games	11		Get All Video Games	1560287436428	1560287436434	OK	 
REQUEST	Video Game DB - Get All Video Games	7		Get All Video Games	1560287436428	1560287436434	OK	 
REQUEST	Video Game DB - Get Specific Video Game	22		Get Specific Video Game	1560287436428	1560287436434	OK	 
REQUEST	Video Game DB - Get Specific Video Game	12		Get Specific Video Game	1560287436439	1560287436445	OK	 
REQUEST	Video Game DB - Get All Video Games	16		Get All Video Games	1560287436439	1560287436445	OK	 
REQUEST	Video Game DB - Get All Video Games	3		Get All Video Games	1560287436489	1560287436493	OK	 
REQUEST	Video Game DB - Get All Video Games	33		Get All Video Games	1560287436878	1560287436884	OK	 
REQUEST	Video Game DB - Get All Video Games	28		Get All Video Games	1560287436889	1560287436894	OK	 
REQUEST	Video Game DB - Get All Video Games	23		Get All Video Games	1560287436899	1560287436905	OK	 
REQUEST	Video Game DB - Get All Video Games	13		Get All Video Games	1560287436908	1560287436915	OK	 
REQUEST	Video Game DB - Get All Video Games	18		Get All Video Games	1560287436908	1560287436915	OK	 
REQUEST	Video Game DB - Get All Video Games	8		Get All Video Games	1560287436919	1560287436923	OK	 
REQUEST	Video Game DB - Get All Video Games	4		Get All Video Games	1560287436939	1560287436944	OK	 
REQUEST	Video Game DB - Get All Video Games	1		Get All Video Games	1560287437488	1560287437493	OK	 
REQUEST	Video Game DB - Get All Video Games	5		Get All Video Games	1560287437488	1560287437494	OK	 
REQUEST	Video Game DB - Get All Video Games	34		Get All Video Games	1560287437488	1560287437494	OK	 
REQUEST	Video Game DB - Get All Video Games	24		Get All Video Games	1560287437498	1560287437505	OK	 
REQUEST	Video Game DB - Get All Video Games	9		Get All Video Games	1560287437498	1560287437505	OK	 
REQUEST	Video Game DB - Get All Video Games	19		Get All Video Games	1560287437509	1560287437514	OK	 
REQUEST	Video Game DB - Get All Video Games	29		Get All Video Games	1560287437509	1560287437515	OK	 
REQUEST	Video Game DB - Get All Video Games	14		Get All Video Games	1560287437519	1560287437523	OK	 
REQUEST	Video Game DB - Get All Video Games	35		Get All Video Games	1560287437878	1560287437885	OK	 
REQUEST	Video Game DB - Get All Video Games	30		Get All Video Games	1560287437888	1560287437894	OK	 
REQUEST	Video Game DB - Get All Video Games	25		Get All Video Games	1560287437888	1560287437894	OK	 
REQUEST	Video Game DB - Get All Video Games	20		Get All Video Games	1560287437899	1560287437903	OK	 
REQUEST	Video Game DB - Get All Video Games	15		Get All Video Games	1560287437909	1560287437914	OK	 
REQUEST	Video Game DB - Get All Video Games	10		Get All Video Games	1560287437909	1560287437914	OK	 
REQUEST	Video Game DB - Get All Video Games	6		Get All Video Games	1560287437928	1560287437935	OK	 
REQUEST	Video Game DB - Get All Video Games	2		Get All Video Games	1560287437938	1560287437943	OK	 
REQUEST	Video Game DB - Get Specific Video Game	32		Get Specific Video Game	1560287438388	1560287438396	OK	 
REQUEST	Video Game DB - Get All Video Games	31		Get All Video Games	1560287438398	1560287438403	OK	 
REQUEST	Video Game DB - Get Specific Video Game	27		Get Specific Video Game	1560287438409	1560287438413	OK	 
REQUEST	Video Game DB - Get Specific Video Game	17		Get Specific Video Game	1560287438418	1560287438425	OK	 
REQUEST	Video Game DB - Get All Video Games	21		Get All Video Games	1560287438418	1560287438425	OK	 
REQUEST	Video Game DB - Get All Video Games	26		Get All Video Games	1560287438418	1560287438425	OK	 
REQUEST	Video Game DB - Get Specific Video Game	22		Get Specific Video Game	1560287438428	1560287438432	OK	 
REQUEST	Video Game DB - Get All Video Games	7		Get All Video Games	1560287438438	1560287438444	OK	 
REQUEST	Video Game DB - Get Specific Video Game	12		Get Specific Video Game	1560287438438	1560287438444	OK	 
REQUEST	Video Game DB - Get All Video Games	11		Get All Video Games	1560287438438	1560287438445	OK	 
REQUEST	Video Game DB - Get All Video Games	16		Get All Video Games	1560287438438	1560287438445	OK	 
REQUEST	Video Game DB - Get All Video Games	3		Get All Video Games	1560287438489	1560287438493	OK	 
REQUEST	Video Game DB - Get All Video Games	33		Get All Video Games	1560287438889	1560287438895	OK	 
REQUEST	Video Game DB - Get All Video Games	28		Get All Video Games	1560287438899	1560287438903	OK	 
REQUEST	Video Game DB - Get All Video Games	18		Get All Video Games	1560287438908	1560287438914	OK	 
REQUEST	Video Game DB - Get All Video Games	23		Get All Video Games	1560287438908	1560287438914	OK	 
REQUEST	Video Game DB - Get All Video Games	13		Get All Video Games	1560287438908	1560287438914	OK	 
REQUEST	Video Game DB - Get All Video Games	8		Get All Video Games	1560287438929	1560287438933	OK	 
REQUEST	Video Game DB - Get All Video Games	4		Get All Video Games	1560287438939	1560287438944	OK	 
REQUEST	Video Game DB - Get All Video Games	5		Get All Video Games	1560287439499	1560287439505	OK	 
REQUEST	Video Game DB - Get All Video Games	9		Get All Video Games	1560287439499	1560287439505	OK	 
REQUEST	Video Game DB - Get All Video Games	1		Get All Video Games	1560287439499	1560287439507	OK	 
REQUEST	Video Game DB - Get All Video Games	34		Get All Video Games	1560287439499	1560287439507	OK	 
REQUEST	Video Game DB - Get All Video Games	29		Get All Video Games	1560287439508	1560287439512	OK	 
REQUEST	Video Game DB - Get All Video Games	24		Get All Video Games	1560287439508	1560287439515	OK	 
REQUEST	Video Game DB - Get All Video Games	19		Get All Video Games	1560287439518	1560287439522	OK	 
REQUEST	Video Game DB - Get All Video Games	14		Get All Video Games	1560287439518	1560287439526	OK	 
REQUEST	Video Game DB - Get All Video Games	35		Get All Video Games	1560287439888	1560287439893	OK	 
REQUEST	Video Game DB - Get All Video Games	30		Get All Video Games	1560287439898	1560287439905	OK	 
REQUEST	Video Game DB - Get All Video Games	25		Get All Video Games	1560287439898	1560287439906	OK	 
REQUEST	Video Game DB - Get All Video Games	20		Get All Video Games	1560287439898	1560287439907	OK	 
REQUEST	Video Game DB - Get All Video Games	15		Get All Video Games	1560287439909	1560287439913	OK	 
REQUEST	Video Game DB - Get All Video Games	10		Get All Video Games	1560287439919	1560287439927	OK	 
REQUEST	Video Game DB - Get All Video Games	6		Get All Video Games	1560287439929	1560287439933	OK	 
REQUEST	Video Game DB - Get All Video Games	2		Get All Video Games	1560287439938	1560287439945	OK	 
REQUEST	Video Game DB - Get Specific Video Game	32		Get Specific Video Game	1560287440388	1560287440393	OK	 
REQUEST	Video Game DB - Get All Video Games	31		Get All Video Games	1560287440399	1560287440403	OK	 
REQUEST	Video Game DB - Get Specific Video Game	27		Get Specific Video Game	1560287440419	1560287440425	OK	 
REQUEST	Video Game DB - Get All Video Games	26		Get All Video Games	1560287440419	1560287440425	OK	 
REQUEST	Video Game DB - Get All Video Games	21		Get All Video Games	1560287440428	1560287440433	OK	 
REQUEST	Video Game DB - Get Specific Video Game	17		Get Specific Video Game	1560287440428	1560287440433	OK	 
REQUEST	Video Game DB - Get All Video Games	11		Get All Video Games	1560287440439	1560287440447	OK	 
REQUEST	Video Game DB - Get Specific Video Game	22		Get Specific Video Game	1560287440439	1560287440448	OK	 
REQUEST	Video Game DB - Get All Video Games	7		Get All Video Games	1560287440439	1560287440450	OK	 
REQUEST	Video Game DB - Get Specific Video Game	12		Get Specific Video Game	1560287440439	1560287440450	OK	 
REQUEST	Video Game DB - Get All Video Games	16		Get All Video Games	1560287440449	1560287440454	OK	 
REQUEST	Video Game DB - Get All Video Games	3		Get All Video Games	1560287440499	1560287440505	OK	 
REQUEST	Video Game DB - Get All Video Games	33		Get All Video Games	1560287440889	1560287440894	OK	 
REQUEST	Video Game DB - Get All Video Games	28		Get All Video Games	1560287440899	1560287440903	OK	 
REQUEST	Video Game DB - Get All Video Games	18		Get All Video Games	1560287440918	1560287440923	OK	 
REQUEST	Video Game DB - Get All Video Games	23		Get All Video Games	1560287440918	1560287440923	OK	 
REQUEST	Video Game DB - Get All Video Games	13		Get All Video Games	1560287440918	1560287440923	OK	 
REQUEST	Video Game DB - Get All Video Games	8		Get All Video Games	1560287440928	1560287440934	OK	 
REQUEST	Video Game DB - Get All Video Games	4		Get All Video Games	1560287440949	1560287440953	OK	 
REQUEST	Video Game DB - Get All Video Games	5		Get All Video Games	1560287441499	1560287441505	OK	 
REQUEST	Video Game DB - Get All Video Games	1		Get All Video Games	1560287441499	1560287441505	OK	 
REQUEST	Video Game DB - Get All Video Games	34		Get All Video Games	1560287441499	1560287441505	OK	 
REQUEST	Video Game DB - Get All Video Games	9		Get All Video Games	1560287441509	1560287441512	OK	 
REQUEST	Video Game DB - Get All Video Games	29		Get All Video Games	1560287441519	1560287441524	OK	 
REQUEST	Video Game DB - Get All Video Games	14		Get All Video Games	1560287441519	1560287441527	OK	 
REQUEST	Video Game DB - Get All Video Games	24		Get All Video Games	1560287441519	1560287441527	OK	 
REQUEST	Video Game DB - Get All Video Games	19		Get All Video Games	1560287441519	1560287441527	OK	 
REQUEST	Video Game DB - Get All Video Games	25		Get All Video Games	1560287441899	1560287441905	OK	 
REQUEST	Video Game DB - Get All Video Games	35		Get All Video Games	1560287441899	1560287441905	OK	 
REQUEST	Video Game DB - Get All Video Games	30		Get All Video Games	1560287441899	1560287441905	OK	 
REQUEST	Video Game DB - Get All Video Games	20		Get All Video Games	1560287441909	1560287441913	OK	 
REQUEST	Video Game DB - Get All Video Games	10		Get All Video Games	1560287441918	1560287441923	OK	 
REQUEST	Video Game DB - Get All Video Games	15		Get All Video Games	1560287441918	1560287441924	OK	 
REQUEST	Video Game DB - Get All Video Games	6		Get All Video Games	1560287441938	1560287441943	OK	 
REQUEST	Video Game DB - Get All Video Games	2		Get All Video Games	1560287441949	1560287441953	OK	 
REQUEST	Video Game DB - Get Specific Video Game	32		Get Specific Video Game	1560287442398	1560287442403	OK	 
REQUEST	Video Game DB - Get All Video Games	31		Get All Video Games	1560287442409	1560287442414	OK	 
REQUEST	Video Game DB - Get Specific Video Game	27		Get Specific Video Game	1560287442419	1560287442423	OK	 
REQUEST	Video Game DB - Get All Video Games	26		Get All Video Games	1560287442428	1560287442434	OK	 
REQUEST	Video Game DB - Get Specific Video Game	17		Get Specific Video Game	1560287442428	1560287442434	OK	 
REQUEST	Video Game DB - Get All Video Games	21		Get All Video Games	1560287442438	1560287442443	OK	 
REQUEST	Video Game DB - Get All Video Games	11		Get All Video Games	1560287442449	1560287442453	OK	 
REQUEST	Video Game DB - Get Specific Video Game	22		Get Specific Video Game	1560287442449	1560287442454	OK	 
REQUEST	Video Game DB - Get All Video Games	16		Get All Video Games	1560287442449	1560287442455	OK	 
REQUEST	Video Game DB - Get Specific Video Game	12		Get Specific Video Game	1560287442459	1560287442465	OK	 
REQUEST	Video Game DB - Get All Video Games	7		Get All Video Games	1560287442459	1560287442465	OK	 
REQUEST	Video Game DB - Get All Video Games	3		Get All Video Games	1560287442498	1560287442502	OK	 
REQUEST	Video Game DB - Get All Video Games	28		Get All Video Games	1560287442899	1560287442904	OK	 
REQUEST	Video Game DB - Get All Video Games	33		Get All Video Games	1560287442899	1560287442904	OK	 
REQUEST	Video Game DB - Get All Video Games	23		Get All Video Games	1560287442918	1560287442923	OK	 
REQUEST	Video Game DB - Get All Video Games	13		Get All Video Games	1560287442929	1560287442933	OK	 
REQUEST	Video Game DB - Get All Video Games	18		Get All Video Games	1560287442929	1560287442933	OK	 
REQUEST	Video Game DB - Get All Video Games	8		Get All Video Games	1560287442939	1560287442945	OK	 
REQUEST	Video Game DB - Get All Video Games	4		Get All Video Games	1560287442948	1560287442953	OK	 
REQUEST	Video Game DB - Get All Video Games	34		Get All Video Games	1560287443509	1560287443516	OK	 
REQUEST	Video Game DB - Get All Video Games	5		Get All Video Games	1560287443509	1560287443516	OK	 
REQUEST	Video Game DB - Get All Video Games	1		Get All Video Games	1560287443509	1560287443517	OK	 
REQUEST	Video Game DB - Get All Video Games	24		Get All Video Games	1560287443519	1560287443526	OK	 
REQUEST	Video Game DB - Get All Video Games	19		Get All Video Games	1560287443519	1560287443526	OK	 
REQUEST	Video Game DB - Get All Video Games	9		Get All Video Games	1560287443519	1560287443527	OK	 
REQUEST	Video Game DB - Get All Video Games	29		Get All Video Games	1560287443528	1560287443535	OK	 
REQUEST	Video Game DB - Get All Video Games	14		Get All Video Games	1560287443528	1560287443535	OK	 
REQUEST	Video Game DB - Get All Video Games	35		Get All Video Games	1560287443899	1560287443903	OK	 
REQUEST	Video Game DB - Get All Video Games	30		Get All Video Games	1560287443909	1560287443913	OK	 
REQUEST	Video Game DB - Get All Video Games	25		Get All Video Games	1560287443909	1560287443915	OK	 
REQUEST	Video Game DB - Get All Video Games	20		Get All Video Games	1560287443918	1560287443923	OK	 
REQUEST	Video Game DB - Get All Video Games	15		Get All Video Games	1560287443928	1560287443934	OK	 
REQUEST	Video Game DB - Get All Video Games	10		Get All Video Games	1560287443928	1560287443934	OK	 
REQUEST	Video Game DB - Get All Video Games	6		Get All Video Games	1560287443938	1560287443943	OK	 
REQUEST	Video Game DB - Get All Video Games	2		Get All Video Games	1560287443949	1560287443954	OK	 
REQUEST	Video Game DB - Get All Video Games	31		Get All Video Games	1560287444409	1560287444415	OK	 
REQUEST	Video Game DB - Get Specific Video Game	32		Get Specific Video Game	1560287444409	1560287444415	OK	 
REQUEST	Video Game DB - Get All Video Games	26		Get All Video Games	1560287444428	1560287444434	OK	 
REQUEST	Video Game DB - Get Specific Video Game	27		Get Specific Video Game	1560287444428	1560287444434	OK	 
REQUEST	Video Game DB - Get All Video Games	21		Get All Video Games	1560287444438	1560287444443	OK	 
REQUEST	Video Game DB - Get Specific Video Game	17		Get Specific Video Game	1560287444438	1560287444443	OK	 
REQUEST	Video Game DB - Get Specific Video Game	22		Get Specific Video Game	1560287444449	1560287444453	OK	 
REQUEST	Video Game DB - Get All Video Games	7		Get All Video Games	1560287444459	1560287444464	OK	 
REQUEST	Video Game DB - Get Specific Video Game	12		Get Specific Video Game	1560287444459	1560287444464	OK	 
REQUEST	Video Game DB - Get All Video Games	16		Get All Video Games	1560287444459	1560287444465	OK	 
REQUEST	Video Game DB - Get All Video Games	11		Get All Video Games	1560287444459	1560287444465	OK	 
REQUEST	Video Game DB - Get All Video Games	3		Get All Video Games	1560287444508	1560287444512	OK	 
REQUEST	Video Game DB - Get All Video Games	33		Get All Video Games	1560287444909	1560287444914	OK	 
REQUEST	Video Game DB - Get All Video Games	28		Get All Video Games	1560287444909	1560287444914	OK	 
REQUEST	Video Game DB - Get All Video Games	18		Get All Video Games	1560287444928	1560287444933	OK	 
REQUEST	Video Game DB - Get All Video Games	23		Get All Video Games	1560287444929	1560287444934	OK	 
REQUEST	Video Game DB - Get All Video Games	13		Get All Video Games	1560287444928	1560287444934	OK	 
REQUEST	Video Game DB - Get All Video Games	8		Get All Video Games	1560287444939	1560287444942	OK	 
REQUEST	Video Game DB - Get All Video Games	4		Get All Video Games	1560287444959	1560287444964	OK	 
REQUEST	Video Game DB - Get All Video Games	1		Get All Video Games	1560287445509	1560287445516	OK	 
REQUEST	Video Game DB - Get All Video Games	5		Get All Video Games	1560287445518	1560287445525	OK	 
REQUEST	Video Game DB - Get All Video Games	9		Get All Video Games	1560287445518	1560287445525	OK	 
REQUEST	Video Game DB - Get All Video Games	34		Get All Video Games	1560287445518	1560287445525	OK	 
REQUEST	Video Game DB - Get All Video Games	24		Get All Video Games	1560287445528	1560287445535	OK	 
REQUEST	Video Game DB - Get All Video Games	19		Get All Video Games	1560287445528	1560287445535	OK	 
REQUEST	Video Game DB - Get All Video Games	29		Get All Video Games	1560287445528	1560287445535	OK	 
REQUEST	Video Game DB - Get All Video Games	14		Get All Video Games	1560287445539	1560287445543	OK	 
REQUEST	Video Game DB - Get All Video Games	35		Get All Video Games	1560287445909	1560287445913	OK	 
REQUEST	Video Game DB - Get All Video Games	25		Get All Video Games	1560287445918	1560287445923	OK	 
REQUEST	Video Game DB - Get All Video Games	20		Get All Video Games	1560287445918	1560287445924	OK	 
REQUEST	Video Game DB - Get All Video Games	30		Get All Video Games	1560287445918	1560287445924	OK	 
REQUEST	Video Game DB - Get All Video Games	15		Get All Video Games	1560287445928	1560287445932	OK	 
REQUEST	Video Game DB - Get All Video Games	10		Get All Video Games	1560287445938	1560287445943	OK	 
REQUEST	Video Game DB - Get All Video Games	6		Get All Video Games	1560287445948	1560287445952	OK	 
REQUEST	Video Game DB - Get All Video Games	2		Get All Video Games	1560287445959	1560287445963	OK	 
REQUEST	Video Game DB - Get Specific Video Game	32		Get Specific Video Game	1560287446408	1560287446413	OK	 
REQUEST	Video Game DB - Get All Video Games	31		Get All Video Games	1560287446419	1560287446423	OK	 
REQUEST	Video Game DB - Get Specific Video Game	27		Get Specific Video Game	1560287446429	1560287446432	OK	 
REQUEST	Video Game DB - Get All Video Games	26		Get All Video Games	1560287446439	1560287446444	OK	 
REQUEST	Video Game DB - Get Specific Video Game	17		Get Specific Video Game	1560287446448	1560287446453	OK	 
REQUEST	Video Game DB - Get All Video Games	21		Get All Video Games	1560287446448	1560287446453	OK	 
REQUEST	Video Game DB - Get Specific Video Game	22		Get Specific Video Game	1560287446458	1560287446466	OK	 
REQUEST	Video Game DB - Get All Video Games	11		Get All Video Games	1560287446458	1560287446467	OK	 
REQUEST	Video Game DB - Get All Video Games	16		Get All Video Games	1560287446458	1560287446467	OK	 
REQUEST	Video Game DB - Get Specific Video Game	12		Get Specific Video Game	1560287446469	1560287446473	OK	 
REQUEST	Video Game DB - Get All Video Games	7		Get All Video Games	1560287446469	1560287446473	OK	 
REQUEST	Video Game DB - Get All Video Games	3		Get All Video Games	1560287446508	1560287446514	OK	 
REQUEST	Video Game DB - Get All Video Games	33		Get All Video Games	1560287446908	1560287446913	OK	 
REQUEST	Video Game DB - Get All Video Games	28		Get All Video Games	1560287446908	1560287446913	OK	 
REQUEST	Video Game DB - Get All Video Games	23		Get All Video Games	1560287446929	1560287446933	OK	 
REQUEST	Video Game DB - Get All Video Games	13		Get All Video Games	1560287446939	1560287446947	OK	 
REQUEST	Video Game DB - Get All Video Games	18		Get All Video Games	1560287446939	1560287446947	OK	 
REQUEST	Video Game DB - Get All Video Games	8		Get All Video Games	1560287446948	1560287446952	OK	 
REQUEST	Video Game DB - Get All Video Games	4		Get All Video Games	1560287446958	1560287446965	OK	 
REQUEST	Video Game DB - Get All Video Games	5		Get All Video Games	1560287447518	1560287447523	OK	 
REQUEST	Video Game DB - Get All Video Games	1		Get All Video Games	1560287447518	1560287447523	OK	 
REQUEST	Video Game DB - Get All Video Games	34		Get All Video Games	1560287447528	1560287447534	OK	 
REQUEST	Video Game DB - Get All Video Games	9		Get All Video Games	1560287447528	1560287447534	OK	 
REQUEST	Video Game DB - Get All Video Games	24		Get All Video Games	1560287447539	1560287447543	OK	 
REQUEST	Video Game DB - Get All Video Games	19		Get All Video Games	1560287447539	1560287447544	OK	 
REQUEST	Video Game DB - Get All Video Games	29		Get All Video Games	1560287447539	1560287447544	OK	 
REQUEST	Video Game DB - Get All Video Games	14		Get All Video Games	1560287447549	1560287447553	OK	 
REQUEST	Video Game DB - Get All Video Games	35		Get All Video Games	1560287447909	1560287447915	OK	 
REQUEST	Video Game DB - Get All Video Games	25		Get All Video Games	1560287447919	1560287447923	OK	 
REQUEST	Video Game DB - Get All Video Games	30		Get All Video Games	1560287447919	1560287447923	OK	 
REQUEST	Video Game DB - Get All Video Games	20		Get All Video Games	1560287447928	1560287447932	OK	 
REQUEST	Video Game DB - Get All Video Games	15		Get All Video Games	1560287447938	1560287447944	OK	 
REQUEST	Video Game DB - Get All Video Games	10		Get All Video Games	1560287447938	1560287447944	OK	 
REQUEST	Video Game DB - Get All Video Games	6		Get All Video Games	1560287447948	1560287447954	OK	 
REQUEST	Video Game DB - Get All Video Games	2		Get All Video Games	1560287447958	1560287447962	OK	 
REQUEST	Video Game DB - Get Specific Video Game	32		Get Specific Video Game	1560287448418	1560287448422	OK	 
REQUEST	Video Game DB - Get All Video Games	31		Get All Video Games	1560287448418	1560287448422	OK	 
REQUEST	Video Game DB - Get Specific Video Game	27		Get Specific Video Game	1560287448439	1560287448443	OK	 
REQUEST	Video Game DB - Get All Video Games	21		Get All Video Games	1560287448449	1560287448454	OK	 
REQUEST	Video Game DB - Get All Video Games	26		Get All Video Games	1560287448449	1560287448454	OK	 
REQUEST	Video Game DB - Get Specific Video Game	17		Get Specific Video Game	1560287448449	1560287448454	OK	 
REQUEST	Video Game DB - Get All Video Games	7		Get All Video Games	1560287448468	1560287448473	OK	 
REQUEST	Video Game DB - Get All Video Games	16		Get All Video Games	1560287448468	1560287448475	OK	 
REQUEST	Video Game DB - Get All Video Games	11		Get All Video Games	1560287448468	1560287448476	OK	 
REQUEST	Video Game DB - Get Specific Video Game	22		Get Specific Video Game	1560287448468	1560287448476	OK	 
REQUEST	Video Game DB - Get Specific Video Game	12		Get Specific Video Game	1560287448468	1560287448477	OK	 
REQUEST	Video Game DB - Get All Video Games	3		Get All Video Games	1560287448518	1560287448522	OK	 
REQUEST	Video Game DB - Get All Video Games	28		Get All Video Games	1560287448919	1560287448925	OK	 
REQUEST	Video Game DB - Get All Video Games	33		Get All Video Games	1560287448919	1560287448925	OK	 
REQUEST	Video Game DB - Get All Video Games	23		Get All Video Games	1560287448938	1560287448943	OK	 
REQUEST	Video Game DB - Get All Video Games	18		Get All Video Games	1560287448938	1560287448943	OK	 
REQUEST	Video Game DB - Get All Video Games	13		Get All Video Games	1560287448938	1560287448944	OK	 
REQUEST	Video Game DB - Get All Video Games	8		Get All Video Games	1560287448948	1560287448954	OK	 
REQUEST	Video Game DB - Get All Video Games	4		Get All Video Games	1560287448969	1560287448973	OK	 
REQUEST	Video Game DB - Get All Video Games	1		Get All Video Games	1560287449528	1560287449533	OK	 
REQUEST	Video Game DB - Get All Video Games	5		Get All Video Games	1560287449529	1560287449533	OK	 
REQUEST	Video Game DB - Get All Video Games	34		Get All Video Games	1560287449529	1560287449534	OK	 
REQUEST	Video Game DB - Get All Video Games	9		Get All Video Games	1560287449529	1560287449534	OK	 
REQUEST	Video Game DB - Get All Video Games	14		Get All Video Games	1560287449549	1560287449556	OK	 
REQUEST	Video Game DB - Get All Video Games	29		Get All Video Games	1560287449549	1560287449557	OK	 
REQUEST	Video Game DB - Get All Video Games	24		Get All Video Games	1560287449549	1560287449556	OK	 
REQUEST	Video Game DB - Get All Video Games	19		Get All Video Games	1560287449549	1560287449556	OK	 
REQUEST	Video Game DB - Get All Video Games	35		Get All Video Games	1560287449918	1560287449923	OK	 
REQUEST	Video Game DB - Get All Video Games	30		Get All Video Games	1560287449928	1560287449933	OK	 
REQUEST	Video Game DB - Get All Video Games	25		Get All Video Games	1560287449928	1560287449933	OK	 
REQUEST	Video Game DB - Get All Video Games	15		Get All Video Games	1560287449938	1560287449943	OK	 
REQUEST	Video Game DB - Get All Video Games	20		Get All Video Games	1560287449938	1560287449943	OK	 
REQUEST	Video Game DB - Get All Video Games	10		Get All Video Games	1560287449949	1560287449955	OK	 
REQUEST	Video Game DB - Get All Video Games	6		Get All Video Games	1560287449959	1560287449963	OK	 
REQUEST	Video Game DB - Get All Video Games	2		Get All Video Games	1560287449968	1560287449973	OK	 
REQUEST	Video Game DB - Get Specific Video Game	32		Get Specific Video Game	1560287450418	1560287450423	OK	 
REQUEST	Video Game DB - Get All Video Games	31		Get All Video Games	1560287450428	1560287450436	OK	 
REQUEST	Video Game DB - Get Specific Video Game	27		Get Specific Video Game	1560287450439	1560287450443	OK	 
REQUEST	Video Game DB - Get All Video Games	26		Get All Video Games	1560287450449	1560287450453	OK	 
REQUEST	Video Game DB - Get All Video Games	21		Get All Video Games	1560287450458	1560287450464	OK	 
REQUEST	Video Game DB - Get Specific Video Game	17		Get Specific Video Game	1560287450458	1560287450464	OK	 
REQUEST	Video Game DB - Get Specific Video Game	22		Get Specific Video Game	1560287450468	1560287450473	OK	 
REQUEST	Video Game DB - Get All Video Games	7		Get All Video Games	1560287450478	1560287450484	OK	 
REQUEST	Video Game DB - Get All Video Games	11		Get All Video Games	1560287450478	1560287450484	OK	 
REQUEST	Video Game DB - Get All Video Games	16		Get All Video Games	1560287450478	1560287450484	OK	 
REQUEST	Video Game DB - Get Specific Video Game	12		Get Specific Video Game	1560287450478	1560287450485	OK	 
REQUEST	Video Game DB - Get All Video Games	3		Get All Video Games	1560287450518	1560287450524	OK	 
REQUEST	Video Game DB - Get All Video Games	33		Get All Video Games	1560287450919	1560287450922	OK	 
REQUEST	Video Game DB - Get All Video Games	28		Get All Video Games	1560287450929	1560287450932	OK	 
REQUEST	Video Game DB - Get All Video Games	23		Get All Video Games	1560287450938	1560287450942	OK	 
REQUEST	Video Game DB - Get All Video Games	18		Get All Video Games	1560287450948	1560287450954	OK	 
REQUEST	Video Game DB - Get All Video Games	13		Get All Video Games	1560287450948	1560287450954	OK	 
REQUEST	Video Game DB - Get All Video Games	8		Get All Video Games	1560287450958	1560287450963	OK	 
REQUEST	Video Game DB - Get All Video Games	4		Get All Video Games	1560287450968	1560287450973	OK	 
REQUEST	Video Game DB - Get All Video Games	1		Get All Video Games	1560287451538	1560287451546	OK	 
REQUEST	Video Game DB - Get All Video Games	5		Get All Video Games	1560287451538	1560287451546	OK	 
REQUEST	Video Game DB - Get All Video Games	9		Get All Video Games	1560287451538	1560287451546	OK	 
REQUEST	Video Game DB - Get All Video Games	34		Get All Video Games	1560287451538	1560287451547	OK	 
REQUEST	Video Game DB - Get All Video Games	24		Get All Video Games	1560287451549	1560287451553	OK	 
REQUEST	Video Game DB - Get All Video Games	29		Get All Video Games	1560287451549	1560287451554	OK	 
REQUEST	Video Game DB - Get All Video Games	14		Get All Video Games	1560287451549	1560287451554	OK	 
REQUEST	Video Game DB - Get All Video Games	19		Get All Video Games	1560287451549	1560287451555	OK	 
REQUEST	Video Game DB - Get All Video Games	30		Get All Video Games	1560287451928	1560287451933	OK	 
REQUEST	Video Game DB - Get All Video Games	35		Get All Video Games	1560287451928	1560287451933	OK	 
REQUEST	Video Game DB - Get All Video Games	25		Get All Video Games	1560287451928	1560287451933	OK	 
REQUEST	Video Game DB - Get All Video Games	20		Get All Video Games	1560287451938	1560287451942	OK	 
REQUEST	Video Game DB - Get All Video Games	10		Get All Video Games	1560287451949	1560287451955	OK	 
REQUEST	Video Game DB - Get All Video Games	15		Get All Video Games	1560287451949	1560287451955	OK	 
REQUEST	Video Game DB - Get All Video Games	6		Get All Video Games	1560287451959	1560287451963	OK	 
REQUEST	Video Game DB - Get All Video Games	2		Get All Video Games	1560287451968	1560287451973	OK	 
REQUEST	Video Game DB - Get All Video Games	31		Get All Video Games	1560287452429	1560287452434	OK	 
REQUEST	Video Game DB - Get Specific Video Game	32		Get Specific Video Game	1560287452429	1560287452434	OK	 
REQUEST	Video Game DB - Get Specific Video Game	27		Get Specific Video Game	1560287452448	1560287452453	OK	 
REQUEST	Video Game DB - Get All Video Games	26		Get All Video Games	1560287452459	1560287452466	OK	 
REQUEST	Video Game DB - Get Specific Video Game	17		Get Specific Video Game	1560287452459	1560287452466	OK	 
REQUEST	Video Game DB - Get All Video Games	21		Get All Video Games	1560287452459	1560287452466	OK	 
REQUEST	Video Game DB - Get All Video Games	7		Get All Video Games	1560287452479	1560287452484	OK	 
REQUEST	Video Game DB - Get Specific Video Game	22		Get Specific Video Game	1560287452479	1560287452484	OK	 
REQUEST	Video Game DB - Get All Video Games	11		Get All Video Games	1560287452488	1560287452493	OK	 
REQUEST	Video Game DB - Get All Video Games	16		Get All Video Games	1560287452488	1560287452494	OK	 
REQUEST	Video Game DB - Get Specific Video Game	12		Get Specific Video Game	1560287452488	1560287452494	OK	 
REQUEST	Video Game DB - Get All Video Games	3		Get All Video Games	1560287452529	1560287452532	OK	 
REQUEST	Video Game DB - Get All Video Games	33		Get All Video Games	1560287452928	1560287452935	OK	 
REQUEST	Video Game DB - Get All Video Games	28		Get All Video Games	1560287452928	1560287452935	OK	 
REQUEST	Video Game DB - Get All Video Games	23		Get All Video Games	1560287452949	1560287452955	OK	 
REQUEST	Video Game DB - Get All Video Games	18		Get All Video Games	1560287452949	1560287452955	OK	 
REQUEST	Video Game DB - Get All Video Games	8		Get All Video Games	1560287452959	1560287452962	OK	 
REQUEST	Video Game DB - Get All Video Games	13		Get All Video Games	1560287452959	1560287452963	OK	 
REQUEST	Video Game DB - Get All Video Games	4		Get All Video Games	1560287452978	1560287453039	OK	 
REQUEST	Video Game DB - Get All Video Games	1		Get All Video Games	1560287453538	1560287453545	OK	 
REQUEST	Video Game DB - Get All Video Games	5		Get All Video Games	1560287453538	1560287453545	OK	 
REQUEST	Video Game DB - Get All Video Games	34		Get All Video Games	1560287453549	1560287453553	OK	 
REQUEST	Video Game DB - Get All Video Games	9		Get All Video Games	1560287453549	1560287453553	OK	 
REQUEST	Video Game DB - Get All Video Games	29		Get All Video Games	1560287453559	1560287453564	OK	 
REQUEST	Video Game DB - Get All Video Games	19		Get All Video Games	1560287453559	1560287453564	OK	 
REQUEST	Video Game DB - Get All Video Games	24		Get All Video Games	1560287453559	1560287453565	OK	 
REQUEST	Video Game DB - Get All Video Games	14		Get All Video Games	1560287453559	1560287453565	OK	 
REQUEST	Video Game DB - Get All Video Games	35		Get All Video Games	1560287453929	1560287453933	OK	 
REQUEST	Video Game DB - Get All Video Games	20		Get All Video Games	1560287453938	1560287453945	OK	 
REQUEST	Video Game DB - Get All Video Games	25		Get All Video Games	1560287453938	1560287453945	OK	 
REQUEST	Video Game DB - Get All Video Games	30		Get All Video Games	1560287453938	1560287453946	OK	 
REQUEST	Video Game DB - Get All Video Games	15		Get All Video Games	1560287453948	1560287453953	OK	 
REQUEST	Video Game DB - Get All Video Games	10		Get All Video Games	1560287453958	1560287453963	OK	 
REQUEST	Video Game DB - Get All Video Games	6		Get All Video Games	1560287453969	1560287453973	OK	 
REQUEST	Video Game DB - Get All Video Games	2		Get All Video Games	1560287453978	1560287453983	OK	 
REQUEST	Video Game DB - Get Specific Video Game	32		Get Specific Video Game	1560287454428	1560287454433	OK	 
REQUEST	Video Game DB - Get All Video Games	31		Get All Video Games	1560287454439	1560287454443	OK	 
REQUEST	Video Game DB - Get Specific Video Game	27		Get Specific Video Game	1560287454449	1560287454453	OK	 
REQUEST	Video Game DB - Get All Video Games	26		Get All Video Games	1560287454458	1560287454463	OK	 
REQUEST	Video Game DB - Get Specific Video Game	17		Get Specific Video Game	1560287454468	1560287454475	OK	 
REQUEST	Video Game DB - Get All Video Games	21		Get All Video Games	1560287454468	1560287454475	OK	 
REQUEST	Video Game DB - Get Specific Video Game	22		Get Specific Video Game	1560287454489	1560287454494	OK	 
REQUEST	Video Game DB - Get All Video Games	16		Get All Video Games	1560287454489	1560287454494	OK	 
REQUEST	Video Game DB - Get All Video Games	7		Get All Video Games	1560287454489	1560287454495	OK	 
REQUEST	Video Game DB - Get Specific Video Game	12		Get Specific Video Game	1560287454489	1560287454495	OK	 
REQUEST	Video Game DB - Get All Video Games	11		Get All Video Games	1560287454499	1560287454503	OK	 
REQUEST	Video Game DB - Get All Video Games	3		Get All Video Games	1560287454528	1560287454532	OK	 
REQUEST	Video Game DB - Get All Video Games	33		Get All Video Games	1560287454929	1560287454933	OK	 
REQUEST	Video Game DB - Get All Video Games	28		Get All Video Games	1560287454938	1560287454942	OK	 
REQUEST	Video Game DB - Get All Video Games	23		Get All Video Games	1560287454948	1560287454953	OK	 
REQUEST	Video Game DB - Get All Video Games	18		Get All Video Games	1560287454958	1560287454963	OK	 
REQUEST	Video Game DB - Get All Video Games	13		Get All Video Games	1560287454958	1560287454963	OK	 
REQUEST	Video Game DB - Get All Video Games	8		Get All Video Games	1560287454958	1560287454964	OK	 
REQUEST	Video Game DB - Get All Video Games	4		Get All Video Games	1560287455038	1560287455042	OK	 
REQUEST	Video Game DB - Get All Video Games	9		Get All Video Games	1560287455548	1560287455555	OK	 
REQUEST	Video Game DB - Get All Video Games	5		Get All Video Games	1560287455548	1560287455555	OK	 
REQUEST	Video Game DB - Get All Video Games	1		Get All Video Games	1560287455548	1560287455557	OK	 
REQUEST	Video Game DB - Get All Video Games	34		Get All Video Games	1560287455548	1560287455557	OK	 
REQUEST	Video Game DB - Get All Video Games	24		Get All Video Games	1560287455558	1560287455563	OK	 
REQUEST	Video Game DB - Get All Video Games	29		Get All Video Games	1560287455558	1560287455563	OK	 
REQUEST	Video Game DB - Get All Video Games	19		Get All Video Games	1560287455569	1560287455574	OK	 
REQUEST	Video Game DB - Get All Video Games	14		Get All Video Games	1560287455569	1560287455576	OK	 
REQUEST	Video Game DB - Get All Video Games	35		Get All Video Games	1560287455928	1560287455933	OK	 
REQUEST	Video Game DB - Get All Video Games	25		Get All Video Games	1560287455938	1560287455944	OK	 
REQUEST	Video Game DB - Get All Video Games	30		Get All Video Games	1560287455938	1560287455944	OK	 
REQUEST	Video Game DB - Get All Video Games	20		Get All Video Games	1560287455949	1560287455952	OK	 
REQUEST	Video Game DB - Get All Video Games	15		Get All Video Games	1560287455959	1560287455963	OK	 
REQUEST	Video Game DB - Get All Video Games	6		Get All Video Games	1560287455968	1560287455987	OK	 
REQUEST	Video Game DB - Get All Video Games	10		Get All Video Games	1560287455968	1560287455987	OK	 
REQUEST	Video Game DB - Get All Video Games	2		Get All Video Games	1560287455978	1560287455988	OK	 
REQUEST	Video Game DB - Get Specific Video Game	32		Get Specific Video Game	1560287456438	1560287456443	OK	 
REQUEST	Video Game DB - Get All Video Games	31		Get All Video Games	1560287456448	1560287456454	OK	 
REQUEST	Video Game DB - Get Specific Video Game	27		Get Specific Video Game	1560287456458	1560287456462	OK	 
REQUEST	Video Game DB - Get All Video Games	26		Get All Video Games	1560287456468	1560287456473	OK	 
REQUEST	Video Game DB - Get Specific Video Game	17		Get Specific Video Game	1560287456479	1560287456484	OK	 
REQUEST	Video Game DB - Get All Video Games	21		Get All Video Games	1560287456479	1560287456484	OK	 
REQUEST	Video Game DB - Get All Video Games	7		Get All Video Games	1560287456489	1560287456494	OK	 
REQUEST	Video Game DB - Get Specific Video Game	22		Get Specific Video Game	1560287456489	1560287456495	OK	 
REQUEST	Video Game DB - Get All Video Games	11		Get All Video Games	1560287456498	1560287456503	OK	 
REQUEST	Video Game DB - Get All Video Games	16		Get All Video Games	1560287456498	1560287456503	OK	 
REQUEST	Video Game DB - Get Specific Video Game	12		Get Specific Video Game	1560287456498	1560287456504	OK	 
REQUEST	Video Game DB - Get All Video Games	3		Get All Video Games	1560287456538	1560287456542	OK	 
REQUEST	Video Game DB - Get All Video Games	28		Get All Video Games	1560287456938	1560287456943	OK	 
REQUEST	Video Game DB - Get All Video Games	33		Get All Video Games	1560287456938	1560287456943	OK	 
REQUEST	Video Game DB - Get All Video Games	23		Get All Video Games	1560287456959	1560287456963	OK	 
REQUEST	Video Game DB - Get All Video Games	18		Get All Video Games	1560287456968	1560287456973	OK	 
REQUEST	Video Game DB - Get All Video Games	13		Get All Video Games	1560287456968	1560287456974	OK	 
REQUEST	Video Game DB - Get All Video Games	8		Get All Video Games	1560287456968	1560287456974	OK	 
REQUEST	Video Game DB - Get All Video Games	4		Get All Video Games	1560287457038	1560287457044	OK	 
REQUEST	Video Game DB - Get All Video Games	5		Get All Video Games	1560287457558	1560287457564	OK	 
REQUEST	Video Game DB - Get All Video Games	34		Get All Video Games	1560287457558	1560287457564	OK	 
REQUEST	Video Game DB - Get All Video Games	1		Get All Video Games	1560287457559	1560287457565	OK	 
REQUEST	Video Game DB - Get All Video Games	9		Get All Video Games	1560287457559	1560287457565	OK	 
REQUEST	Video Game DB - Get All Video Games	19		Get All Video Games	1560287457569	1560287457575	OK	 
REQUEST	Video Game DB - Get All Video Games	14		Get All Video Games	1560287457569	1560287457575	OK	 
REQUEST	Video Game DB - Get All Video Games	24		Get All Video Games	1560287457569	1560287457576	OK	 
REQUEST	Video Game DB - Get All Video Games	29		Get All Video Games	1560287457569	1560287457576	OK	 
REQUEST	Video Game DB - Get All Video Games	35		Get All Video Games	1560287457938	1560287457944	OK	 
REQUEST	Video Game DB - Get All Video Games	30		Get All Video Games	1560287457948	1560287457954	OK	 
REQUEST	Video Game DB - Get All Video Games	25		Get All Video Games	1560287457948	1560287457955	OK	 
REQUEST	Video Game DB - Get All Video Games	20		Get All Video Games	1560287457948	1560287457955	OK	 
REQUEST	Video Game DB - Get All Video Games	15		Get All Video Games	1560287457958	1560287457962	OK	 
REQUEST	Video Game DB - Get All Video Games	10		Get All Video Games	1560287457979	1560287457987	OK	 
REQUEST	Video Game DB - Get All Video Games	6		Get All Video Games	1560287457988	1560287457996	OK	 
REQUEST	Video Game DB - Get All Video Games	2		Get All Video Games	1560287457988	1560287457996	OK	 
