RUN	simulations.FixedDurationLoadSimulation		fixeddurationloadsimulation	1560273877988	 	2.0
USER	Video Game DB	10	START	1560273884301	1560273884301
USER	Video Game DB	8	START	1560273884301	1560273884301
USER	Video Game DB	7	START	1560273884301	1560273884301
USER	Video Game DB	11	START	1560273884305	1560273884305
USER	Video Game DB	4	START	1560273884301	1560273884301
USER	Video Game DB	3	START	1560273884301	1560273884301
USER	Video Game DB	9	START	1560273884305	1560273884305
USER	Video Game DB	6	START	1560273884301	1560273884301
USER	Video Game DB	2	START	1560273884305	1560273884305
USER	Video Game DB	5	START	1560273884301	1560273884301
USER	Video Game DB	1	START	1560273884301	1560273884301
REQUEST	Video Game DB	7		Get All Videogames	1560273884340	1560273884406	OK	 
REQUEST	Video Game DB	11		Get All Videogames	1560273884341	1560273884406	OK	 
REQUEST	Video Game DB	6		Get All Videogames	1560273884341	1560273884419	OK	 
REQUEST	Video Game DB	2		Get All Videogames	1560273884341	1560273884410	OK	 
REQUEST	Video Game DB	4		Get All Videogames	1560273884340	1560273884427	OK	 
REQUEST	Video Game DB	3		Get All Videogames	1560273884341	1560273884431	OK	 
REQUEST	Video Game DB	9		Get All Videogames	1560273884341	1560273884432	OK	 
REQUEST	Video Game DB	10		Get All Videogames	1560273884340	1560273884436	OK	 
REQUEST	Video Game DB	5		Get All Videogames	1560273884341	1560273884443	OK	 
REQUEST	Video Game DB	8		Get All Videogames	1560273884340	1560273884452	OK	 
REQUEST	Video Game DB	1		Get All Videogames	1560273884341	1560273884457	OK	 
USER	Video Game DB	12	START	1560273884794	1560273884794
REQUEST	Video Game DB	12		Get All Videogames	1560273884795	1560273884810	OK	 
USER	Video Game DB	13	START	1560273885294	1560273885294
REQUEST	Video Game DB	13		Get All Videogames	1560273885294	1560273885303	OK	 
USER	Video Game DB	14	START	1560273885794	1560273885794
REQUEST	Video Game DB	14		Get All Videogames	1560273885795	1560273885808	OK	 
USER	Video Game DB	15	START	1560273886294	1560273886294
REQUEST	Video Game DB	15		Get All Videogames	1560273886295	1560273886309	OK	 
USER	Video Game DB	16	START	1560273887294	1560273887294
REQUEST	Video Game DB	16		Get All Videogames	1560273887295	1560273887306	OK	 
USER	Video Game DB	17	START	1560273887794	1560273887794
REQUEST	Video Game DB	17		Get All Videogames	1560273887795	1560273887807	OK	 
USER	Video Game DB	18	START	1560273888294	1560273888294
REQUEST	Video Game DB	18		Get All Videogames	1560273888295	1560273888306	OK	 
USER	Video Game DB	19	START	1560273888794	1560273888794
REQUEST	Video Game DB	19		Get All Videogames	1560273888795	1560273888806	OK	 
USER	Video Game DB	20	START	1560273889294	1560273889294
REQUEST	Video Game DB	20		Get All Videogames	1560273889294	1560273889304	OK	 
REQUEST	Video Game DB	7		Get Specific Videogame	1560273889425	1560273889440	OK	 
REQUEST	Video Game DB	11		Get Specific Videogame	1560273889425	1560273889440	OK	 
REQUEST	Video Game DB	6		Get Specific Videogame	1560273889435	1560273889443	OK	 
REQUEST	Video Game DB	2		Get Specific Videogame	1560273889425	1560273889447	OK	 
REQUEST	Video Game DB	3		Get Specific Videogame	1560273889444	1560273889457	OK	 
REQUEST	Video Game DB	4		Get Specific Videogame	1560273889444	1560273889457	OK	 
REQUEST	Video Game DB	9		Get Specific Videogame	1560273889444	1560273889457	OK	 
REQUEST	Video Game DB	10		Get Specific Videogame	1560273889455	1560273889463	OK	 
REQUEST	Video Game DB	5		Get Specific Videogame	1560273889455	1560273889463	OK	 
REQUEST	Video Game DB	8		Get Specific Videogame	1560273889465	1560273889473	OK	 
REQUEST	Video Game DB	1		Get Specific Videogame	1560273889474	1560273889481	OK	 
REQUEST	Video Game DB	12		Get Specific Videogame	1560273889824	1560273889831	OK	 
USER	Video Game DB	21	START	1560273890294	1560273890294
REQUEST	Video Game DB	21		Get All Videogames	1560273890295	1560273890304	OK	 
REQUEST	Video Game DB	13		Get Specific Videogame	1560273890314	1560273890323	OK	 
USER	Video Game DB	22	START	1560273890794	1560273890794
REQUEST	Video Game DB	22		Get All Videogames	1560273890795	1560273890807	OK	 
REQUEST	Video Game DB	14		Get Specific Videogame	1560273890824	1560273890831	OK	 
USER	Video Game DB	23	START	1560273891294	1560273891294
REQUEST	Video Game DB	23		Get All Videogames	1560273891295	1560273891306	OK	 
REQUEST	Video Game DB	15		Get Specific Videogame	1560273891324	1560273891332	OK	 
USER	Video Game DB	24	START	1560273891794	1560273891794
REQUEST	Video Game DB	24		Get All Videogames	1560273891795	1560273891806	OK	 
USER	Video Game DB	25	START	1560273892294	1560273892294
REQUEST	Video Game DB	25		Get All Videogames	1560273892295	1560273892306	OK	 
REQUEST	Video Game DB	16		Get Specific Videogame	1560273892325	1560273892332	OK	 
REQUEST	Video Game DB	17		Get Specific Videogame	1560273892824	1560273892831	OK	 
USER	Video Game DB	26	START	1560273893294	1560273893294
REQUEST	Video Game DB	26		Get All Videogames	1560273893295	1560273893305	OK	 
REQUEST	Video Game DB	18		Get Specific Videogame	1560273893324	1560273893332	OK	 
USER	Video Game DB	27	START	1560273893794	1560273893794
REQUEST	Video Game DB	27		Get All Videogames	1560273893795	1560273893806	OK	 
REQUEST	Video Game DB	19		Get Specific Videogame	1560273893824	1560273893832	OK	 
USER	Video Game DB	28	START	1560273894294	1560273894294
REQUEST	Video Game DB	28		Get All Videogames	1560273894295	1560273894306	OK	 
REQUEST	Video Game DB	20		Get Specific Videogame	1560273894324	1560273894332	OK	 
REQUEST	Video Game DB	11		Get All Videogames	1560273894445	1560273894456	OK	 
REQUEST	Video Game DB	7		Get All Videogames	1560273894445	1560273894456	OK	 
REQUEST	Video Game DB	2		Get All Videogames	1560273894455	1560273894462	OK	 
REQUEST	Video Game DB	6		Get All Videogames	1560273894455	1560273894465	OK	 
REQUEST	Video Game DB	11		Get All Videogames	1560273894458	1560273894467	OK	 
REQUEST	Video Game DB	7		Get All Videogames	1560273894458	1560273894469	OK	 
REQUEST	Video Game DB	2		Get All Videogames	1560273894464	1560273894484	OK	 
REQUEST	Video Game DB	9		Get All Videogames	1560273894465	1560273894487	OK	 
REQUEST	Video Game DB	4		Get All Videogames	1560273894465	1560273894487	OK	 
REQUEST	Video Game DB	10		Get All Videogames	1560273894465	1560273894487	OK	 
REQUEST	Video Game DB	6		Get All Videogames	1560273894467	1560273894489	OK	 
REQUEST	Video Game DB	3		Get All Videogames	1560273894465	1560273894489	OK	 
REQUEST	Video Game DB	5		Get All Videogames	1560273894474	1560273894498	OK	 
REQUEST	Video Game DB	8		Get All Videogames	1560273894484	1560273894510	OK	 
REQUEST	Video Game DB	1		Get All Videogames	1560273894484	1560273894514	OK	 
REQUEST	Video Game DB	9		Get All Videogames	1560273894488	1560273894518	OK	 
REQUEST	Video Game DB	4		Get All Videogames	1560273894488	1560273894518	OK	 
REQUEST	Video Game DB	10		Get All Videogames	1560273894489	1560273894519	OK	 
REQUEST	Video Game DB	3		Get All Videogames	1560273894491	1560273894521	OK	 
REQUEST	Video Game DB	5		Get All Videogames	1560273894499	1560273894524	OK	 
REQUEST	Video Game DB	8		Get All Videogames	1560273894512	1560273894525	OK	 
REQUEST	Video Game DB	1		Get All Videogames	1560273894516	1560273894527	OK	 
USER	Video Game DB	29	START	1560273894794	1560273894794
REQUEST	Video Game DB	29		Get All Videogames	1560273894794	1560273894828	OK	 
REQUEST	Video Game DB	12		Get All Videogames	1560273894834	1560273894841	OK	 
REQUEST	Video Game DB	12		Get All Videogames	1560273894843	1560273894849	OK	 
USER	Video Game DB	30	START	1560273895294	1560273895294
REQUEST	Video Game DB	30		Get All Videogames	1560273895294	1560273895303	OK	 
REQUEST	Video Game DB	21		Get Specific Videogame	1560273895324	1560273895333	OK	 
REQUEST	Video Game DB	13		Get All Videogames	1560273895334	1560273895341	OK	 
REQUEST	Video Game DB	13		Get All Videogames	1560273895343	1560273895349	OK	 
REQUEST	Video Game DB	22		Get Specific Videogame	1560273895824	1560273895831	OK	 
REQUEST	Video Game DB	14		Get All Videogames	1560273895835	1560273895844	OK	 
REQUEST	Video Game DB	14		Get All Videogames	1560273895845	1560273895851	OK	 
USER	Video Game DB	31	START	1560273896294	1560273896294
REQUEST	Video Game DB	31		Get All Videogames	1560273896295	1560273896306	OK	 
REQUEST	Video Game DB	23		Get Specific Videogame	1560273896325	1560273896331	OK	 
REQUEST	Video Game DB	15		Get All Videogames	1560273896335	1560273896341	OK	 
REQUEST	Video Game DB	15		Get All Videogames	1560273896343	1560273896349	OK	 
USER	Video Game DB	32	START	1560273896794	1560273896794
REQUEST	Video Game DB	32		Get All Videogames	1560273896794	1560273896806	OK	 
REQUEST	Video Game DB	24		Get Specific Videogame	1560273896824	1560273896830	OK	 
USER	Video Game DB	33	START	1560273897294	1560273897294
REQUEST	Video Game DB	33		Get All Videogames	1560273897295	1560273897305	OK	 
REQUEST	Video Game DB	16		Get All Videogames	1560273897324	1560273897332	OK	 
REQUEST	Video Game DB	25		Get Specific Videogame	1560273897324	1560273897332	OK	 
REQUEST	Video Game DB	16		Get All Videogames	1560273897334	1560273897339	OK	 
USER	Video Game DB	34	START	1560273897794	1560273897794
REQUEST	Video Game DB	34		Get All Videogames	1560273897794	1560273897804	OK	 
REQUEST	Video Game DB	17		Get All Videogames	1560273897835	1560273897842	OK	 
REQUEST	Video Game DB	17		Get All Videogames	1560273897843	1560273897849	OK	 
USER	Video Game DB	35	START	1560273898294	1560273898294
REQUEST	Video Game DB	35		Get All Videogames	1560273898294	1560273898303	OK	 
REQUEST	Video Game DB	26		Get Specific Videogame	1560273898325	1560273898331	OK	 
REQUEST	Video Game DB	18		Get All Videogames	1560273898335	1560273898341	OK	 
REQUEST	Video Game DB	18		Get All Videogames	1560273898342	1560273898350	OK	 
REQUEST	Video Game DB	27		Get Specific Videogame	1560273898824	1560273898831	OK	 
REQUEST	Video Game DB	19		Get All Videogames	1560273898834	1560273898840	OK	 
REQUEST	Video Game DB	19		Get All Videogames	1560273898842	1560273898849	OK	 
USER	Video Game DB	36	START	1560273899294	1560273899294
REQUEST	Video Game DB	36		Get All Videogames	1560273899294	1560273899305	OK	 
REQUEST	Video Game DB	28		Get Specific Videogame	1560273899324	1560273899330	OK	 
REQUEST	Video Game DB	20		Get All Videogames	1560273899324	1560273899330	OK	 
REQUEST	Video Game DB	20		Get All Videogames	1560273899331	1560273899336	OK	 
REQUEST	Video Game DB	7		Get Specific Videogame	1560273899465	1560273899473	OK	 
REQUEST	Video Game DB	11		Get Specific Videogame	1560273899465	1560273899473	OK	 
REQUEST	Video Game DB	6		Get Specific Videogame	1560273899484	1560273899491	OK	 
REQUEST	Video Game DB	2		Get Specific Videogame	1560273899484	1560273899491	OK	 
REQUEST	Video Game DB	4		Get Specific Videogame	1560273899514	1560273899523	OK	 
REQUEST	Video Game DB	9		Get Specific Videogame	1560273899514	1560273899523	OK	 
REQUEST	Video Game DB	10		Get Specific Videogame	1560273899514	1560273899524	OK	 
REQUEST	Video Game DB	3		Get Specific Videogame	1560273899514	1560273899524	OK	 
REQUEST	Video Game DB	5		Get Specific Videogame	1560273899525	1560273899531	OK	 
REQUEST	Video Game DB	1		Get Specific Videogame	1560273899525	1560273899531	OK	 
REQUEST	Video Game DB	8		Get Specific Videogame	1560273899525	1560273899531	OK	 
USER	Video Game DB	37	START	1560273899794	1560273899794
REQUEST	Video Game DB	37		Get All Videogames	1560273899795	1560273899805	OK	 
REQUEST	Video Game DB	29		Get Specific Videogame	1560273899844	1560273899851	OK	 
REQUEST	Video Game DB	12		Get Specific Videogame	1560273899854	1560273899861	OK	 
USER	Video Game DB	38	START	1560273900294	1560273900294
REQUEST	Video Game DB	38		Get All Videogames	1560273900295	1560273900304	OK	 
REQUEST	Video Game DB	30		Get Specific Videogame	1560273900315	1560273900324	OK	 
REQUEST	Video Game DB	21		Get All Videogames	1560273900334	1560273900341	OK	 
REQUEST	Video Game DB	21		Get All Videogames	1560273900343	1560273900348	OK	 
REQUEST	Video Game DB	13		Get Specific Videogame	1560273900344	1560273900351	OK	 
USER	Video Game DB	39	START	1560273900794	1560273900794
REQUEST	Video Game DB	39		Get All Videogames	1560273900795	1560273900805	OK	 
REQUEST	Video Game DB	22		Get All Videogames	1560273900834	1560273900841	OK	 
REQUEST	Video Game DB	22		Get All Videogames	1560273900842	1560273900848	OK	 
REQUEST	Video Game DB	14		Get Specific Videogame	1560273900844	1560273900849	OK	 
USER	Video Game DB	40	START	1560273901294	1560273901294
REQUEST	Video Game DB	40		Get All Videogames	1560273901295	1560273901306	OK	 
REQUEST	Video Game DB	31		Get Specific Videogame	1560273901324	1560273901331	OK	 
REQUEST	Video Game DB	23		Get All Videogames	1560273901334	1560273901341	OK	 
REQUEST	Video Game DB	23		Get All Videogames	1560273901343	1560273901349	OK	 
REQUEST	Video Game DB	15		Get Specific Videogame	1560273901355	1560273901364	OK	 
REQUEST	Video Game DB	32		Get Specific Videogame	1560273901824	1560273901831	OK	 
REQUEST	Video Game DB	24		Get All Videogames	1560273901834	1560273901840	OK	 
REQUEST	Video Game DB	24		Get All Videogames	1560273901841	1560273901847	OK	 
USER	Video Game DB	41	START	1560273902294	1560273902294
REQUEST	Video Game DB	41		Get All Videogames	1560273902295	1560273902306	OK	 
REQUEST	Video Game DB	33		Get Specific Videogame	1560273902324	1560273902331	OK	 
REQUEST	Video Game DB	25		Get All Videogames	1560273902334	1560273902342	OK	 
REQUEST	Video Game DB	25		Get All Videogames	1560273902344	1560273902355	OK	 
REQUEST	Video Game DB	16		Get Specific Videogame	1560273902345	1560273902355	OK	 
USER	Video Game DB	42	START	1560273902794	1560273902794
REQUEST	Video Game DB	42		Get All Videogames	1560273902795	1560273902805	OK	 
REQUEST	Video Game DB	34		Get Specific Videogame	1560273902825	1560273902832	OK	 
REQUEST	Video Game DB	17		Get Specific Videogame	1560273902844	1560273902850	OK	 
USER	Video Game DB	43	START	1560273903294	1560273903294
REQUEST	Video Game DB	43		Get All Videogames	1560273903295	1560273903304	OK	 
REQUEST	Video Game DB	35		Get Specific Videogame	1560273903324	1560273903331	OK	 
REQUEST	Video Game DB	26		Get All Videogames	1560273903324	1560273903332	OK	 
REQUEST	Video Game DB	26		Get All Videogames	1560273903333	1560273903339	OK	 
REQUEST	Video Game DB	18		Get Specific Videogame	1560273903344	1560273903350	OK	 
USER	Video Game DB	44	START	1560273903794	1560273903794
REQUEST	Video Game DB	44		Get All Videogames	1560273903794	1560273903803	OK	 
REQUEST	Video Game DB	27		Get All Videogames	1560273903834	1560273903839	OK	 
REQUEST	Video Game DB	27		Get All Videogames	1560273903841	1560273903846	OK	 
REQUEST	Video Game DB	19		Get Specific Videogame	1560273903844	1560273903850	OK	 
USER	Video Game DB	45	START	1560273904295	1560273904295
REQUEST	Video Game DB	45		Get All Videogames	1560273904295	1560273904307	OK	 
REQUEST	Video Game DB	36		Get Specific Videogame	1560273904325	1560273904333	OK	 
REQUEST	Video Game DB	28		Get All Videogames	1560273904334	1560273904341	OK	 
REQUEST	Video Game DB	28		Get All Videogames	1560273904342	1560273904349	OK	 
REQUEST	Video Game DB	20		Get Specific Videogame	1560273904344	1560273904353	OK	 
REQUEST	Video Game DB	11		Get All Videogames	1560273904475	1560273904482	OK	 
REQUEST	Video Game DB	7		Get All Videogames	1560273904475	1560273904483	OK	 
REQUEST	Video Game DB	11		Get All Videogames	1560273904484	1560273904491	OK	 
REQUEST	Video Game DB	7		Get All Videogames	1560273904484	1560273904558	OK	 
REQUEST	Video Game DB	2		Get All Videogames	1560273904484	1560273904564	OK	 
REQUEST	Video Game DB	6		Get All Videogames	1560273904484	1560273904568	OK	 
REQUEST	Video Game DB	1		Get All Videogames	1560273904524	1560273904588	OK	 
REQUEST	Video Game DB	8		Get All Videogames	1560273904524	1560273904589	OK	 
REQUEST	Video Game DB	4		Get All Videogames	1560273904524	1560273904590	OK	 
REQUEST	Video Game DB	5		Get All Videogames	1560273904524	1560273904592	OK	 
REQUEST	Video Game DB	3		Get All Videogames	1560273904535	1560273904598	OK	 
REQUEST	Video Game DB	10		Get All Videogames	1560273904535	1560273904610	OK	 
REQUEST	Video Game DB	9		Get All Videogames	1560273904535	1560273904612	OK	 
REQUEST	Video Game DB	2		Get All Videogames	1560273904564	1560273904620	OK	 
REQUEST	Video Game DB	6		Get All Videogames	1560273904568	1560273904622	OK	 
REQUEST	Video Game DB	1		Get All Videogames	1560273904589	1560273904629	OK	 
REQUEST	Video Game DB	8		Get All Videogames	1560273904589	1560273904633	OK	 
REQUEST	Video Game DB	5		Get All Videogames	1560273904593	1560273904633	OK	 
REQUEST	Video Game DB	4		Get All Videogames	1560273904591	1560273904633	OK	 
REQUEST	Video Game DB	3		Get All Videogames	1560273904598	1560273904635	OK	 
REQUEST	Video Game DB	10		Get All Videogames	1560273904611	1560273904644	OK	 
REQUEST	Video Game DB	9		Get All Videogames	1560273904613	1560273904651	OK	 
REQUEST	Video Game DB	37		Get Specific Videogame	1560273904824	1560273904831	OK	 
REQUEST	Video Game DB	12		Get All Videogames	1560273904855	1560273904862	OK	 
REQUEST	Video Game DB	29		Get All Videogames	1560273904855	1560273904927	OK	 
REQUEST	Video Game DB	12		Get All Videogames	1560273904864	1560273904936	OK	 
REQUEST	Video Game DB	29		Get All Videogames	1560273904928	1560273904950	OK	 
USER	Video Game DB	46	START	1560273905294	1560273905294
REQUEST	Video Game DB	46		Get All Videogames	1560273905294	1560273905304	OK	 
REQUEST	Video Game DB	38		Get Specific Videogame	1560273905325	1560273905332	OK	 
REQUEST	Video Game DB	30		Get All Videogames	1560273905334	1560273905340	OK	 
REQUEST	Video Game DB	30		Get All Videogames	1560273905341	1560273905347	OK	 
REQUEST	Video Game DB	21		Get Specific Videogame	1560273905344	1560273905350	OK	 
REQUEST	Video Game DB	13		Get All Videogames	1560273905355	1560273905362	OK	 
REQUEST	Video Game DB	13		Get All Videogames	1560273905363	1560273905370	OK	 
USER	Video Game DB	47	START	1560273905794	1560273905794
REQUEST	Video Game DB	47		Get All Videogames	1560273905794	1560273905804	OK	 
REQUEST	Video Game DB	39		Get Specific Videogame	1560273905824	1560273905832	OK	 
REQUEST	Video Game DB	22		Get Specific Videogame	1560273905844	1560273905853	OK	 
REQUEST	Video Game DB	14		Get All Videogames	1560273905855	1560273905861	OK	 
REQUEST	Video Game DB	14		Get All Videogames	1560273905862	1560273905870	OK	 
USER	Video Game DB	48	START	1560273906295	1560273906295
REQUEST	Video Game DB	48		Get All Videogames	1560273906295	1560273906304	OK	 
REQUEST	Video Game DB	40		Get Specific Videogame	1560273906325	1560273906334	OK	 
REQUEST	Video Game DB	31		Get All Videogames	1560273906335	1560273906340	OK	 
REQUEST	Video Game DB	31		Get All Videogames	1560273906342	1560273906348	OK	 
REQUEST	Video Game DB	23		Get Specific Videogame	1560273906344	1560273906352	OK	 
REQUEST	Video Game DB	15		Get All Videogames	1560273906365	1560273906371	OK	 
REQUEST	Video Game DB	15		Get All Videogames	1560273906372	1560273906378	OK	 
USER	Video Game DB	49	START	1560273906794	1560273906794
REQUEST	Video Game DB	49		Get All Videogames	1560273906794	1560273906803	OK	 
REQUEST	Video Game DB	32		Get All Videogames	1560273906835	1560273906840	OK	 
REQUEST	Video Game DB	32		Get All Videogames	1560273906842	1560273906847	OK	 
REQUEST	Video Game DB	24		Get Specific Videogame	1560273906845	1560273906853	OK	 
USER	Video Game DB	50	START	1560273907294	1560273907294
REQUEST	Video Game DB	50		Get All Videogames	1560273907294	1560273907305	OK	 
REQUEST	Video Game DB	41		Get Specific Videogame	1560273907324	1560273907330	OK	 
REQUEST	Video Game DB	33		Get All Videogames	1560273907324	1560273907331	OK	 
REQUEST	Video Game DB	33		Get All Videogames	1560273907332	1560273907338	OK	 
REQUEST	Video Game DB	25		Get Specific Videogame	1560273907355	1560273907361	OK	 
REQUEST	Video Game DB	16		Get All Videogames	1560273907365	1560273907371	OK	 
REQUEST	Video Game DB	16		Get All Videogames	1560273907372	1560273907377	OK	 
REQUEST	Video Game DB	42		Get Specific Videogame	1560273907824	1560273907831	OK	 
REQUEST	Video Game DB	34		Get All Videogames	1560273907824	1560273907831	OK	 
REQUEST	Video Game DB	34		Get All Videogames	1560273907831	1560273907837	OK	 
REQUEST	Video Game DB	17		Get All Videogames	1560273907855	1560273907861	OK	 
REQUEST	Video Game DB	17		Get All Videogames	1560273907862	1560273907870	OK	 
USER	Video Game DB	51	START	1560273908294	1560273908294
REQUEST	Video Game DB	51		Get All Videogames	1560273908294	1560273908303	OK	 
REQUEST	Video Game DB	35		Get All Videogames	1560273908325	1560273908331	OK	 
REQUEST	Video Game DB	43		Get Specific Videogame	1560273908325	1560273908331	OK	 
REQUEST	Video Game DB	35		Get All Videogames	1560273908331	1560273908336	OK	 
REQUEST	Video Game DB	26		Get Specific Videogame	1560273908344	1560273908350	OK	 
REQUEST	Video Game DB	18		Get All Videogames	1560273908354	1560273908359	OK	 
REQUEST	Video Game DB	18		Get All Videogames	1560273908360	1560273908365	OK	 
USER	Video Game DB	52	START	1560273908793	1560273908793
REQUEST	Video Game DB	52		Get All Videogames	1560273908794	1560273908800	OK	 
REQUEST	Video Game DB	44		Get Specific Videogame	1560273908824	1560273908829	OK	 
REQUEST	Video Game DB	27		Get Specific Videogame	1560273908844	1560273908905	OK	 
REQUEST	Video Game DB	19		Get All Videogames	1560273908854	1560273908911	OK	 
REQUEST	Video Game DB	19		Get All Videogames	1560273908912	1560273908916	OK	 
USER	Video Game DB	53	START	1560273909294	1560273909294
REQUEST	Video Game DB	53		Get All Videogames	1560273909294	1560273909302	OK	 
REQUEST	Video Game DB	45		Get Specific Videogame	1560273909324	1560273909331	OK	 
REQUEST	Video Game DB	36		Get All Videogames	1560273909334	1560273909339	OK	 
REQUEST	Video Game DB	36		Get All Videogames	1560273909339	1560273909343	OK	 
REQUEST	Video Game DB	28		Get Specific Videogame	1560273909344	1560273909348	OK	 
REQUEST	Video Game DB	20		Get All Videogames	1560273909344	1560273909348	OK	 
REQUEST	Video Game DB	20		Get All Videogames	1560273909349	1560273909353	OK	 
REQUEST	Video Game DB	11		Get Specific Videogame	1560273909484	1560273909489	OK	 
REQUEST	Video Game DB	7		Get Specific Videogame	1560273909554	1560273909560	OK	 
REQUEST	Video Game DB	6		Get Specific Videogame	1560273909624	1560273909632	OK	 
REQUEST	Video Game DB	4		Get Specific Videogame	1560273909624	1560273909632	OK	 
REQUEST	Video Game DB	2		Get Specific Videogame	1560273909624	1560273909641	OK	 
REQUEST	Video Game DB	3		Get Specific Videogame	1560273909634	1560273909642	OK	 
REQUEST	Video Game DB	5		Get Specific Videogame	1560273909634	1560273909642	OK	 
REQUEST	Video Game DB	8		Get Specific Videogame	1560273909634	1560273909643	OK	 
REQUEST	Video Game DB	1		Get Specific Videogame	1560273909634	1560273909643	OK	 
REQUEST	Video Game DB	10		Get Specific Videogame	1560273909645	1560273909650	OK	 
REQUEST	Video Game DB	9		Get Specific Videogame	1560273909645	1560273909650	OK	 
USER	Video Game DB	54	START	1560273909793	1560273909793
REQUEST	Video Game DB	54		Get All Videogames	1560273909794	1560273909801	OK	 
REQUEST	Video Game DB	37		Get All Videogames	1560273909824	1560273909829	OK	 
REQUEST	Video Game DB	37		Get All Videogames	1560273909830	1560273909835	OK	 
REQUEST	Video Game DB	29		Get Specific Videogame	1560273909944	1560273909951	OK	 
REQUEST	Video Game DB	12		Get Specific Videogame	1560273909944	1560273909951	OK	 
USER	Video Game DB	55	START	1560273910294	1560273910294
REQUEST	Video Game DB	55		Get All Videogames	1560273910294	1560273910301	OK	 
REQUEST	Video Game DB	38		Get All Videogames	1560273910324	1560273910330	OK	 
REQUEST	Video Game DB	46		Get Specific Videogame	1560273910324	1560273910330	OK	 
REQUEST	Video Game DB	38		Get All Videogames	1560273910330	1560273910335	OK	 
REQUEST	Video Game DB	30		Get Specific Videogame	1560273910344	1560273910349	OK	 
REQUEST	Video Game DB	21		Get All Videogames	1560273910354	1560273910359	OK	 
REQUEST	Video Game DB	21		Get All Videogames	1560273910359	1560273910364	OK	 
REQUEST	Video Game DB	13		Get Specific Videogame	1560273910364	1560273910368	OK	 
REQUEST	Video Game DB	47		Get Specific Videogame	1560273910824	1560273910830	OK	 
REQUEST	Video Game DB	39		Get All Videogames	1560273910834	1560273910839	OK	 
REQUEST	Video Game DB	39		Get All Videogames	1560273910840	1560273910844	OK	 
REQUEST	Video Game DB	22		Get All Videogames	1560273910854	1560273910859	OK	 
REQUEST	Video Game DB	22		Get All Videogames	1560273910859	1560273910864	OK	 
REQUEST	Video Game DB	14		Get Specific Videogame	1560273910864	1560273910872	OK	 
USER	Video Game DB	56	START	1560273911294	1560273911294
REQUEST	Video Game DB	56		Get All Videogames	1560273911294	1560273911303	OK	 
REQUEST	Video Game DB	48		Get Specific Videogame	1560273911325	1560273911331	OK	 
REQUEST	Video Game DB	31		Get Specific Videogame	1560273911344	1560273911350	OK	 
REQUEST	Video Game DB	40		Get All Videogames	1560273911344	1560273911350	OK	 
REQUEST	Video Game DB	40		Get All Videogames	1560273911351	1560273911356	OK	 
REQUEST	Video Game DB	23		Get All Videogames	1560273911354	1560273911358	OK	 
REQUEST	Video Game DB	23		Get All Videogames	1560273911359	1560273911364	OK	 
REQUEST	Video Game DB	15		Get Specific Videogame	1560273911374	1560273911380	OK	 
USER	Video Game DB	57	START	1560273911794	1560273911794
REQUEST	Video Game DB	57		Get All Videogames	1560273911794	1560273911803	OK	 
REQUEST	Video Game DB	49		Get Specific Videogame	1560273911825	1560273911832	OK	 
REQUEST	Video Game DB	32		Get Specific Videogame	1560273911844	1560273911849	OK	 
REQUEST	Video Game DB	24		Get All Videogames	1560273911854	1560273911859	OK	 
REQUEST	Video Game DB	24		Get All Videogames	1560273911859	1560273911863	OK	 
USER	Video Game DB	58	START	1560273912294	1560273912294
REQUEST	Video Game DB	58		Get All Videogames	1560273912294	1560273912302	OK	 
REQUEST	Video Game DB	50		Get Specific Videogame	1560273912324	1560273912331	OK	 
REQUEST	Video Game DB	41		Get All Videogames	1560273912335	1560273912340	OK	 
REQUEST	Video Game DB	41		Get All Videogames	1560273912342	1560273912347	OK	 
REQUEST	Video Game DB	33		Get Specific Videogame	1560273912345	1560273912349	OK	 
REQUEST	Video Game DB	25		Get All Videogames	1560273912354	1560273912359	OK	 
REQUEST	Video Game DB	25		Get All Videogames	1560273912360	1560273912366	OK	 
REQUEST	Video Game DB	16		Get Specific Videogame	1560273912374	1560273912380	OK	 
USER	Video Game DB	59	START	1560273912794	1560273912794
REQUEST	Video Game DB	59		Get All Videogames	1560273912794	1560273912802	OK	 
REQUEST	Video Game DB	42		Get All Videogames	1560273912834	1560273912840	OK	 
REQUEST	Video Game DB	42		Get All Videogames	1560273912841	1560273912846	OK	 
REQUEST	Video Game DB	34		Get Specific Videogame	1560273912844	1560273912848	OK	 
REQUEST	Video Game DB	17		Get Specific Videogame	1560273912864	1560273912869	OK	 
USER	Video Game DB	60	START	1560273913294	1560273913294
REQUEST	Video Game DB	60		Get All Videogames	1560273913294	1560273913302	OK	 
REQUEST	Video Game DB	51		Get Specific Videogame	1560273913314	1560273913319	OK	 
REQUEST	Video Game DB	43		Get All Videogames	1560273913324	1560273913329	OK	 
REQUEST	Video Game DB	43		Get All Videogames	1560273913330	1560273913334	OK	 
REQUEST	Video Game DB	35		Get Specific Videogame	1560273913344	1560273913349	OK	 
REQUEST	Video Game DB	26		Get All Videogames	1560273913354	1560273913358	OK	 
REQUEST	Video Game DB	26		Get All Videogames	1560273913358	1560273913363	OK	 
REQUEST	Video Game DB	18		Get Specific Videogame	1560273913364	1560273913368	OK	 
REQUEST	Video Game DB	52		Get Specific Videogame	1560273913815	1560273913820	OK	 
REQUEST	Video Game DB	44		Get All Videogames	1560273913824	1560273913828	OK	 
REQUEST	Video Game DB	44		Get All Videogames	1560273913829	1560273913833	OK	 
REQUEST	Video Game DB	27		Get All Videogames	1560273913914	1560273913919	OK	 
REQUEST	Video Game DB	19		Get Specific Videogame	1560273913914	1560273913920	OK	 
REQUEST	Video Game DB	27		Get All Videogames	1560273913920	1560273913927	OK	 
REQUEST	Video Game DB	53		Get Specific Videogame	1560273914314	1560273914320	OK	 
REQUEST	Video Game DB	45		Get All Videogames	1560273914334	1560273914339	OK	 
REQUEST	Video Game DB	45		Get All Videogames	1560273914340	1560273914348	OK	 
REQUEST	Video Game DB	36		Get Specific Videogame	1560273914344	1560273914349	OK	 
REQUEST	Video Game DB	28		Get All Videogames	1560273914354	1560273914360	OK	 
REQUEST	Video Game DB	28		Get All Videogames	1560273914361	1560273914366	OK	 
REQUEST	Video Game DB	20		Get Specific Videogame	1560273914364	1560273914370	OK	 
REQUEST	Video Game DB	11		Get All Videogames	1560273914494	1560273914500	OK	 
REQUEST	Video Game DB	11		Get All Videogames	1560273914501	1560273914505	OK	 
REQUEST	Video Game DB	7		Get All Videogames	1560273914564	1560273914570	OK	 
REQUEST	Video Game DB	7		Get All Videogames	1560273914572	1560273914576	OK	 
REQUEST	Video Game DB	3		Get All Videogames	1560273914634	1560273914639	OK	 
REQUEST	Video Game DB	6		Get All Videogames	1560273914634	1560273914639	OK	 
REQUEST	Video Game DB	4		Get All Videogames	1560273914634	1560273914642	OK	 
REQUEST	Video Game DB	4		Get All Videogames	1560273914642	1560273914648	OK	 
REQUEST	Video Game DB	6		Get All Videogames	1560273914640	1560273914649	OK	 
REQUEST	Video Game DB	3		Get All Videogames	1560273914640	1560273914652	OK	 
REQUEST	Video Game DB	5		Get All Videogames	1560273914644	1560273914666	OK	 
REQUEST	Video Game DB	1		Get All Videogames	1560273914644	1560273914668	OK	 
REQUEST	Video Game DB	9		Get All Videogames	1560273914644	1560273914670	OK	 
REQUEST	Video Game DB	10		Get All Videogames	1560273914644	1560273914671	OK	 
REQUEST	Video Game DB	8		Get All Videogames	1560273914644	1560273914674	OK	 
REQUEST	Video Game DB	2		Get All Videogames	1560273914644	1560273914675	OK	 
REQUEST	Video Game DB	5		Get All Videogames	1560273914666	1560273914680	OK	 
REQUEST	Video Game DB	9		Get All Videogames	1560273914670	1560273914684	OK	 
REQUEST	Video Game DB	1		Get All Videogames	1560273914668	1560273914686	OK	 
REQUEST	Video Game DB	10		Get All Videogames	1560273914671	1560273914686	OK	 
REQUEST	Video Game DB	8		Get All Videogames	1560273914674	1560273914689	OK	 
REQUEST	Video Game DB	2		Get All Videogames	1560273914675	1560273914691	OK	 
REQUEST	Video Game DB	54		Get Specific Videogame	1560273914814	1560273914819	OK	 
REQUEST	Video Game DB	37		Get Specific Videogame	1560273914844	1560273914849	OK	 
REQUEST	Video Game DB	12		Get All Videogames	1560273914945	1560273914950	OK	 
REQUEST	Video Game DB	12		Get All Videogames	1560273914951	1560273914956	OK	 
REQUEST	Video Game DB	29		Get All Videogames	1560273914954	1560273914958	OK	 
REQUEST	Video Game DB	29		Get All Videogames	1560273914959	1560273914964	OK	 
REQUEST	Video Game DB	55		Get Specific Videogame	1560273915314	1560273915321	OK	 
REQUEST	Video Game DB	46		Get All Videogames	1560273915324	1560273915330	OK	 
REQUEST	Video Game DB	46		Get All Videogames	1560273915330	1560273915335	OK	 
REQUEST	Video Game DB	38		Get Specific Videogame	1560273915345	1560273915351	OK	 
REQUEST	Video Game DB	30		Get All Videogames	1560273915345	1560273915351	OK	 
REQUEST	Video Game DB	30		Get All Videogames	1560273915352	1560273915356	OK	 
REQUEST	Video Game DB	21		Get Specific Videogame	1560273915364	1560273915369	OK	 
REQUEST	Video Game DB	13		Get All Videogames	1560273915374	1560273915401	OK	 
REQUEST	Video Game DB	13		Get All Videogames	1560273915403	1560273915407	OK	 
REQUEST	Video Game DB	47		Get All Videogames	1560273915824	1560273915829	OK	 
REQUEST	Video Game DB	47		Get All Videogames	1560273915830	1560273915834	OK	 
REQUEST	Video Game DB	39		Get Specific Videogame	1560273915844	1560273915849	OK	 
REQUEST	Video Game DB	22		Get Specific Videogame	1560273915864	1560273915870	OK	 
REQUEST	Video Game DB	14		Get All Videogames	1560273915874	1560273915880	OK	 
REQUEST	Video Game DB	14		Get All Videogames	1560273915881	1560273915886	OK	 
REQUEST	Video Game DB	56		Get Specific Videogame	1560273916314	1560273916319	OK	 
REQUEST	Video Game DB	48		Get All Videogames	1560273916324	1560273916328	OK	 
REQUEST	Video Game DB	48		Get All Videogames	1560273916328	1560273916333	OK	 
REQUEST	Video Game DB	31		Get All Videogames	1560273916354	1560273916361	OK	 
REQUEST	Video Game DB	40		Get Specific Videogame	1560273916354	1560273916361	OK	 
REQUEST	Video Game DB	31		Get All Videogames	1560273916362	1560273916367	OK	 
REQUEST	Video Game DB	23		Get Specific Videogame	1560273916364	1560273916369	OK	 
REQUEST	Video Game DB	15		Get All Videogames	1560273916374	1560273916378	OK	 
REQUEST	Video Game DB	15		Get All Videogames	1560273916379	1560273916383	OK	 
REQUEST	Video Game DB	57		Get Specific Videogame	1560273916824	1560273916830	OK	 
REQUEST	Video Game DB	49		Get All Videogames	1560273916824	1560273916831	OK	 
REQUEST	Video Game DB	49		Get All Videogames	1560273916831	1560273916837	OK	 
REQUEST	Video Game DB	32		Get All Videogames	1560273916854	1560273916861	OK	 
REQUEST	Video Game DB	24		Get Specific Videogame	1560273916854	1560273916862	OK	 
REQUEST	Video Game DB	32		Get All Videogames	1560273916862	1560273916866	OK	 
REQUEST	Video Game DB	58		Get Specific Videogame	1560273917314	1560273917320	OK	 
REQUEST	Video Game DB	50		Get All Videogames	1560273917334	1560273917339	OK	 
REQUEST	Video Game DB	50		Get All Videogames	1560273917340	1560273917345	OK	 
REQUEST	Video Game DB	41		Get Specific Videogame	1560273917344	1560273917349	OK	 
REQUEST	Video Game DB	33		Get All Videogames	1560273917354	1560273917360	OK	 
REQUEST	Video Game DB	33		Get All Videogames	1560273917361	1560273917365	OK	 
REQUEST	Video Game DB	25		Get Specific Videogame	1560273917374	1560273917380	OK	 
REQUEST	Video Game DB	16		Get All Videogames	1560273917374	1560273917380	OK	 
REQUEST	Video Game DB	16		Get All Videogames	1560273917381	1560273917385	OK	 
REQUEST	Video Game DB	59		Get Specific Videogame	1560273917814	1560273917820	OK	 
REQUEST	Video Game DB	42		Get Specific Videogame	1560273917844	1560273917849	OK	 
REQUEST	Video Game DB	34		Get All Videogames	1560273917854	1560273917859	OK	 
REQUEST	Video Game DB	34		Get All Videogames	1560273917860	1560273917864	OK	 
REQUEST	Video Game DB	17		Get All Videogames	1560273917874	1560273917879	OK	 
REQUEST	Video Game DB	17		Get All Videogames	1560273917880	1560273917884	OK	 
REQUEST	Video Game DB	60		Get Specific Videogame	1560273918314	1560273918319	OK	 
REQUEST	Video Game DB	51		Get All Videogames	1560273918324	1560273918330	OK	 
REQUEST	Video Game DB	51		Get All Videogames	1560273918330	1560273918334	OK	 
REQUEST	Video Game DB	43		Get Specific Videogame	1560273918345	1560273918351	OK	 
REQUEST	Video Game DB	35		Get All Videogames	1560273918345	1560273918351	OK	 
REQUEST	Video Game DB	35		Get All Videogames	1560273918352	1560273918357	OK	 
REQUEST	Video Game DB	26		Get Specific Videogame	1560273918355	1560273918359	OK	 
REQUEST	Video Game DB	18		Get All Videogames	1560273918365	1560273918370	OK	 
REQUEST	Video Game DB	18		Get All Videogames	1560273918370	1560273918376	OK	 
REQUEST	Video Game DB	52		Get All Videogames	1560273918824	1560273918830	OK	 
REQUEST	Video Game DB	52		Get All Videogames	1560273918831	1560273918835	OK	 
REQUEST	Video Game DB	44		Get Specific Videogame	1560273918834	1560273918838	OK	 
REQUEST	Video Game DB	19		Get All Videogames	1560273918924	1560273918930	OK	 
REQUEST	Video Game DB	27		Get Specific Videogame	1560273918924	1560273918930	OK	 
REQUEST	Video Game DB	19		Get All Videogames	1560273918931	1560273918935	OK	 
REQUEST	Video Game DB	53		Get All Videogames	1560273919324	1560273919329	OK	 
REQUEST	Video Game DB	53		Get All Videogames	1560273919329	1560273919334	OK	 
REQUEST	Video Game DB	36		Get All Videogames	1560273919344	1560273919349	OK	 
REQUEST	Video Game DB	45		Get Specific Videogame	1560273919344	1560273919349	OK	 
REQUEST	Video Game DB	36		Get All Videogames	1560273919350	1560273919354	OK	 
REQUEST	Video Game DB	20		Get All Videogames	1560273919364	1560273919369	OK	 
REQUEST	Video Game DB	28		Get Specific Videogame	1560273919364	1560273919369	OK	 
REQUEST	Video Game DB	20		Get All Videogames	1560273919369	1560273919373	OK	 
REQUEST	Video Game DB	11		Get Specific Videogame	1560273919504	1560273919509	OK	 
REQUEST	Video Game DB	7		Get Specific Videogame	1560273919574	1560273919580	OK	 
REQUEST	Video Game DB	3		Get Specific Videogame	1560273919654	1560273919661	OK	 
REQUEST	Video Game DB	6		Get Specific Videogame	1560273919654	1560273919661	OK	 
REQUEST	Video Game DB	4		Get Specific Videogame	1560273919654	1560273919662	OK	 
REQUEST	Video Game DB	5		Get Specific Videogame	1560273919674	1560273919679	OK	 
REQUEST	Video Game DB	2		Get Specific Videogame	1560273919685	1560273919690	OK	 
REQUEST	Video Game DB	10		Get Specific Videogame	1560273919685	1560273919690	OK	 
REQUEST	Video Game DB	9		Get Specific Videogame	1560273919694	1560273919699	OK	 
REQUEST	Video Game DB	1		Get Specific Videogame	1560273919694	1560273919699	OK	 
REQUEST	Video Game DB	8		Get Specific Videogame	1560273919694	1560273919700	OK	 
REQUEST	Video Game DB	54		Get All Videogames	1560273919825	1560273919830	OK	 
REQUEST	Video Game DB	54		Get All Videogames	1560273919831	1560273919835	OK	 
REQUEST	Video Game DB	37		Get All Videogames	1560273919844	1560273919849	OK	 
REQUEST	Video Game DB	37		Get All Videogames	1560273919850	1560273919856	OK	 
REQUEST	Video Game DB	12		Get Specific Videogame	1560273919964	1560273919973	OK	 
REQUEST	Video Game DB	29		Get Specific Videogame	1560273919964	1560273919973	OK	 
REQUEST	Video Game DB	55		Get All Videogames	1560273920324	1560273920329	OK	 
REQUEST	Video Game DB	55		Get All Videogames	1560273920329	1560273920334	OK	 
REQUEST	Video Game DB	46		Get Specific Videogame	1560273920344	1560273920351	OK	 
REQUEST	Video Game DB	38		Get All Videogames	1560273920344	1560273920352	OK	 
REQUEST	Video Game DB	38		Get All Videogames	1560273920353	1560273920357	OK	 
REQUEST	Video Game DB	21		Get All Videogames	1560273920365	1560273920371	OK	 
REQUEST	Video Game DB	30		Get Specific Videogame	1560273920365	1560273920371	OK	 
REQUEST	Video Game DB	21		Get All Videogames	1560273920372	1560273920377	OK	 
REQUEST	Video Game DB	13		Get Specific Videogame	1560273920404	1560273920410	OK	 
REQUEST	Video Game DB	47		Get Specific Videogame	1560273920844	1560273920851	OK	 
REQUEST	Video Game DB	39		Get All Videogames	1560273920853	1560273920858	OK	 
REQUEST	Video Game DB	39		Get All Videogames	1560273920859	1560273920865	OK	 
REQUEST	Video Game DB	22		Get All Videogames	1560273920874	1560273920879	OK	 
REQUEST	Video Game DB	22		Get All Videogames	1560273920880	1560273920885	OK	 
REQUEST	Video Game DB	14		Get Specific Videogame	1560273920894	1560273920901	OK	 
REQUEST	Video Game DB	56		Get All Videogames	1560273921324	1560273921329	OK	 
REQUEST	Video Game DB	56		Get All Videogames	1560273921330	1560273921336	OK	 
REQUEST	Video Game DB	48		Get Specific Videogame	1560273921334	1560273921338	OK	 
REQUEST	Video Game DB	40		Get All Videogames	1560273921354	1560273921359	OK	 
REQUEST	Video Game DB	40		Get All Videogames	1560273921359	1560273921364	OK	 
REQUEST	Video Game DB	31		Get Specific Videogame	1560273921364	1560273921368	OK	 
REQUEST	Video Game DB	23		Get All Videogames	1560273921364	1560273921369	OK	 
REQUEST	Video Game DB	23		Get All Videogames	1560273921369	1560273921374	OK	 
REQUEST	Video Game DB	15		Get Specific Videogame	1560273921384	1560273921389	OK	 
REQUEST	Video Game DB	57		Get All Videogames	1560273921824	1560273921829	OK	 
REQUEST	Video Game DB	57		Get All Videogames	1560273921829	1560273921833	OK	 
REQUEST	Video Game DB	49		Get Specific Videogame	1560273921844	1560273921851	OK	 
REQUEST	Video Game DB	24		Get All Videogames	1560273921864	1560273921873	OK	 
REQUEST	Video Game DB	32		Get Specific Videogame	1560273921864	1560273921873	OK	 
REQUEST	Video Game DB	24		Get All Videogames	1560273921874	1560273921879	OK	 
REQUEST	Video Game DB	58		Get All Videogames	1560273922325	1560273922330	OK	 
REQUEST	Video Game DB	58		Get All Videogames	1560273922332	1560273922337	OK	 
REQUEST	Video Game DB	50		Get Specific Videogame	1560273922344	1560273922352	OK	 
REQUEST	Video Game DB	41		Get All Videogames	1560273922344	1560273922352	OK	 
REQUEST	Video Game DB	41		Get All Videogames	1560273922352	1560273922361	OK	 
REQUEST	Video Game DB	33		Get Specific Videogame	1560273922364	1560273922370	OK	 
REQUEST	Video Game DB	25		Get All Videogames	1560273922374	1560273922382	OK	 
REQUEST	Video Game DB	25		Get All Videogames	1560273922383	1560273922388	OK	 
REQUEST	Video Game DB	16		Get Specific Videogame	1560273922394	1560273922399	OK	 
REQUEST	Video Game DB	59		Get All Videogames	1560273922824	1560273922829	OK	 
REQUEST	Video Game DB	59		Get All Videogames	1560273922830	1560273922834	OK	 
REQUEST	Video Game DB	42		Get All Videogames	1560273922844	1560273922850	OK	 
REQUEST	Video Game DB	42		Get All Videogames	1560273922850	1560273922854	OK	 
REQUEST	Video Game DB	34		Get Specific Videogame	1560273922864	1560273922868	OK	 
REQUEST	Video Game DB	17		Get Specific Videogame	1560273922884	1560273922888	OK	 
REQUEST	Video Game DB	60		Get All Videogames	1560273923325	1560273923329	OK	 
REQUEST	Video Game DB	60		Get All Videogames	1560273923329	1560273923333	OK	 
REQUEST	Video Game DB	43		Get All Videogames	1560273923344	1560273923349	OK	 
REQUEST	Video Game DB	51		Get Specific Videogame	1560273923344	1560273923349	OK	 
REQUEST	Video Game DB	43		Get All Videogames	1560273923349	1560273923353	OK	 
REQUEST	Video Game DB	26		Get All Videogames	1560273923364	1560273923369	OK	 
REQUEST	Video Game DB	35		Get Specific Videogame	1560273923364	1560273923369	OK	 
REQUEST	Video Game DB	26		Get All Videogames	1560273923370	1560273923374	OK	 
REQUEST	Video Game DB	18		Get Specific Videogame	1560273923384	1560273923389	OK	 
REQUEST	Video Game DB	44		Get All Videogames	1560273923845	1560273923851	OK	 
REQUEST	Video Game DB	52		Get Specific Videogame	1560273923845	1560273923851	OK	 
REQUEST	Video Game DB	44		Get All Videogames	1560273923852	1560273923857	OK	 
REQUEST	Video Game DB	27		Get All Videogames	1560273923924	1560273923928	OK	 
REQUEST	Video Game DB	27		Get All Videogames	1560273923929	1560273923934	OK	 
REQUEST	Video Game DB	19		Get Specific Videogame	1560273923934	1560273923938	OK	 
REQUEST	Video Game DB	53		Get Specific Videogame	1560273924344	1560273924350	OK	 
REQUEST	Video Game DB	45		Get All Videogames	1560273924354	1560273924360	OK	 
REQUEST	Video Game DB	45		Get All Videogames	1560273924361	1560273924366	OK	 
REQUEST	Video Game DB	28		Get All Videogames	1560273924365	1560273924371	OK	 
REQUEST	Video Game DB	36		Get Specific Videogame	1560273924365	1560273924371	OK	 
REQUEST	Video Game DB	28		Get All Videogames	1560273924371	1560273924376	OK	 
REQUEST	Video Game DB	20		Get Specific Videogame	1560273924374	1560273924379	OK	 
REQUEST	Video Game DB	11		Get All Videogames	1560273924504	1560273924510	OK	 
REQUEST	Video Game DB	11		Get All Videogames	1560273924510	1560273924515	OK	 
REQUEST	Video Game DB	7		Get All Videogames	1560273924574	1560273924580	OK	 
REQUEST	Video Game DB	7		Get All Videogames	1560273924581	1560273924585	OK	 
REQUEST	Video Game DB	6		Get All Videogames	1560273924654	1560273924660	OK	 
REQUEST	Video Game DB	4		Get All Videogames	1560273924654	1560273924660	OK	 
REQUEST	Video Game DB	6		Get All Videogames	1560273924661	1560273924665	OK	 
REQUEST	Video Game DB	4		Get All Videogames	1560273924661	1560273924668	OK	 
REQUEST	Video Game DB	3		Get All Videogames	1560273924665	1560273924669	OK	 
REQUEST	Video Game DB	3		Get All Videogames	1560273924670	1560273924675	OK	 
REQUEST	Video Game DB	5		Get All Videogames	1560273924684	1560273924689	OK	 
REQUEST	Video Game DB	5		Get All Videogames	1560273924690	1560273924694	OK	 
REQUEST	Video Game DB	1		Get All Videogames	1560273924694	1560273924702	OK	 
REQUEST	Video Game DB	10		Get All Videogames	1560273924694	1560273924704	OK	 
REQUEST	Video Game DB	9		Get All Videogames	1560273924694	1560273924706	OK	 
REQUEST	Video Game DB	2		Get All Videogames	1560273924694	1560273924706	OK	 
REQUEST	Video Game DB	8		Get All Videogames	1560273924694	1560273924707	OK	 
REQUEST	Video Game DB	1		Get All Videogames	1560273924702	1560273924709	OK	 
REQUEST	Video Game DB	10		Get All Videogames	1560273924704	1560273924712	OK	 
REQUEST	Video Game DB	9		Get All Videogames	1560273924707	1560273924716	OK	 
REQUEST	Video Game DB	2		Get All Videogames	1560273924707	1560273924716	OK	 
REQUEST	Video Game DB	8		Get All Videogames	1560273924708	1560273924716	OK	 
REQUEST	Video Game DB	54		Get Specific Videogame	1560273924834	1560273924838	OK	 
REQUEST	Video Game DB	37		Get Specific Videogame	1560273924864	1560273924869	OK	 
REQUEST	Video Game DB	12		Get All Videogames	1560273924965	1560273924970	OK	 
REQUEST	Video Game DB	29		Get All Videogames	1560273924965	1560273924970	OK	 
REQUEST	Video Game DB	12		Get All Videogames	1560273924972	1560273924976	OK	 
REQUEST	Video Game DB	29		Get All Videogames	1560273924972	1560273924977	OK	 
REQUEST	Video Game DB	55		Get Specific Videogame	1560273925345	1560273925351	OK	 
REQUEST	Video Game DB	46		Get All Videogames	1560273925345	1560273925351	OK	 
REQUEST	Video Game DB	46		Get All Videogames	1560273925352	1560273925356	OK	 
REQUEST	Video Game DB	30		Get All Videogames	1560273925365	1560273925373	OK	 
REQUEST	Video Game DB	38		Get Specific Videogame	1560273925365	1560273925373	OK	 
REQUEST	Video Game DB	30		Get All Videogames	1560273925373	1560273925378	OK	 
REQUEST	Video Game DB	21		Get Specific Videogame	1560273925384	1560273925388	OK	 
REQUEST	Video Game DB	13		Get All Videogames	1560273925414	1560273925419	OK	 
REQUEST	Video Game DB	13		Get All Videogames	1560273925420	1560273925424	OK	 
REQUEST	Video Game DB	47		Get All Videogames	1560273925844	1560273925848	OK	 
REQUEST	Video Game DB	47		Get All Videogames	1560273925849	1560273925853	OK	 
REQUEST	Video Game DB	39		Get Specific Videogame	1560273925864	1560273925870	OK	 
REQUEST	Video Game DB	22		Get Specific Videogame	1560273925884	1560273925889	OK	 
REQUEST	Video Game DB	14		Get All Videogames	1560273925894	1560273925899	OK	 
REQUEST	Video Game DB	14		Get All Videogames	1560273925899	1560273925906	OK	 
REQUEST	Video Game DB	48		Get All Videogames	1560273926344	1560273926351	OK	 
REQUEST	Video Game DB	56		Get Specific Videogame	1560273926344	1560273926351	OK	 
REQUEST	Video Game DB	48		Get All Videogames	1560273926352	1560273926356	OK	 
REQUEST	Video Game DB	31		Get All Videogames	1560273926375	1560273926382	OK	 
REQUEST	Video Game DB	40		Get Specific Videogame	1560273926375	1560273926383	OK	 
REQUEST	Video Game DB	31		Get All Videogames	1560273926383	1560273926388	OK	 
REQUEST	Video Game DB	23		Get Specific Videogame	1560273926384	1560273926389	OK	 
REQUEST	Video Game DB	15		Get All Videogames	1560273926394	1560273926398	OK	 
REQUEST	Video Game DB	15		Get All Videogames	1560273926399	1560273926404	OK	 
REQUEST	Video Game DB	57		Get Specific Videogame	1560273926844	1560273926849	OK	 
REQUEST	Video Game DB	49		Get All Videogames	1560273926844	1560273926849	OK	 
REQUEST	Video Game DB	49		Get All Videogames	1560273926849	1560273926854	OK	 
REQUEST	Video Game DB	32		Get All Videogames	1560273926864	1560273926868	OK	 
REQUEST	Video Game DB	32		Get All Videogames	1560273926868	1560273926872	OK	 
REQUEST	Video Game DB	24		Get Specific Videogame	1560273926884	1560273926889	OK	 
REQUEST	Video Game DB	58		Get Specific Videogame	1560273927344	1560273927349	OK	 
REQUEST	Video Game DB	50		Get All Videogames	1560273927344	1560273927349	OK	 
REQUEST	Video Game DB	50		Get All Videogames	1560273927350	1560273927354	OK	 
REQUEST	Video Game DB	33		Get All Videogames	1560273927364	1560273927370	OK	 
REQUEST	Video Game DB	41		Get Specific Videogame	1560273927364	1560273927370	OK	 
REQUEST	Video Game DB	33		Get All Videogames	1560273927371	1560273927375	OK	 
REQUEST	Video Game DB	25		Get Specific Videogame	1560273927395	1560273927401	OK	 
REQUEST	Video Game DB	16		Get All Videogames	1560273927395	1560273927401	OK	 
REQUEST	Video Game DB	16		Get All Videogames	1560273927401	1560273927406	OK	 
REQUEST	Video Game DB	59		Get Specific Videogame	1560273927844	1560273927849	OK	 
REQUEST	Video Game DB	42		Get Specific Videogame	1560273927864	1560273927870	OK	 
REQUEST	Video Game DB	34		Get All Videogames	1560273927864	1560273927870	OK	 
REQUEST	Video Game DB	34		Get All Videogames	1560273927871	1560273927876	OK	 
REQUEST	Video Game DB	17		Get All Videogames	1560273927884	1560273927889	OK	 
REQUEST	Video Game DB	17		Get All Videogames	1560273927890	1560273927894	OK	 
REQUEST	Video Game DB	51		Get All Videogames	1560273928344	1560273928349	OK	 
REQUEST	Video Game DB	60		Get Specific Videogame	1560273928344	1560273928350	OK	 
REQUEST	Video Game DB	51		Get All Videogames	1560273928349	1560273928357	OK	 
REQUEST	Video Game DB	43		Get Specific Videogame	1560273928364	1560273928371	OK	 
REQUEST	Video Game DB	35		Get All Videogames	1560273928364	1560273928371	OK	 
REQUEST	Video Game DB	35		Get All Videogames	1560273928372	1560273928378	OK	 
REQUEST	Video Game DB	26		Get Specific Videogame	1560273928384	1560273928390	OK	 
REQUEST	Video Game DB	18		Get All Videogames	1560273928384	1560273928390	OK	 
REQUEST	Video Game DB	18		Get All Videogames	1560273928390	1560273928395	OK	 
REQUEST	Video Game DB	52		Get All Videogames	1560273928844	1560273928851	OK	 
REQUEST	Video Game DB	52		Get All Videogames	1560273928852	1560273928856	OK	 
REQUEST	Video Game DB	44		Get Specific Videogame	1560273928854	1560273928859	OK	 
REQUEST	Video Game DB	19		Get All Videogames	1560273928934	1560273928939	OK	 
REQUEST	Video Game DB	19		Get All Videogames	1560273928941	1560273928945	OK	 
REQUEST	Video Game DB	27		Get Specific Videogame	1560273928944	1560273928948	OK	 
REQUEST	Video Game DB	53		Get All Videogames	1560273929344	1560273929350	OK	 
REQUEST	Video Game DB	53		Get All Videogames	1560273929351	1560273929357	OK	 
REQUEST	Video Game DB	45		Get Specific Videogame	1560273929364	1560273929371	OK	 
REQUEST	Video Game DB	36		Get All Videogames	1560273929364	1560273929374	OK	 
REQUEST	Video Game DB	36		Get All Videogames	1560273929374	1560273929380	OK	 
REQUEST	Video Game DB	20		Get All Videogames	1560273929384	1560273929398	OK	 
REQUEST	Video Game DB	28		Get Specific Videogame	1560273929384	1560273929401	OK	 
REQUEST	Video Game DB	20		Get All Videogames	1560273929399	1560273929406	OK	 
REQUEST	Video Game DB	11		Get Specific Videogame	1560273929524	1560273929530	OK	 
REQUEST	Video Game DB	7		Get Specific Videogame	1560273929594	1560273929599	OK	 
REQUEST	Video Game DB	6		Get Specific Videogame	1560273929674	1560273929681	OK	 
REQUEST	Video Game DB	4		Get Specific Videogame	1560273929674	1560273929681	OK	 
REQUEST	Video Game DB	3		Get Specific Videogame	1560273929674	1560273929683	OK	 
REQUEST	Video Game DB	5		Get Specific Videogame	1560273929704	1560273929713	OK	 
REQUEST	Video Game DB	1		Get Specific Videogame	1560273929704	1560273929713	OK	 
REQUEST	Video Game DB	10		Get Specific Videogame	1560273929704	1560273929714	OK	 
REQUEST	Video Game DB	2		Get Specific Videogame	1560273929714	1560273929720	OK	 
REQUEST	Video Game DB	9		Get Specific Videogame	1560273929714	1560273929721	OK	 
REQUEST	Video Game DB	8		Get Specific Videogame	1560273929724	1560273929729	OK	 
REQUEST	Video Game DB	54		Get All Videogames	1560273929844	1560273929848	OK	 
REQUEST	Video Game DB	54		Get All Videogames	1560273929849	1560273929852	OK	 
REQUEST	Video Game DB	37		Get All Videogames	1560273929864	1560273929868	OK	 
REQUEST	Video Game DB	37		Get All Videogames	1560273929869	1560273929873	OK	 
REQUEST	Video Game DB	12		Get Specific Videogame	1560273929984	1560273929989	OK	 
REQUEST	Video Game DB	29		Get Specific Videogame	1560273929984	1560273929989	OK	 
REQUEST	Video Game DB	55		Get All Videogames	1560273930343	1560273930348	OK	 
REQUEST	Video Game DB	55		Get All Videogames	1560273930348	1560273930352	OK	 
REQUEST	Video Game DB	38		Get All Videogames	1560273930364	1560273930370	OK	 
REQUEST	Video Game DB	46		Get Specific Videogame	1560273930364	1560273930373	OK	 
REQUEST	Video Game DB	38		Get All Videogames	1560273930370	1560273930376	OK	 
REQUEST	Video Game DB	21		Get All Videogames	1560273930384	1560273930389	OK	 
REQUEST	Video Game DB	30		Get Specific Videogame	1560273930384	1560273930390	OK	 
REQUEST	Video Game DB	21		Get All Videogames	1560273930389	1560273930394	OK	 
REQUEST	Video Game DB	13		Get Specific Videogame	1560273930424	1560273930428	OK	 
REQUEST	Video Game DB	47		Get Specific Videogame	1560273930853	1560273930858	OK	 
REQUEST	Video Game DB	39		Get All Videogames	1560273930864	1560273930868	OK	 
REQUEST	Video Game DB	39		Get All Videogames	1560273930868	1560273930873	OK	 
REQUEST	Video Game DB	22		Get All Videogames	1560273930884	1560273930891	OK	 
REQUEST	Video Game DB	22		Get All Videogames	1560273930891	1560273930895	OK	 
REQUEST	Video Game DB	14		Get Specific Videogame	1560273930914	1560273930919	OK	 
REQUEST	Video Game DB	56		Get All Videogames	1560273931344	1560273931349	OK	 
REQUEST	Video Game DB	56		Get All Videogames	1560273931350	1560273931355	OK	 
REQUEST	Video Game DB	48		Get Specific Videogame	1560273931354	1560273931359	OK	 
REQUEST	Video Game DB	31		Get Specific Videogame	1560273931384	1560273931389	OK	 
REQUEST	Video Game DB	40		Get All Videogames	1560273931384	1560273931389	OK	 
REQUEST	Video Game DB	23		Get All Videogames	1560273931384	1560273931390	OK	 
REQUEST	Video Game DB	40		Get All Videogames	1560273931390	1560273931395	OK	 
REQUEST	Video Game DB	23		Get All Videogames	1560273931391	1560273931396	OK	 
REQUEST	Video Game DB	15		Get Specific Videogame	1560273931404	1560273931412	OK	 
REQUEST	Video Game DB	57		Get All Videogames	1560273931844	1560273931848	OK	 
REQUEST	Video Game DB	57		Get All Videogames	1560273931849	1560273931853	OK	 
REQUEST	Video Game DB	49		Get Specific Videogame	1560273931864	1560273931869	OK	 
REQUEST	Video Game DB	32		Get Specific Videogame	1560273931874	1560273931879	OK	 
REQUEST	Video Game DB	24		Get All Videogames	1560273931894	1560273931899	OK	 
REQUEST	Video Game DB	24		Get All Videogames	1560273931899	1560273931903	OK	 
REQUEST	Video Game DB	58		Get All Videogames	1560273932344	1560273932349	OK	 
REQUEST	Video Game DB	58		Get All Videogames	1560273932349	1560273932353	OK	 
REQUEST	Video Game DB	50		Get Specific Videogame	1560273932364	1560273932369	OK	 
REQUEST	Video Game DB	41		Get All Videogames	1560273932374	1560273932379	OK	 
REQUEST	Video Game DB	41		Get All Videogames	1560273932379	1560273932383	OK	 
REQUEST	Video Game DB	33		Get Specific Videogame	1560273932383	1560273932388	OK	 
REQUEST	Video Game DB	25		Get All Videogames	1560273932394	1560273932398	OK	 
REQUEST	Video Game DB	25		Get All Videogames	1560273932398	1560273932402	OK	 
REQUEST	Video Game DB	16		Get Specific Videogame	1560273932404	1560273932408	OK	 
REQUEST	Video Game DB	59		Get All Videogames	1560273932844	1560273932850	OK	 
REQUEST	Video Game DB	59		Get All Videogames	1560273932851	1560273932855	OK	 
REQUEST	Video Game DB	42		Get All Videogames	1560273932864	1560273932869	OK	 
REQUEST	Video Game DB	42		Get All Videogames	1560273932869	1560273932876	OK	 
REQUEST	Video Game DB	34		Get Specific Videogame	1560273932874	1560273932878	OK	 
REQUEST	Video Game DB	17		Get Specific Videogame	1560273932904	1560273932909	OK	 
REQUEST	Video Game DB	60		Get All Videogames	1560273933344	1560273933349	OK	 
REQUEST	Video Game DB	60		Get All Videogames	1560273933350	1560273933355	OK	 
REQUEST	Video Game DB	51		Get Specific Videogame	1560273933354	1560273933361	OK	 
REQUEST	Video Game DB	43		Get All Videogames	1560273933364	1560273933368	OK	 
REQUEST	Video Game DB	43		Get All Videogames	1560273933368	1560273933372	OK	 
REQUEST	Video Game DB	35		Get Specific Videogame	1560273933384	1560273933388	OK	 
REQUEST	Video Game DB	26		Get All Videogames	1560273933384	1560273933388	OK	 
REQUEST	Video Game DB	26		Get All Videogames	1560273933389	1560273933393	OK	 
REQUEST	Video Game DB	18		Get Specific Videogame	1560273933404	1560273933410	OK	 
REQUEST	Video Game DB	52		Get Specific Videogame	1560273933853	1560273933858	OK	 
REQUEST	Video Game DB	44		Get All Videogames	1560273933853	1560273933858	OK	 
REQUEST	Video Game DB	44		Get All Videogames	1560273933859	1560273933862	OK	 
REQUEST	Video Game DB	27		Get All Videogames	1560273933944	1560273933948	OK	 
REQUEST	Video Game DB	27		Get All Videogames	1560273933949	1560273933953	OK	 
REQUEST	Video Game DB	19		Get Specific Videogame	1560273933954	1560273933958	OK	 
REQUEST	Video Game DB	53		Get Specific Videogame	1560273934355	1560273934359	OK	 
REQUEST	Video Game DB	45		Get All Videogames	1560273934364	1560273934369	OK	 
REQUEST	Video Game DB	45		Get All Videogames	1560273934369	1560273934374	OK	 
REQUEST	Video Game DB	36		Get Specific Videogame	1560273934374	1560273934378	OK	 
REQUEST	Video Game DB	28		Get All Videogames	1560273934394	1560273934399	OK	 
REQUEST	Video Game DB	28		Get All Videogames	1560273934399	1560273934403	OK	 
REQUEST	Video Game DB	20		Get Specific Videogame	1560273934404	1560273934410	OK	 
REQUEST	Video Game DB	11		Get All Videogames	1560273934524	1560273934534	OK	 
REQUEST	Video Game DB	11		Get All Videogames	1560273934534	1560273934539	OK	 
REQUEST	Video Game DB	7		Get All Videogames	1560273934594	1560273934600	OK	 
REQUEST	Video Game DB	7		Get All Videogames	1560273934600	1560273934604	OK	 
REQUEST	Video Game DB	3		Get All Videogames	1560273934674	1560273934681	OK	 
REQUEST	Video Game DB	4		Get All Videogames	1560273934674	1560273934681	OK	 
REQUEST	Video Game DB	6		Get All Videogames	1560273934674	1560273934682	OK	 
REQUEST	Video Game DB	4		Get All Videogames	1560273934682	1560273934687	OK	 
REQUEST	Video Game DB	3		Get All Videogames	1560273934682	1560273934689	OK	 
REQUEST	Video Game DB	6		Get All Videogames	1560273934682	1560273934689	OK	 
REQUEST	Video Game DB	5		Get All Videogames	1560273934704	1560273934709	OK	 
REQUEST	Video Game DB	5		Get All Videogames	1560273934709	1560273934713	OK	 
REQUEST	Video Game DB	1		Get All Videogames	1560273934714	1560273934719	OK	 
REQUEST	Video Game DB	1		Get All Videogames	1560273934719	1560273934726	OK	 
REQUEST	Video Game DB	9		Get All Videogames	1560273934724	1560273934769	OK	 
REQUEST	Video Game DB	2		Get All Videogames	1560273934724	1560273934769	OK	 
REQUEST	Video Game DB	10		Get All Videogames	1560273934724	1560273934769	OK	 
REQUEST	Video Game DB	8		Get All Videogames	1560273934724	1560273934769	OK	 
REQUEST	Video Game DB	10		Get All Videogames	1560273934769	1560273934775	OK	 
REQUEST	Video Game DB	2		Get All Videogames	1560273934769	1560273934775	OK	 
REQUEST	Video Game DB	8		Get All Videogames	1560273934769	1560273934775	OK	 
REQUEST	Video Game DB	9		Get All Videogames	1560273934769	1560273934775	OK	 
REQUEST	Video Game DB	54		Get Specific Videogame	1560273934844	1560273934848	OK	 
REQUEST	Video Game DB	37		Get Specific Videogame	1560273934864	1560273934868	OK	 
REQUEST	Video Game DB	12		Get All Videogames	1560273934984	1560273934988	OK	 
REQUEST	Video Game DB	12		Get All Videogames	1560273934989	1560273934992	OK	 
REQUEST	Video Game DB	29		Get All Videogames	1560273934994	1560273935001	OK	 
REQUEST	Video Game DB	29		Get All Videogames	1560273935001	1560273935005	OK	 
REQUEST	Video Game DB	55		Get Specific Videogame	1560273935354	1560273935358	OK	 
REQUEST	Video Game DB	46		Get All Videogames	1560273935374	1560273935379	OK	 
REQUEST	Video Game DB	46		Get All Videogames	1560273935379	1560273935384	OK	 
REQUEST	Video Game DB	30		Get All Videogames	1560273935384	1560273935391	OK	 
REQUEST	Video Game DB	21		Get Specific Videogame	1560273935384	1560273935391	OK	 
REQUEST	Video Game DB	38		Get Specific Videogame	1560273935384	1560273935391	OK	 
REQUEST	Video Game DB	30		Get All Videogames	1560273935392	1560273935396	OK	 
REQUEST	Video Game DB	13		Get All Videogames	1560273935424	1560273935428	OK	 
REQUEST	Video Game DB	13		Get All Videogames	1560273935428	1560273935432	OK	 
REQUEST	Video Game DB	47		Get All Videogames	1560273935864	1560273935869	OK	 
REQUEST	Video Game DB	47		Get All Videogames	1560273935869	1560273935873	OK	 
REQUEST	Video Game DB	39		Get Specific Videogame	1560273935884	1560273935890	OK	 
REQUEST	Video Game DB	22		Get Specific Videogame	1560273935904	1560273935910	OK	 
REQUEST	Video Game DB	14		Get All Videogames	1560273935913	1560273935921	OK	 
REQUEST	Video Game DB	14		Get All Videogames	1560273935921	1560273935925	OK	 
REQUEST	Video Game DB	56		Get Specific Videogame	1560273936364	1560273936370	OK	 
REQUEST	Video Game DB	48		Get All Videogames	1560273936364	1560273936370	OK	 
REQUEST	Video Game DB	48		Get All Videogames	1560273936370	1560273936374	OK	 
REQUEST	Video Game DB	40		Get Specific Videogame	1560273936384	1560273936390	OK	 
REQUEST	Video Game DB	31		Get All Videogames	1560273936384	1560273936390	OK	 
REQUEST	Video Game DB	31		Get All Videogames	1560273936390	1560273936394	OK	 
REQUEST	Video Game DB	23		Get Specific Videogame	1560273936394	1560273936399	OK	 
REQUEST	Video Game DB	15		Get All Videogames	1560273936404	1560273936409	OK	 
REQUEST	Video Game DB	15		Get All Videogames	1560273936409	1560273936413	OK	 
REQUEST	Video Game DB	57		Get Specific Videogame	1560273936854	1560273936858	OK	 
REQUEST	Video Game DB	49		Get All Videogames	1560273936864	1560273936869	OK	 
REQUEST	Video Game DB	49		Get All Videogames	1560273936869	1560273936872	OK	 
REQUEST	Video Game DB	32		Get All Videogames	1560273936884	1560273936889	OK	 
REQUEST	Video Game DB	32		Get All Videogames	1560273936890	1560273936893	OK	 
REQUEST	Video Game DB	24		Get Specific Videogame	1560273936894	1560273936900	OK	 
REQUEST	Video Game DB	58		Get Specific Videogame	1560273937344	1560273937348	OK	 
REQUEST	Video Game DB	50		Get All Videogames	1560273937364	1560273937368	OK	 
REQUEST	Video Game DB	50		Get All Videogames	1560273937369	1560273937372	OK	 
REQUEST	Video Game DB	41		Get Specific Videogame	1560273937374	1560273937379	OK	 
REQUEST	Video Game DB	33		Get All Videogames	1560273937384	1560273937388	OK	 
REQUEST	Video Game DB	33		Get All Videogames	1560273937389	1560273937393	OK	 
REQUEST	Video Game DB	25		Get Specific Videogame	1560273937404	1560273937409	OK	 
REQUEST	Video Game DB	16		Get All Videogames	1560273937414	1560273937418	OK	 
REQUEST	Video Game DB	16		Get All Videogames	1560273937419	1560273937424	OK	 
REQUEST	Video Game DB	59		Get Specific Videogame	1560273937854	1560273937859	OK	 
REQUEST	Video Game DB	42		Get Specific Videogame	1560273937884	1560273937889	OK	 
REQUEST	Video Game DB	34		Get All Videogames	1560273937884	1560273937889	OK	 
REQUEST	Video Game DB	34		Get All Videogames	1560273937890	1560273937895	OK	 
REQUEST	Video Game DB	17		Get All Videogames	1560273937904	1560273937908	OK	 
REQUEST	Video Game DB	17		Get All Videogames	1560273937909	1560273937913	OK	 
REQUEST	Video Game DB	60		Get Specific Videogame	1560273938354	1560273938359	OK	 
REQUEST	Video Game DB	51		Get All Videogames	1560273938364	1560273938368	OK	 
REQUEST	Video Game DB	51		Get All Videogames	1560273938369	1560273938372	OK	 
REQUEST	Video Game DB	43		Get Specific Videogame	1560273938374	1560273938379	OK	 
REQUEST	Video Game DB	35		Get All Videogames	1560273938384	1560273938389	OK	 
REQUEST	Video Game DB	35		Get All Videogames	1560273938389	1560273938392	OK	 
REQUEST	Video Game DB	26		Get Specific Videogame	1560273938394	1560273938399	OK	 
REQUEST	Video Game DB	18		Get All Videogames	1560273938404	1560273938408	OK	 
REQUEST	Video Game DB	18		Get All Videogames	1560273938408	1560273938412	OK	 
REQUEST	Video Game DB	44		Get Specific Videogame	1560273938864	1560273938868	OK	 
REQUEST	Video Game DB	52		Get All Videogames	1560273938864	1560273938868	OK	 
REQUEST	Video Game DB	52		Get All Videogames	1560273938868	1560273938873	OK	 
REQUEST	Video Game DB	27		Get Specific Videogame	1560273938944	1560273938949	OK	 
REQUEST	Video Game DB	19		Get All Videogames	1560273938953	1560273938960	OK	 
REQUEST	Video Game DB	19		Get All Videogames	1560273938960	1560273938965	OK	 
