RUN	simulations.RampUsersLoadSimulation		rampusersloadsimulation	1560268654612	 	2.0
USER	Video Game DB	1	START	1560268661010	1560268661010
REQUEST	Video Game DB	1		Get All Videogames	1560268661050	1560268661085	OK	 
USER	Video Game DB	2	START	1560268662004	1560268662004
REQUEST	Video Game DB	2		Get All Videogames	1560268662005	1560268662018	OK	 
USER	Video Game DB	3	START	1560268663004	1560268663004
REQUEST	Video Game DB	3		Get All Videogames	1560268663005	1560268663020	OK	 
USER	Video Game DB	4	START	1560268664004	1560268664004
REQUEST	Video Game DB	4		Get All Videogames	1560268664005	1560268664019	OK	 
USER	Video Game DB	5	START	1560268664504	1560268664504
REQUEST	Video Game DB	5		Get All Videogames	1560268664504	1560268664521	OK	 
USER	Video Game DB	6	START	1560268665004	1560268665004
REQUEST	Video Game DB	6		Get All Videogames	1560268665004	1560268665016	OK	 
USER	Video Game DB	7	START	1560268665504	1560268665504
REQUEST	Video Game DB	7		Get All Videogames	1560268665504	1560268665518	OK	 
USER	Video Game DB	8	START	1560268666004	1560268666004
REQUEST	Video Game DB	8		Get All Videogames	1560268666005	1560268666017	OK	 
REQUEST	Video Game DB	1		Get Specific Videogame	1560268666105	1560268666125	OK	 
USER	Video Game DB	9	START	1560268666504	1560268666504
REQUEST	Video Game DB	9		Get All Videogames	1560268666504	1560268666519	OK	 
USER	Video Game DB	10	START	1560268667004	1560268667004
REQUEST	Video Game DB	10		Get All Videogames	1560268667005	1560268667020	OK	 
REQUEST	Video Game DB	2		Get Specific Videogame	1560268667034	1560268667093	OK	 
USER	Video Game DB	11	START	1560268667504	1560268667504
REQUEST	Video Game DB	11		Get All Videogames	1560268667505	1560268667519	OK	 
USER	Video Game DB	12	START	1560268668005	1560268668005
REQUEST	Video Game DB	12		Get All Videogames	1560268668005	1560268668022	OK	 
REQUEST	Video Game DB	3		Get Specific Videogame	1560268668035	1560268668043	OK	 
USER	Video Game DB	13	START	1560268668334	1560268668334
REQUEST	Video Game DB	13		Get All Videogames	1560268668335	1560268668351	OK	 
USER	Video Game DB	14	START	1560268668664	1560268668664
REQUEST	Video Game DB	14		Get All Videogames	1560268668665	1560268668683	OK	 
USER	Video Game DB	15	START	1560268669004	1560268669004
REQUEST	Video Game DB	15		Get All Videogames	1560268669005	1560268669020	OK	 
REQUEST	Video Game DB	4		Get Specific Videogame	1560268669035	1560268669042	OK	 
USER	Video Game DB	16	START	1560268669335	1560268669335
REQUEST	Video Game DB	16		Get All Videogames	1560268669335	1560268669351	OK	 
REQUEST	Video Game DB	5		Get Specific Videogame	1560268669535	1560268669545	OK	 
USER	Video Game DB	17	START	1560268669665	1560268669665
REQUEST	Video Game DB	17		Get All Videogames	1560268669665	1560268669678	OK	 
USER	Video Game DB	18	START	1560268670005	1560268670005
REQUEST	Video Game DB	18		Get All Videogames	1560268670005	1560268670021	OK	 
REQUEST	Video Game DB	6		Get Specific Videogame	1560268670035	1560268670042	OK	 
USER	Video Game DB	19	START	1560268670504	1560268670504
REQUEST	Video Game DB	19		Get All Videogames	1560268670505	1560268670517	OK	 
REQUEST	Video Game DB	7		Get Specific Videogame	1560268670535	1560268670544	OK	 
USER	Video Game DB	20	START	1560268671004	1560268671004
REQUEST	Video Game DB	20		Get All Videogames	1560268671004	1560268671024	OK	 
REQUEST	Video Game DB	8		Get Specific Videogame	1560268671035	1560268671042	OK	 
REQUEST	Video Game DB	1		Get All Videogames	1560268671135	1560268671140	OK	 
USER	Video Game DB	1	END	1560268661010	1560268671143
USER	Video Game DB	21	START	1560268671254	1560268671254
REQUEST	Video Game DB	21		Get All Videogames	1560268671255	1560268671267	OK	 
USER	Video Game DB	22	START	1560268671505	1560268671505
REQUEST	Video Game DB	22		Get All Videogames	1560268671505	1560268671518	OK	 
REQUEST	Video Game DB	9		Get Specific Videogame	1560268671535	1560268671543	OK	 
USER	Video Game DB	23	START	1560268671754	1560268671754
REQUEST	Video Game DB	23		Get All Videogames	1560268671755	1560268671767	OK	 
USER	Video Game DB	24	START	1560268672004	1560268672004
REQUEST	Video Game DB	24		Get All Videogames	1560268672005	1560268672017	OK	 
REQUEST	Video Game DB	10		Get Specific Videogame	1560268672034	1560268672041	OK	 
REQUEST	Video Game DB	2		Get All Videogames	1560268672104	1560268672114	OK	 
USER	Video Game DB	2	END	1560268662004	1560268672116
USER	Video Game DB	25	START	1560268672334	1560268672334
REQUEST	Video Game DB	25		Get All Videogames	1560268672335	1560268672345	OK	 
REQUEST	Video Game DB	11		Get Specific Videogame	1560268672534	1560268672546	OK	 
USER	Video Game DB	26	START	1560268672664	1560268672664
REQUEST	Video Game DB	26		Get All Videogames	1560268672664	1560268672675	OK	 
USER	Video Game DB	27	START	1560268673004	1560268673004
REQUEST	Video Game DB	27		Get All Videogames	1560268673005	1560268673017	OK	 
REQUEST	Video Game DB	12		Get Specific Videogame	1560268673034	1560268673043	OK	 
REQUEST	Video Game DB	3		Get All Videogames	1560268673055	1560268673063	OK	 
USER	Video Game DB	3	END	1560268663004	1560268673064
USER	Video Game DB	28	START	1560268673334	1560268673334
REQUEST	Video Game DB	28		Get All Videogames	1560268673335	1560268673348	OK	 
REQUEST	Video Game DB	13		Get Specific Videogame	1560268673364	1560268673373	OK	 
USER	Video Game DB	29	START	1560268673664	1560268673664
REQUEST	Video Game DB	29		Get All Videogames	1560268673664	1560268673677	OK	 
REQUEST	Video Game DB	14		Get Specific Videogame	1560268673705	1560268673712	OK	 
USER	Video Game DB	30	START	1560268674004	1560268674004
REQUEST	Video Game DB	30		Get All Videogames	1560268674005	1560268674016	OK	 
REQUEST	Video Game DB	15		Get Specific Videogame	1560268674035	1560268674044	OK	 
REQUEST	Video Game DB	4		Get All Videogames	1560268674054	1560268674061	OK	 
USER	Video Game DB	4	END	1560268664004	1560268674063
USER	Video Game DB	31	START	1560268674254	1560268674254
REQUEST	Video Game DB	31		Get All Videogames	1560268674255	1560268674266	OK	 
REQUEST	Video Game DB	16		Get Specific Videogame	1560268674364	1560268674370	OK	 
USER	Video Game DB	32	START	1560268674505	1560268674505
REQUEST	Video Game DB	32		Get All Videogames	1560268674505	1560268674515	OK	 
REQUEST	Video Game DB	5		Get All Videogames	1560268674555	1560268674560	OK	 
USER	Video Game DB	5	END	1560268664504	1560268674561
REQUEST	Video Game DB	17		Get Specific Videogame	1560268674694	1560268674701	OK	 
USER	Video Game DB	33	START	1560268674754	1560268674754
REQUEST	Video Game DB	33		Get All Videogames	1560268674754	1560268674763	OK	 
USER	Video Game DB	34	START	1560268675004	1560268675004
REQUEST	Video Game DB	34		Get All Videogames	1560268675004	1560268675015	OK	 
REQUEST	Video Game DB	18		Get Specific Videogame	1560268675034	1560268675041	OK	 
REQUEST	Video Game DB	6		Get All Videogames	1560268675044	1560268675050	OK	 
USER	Video Game DB	6	END	1560268665004	1560268675051
USER	Video Game DB	35	START	1560268675254	1560268675254
REQUEST	Video Game DB	35		Get All Videogames	1560268675254	1560268675265	OK	 
USER	Video Game DB	36	START	1560268675504	1560268675504
REQUEST	Video Game DB	36		Get All Videogames	1560268675505	1560268675525	OK	 
REQUEST	Video Game DB	19		Get Specific Videogame	1560268675535	1560268675544	OK	 
REQUEST	Video Game DB	7		Get All Videogames	1560268675555	1560268675561	OK	 
USER	Video Game DB	7	END	1560268665504	1560268675563
USER	Video Game DB	37	START	1560268675754	1560268675754
REQUEST	Video Game DB	37		Get All Videogames	1560268675754	1560268675767	OK	 
USER	Video Game DB	38	START	1560268676004	1560268676004
REQUEST	Video Game DB	38		Get All Videogames	1560268676005	1560268676016	OK	 
REQUEST	Video Game DB	20		Get Specific Videogame	1560268676044	1560268676054	OK	 
REQUEST	Video Game DB	8		Get All Videogames	1560268676044	1560268676054	OK	 
USER	Video Game DB	8	END	1560268666004	1560268676056
USER	Video Game DB	39	START	1560268676255	1560268676255
REQUEST	Video Game DB	39		Get All Videogames	1560268676255	1560268676265	OK	 
REQUEST	Video Game DB	21		Get Specific Videogame	1560268676285	1560268676293	OK	 
USER	Video Game DB	40	START	1560268676504	1560268676504
REQUEST	Video Game DB	40		Get All Videogames	1560268676504	1560268676515	OK	 
REQUEST	Video Game DB	22		Get Specific Videogame	1560268676535	1560268676540	OK	 
REQUEST	Video Game DB	9		Get All Videogames	1560268676554	1560268676560	OK	 
USER	Video Game DB	9	END	1560268666504	1560268676561
USER	Video Game DB	41	START	1560268676754	1560268676754
REQUEST	Video Game DB	41		Get All Videogames	1560268676755	1560268676763	OK	 
REQUEST	Video Game DB	23		Get Specific Videogame	1560268676784	1560268676793	OK	 
USER	Video Game DB	42	START	1560268677004	1560268677004
REQUEST	Video Game DB	42		Get All Videogames	1560268677004	1560268677015	OK	 
REQUEST	Video Game DB	24		Get Specific Videogame	1560268677035	1560268677045	OK	 
REQUEST	Video Game DB	10		Get All Videogames	1560268677045	1560268677051	OK	 
USER	Video Game DB	10	END	1560268667004	1560268677053
USER	Video Game DB	43	START	1560268677254	1560268677254
REQUEST	Video Game DB	43		Get All Videogames	1560268677254	1560268677264	OK	 
REQUEST	Video Game DB	25		Get Specific Videogame	1560268677364	1560268677370	OK	 
USER	Video Game DB	44	START	1560268677504	1560268677504
REQUEST	Video Game DB	44		Get All Videogames	1560268677505	1560268677514	OK	 
REQUEST	Video Game DB	11		Get All Videogames	1560268677554	1560268677560	OK	 
USER	Video Game DB	11	END	1560268667504	1560268677561
REQUEST	Video Game DB	26		Get Specific Videogame	1560268677694	1560268677700	OK	 
USER	Video Game DB	45	START	1560268677754	1560268677754
REQUEST	Video Game DB	45		Get All Videogames	1560268677754	1560268677763	OK	 
USER	Video Game DB	46	START	1560268678004	1560268678004
REQUEST	Video Game DB	46		Get All Videogames	1560268678004	1560268678014	OK	 
REQUEST	Video Game DB	27		Get Specific Videogame	1560268678034	1560268678040	OK	 
REQUEST	Video Game DB	12		Get All Videogames	1560268678054	1560268678062	OK	 
USER	Video Game DB	12	END	1560268668005	1560268678064
USER	Video Game DB	47	START	1560268678204	1560268678204
REQUEST	Video Game DB	47		Get All Videogames	1560268678204	1560268678212	OK	 
REQUEST	Video Game DB	28		Get Specific Videogame	1560268678364	1560268678374	OK	 
REQUEST	Video Game DB	13		Get All Videogames	1560268678385	1560268678391	OK	 
USER	Video Game DB	13	END	1560268668334	1560268678393
USER	Video Game DB	48	START	1560268678404	1560268678404
REQUEST	Video Game DB	48		Get All Videogames	1560268678405	1560268678413	OK	 
USER	Video Game DB	49	START	1560268678604	1560268678604
REQUEST	Video Game DB	49		Get All Videogames	1560268678604	1560268678614	OK	 
REQUEST	Video Game DB	29		Get Specific Videogame	1560268678694	1560268678700	OK	 
REQUEST	Video Game DB	14		Get All Videogames	1560268678705	1560268678711	OK	 
USER	Video Game DB	14	END	1560268668664	1560268678712
USER	Video Game DB	50	START	1560268678804	1560268678804
REQUEST	Video Game DB	50		Get All Videogames	1560268678805	1560268678816	OK	 
USER	Video Game DB	51	START	1560268679004	1560268679004
REQUEST	Video Game DB	51		Get All Videogames	1560268679004	1560268679016	OK	 
REQUEST	Video Game DB	30		Get Specific Videogame	1560268679035	1560268679042	OK	 
REQUEST	Video Game DB	15		Get All Videogames	1560268679055	1560268679062	OK	 
USER	Video Game DB	15	END	1560268669004	1560268679063
USER	Video Game DB	52	START	1560268679204	1560268679204
REQUEST	Video Game DB	52		Get All Videogames	1560268679205	1560268679214	OK	 
REQUEST	Video Game DB	31		Get Specific Videogame	1560268679285	1560268679291	OK	 
REQUEST	Video Game DB	16		Get All Videogames	1560268679375	1560268679384	OK	 
USER	Video Game DB	16	END	1560268669335	1560268679385
USER	Video Game DB	53	START	1560268679404	1560268679404
REQUEST	Video Game DB	53		Get All Videogames	1560268679404	1560268679412	OK	 
REQUEST	Video Game DB	32		Get Specific Videogame	1560268679535	1560268679543	OK	 
USER	Video Game DB	54	START	1560268679604	1560268679604
REQUEST	Video Game DB	54		Get All Videogames	1560268679605	1560268679617	OK	 
REQUEST	Video Game DB	17		Get All Videogames	1560268679704	1560268679711	OK	 
USER	Video Game DB	17	END	1560268669665	1560268679713
REQUEST	Video Game DB	33		Get Specific Videogame	1560268679774	1560268679781	OK	 
USER	Video Game DB	55	START	1560268679805	1560268679805
REQUEST	Video Game DB	55		Get All Videogames	1560268679806	1560268679815	OK	 
USER	Video Game DB	56	START	1560268680004	1560268680004
REQUEST	Video Game DB	56		Get All Videogames	1560268680005	1560268680016	OK	 
REQUEST	Video Game DB	34		Get Specific Videogame	1560268680034	1560268680040	OK	 
REQUEST	Video Game DB	18		Get All Videogames	1560268680044	1560268680051	OK	 
USER	Video Game DB	18	END	1560268670005	1560268680053
USER	Video Game DB	57	START	1560268680204	1560268680204
REQUEST	Video Game DB	57		Get All Videogames	1560268680205	1560268680215	OK	 
REQUEST	Video Game DB	35		Get Specific Videogame	1560268680285	1560268680291	OK	 
USER	Video Game DB	58	START	1560268680404	1560268680404
REQUEST	Video Game DB	58		Get All Videogames	1560268680405	1560268680412	OK	 
REQUEST	Video Game DB	36		Get Specific Videogame	1560268680544	1560268680551	OK	 
REQUEST	Video Game DB	19		Get All Videogames	1560268680554	1560268680560	OK	 
USER	Video Game DB	19	END	1560268670504	1560268680560
USER	Video Game DB	59	START	1560268680605	1560268680605
REQUEST	Video Game DB	59		Get All Videogames	1560268680605	1560268680613	OK	 
REQUEST	Video Game DB	37		Get Specific Videogame	1560268680785	1560268680793	OK	 
USER	Video Game DB	60	START	1560268680804	1560268680804
REQUEST	Video Game DB	60		Get All Videogames	1560268680805	1560268680816	OK	 
REQUEST	Video Game DB	38		Get Specific Videogame	1560268681035	1560268681051	OK	 
REQUEST	Video Game DB	20		Get All Videogames	1560268681055	1560268681062	OK	 
USER	Video Game DB	20	END	1560268671004	1560268681064
REQUEST	Video Game DB	39		Get Specific Videogame	1560268681285	1560268681292	OK	 
REQUEST	Video Game DB	21		Get All Videogames	1560268681305	1560268681313	OK	 
USER	Video Game DB	21	END	1560268671254	1560268681314
REQUEST	Video Game DB	40		Get Specific Videogame	1560268681535	1560268681544	OK	 
REQUEST	Video Game DB	22		Get All Videogames	1560268681545	1560268681550	OK	 
USER	Video Game DB	22	END	1560268671505	1560268681551
REQUEST	Video Game DB	41		Get Specific Videogame	1560268681774	1560268681780	OK	 
REQUEST	Video Game DB	23		Get All Videogames	1560268681805	1560268681813	OK	 
USER	Video Game DB	23	END	1560268671754	1560268681815
REQUEST	Video Game DB	42		Get Specific Videogame	1560268682035	1560268682045	OK	 
REQUEST	Video Game DB	24		Get All Videogames	1560268682054	1560268682061	OK	 
USER	Video Game DB	24	END	1560268672004	1560268682062
REQUEST	Video Game DB	43		Get Specific Videogame	1560268682284	1560268682293	OK	 
REQUEST	Video Game DB	25		Get All Videogames	1560268682366	1560268682373	OK	 
USER	Video Game DB	25	END	1560268672334	1560268682375
REQUEST	Video Game DB	44		Get Specific Videogame	1560268682534	1560268682541	OK	 
REQUEST	Video Game DB	26		Get All Videogames	1560268682695	1560268682700	OK	 
USER	Video Game DB	26	END	1560268672664	1560268682702
REQUEST	Video Game DB	45		Get Specific Videogame	1560268682785	1560268682794	OK	 
REQUEST	Video Game DB	46		Get Specific Videogame	1560268683035	1560268683042	OK	 
REQUEST	Video Game DB	27		Get All Videogames	1560268683045	1560268683051	OK	 
USER	Video Game DB	27	END	1560268673004	1560268683052
REQUEST	Video Game DB	47		Get Specific Videogame	1560268683225	1560268683231	OK	 
REQUEST	Video Game DB	28		Get All Videogames	1560268683385	1560268683392	OK	 
USER	Video Game DB	28	END	1560268673334	1560268683394
REQUEST	Video Game DB	48		Get Specific Videogame	1560268683435	1560268683442	OK	 
REQUEST	Video Game DB	49		Get Specific Videogame	1560268683635	1560268683640	OK	 
REQUEST	Video Game DB	29		Get All Videogames	1560268683704	1560268683709	OK	 
USER	Video Game DB	29	END	1560268673664	1560268683710
REQUEST	Video Game DB	50		Get Specific Videogame	1560268683834	1560268683840	OK	 
REQUEST	Video Game DB	51		Get Specific Videogame	1560268684035	1560268684097	OK	 
REQUEST	Video Game DB	30		Get All Videogames	1560268684045	1560268684099	OK	 
USER	Video Game DB	30	END	1560268674004	1560268684100
REQUEST	Video Game DB	52		Get Specific Videogame	1560268684234	1560268684242	OK	 
REQUEST	Video Game DB	31		Get All Videogames	1560268684295	1560268684301	OK	 
USER	Video Game DB	31	END	1560268674254	1560268684303
REQUEST	Video Game DB	53		Get Specific Videogame	1560268684424	1560268684431	OK	 
REQUEST	Video Game DB	32		Get All Videogames	1560268684545	1560268684553	OK	 
USER	Video Game DB	32	END	1560268674505	1560268684554
REQUEST	Video Game DB	54		Get Specific Videogame	1560268684635	1560268684640	OK	 
REQUEST	Video Game DB	33		Get All Videogames	1560268684784	1560268684791	OK	 
USER	Video Game DB	33	END	1560268674754	1560268684792
REQUEST	Video Game DB	55		Get Specific Videogame	1560268684834	1560268684841	OK	 
REQUEST	Video Game DB	34		Get All Videogames	1560268685034	1560268685042	OK	 
USER	Video Game DB	34	END	1560268675004	1560268685043
REQUEST	Video Game DB	56		Get Specific Videogame	1560268685034	1560268685043	OK	 
REQUEST	Video Game DB	57		Get Specific Videogame	1560268685234	1560268685239	OK	 
REQUEST	Video Game DB	35		Get All Videogames	1560268685285	1560268685291	OK	 
USER	Video Game DB	35	END	1560268675254	1560268685291
REQUEST	Video Game DB	58		Get Specific Videogame	1560268685424	1560268685430	OK	 
REQUEST	Video Game DB	36		Get All Videogames	1560268685554	1560268685562	OK	 
USER	Video Game DB	36	END	1560268675504	1560268685564
REQUEST	Video Game DB	59		Get Specific Videogame	1560268685634	1560268685644	OK	 
REQUEST	Video Game DB	37		Get All Videogames	1560268685795	1560268685801	OK	 
USER	Video Game DB	37	END	1560268675754	1560268685803
REQUEST	Video Game DB	60		Get Specific Videogame	1560268685835	1560268685843	OK	 
REQUEST	Video Game DB	38		Get All Videogames	1560268686045	1560268686051	OK	 
USER	Video Game DB	38	END	1560268676004	1560268686053
REQUEST	Video Game DB	39		Get All Videogames	1560268686284	1560268686293	OK	 
USER	Video Game DB	39	END	1560268676255	1560268686294
REQUEST	Video Game DB	40		Get All Videogames	1560268686545	1560268686551	OK	 
USER	Video Game DB	40	END	1560268676504	1560268686552
REQUEST	Video Game DB	41		Get All Videogames	1560268686784	1560268686791	OK	 
USER	Video Game DB	41	END	1560268676754	1560268686792
REQUEST	Video Game DB	42		Get All Videogames	1560268687045	1560268687054	OK	 
USER	Video Game DB	42	END	1560268677004	1560268687055
REQUEST	Video Game DB	43		Get All Videogames	1560268687284	1560268687291	OK	 
USER	Video Game DB	43	END	1560268677254	1560268687292
REQUEST	Video Game DB	44		Get All Videogames	1560268687534	1560268687544	OK	 
USER	Video Game DB	44	END	1560268677504	1560268687545
REQUEST	Video Game DB	45		Get All Videogames	1560268687794	1560268687800	OK	 
USER	Video Game DB	45	END	1560268677754	1560268687801
REQUEST	Video Game DB	46		Get All Videogames	1560268688034	1560268688041	OK	 
USER	Video Game DB	46	END	1560268678004	1560268688042
REQUEST	Video Game DB	47		Get All Videogames	1560268688234	1560268688241	OK	 
USER	Video Game DB	47	END	1560268678204	1560268688243
REQUEST	Video Game DB	48		Get All Videogames	1560268688434	1560268688442	OK	 
USER	Video Game DB	48	END	1560268678404	1560268688443
REQUEST	Video Game DB	49		Get All Videogames	1560268688634	1560268688642	OK	 
USER	Video Game DB	49	END	1560268678604	1560268688643
REQUEST	Video Game DB	50		Get All Videogames	1560268688845	1560268688851	OK	 
USER	Video Game DB	50	END	1560268678804	1560268688852
REQUEST	Video Game DB	51		Get All Videogames	1560268689104	1560268689110	OK	 
USER	Video Game DB	51	END	1560268679004	1560268689112
REQUEST	Video Game DB	52		Get All Videogames	1560268689235	1560268689241	OK	 
USER	Video Game DB	52	END	1560268679204	1560268689242
REQUEST	Video Game DB	53		Get All Videogames	1560268689435	1560268689441	OK	 
USER	Video Game DB	53	END	1560268679404	1560268689442
REQUEST	Video Game DB	54		Get All Videogames	1560268689644	1560268689651	OK	 
USER	Video Game DB	54	END	1560268679604	1560268689652
REQUEST	Video Game DB	55		Get All Videogames	1560268689845	1560268689850	OK	 
USER	Video Game DB	55	END	1560268679805	1560268689852
REQUEST	Video Game DB	56		Get All Videogames	1560268690044	1560268690050	OK	 
USER	Video Game DB	56	END	1560268680004	1560268690052
REQUEST	Video Game DB	57		Get All Videogames	1560268690234	1560268690240	OK	 
USER	Video Game DB	57	END	1560268680204	1560268690241
REQUEST	Video Game DB	58		Get All Videogames	1560268690434	1560268690442	OK	 
USER	Video Game DB	58	END	1560268680404	1560268690444
REQUEST	Video Game DB	59		Get All Videogames	1560268690645	1560268690652	OK	 
USER	Video Game DB	59	END	1560268680605	1560268690653
REQUEST	Video Game DB	60		Get All Videogames	1560268690845	1560268690851	OK	 
USER	Video Game DB	60	END	1560268680804	1560268690852
