RUN	simulations.RunParallelScenarios		runparallelscenarios	1560286371275	 	2.0
USER	Video Game DB - Get All Video Games	1	START	1560286377537	1560286377537
REQUEST	Video Game DB - Get All Video Games	1		Get All Video Games	1560286377565	1560286377600	OK	 
USER	Video Game DB - Get All Video Games	2	START	1560286378031	1560286378031
REQUEST	Video Game DB - Get All Video Games	2		Get All Video Games	1560286378032	1560286378047	OK	 
USER	Video Game DB - Get All Video Games	3	START	1560286378532	1560286378532
REQUEST	Video Game DB - Get All Video Games	3		Get All Video Games	1560286378532	1560286378541	OK	 
USER	Video Game DB - Get All Video Games	4	START	1560286379031	1560286379031
REQUEST	Video Game DB - Get All Video Games	4		Get All Video Games	1560286379032	1560286379047	OK	 
USER	Video Game DB - Get All Video Games	5	START	1560286379531	1560286379531
REQUEST	Video Game DB - Get All Video Games	5		Get All Video Games	1560286379531	1560286379542	OK	 
REQUEST	Video Game DB - Get All Video Games	1		Get All Video Games	1560286379622	1560286379631	OK	 
USER	Video Game DB - Get All Video Games	6	START	1560286380032	1560286380032
REQUEST	Video Game DB - Get All Video Games	6		Get All Video Games	1560286380032	1560286380043	OK	 
REQUEST	Video Game DB - Get All Video Games	2		Get All Video Games	1560286380062	1560286380070	OK	 
USER	Video Game DB - Get All Video Games	7	START	1560286380531	1560286380531
REQUEST	Video Game DB - Get All Video Games	7		Get All Video Games	1560286380532	1560286380546	OK	 
REQUEST	Video Game DB - Get All Video Games	3		Get All Video Games	1560286380562	1560286380568	OK	 
USER	Video Game DB - Get All Video Games	8	START	1560286381031	1560286381031
REQUEST	Video Game DB - Get All Video Games	8		Get All Video Games	1560286381032	1560286381043	OK	 
REQUEST	Video Game DB - Get All Video Games	4		Get All Video Games	1560286381062	1560286381069	OK	 
USER	Video Game DB - Get All Video Games	9	START	1560286381531	1560286381531
REQUEST	Video Game DB - Get All Video Games	9		Get All Video Games	1560286381531	1560286381540	OK	 
REQUEST	Video Game DB - Get All Video Games	5		Get All Video Games	1560286381562	1560286381568	OK	 
REQUEST	Video Game DB - Get All Video Games	1		Get All Video Games	1560286381632	1560286381639	OK	 
USER	Video Game DB - Get All Video Games	10	START	1560286382031	1560286382031
REQUEST	Video Game DB - Get All Video Games	10		Get All Video Games	1560286382032	1560286382043	OK	 
REQUEST	Video Game DB - Get All Video Games	6		Get All Video Games	1560286382062	1560286382087	OK	 
REQUEST	Video Game DB - Get All Video Games	2		Get All Video Games	1560286382071	1560286382088	OK	 
USER	Video Game DB - Get All Video Games	11	START	1560286382531	1560286382531
USER	Video Game DB - Get Specific Video Game	12	START	1560286382532	1560286382532
REQUEST	Video Game DB - Get All Video Games	11		Get All Video Games	1560286382532	1560286382549	OK	 
REQUEST	Video Game DB - Get Specific Video Game	12		Get Specific Video Game	1560286382532	1560286382552	OK	 
REQUEST	Video Game DB - Get All Video Games	3		Get All Video Games	1560286382562	1560286382569	OK	 
REQUEST	Video Game DB - Get All Video Games	7		Get All Video Games	1560286382562	1560286382570	OK	 
USER	Video Game DB - Get All Video Games	13	START	1560286383032	1560286383032
REQUEST	Video Game DB - Get All Video Games	13		Get All Video Games	1560286383032	1560286383047	OK	 
REQUEST	Video Game DB - Get All Video Games	8		Get All Video Games	1560286383062	1560286383068	OK	 
REQUEST	Video Game DB - Get All Video Games	4		Get All Video Games	1560286383073	1560286383079	OK	 
USER	Video Game DB - Get All Video Games	14	START	1560286383532	1560286383532
REQUEST	Video Game DB - Get All Video Games	14		Get All Video Games	1560286383532	1560286383546	OK	 
REQUEST	Video Game DB - Get All Video Games	9		Get All Video Games	1560286383551	1560286383556	OK	 
REQUEST	Video Game DB - Get All Video Games	5		Get All Video Games	1560286383562	1560286383567	OK	 
REQUEST	Video Game DB - Get All Video Games	1		Get All Video Games	1560286383632	1560286383637	OK	 
USER	Video Game DB - Get All Video Games	15	START	1560286384031	1560286384031
REQUEST	Video Game DB - Get All Video Games	15		Get All Video Games	1560286384032	1560286384043	OK	 
REQUEST	Video Game DB - Get All Video Games	10		Get All Video Games	1560286384062	1560286384068	OK	 
REQUEST	Video Game DB - Get All Video Games	6		Get All Video Games	1560286384082	1560286384087	OK	 
REQUEST	Video Game DB - Get All Video Games	2		Get All Video Games	1560286384092	1560286384097	OK	 
USER	Video Game DB - Get Specific Video Game	17	START	1560286384531	1560286384531
USER	Video Game DB - Get All Video Games	16	START	1560286384531	1560286384531
REQUEST	Video Game DB - Get Specific Video Game	17		Get Specific Video Game	1560286384532	1560286384543	OK	 
REQUEST	Video Game DB - Get All Video Games	16		Get All Video Games	1560286384531	1560286384543	OK	 
REQUEST	Video Game DB - Get All Video Games	11		Get All Video Games	1560286384562	1560286384568	OK	 
REQUEST	Video Game DB - Get Specific Video Game	12		Get Specific Video Game	1560286384571	1560286384577	OK	 
REQUEST	Video Game DB - Get All Video Games	3		Get All Video Games	1560286384582	1560286384591	OK	 
REQUEST	Video Game DB - Get All Video Games	7		Get All Video Games	1560286384582	1560286384591	OK	 
USER	Video Game DB - Get All Video Games	18	START	1560286385032	1560286385032
REQUEST	Video Game DB - Get All Video Games	18		Get All Video Games	1560286385032	1560286385043	OK	 
REQUEST	Video Game DB - Get All Video Games	13		Get All Video Games	1560286385062	1560286385070	OK	 
REQUEST	Video Game DB - Get All Video Games	8		Get All Video Games	1560286385072	1560286385078	OK	 
REQUEST	Video Game DB - Get All Video Games	4		Get All Video Games	1560286385072	1560286385078	OK	 
USER	Video Game DB - Get All Video Games	19	START	1560286385531	1560286385531
REQUEST	Video Game DB - Get All Video Games	19		Get All Video Games	1560286385532	1560286385542	OK	 
REQUEST	Video Game DB - Get All Video Games	9		Get All Video Games	1560286385562	1560286385572	OK	 
REQUEST	Video Game DB - Get All Video Games	14		Get All Video Games	1560286385562	1560286385572	OK	 
REQUEST	Video Game DB - Get All Video Games	5		Get All Video Games	1560286385572	1560286385577	OK	 
REQUEST	Video Game DB - Get All Video Games	1		Get All Video Games	1560286385642	1560286385647	OK	 
USER	Video Game DB - Get All Video Games	20	START	1560286386031	1560286386031
REQUEST	Video Game DB - Get All Video Games	20		Get All Video Games	1560286386032	1560286386044	OK	 
REQUEST	Video Game DB - Get All Video Games	15		Get All Video Games	1560286386062	1560286386068	OK	 
REQUEST	Video Game DB - Get All Video Games	10		Get All Video Games	1560286386072	1560286386077	OK	 
REQUEST	Video Game DB - Get All Video Games	6		Get All Video Games	1560286386092	1560286386099	OK	 
REQUEST	Video Game DB - Get All Video Games	2		Get All Video Games	1560286386102	1560286386108	OK	 
USER	Video Game DB - Get Specific Video Game	22	START	1560286386532	1560286386532
USER	Video Game DB - Get All Video Games	21	START	1560286386532	1560286386532
REQUEST	Video Game DB - Get Specific Video Game	22		Get Specific Video Game	1560286386532	1560286386541	OK	 
REQUEST	Video Game DB - Get All Video Games	21		Get All Video Games	1560286386532	1560286386541	OK	 
REQUEST	Video Game DB - Get All Video Games	16		Get All Video Games	1560286386561	1560286386573	OK	 
REQUEST	Video Game DB - Get Specific Video Game	17		Get Specific Video Game	1560286386561	1560286386574	OK	 
REQUEST	Video Game DB - Get All Video Games	11		Get All Video Games	1560286386571	1560286386577	OK	 
REQUEST	Video Game DB - Get Specific Video Game	12		Get Specific Video Game	1560286386572	1560286386578	OK	 
REQUEST	Video Game DB - Get All Video Games	7		Get All Video Games	1560286386592	1560286386598	OK	 
REQUEST	Video Game DB - Get All Video Games	3		Get All Video Games	1560286386592	1560286386598	OK	 
USER	Video Game DB - Get All Video Games	23	START	1560286387032	1560286387032
REQUEST	Video Game DB - Get All Video Games	23		Get All Video Games	1560286387033	1560286387045	OK	 
REQUEST	Video Game DB - Get All Video Games	18		Get All Video Games	1560286387062	1560286387068	OK	 
REQUEST	Video Game DB - Get All Video Games	8		Get All Video Games	1560286387071	1560286387078	OK	 
REQUEST	Video Game DB - Get All Video Games	4		Get All Video Games	1560286387082	1560286387087	OK	 
REQUEST	Video Game DB - Get All Video Games	13		Get All Video Games	1560286387082	1560286387087	OK	 
USER	Video Game DB - Get All Video Games	24	START	1560286387532	1560286387532
REQUEST	Video Game DB - Get All Video Games	19		Get All Video Games	1560286387562	1560286387581	OK	 
REQUEST	Video Game DB - Get All Video Games	5		Get All Video Games	1560286387572	1560286387583	OK	 
REQUEST	Video Game DB - Get All Video Games	24		Get All Video Games	1560286387532	1560286387586	OK	 
REQUEST	Video Game DB - Get All Video Games	14		Get All Video Games	1560286387581	1560286387587	OK	 
REQUEST	Video Game DB - Get All Video Games	9		Get All Video Games	1560286387582	1560286387588	OK	 
REQUEST	Video Game DB - Get All Video Games	1		Get All Video Games	1560286387652	1560286387659	OK	 
USER	Video Game DB - Get All Video Games	25	START	1560286388031	1560286388031
REQUEST	Video Game DB - Get All Video Games	25		Get All Video Games	1560286388032	1560286388041	OK	 
REQUEST	Video Game DB - Get All Video Games	20		Get All Video Games	1560286388062	1560286388069	OK	 
REQUEST	Video Game DB - Get All Video Games	15		Get All Video Games	1560286388071	1560286388079	OK	 
REQUEST	Video Game DB - Get All Video Games	10		Get All Video Games	1560286388071	1560286388079	OK	 
REQUEST	Video Game DB - Get All Video Games	2		Get All Video Games	1560286388102	1560286388109	OK	 
REQUEST	Video Game DB - Get All Video Games	6		Get All Video Games	1560286388102	1560286388109	OK	 
USER	Video Game DB - Get All Video Games	26	START	1560286388531	1560286388531
USER	Video Game DB - Get Specific Video Game	27	START	1560286388531	1560286388531
REQUEST	Video Game DB - Get Specific Video Game	27		Get Specific Video Game	1560286388532	1560286388542	OK	 
REQUEST	Video Game DB - Get All Video Games	26		Get All Video Games	1560286388532	1560286388543	OK	 
REQUEST	Video Game DB - Get All Video Games	21		Get All Video Games	1560286388562	1560286388570	OK	 
REQUEST	Video Game DB - Get Specific Video Game	22		Get Specific Video Game	1560286388562	1560286388571	OK	 
REQUEST	Video Game DB - Get All Video Games	16		Get All Video Games	1560286388582	1560286388590	OK	 
REQUEST	Video Game DB - Get Specific Video Game	17		Get Specific Video Game	1560286388582	1560286388590	OK	 
REQUEST	Video Game DB - Get Specific Video Game	12		Get Specific Video Game	1560286388582	1560286388590	OK	 
REQUEST	Video Game DB - Get All Video Games	11		Get All Video Games	1560286388582	1560286388590	OK	 
REQUEST	Video Game DB - Get All Video Games	7		Get All Video Games	1560286388592	1560286388598	OK	 
REQUEST	Video Game DB - Get All Video Games	3		Get All Video Games	1560286388592	1560286388598	OK	 
USER	Video Game DB - Get All Video Games	28	START	1560286389031	1560286389031
REQUEST	Video Game DB - Get All Video Games	28		Get All Video Games	1560286389031	1560286389043	OK	 
REQUEST	Video Game DB - Get All Video Games	18		Get All Video Games	1560286389062	1560286389069	OK	 
REQUEST	Video Game DB - Get All Video Games	23		Get All Video Games	1560286389062	1560286389069	OK	 
REQUEST	Video Game DB - Get All Video Games	8		Get All Video Games	1560286389082	1560286389087	OK	 
REQUEST	Video Game DB - Get All Video Games	13		Get All Video Games	1560286389082	1560286389087	OK	 
REQUEST	Video Game DB - Get All Video Games	4		Get All Video Games	1560286389092	1560286389097	OK	 
USER	Video Game DB - Get All Video Games	29	START	1560286389532	1560286389532
REQUEST	Video Game DB - Get All Video Games	29		Get All Video Games	1560286389532	1560286389542	OK	 
REQUEST	Video Game DB - Get All Video Games	14		Get All Video Games	1560286389581	1560286389588	OK	 
REQUEST	Video Game DB - Get All Video Games	9		Get All Video Games	1560286389581	1560286389588	OK	 
REQUEST	Video Game DB - Get All Video Games	19		Get All Video Games	1560286389581	1560286389588	OK	 
REQUEST	Video Game DB - Get All Video Games	5		Get All Video Games	1560286389592	1560286389599	OK	 
REQUEST	Video Game DB - Get All Video Games	24		Get All Video Games	1560286389602	1560286389610	OK	 
REQUEST	Video Game DB - Get All Video Games	1		Get All Video Games	1560286389652	1560286389657	OK	 
USER	Video Game DB - Get All Video Games	30	START	1560286390031	1560286390031
REQUEST	Video Game DB - Get All Video Games	30		Get All Video Games	1560286390032	1560286390041	OK	 
REQUEST	Video Game DB - Get All Video Games	25		Get All Video Games	1560286390062	1560286390068	OK	 
REQUEST	Video Game DB - Get All Video Games	15		Get All Video Games	1560286390071	1560286390078	OK	 
REQUEST	Video Game DB - Get All Video Games	20		Get All Video Games	1560286390071	1560286390078	OK	 
REQUEST	Video Game DB - Get All Video Games	10		Get All Video Games	1560286390082	1560286390087	OK	 
REQUEST	Video Game DB - Get All Video Games	6		Get All Video Games	1560286390102	1560286390107	OK	 
REQUEST	Video Game DB - Get All Video Games	2		Get All Video Games	1560286390112	1560286390117	OK	 
USER	Video Game DB - Get All Video Games	31	START	1560286390531	1560286390531
USER	Video Game DB - Get Specific Video Game	32	START	1560286390531	1560286390531
REQUEST	Video Game DB - Get Specific Video Game	32		Get Specific Video Game	1560286390532	1560286390543	OK	 
REQUEST	Video Game DB - Get All Video Games	31		Get All Video Games	1560286390532	1560286390543	OK	 
REQUEST	Video Game DB - Get Specific Video Game	27		Get Specific Video Game	1560286390561	1560286390571	OK	 
REQUEST	Video Game DB - Get All Video Games	26		Get All Video Games	1560286390561	1560286390571	OK	 
REQUEST	Video Game DB - Get Specific Video Game	22		Get Specific Video Game	1560286390572	1560286390579	OK	 
REQUEST	Video Game DB - Get All Video Games	21		Get All Video Games	1560286390571	1560286390579	OK	 
REQUEST	Video Game DB - Get Specific Video Game	17		Get Specific Video Game	1560286390582	1560286390587	OK	 
REQUEST	Video Game DB - Get All Video Games	11		Get All Video Games	1560286390582	1560286390587	OK	 
REQUEST	Video Game DB - Get All Video Games	16		Get All Video Games	1560286390582	1560286390590	OK	 
REQUEST	Video Game DB - Get All Video Games	7		Get All Video Games	1560286390592	1560286390599	OK	 
REQUEST	Video Game DB - Get Specific Video Game	12		Get Specific Video Game	1560286390592	1560286390599	OK	 
REQUEST	Video Game DB - Get All Video Games	3		Get All Video Games	1560286390592	1560286390599	OK	 
USER	Video Game DB - Get All Video Games	33	START	1560286391031	1560286391031
REQUEST	Video Game DB - Get All Video Games	33		Get All Video Games	1560286391032	1560286391041	OK	 
REQUEST	Video Game DB - Get All Video Games	28		Get All Video Games	1560286391062	1560286391067	OK	 
REQUEST	Video Game DB - Get All Video Games	23		Get All Video Games	1560286391072	1560286391078	OK	 
REQUEST	Video Game DB - Get All Video Games	18		Get All Video Games	1560286391072	1560286391078	OK	 
REQUEST	Video Game DB - Get All Video Games	13		Get All Video Games	1560286391082	1560286391087	OK	 
REQUEST	Video Game DB - Get All Video Games	8		Get All Video Games	1560286391091	1560286391096	OK	 
REQUEST	Video Game DB - Get All Video Games	4		Get All Video Games	1560286391102	1560286391109	OK	 
USER	Video Game DB - Get All Video Games	34	START	1560286391532	1560286391532
REQUEST	Video Game DB - Get All Video Games	34		Get All Video Games	1560286391532	1560286391542	OK	 
REQUEST	Video Game DB - Get All Video Games	29		Get All Video Games	1560286391562	1560286391567	OK	 
REQUEST	Video Game DB - Get All Video Games	14		Get All Video Games	1560286391582	1560286391588	OK	 
REQUEST	Video Game DB - Get All Video Games	19		Get All Video Games	1560286391582	1560286391588	OK	 
REQUEST	Video Game DB - Get All Video Games	9		Get All Video Games	1560286391582	1560286391588	OK	 
REQUEST	Video Game DB - Get All Video Games	5		Get All Video Games	1560286391592	1560286391598	OK	 
REQUEST	Video Game DB - Get All Video Games	24		Get All Video Games	1560286391611	1560286391618	OK	 
REQUEST	Video Game DB - Get All Video Games	1		Get All Video Games	1560286391662	1560286391667	OK	 
USER	Video Game DB - Get All Video Games	35	START	1560286392032	1560286392032
REQUEST	Video Game DB - Get All Video Games	35		Get All Video Games	1560286392033	1560286392042	OK	 
REQUEST	Video Game DB - Get All Video Games	25		Get All Video Games	1560286392062	1560286392071	OK	 
REQUEST	Video Game DB - Get All Video Games	30		Get All Video Games	1560286392062	1560286392073	OK	 
REQUEST	Video Game DB - Get All Video Games	20		Get All Video Games	1560286392072	1560286392078	OK	 
REQUEST	Video Game DB - Get All Video Games	15		Get All Video Games	1560286392081	1560286392086	OK	 
REQUEST	Video Game DB - Get All Video Games	10		Get All Video Games	1560286392092	1560286392097	OK	 
REQUEST	Video Game DB - Get All Video Games	6		Get All Video Games	1560286392112	1560286392119	OK	 
REQUEST	Video Game DB - Get All Video Games	2		Get All Video Games	1560286392121	1560286392126	OK	 
REQUEST	Video Game DB - Get Specific Video Game	32		Get Specific Video Game	1560286392561	1560286392567	OK	 
REQUEST	Video Game DB - Get All Video Games	31		Get All Video Games	1560286392561	1560286392567	OK	 
REQUEST	Video Game DB - Get Specific Video Game	27		Get Specific Video Game	1560286392572	1560286392581	OK	 
REQUEST	Video Game DB - Get Specific Video Game	22		Get Specific Video Game	1560286392572	1560286392582	OK	 
REQUEST	Video Game DB - Get All Video Games	21		Get All Video Games	1560286392572	1560286392582	OK	 
REQUEST	Video Game DB - Get All Video Games	26		Get All Video Games	1560286392582	1560286392588	OK	 
REQUEST	Video Game DB - Get Specific Video Game	17		Get Specific Video Game	1560286392592	1560286392599	OK	 
REQUEST	Video Game DB - Get Specific Video Game	12		Get Specific Video Game	1560286392592	1560286392600	OK	 
REQUEST	Video Game DB - Get All Video Games	11		Get All Video Games	1560286392592	1560286392601	OK	 
REQUEST	Video Game DB - Get All Video Games	16		Get All Video Games	1560286392593	1560286392602	OK	 
REQUEST	Video Game DB - Get All Video Games	7		Get All Video Games	1560286392601	1560286392609	OK	 
REQUEST	Video Game DB - Get All Video Games	3		Get All Video Games	1560286392601	1560286392609	OK	 
REQUEST	Video Game DB - Get All Video Games	33		Get All Video Games	1560286393062	1560286393068	OK	 
REQUEST	Video Game DB - Get All Video Games	28		Get All Video Games	1560286393071	1560286393077	OK	 
REQUEST	Video Game DB - Get All Video Games	23		Get All Video Games	1560286393071	1560286393078	OK	 
REQUEST	Video Game DB - Get All Video Games	18		Get All Video Games	1560286393082	1560286393089	OK	 
REQUEST	Video Game DB - Get All Video Games	13		Get All Video Games	1560286393092	1560286393099	OK	 
REQUEST	Video Game DB - Get All Video Games	8		Get All Video Games	1560286393092	1560286393099	OK	 
REQUEST	Video Game DB - Get All Video Games	4		Get All Video Games	1560286393102	1560286393107	OK	 
REQUEST	Video Game DB - Get All Video Games	29		Get All Video Games	1560286393562	1560286393568	OK	 
REQUEST	Video Game DB - Get All Video Games	34		Get All Video Games	1560286393562	1560286393568	OK	 
REQUEST	Video Game DB - Get All Video Games	9		Get All Video Games	1560286393592	1560286393601	OK	 
REQUEST	Video Game DB - Get All Video Games	19		Get All Video Games	1560286393592	1560286393601	OK	 
REQUEST	Video Game DB - Get All Video Games	14		Get All Video Games	1560286393592	1560286393601	OK	 
REQUEST	Video Game DB - Get All Video Games	5		Get All Video Games	1560286393602	1560286393608	OK	 
REQUEST	Video Game DB - Get All Video Games	24		Get All Video Games	1560286393622	1560286393630	OK	 
REQUEST	Video Game DB - Get All Video Games	1		Get All Video Games	1560286393671	1560286393677	OK	 
REQUEST	Video Game DB - Get All Video Games	35		Get All Video Games	1560286394062	1560286394069	OK	 
REQUEST	Video Game DB - Get All Video Games	30		Get All Video Games	1560286394072	1560286394079	OK	 
REQUEST	Video Game DB - Get All Video Games	25		Get All Video Games	1560286394082	1560286394087	OK	 
REQUEST	Video Game DB - Get All Video Games	20		Get All Video Games	1560286394082	1560286394088	OK	 
REQUEST	Video Game DB - Get All Video Games	10		Get All Video Games	1560286394092	1560286394101	OK	 
REQUEST	Video Game DB - Get All Video Games	15		Get All Video Games	1560286394092	1560286394101	OK	 
REQUEST	Video Game DB - Get All Video Games	2		Get All Video Games	1560286394122	1560286394130	OK	 
REQUEST	Video Game DB - Get All Video Games	6		Get All Video Games	1560286394122	1560286394130	OK	 
REQUEST	Video Game DB - Get All Video Games	31		Get All Video Games	1560286394572	1560286394577	OK	 
REQUEST	Video Game DB - Get Specific Video Game	32		Get Specific Video Game	1560286394572	1560286394580	OK	 
REQUEST	Video Game DB - Get Specific Video Game	27		Get Specific Video Game	1560286394582	1560286394587	OK	 
REQUEST	Video Game DB - Get All Video Games	26		Get All Video Games	1560286394582	1560286394587	OK	 
REQUEST	Video Game DB - Get Specific Video Game	22		Get Specific Video Game	1560286394592	1560286394597	OK	 
REQUEST	Video Game DB - Get All Video Games	21		Get All Video Games	1560286394592	1560286394598	OK	 
REQUEST	Video Game DB - Get Specific Video Game	17		Get Specific Video Game	1560286394592	1560286394599	OK	 
REQUEST	Video Game DB - Get All Video Games	16		Get All Video Games	1560286394601	1560286394607	OK	 
REQUEST	Video Game DB - Get All Video Games	11		Get All Video Games	1560286394611	1560286394618	OK	 
REQUEST	Video Game DB - Get All Video Games	3		Get All Video Games	1560286394611	1560286394618	OK	 
REQUEST	Video Game DB - Get Specific Video Game	12		Get Specific Video Game	1560286394611	1560286394618	OK	 
REQUEST	Video Game DB - Get All Video Games	7		Get All Video Games	1560286394611	1560286394619	OK	 
REQUEST	Video Game DB - Get All Video Games	33		Get All Video Games	1560286395062	1560286395069	OK	 
REQUEST	Video Game DB - Get All Video Games	28		Get All Video Games	1560286395072	1560286395076	OK	 
REQUEST	Video Game DB - Get All Video Games	23		Get All Video Games	1560286395082	1560286395088	OK	 
REQUEST	Video Game DB - Get All Video Games	18		Get All Video Games	1560286395091	1560286395096	OK	 
REQUEST	Video Game DB - Get All Video Games	13		Get All Video Games	1560286395101	1560286395108	OK	 
REQUEST	Video Game DB - Get All Video Games	8		Get All Video Games	1560286395101	1560286395108	OK	 
REQUEST	Video Game DB - Get All Video Games	4		Get All Video Games	1560286395112	1560286395116	OK	 
REQUEST	Video Game DB - Get All Video Games	34		Get All Video Games	1560286395561	1560286395569	OK	 
REQUEST	Video Game DB - Get All Video Games	29		Get All Video Games	1560286395571	1560286395576	OK	 
REQUEST	Video Game DB - Get All Video Games	14		Get All Video Games	1560286395611	1560286395618	OK	 
REQUEST	Video Game DB - Get All Video Games	5		Get All Video Games	1560286395611	1560286395618	OK	 
REQUEST	Video Game DB - Get All Video Games	9		Get All Video Games	1560286395611	1560286395620	OK	 
REQUEST	Video Game DB - Get All Video Games	19		Get All Video Games	1560286395611	1560286395620	OK	 
REQUEST	Video Game DB - Get All Video Games	24		Get All Video Games	1560286395622	1560286395626	OK	 
REQUEST	Video Game DB - Get All Video Games	1		Get All Video Games	1560286395671	1560286395676	OK	 
REQUEST	Video Game DB - Get All Video Games	35		Get All Video Games	1560286396062	1560286396067	OK	 
REQUEST	Video Game DB - Get All Video Games	25		Get All Video Games	1560286396081	1560286396087	OK	 
REQUEST	Video Game DB - Get All Video Games	30		Get All Video Games	1560286396081	1560286396087	OK	 
REQUEST	Video Game DB - Get All Video Games	20		Get All Video Games	1560286396092	1560286396096	OK	 
REQUEST	Video Game DB - Get All Video Games	15		Get All Video Games	1560286396102	1560286396107	OK	 
REQUEST	Video Game DB - Get All Video Games	10		Get All Video Games	1560286396112	1560286396117	OK	 
REQUEST	Video Game DB - Get All Video Games	6		Get All Video Games	1560286396121	1560286396128	OK	 
REQUEST	Video Game DB - Get All Video Games	2		Get All Video Games	1560286396132	1560286396137	OK	 
REQUEST	Video Game DB - Get Specific Video Game	32		Get Specific Video Game	1560286396572	1560286396577	OK	 
REQUEST	Video Game DB - Get All Video Games	31		Get All Video Games	1560286396572	1560286396577	OK	 
REQUEST	Video Game DB - Get All Video Games	26		Get All Video Games	1560286396581	1560286396587	OK	 
REQUEST	Video Game DB - Get Specific Video Game	27		Get Specific Video Game	1560286396591	1560286396597	OK	 
REQUEST	Video Game DB - Get All Video Games	21		Get All Video Games	1560286396591	1560286396597	OK	 
REQUEST	Video Game DB - Get Specific Video Game	22		Get Specific Video Game	1560286396591	1560286396598	OK	 
REQUEST	Video Game DB - Get All Video Games	16		Get All Video Games	1560286396602	1560286396606	OK	 
REQUEST	Video Game DB - Get Specific Video Game	17		Get Specific Video Game	1560286396602	1560286396606	OK	 
REQUEST	Video Game DB - Get All Video Games	3		Get All Video Games	1560286396612	1560286396617	OK	 
REQUEST	Video Game DB - Get All Video Games	11		Get All Video Games	1560286396612	1560286396618	OK	 
REQUEST	Video Game DB - Get Specific Video Game	12		Get Specific Video Game	1560286396612	1560286396617	OK	 
REQUEST	Video Game DB - Get All Video Games	7		Get All Video Games	1560286396622	1560286396627	OK	 
REQUEST	Video Game DB - Get All Video Games	33		Get All Video Games	1560286397071	1560286397078	OK	 
REQUEST	Video Game DB - Get All Video Games	28		Get All Video Games	1560286397082	1560286397086	OK	 
REQUEST	Video Game DB - Get All Video Games	23		Get All Video Games	1560286397092	1560286397098	OK	 
REQUEST	Video Game DB - Get All Video Games	18		Get All Video Games	1560286397092	1560286397098	OK	 
REQUEST	Video Game DB - Get All Video Games	13		Get All Video Games	1560286397102	1560286397107	OK	 
REQUEST	Video Game DB - Get All Video Games	8		Get All Video Games	1560286397111	1560286397117	OK	 
REQUEST	Video Game DB - Get All Video Games	4		Get All Video Games	1560286397111	1560286397117	OK	 
REQUEST	Video Game DB - Get All Video Games	34		Get All Video Games	1560286397572	1560286397578	OK	 
REQUEST	Video Game DB - Get All Video Games	29		Get All Video Games	1560286397581	1560286397586	OK	 
REQUEST	Video Game DB - Get All Video Games	9		Get All Video Games	1560286397612	1560286397619	OK	 
REQUEST	Video Game DB - Get All Video Games	19		Get All Video Games	1560286397612	1560286397619	OK	 
REQUEST	Video Game DB - Get All Video Games	5		Get All Video Games	1560286397612	1560286397619	OK	 
REQUEST	Video Game DB - Get All Video Games	14		Get All Video Games	1560286397612	1560286397620	OK	 
REQUEST	Video Game DB - Get All Video Games	24		Get All Video Games	1560286397632	1560286397637	OK	 
REQUEST	Video Game DB - Get All Video Games	1		Get All Video Games	1560286397682	1560286397688	OK	 
REQUEST	Video Game DB - Get All Video Games	35		Get All Video Games	1560286398072	1560286398077	OK	 
REQUEST	Video Game DB - Get All Video Games	30		Get All Video Games	1560286398082	1560286398088	OK	 
REQUEST	Video Game DB - Get All Video Games	25		Get All Video Games	1560286398092	1560286398099	OK	 
REQUEST	Video Game DB - Get All Video Games	20		Get All Video Games	1560286398092	1560286398099	OK	 
REQUEST	Video Game DB - Get All Video Games	15		Get All Video Games	1560286398101	1560286398105	OK	 
REQUEST	Video Game DB - Get All Video Games	10		Get All Video Games	1560286398111	1560286398116	OK	 
REQUEST	Video Game DB - Get All Video Games	6		Get All Video Games	1560286398132	1560286398137	OK	 
REQUEST	Video Game DB - Get All Video Games	2		Get All Video Games	1560286398142	1560286398148	OK	 
REQUEST	Video Game DB - Get Specific Video Game	32		Get Specific Video Game	1560286398582	1560286398588	OK	 
REQUEST	Video Game DB - Get All Video Games	31		Get All Video Games	1560286398582	1560286398588	OK	 
REQUEST	Video Game DB - Get Specific Video Game	27		Get Specific Video Game	1560286398591	1560286398599	OK	 
REQUEST	Video Game DB - Get All Video Games	26		Get All Video Games	1560286398591	1560286398599	OK	 
REQUEST	Video Game DB - Get Specific Video Game	22		Get Specific Video Game	1560286398601	1560286398606	OK	 
REQUEST	Video Game DB - Get All Video Games	21		Get All Video Games	1560286398601	1560286398606	OK	 
REQUEST	Video Game DB - Get Specific Video Game	17		Get Specific Video Game	1560286398612	1560286398617	OK	 
REQUEST	Video Game DB - Get All Video Games	16		Get All Video Games	1560286398612	1560286398617	OK	 
REQUEST	Video Game DB - Get All Video Games	7		Get All Video Games	1560286398622	1560286398628	OK	 
REQUEST	Video Game DB - Get All Video Games	3		Get All Video Games	1560286398622	1560286398629	OK	 
REQUEST	Video Game DB - Get All Video Games	11		Get All Video Games	1560286398622	1560286398629	OK	 
REQUEST	Video Game DB - Get Specific Video Game	12		Get Specific Video Game	1560286398622	1560286398630	OK	 
REQUEST	Video Game DB - Get All Video Games	33		Get All Video Games	1560286399082	1560286399088	OK	 
REQUEST	Video Game DB - Get All Video Games	28		Get All Video Games	1560286399082	1560286399088	OK	 
REQUEST	Video Game DB - Get All Video Games	23		Get All Video Games	1560286399092	1560286399096	OK	 
REQUEST	Video Game DB - Get All Video Games	18		Get All Video Games	1560286399101	1560286399107	OK	 
REQUEST	Video Game DB - Get All Video Games	13		Get All Video Games	1560286399111	1560286399117	OK	 
REQUEST	Video Game DB - Get All Video Games	8		Get All Video Games	1560286399122	1560286399126	OK	 
REQUEST	Video Game DB - Get All Video Games	4		Get All Video Games	1560286399122	1560286399126	OK	 
REQUEST	Video Game DB - Get All Video Games	34		Get All Video Games	1560286399581	1560286399587	OK	 
REQUEST	Video Game DB - Get All Video Games	29		Get All Video Games	1560286399581	1560286399587	OK	 
REQUEST	Video Game DB - Get All Video Games	19		Get All Video Games	1560286399612	1560286399617	OK	 
REQUEST	Video Game DB - Get All Video Games	9		Get All Video Games	1560286399621	1560286399627	OK	 
REQUEST	Video Game DB - Get All Video Games	14		Get All Video Games	1560286399621	1560286399628	OK	 
REQUEST	Video Game DB - Get All Video Games	5		Get All Video Games	1560286399621	1560286399628	OK	 
REQUEST	Video Game DB - Get All Video Games	24		Get All Video Games	1560286399641	1560286399647	OK	 
REQUEST	Video Game DB - Get All Video Games	1		Get All Video Games	1560286399681	1560286399687	OK	 
REQUEST	Video Game DB - Get All Video Games	35		Get All Video Games	1560286400082	1560286400089	OK	 
REQUEST	Video Game DB - Get All Video Games	25		Get All Video Games	1560286400092	1560286400097	OK	 
REQUEST	Video Game DB - Get All Video Games	30		Get All Video Games	1560286400092	1560286400097	OK	 
REQUEST	Video Game DB - Get All Video Games	20		Get All Video Games	1560286400101	1560286400105	OK	 
REQUEST	Video Game DB - Get All Video Games	15		Get All Video Games	1560286400112	1560286400120	OK	 
REQUEST	Video Game DB - Get All Video Games	10		Get All Video Games	1560286400112	1560286400120	OK	 
REQUEST	Video Game DB - Get All Video Games	2		Get All Video Games	1560286400142	1560286400148	OK	 
REQUEST	Video Game DB - Get All Video Games	6		Get All Video Games	1560286400142	1560286400148	OK	 
REQUEST	Video Game DB - Get Specific Video Game	32		Get Specific Video Game	1560286400582	1560286400589	OK	 
REQUEST	Video Game DB - Get All Video Games	31		Get All Video Games	1560286400582	1560286400589	OK	 
REQUEST	Video Game DB - Get All Video Games	26		Get All Video Games	1560286400592	1560286400596	OK	 
REQUEST	Video Game DB - Get Specific Video Game	27		Get Specific Video Game	1560286400602	1560286400608	OK	 
REQUEST	Video Game DB - Get Specific Video Game	22		Get Specific Video Game	1560286400602	1560286400608	OK	 
REQUEST	Video Game DB - Get All Video Games	21		Get All Video Games	1560286400602	1560286400608	OK	 
REQUEST	Video Game DB - Get Specific Video Game	17		Get Specific Video Game	1560286400611	1560286400616	OK	 
REQUEST	Video Game DB - Get All Video Games	16		Get All Video Games	1560286400622	1560286400628	OK	 
REQUEST	Video Game DB - Get Specific Video Game	12		Get Specific Video Game	1560286400622	1560286400628	OK	 
REQUEST	Video Game DB - Get All Video Games	11		Get All Video Games	1560286400622	1560286400628	OK	 
REQUEST	Video Game DB - Get All Video Games	3		Get All Video Games	1560286400632	1560286400639	OK	 
REQUEST	Video Game DB - Get All Video Games	7		Get All Video Games	1560286400632	1560286400641	OK	 
REQUEST	Video Game DB - Get All Video Games	33		Get All Video Games	1560286401081	1560286401086	OK	 
REQUEST	Video Game DB - Get All Video Games	28		Get All Video Games	1560286401091	1560286401097	OK	 
REQUEST	Video Game DB - Get All Video Games	23		Get All Video Games	1560286401102	1560286401108	OK	 
REQUEST	Video Game DB - Get All Video Games	18		Get All Video Games	1560286401112	1560286401118	OK	 
REQUEST	Video Game DB - Get All Video Games	13		Get All Video Games	1560286401122	1560286401129	OK	 
REQUEST	Video Game DB - Get All Video Games	8		Get All Video Games	1560286401122	1560286401129	OK	 
REQUEST	Video Game DB - Get All Video Games	4		Get All Video Games	1560286401131	1560286401136	OK	 
REQUEST	Video Game DB - Get All Video Games	29		Get All Video Games	1560286401592	1560286401599	OK	 
REQUEST	Video Game DB - Get All Video Games	34		Get All Video Games	1560286401592	1560286401599	OK	 
REQUEST	Video Game DB - Get All Video Games	14		Get All Video Games	1560286401622	1560286401627	OK	 
REQUEST	Video Game DB - Get All Video Games	9		Get All Video Games	1560286401622	1560286401628	OK	 
REQUEST	Video Game DB - Get All Video Games	19		Get All Video Games	1560286401622	1560286401628	OK	 
REQUEST	Video Game DB - Get All Video Games	5		Get All Video Games	1560286401632	1560286401637	OK	 
REQUEST	Video Game DB - Get All Video Games	24		Get All Video Games	1560286401651	1560286401656	OK	 
REQUEST	Video Game DB - Get All Video Games	1		Get All Video Games	1560286401691	1560286401698	OK	 
REQUEST	Video Game DB - Get All Video Games	35		Get All Video Games	1560286402081	1560286402088	OK	 
REQUEST	Video Game DB - Get All Video Games	30		Get All Video Games	1560286402102	1560286402108	OK	 
REQUEST	Video Game DB - Get All Video Games	25		Get All Video Games	1560286402102	1560286402108	OK	 
REQUEST	Video Game DB - Get All Video Games	15		Get All Video Games	1560286402111	1560286402118	OK	 
REQUEST	Video Game DB - Get All Video Games	20		Get All Video Games	1560286402111	1560286402118	OK	 
REQUEST	Video Game DB - Get All Video Games	10		Get All Video Games	1560286402121	1560286402126	OK	 
REQUEST	Video Game DB - Get All Video Games	6		Get All Video Games	1560286402142	1560286402147	OK	 
REQUEST	Video Game DB - Get All Video Games	2		Get All Video Games	1560286402152	1560286402157	OK	 
REQUEST	Video Game DB - Get Specific Video Game	32		Get Specific Video Game	1560286402592	1560286402598	OK	 
REQUEST	Video Game DB - Get All Video Games	31		Get All Video Games	1560286402592	1560286402598	OK	 
REQUEST	Video Game DB - Get All Video Games	26		Get All Video Games	1560286402601	1560286402606	OK	 
REQUEST	Video Game DB - Get Specific Video Game	27		Get Specific Video Game	1560286402601	1560286402606	OK	 
REQUEST	Video Game DB - Get Specific Video Game	22		Get Specific Video Game	1560286402612	1560286402616	OK	 
REQUEST	Video Game DB - Get All Video Games	21		Get All Video Games	1560286402612	1560286402616	OK	 
REQUEST	Video Game DB - Get Specific Video Game	17		Get Specific Video Game	1560286402622	1560286402629	OK	 
REQUEST	Video Game DB - Get All Video Games	16		Get All Video Games	1560286402622	1560286402629	OK	 
REQUEST	Video Game DB - Get All Video Games	3		Get All Video Games	1560286402631	1560286402636	OK	 
REQUEST	Video Game DB - Get All Video Games	11		Get All Video Games	1560286402631	1560286402636	OK	 
REQUEST	Video Game DB - Get Specific Video Game	12		Get Specific Video Game	1560286402631	1560286402637	OK	 
REQUEST	Video Game DB - Get All Video Games	7		Get All Video Games	1560286402651	1560286402656	OK	 
REQUEST	Video Game DB - Get All Video Games	33		Get All Video Games	1560286403091	1560286403098	OK	 
REQUEST	Video Game DB - Get All Video Games	28		Get All Video Games	1560286403091	1560286403098	OK	 
REQUEST	Video Game DB - Get All Video Games	23		Get All Video Games	1560286403111	1560286403115	OK	 
REQUEST	Video Game DB - Get All Video Games	18		Get All Video Games	1560286403111	1560286403117	OK	 
REQUEST	Video Game DB - Get All Video Games	8		Get All Video Games	1560286403121	1560286403126	OK	 
REQUEST	Video Game DB - Get All Video Games	13		Get All Video Games	1560286403121	1560286403127	OK	 
REQUEST	Video Game DB - Get All Video Games	4		Get All Video Games	1560286403131	1560286403138	OK	 
REQUEST	Video Game DB - Get All Video Games	34		Get All Video Games	1560286403592	1560286403597	OK	 
REQUEST	Video Game DB - Get All Video Games	29		Get All Video Games	1560286403592	1560286403597	OK	 
REQUEST	Video Game DB - Get All Video Games	9		Get All Video Games	1560286403631	1560286403637	OK	 
REQUEST	Video Game DB - Get All Video Games	19		Get All Video Games	1560286403631	1560286403637	OK	 
REQUEST	Video Game DB - Get All Video Games	5		Get All Video Games	1560286403631	1560286403638	OK	 
REQUEST	Video Game DB - Get All Video Games	14		Get All Video Games	1560286403631	1560286403638	OK	 
REQUEST	Video Game DB - Get All Video Games	24		Get All Video Games	1560286403651	1560286403655	OK	 
REQUEST	Video Game DB - Get All Video Games	1		Get All Video Games	1560286403702	1560286403711	OK	 
REQUEST	Video Game DB - Get All Video Games	35		Get All Video Games	1560286404092	1560286404102	OK	 
REQUEST	Video Game DB - Get All Video Games	25		Get All Video Games	1560286404101	1560286404108	OK	 
REQUEST	Video Game DB - Get All Video Games	30		Get All Video Games	1560286404101	1560286404108	OK	 
REQUEST	Video Game DB - Get All Video Games	20		Get All Video Games	1560286404111	1560286404117	OK	 
REQUEST	Video Game DB - Get All Video Games	15		Get All Video Games	1560286404121	1560286404130	OK	 
REQUEST	Video Game DB - Get All Video Games	10		Get All Video Games	1560286404131	1560286404137	OK	 
REQUEST	Video Game DB - Get All Video Games	6		Get All Video Games	1560286404152	1560286404157	OK	 
REQUEST	Video Game DB - Get All Video Games	2		Get All Video Games	1560286404161	1560286404168	OK	 
REQUEST	Video Game DB - Get Specific Video Game	32		Get Specific Video Game	1560286404602	1560286404607	OK	 
REQUEST	Video Game DB - Get All Video Games	31		Get All Video Games	1560286404602	1560286404607	OK	 
REQUEST	Video Game DB - Get All Video Games	26		Get All Video Games	1560286404612	1560286404616	OK	 
REQUEST	Video Game DB - Get Specific Video Game	27		Get Specific Video Game	1560286404612	1560286404616	OK	 
REQUEST	Video Game DB - Get All Video Games	21		Get All Video Games	1560286404612	1560286404618	OK	 
REQUEST	Video Game DB - Get Specific Video Game	17		Get Specific Video Game	1560286404622	1560286404626	OK	 
REQUEST	Video Game DB - Get Specific Video Game	22		Get Specific Video Game	1560286404622	1560286404627	OK	 
REQUEST	Video Game DB - Get All Video Games	16		Get All Video Games	1560286404631	1560286404638	OK	 
REQUEST	Video Game DB - Get All Video Games	7		Get All Video Games	1560286404641	1560286404648	OK	 
REQUEST	Video Game DB - Get All Video Games	11		Get All Video Games	1560286404641	1560286404648	OK	 
REQUEST	Video Game DB - Get All Video Games	3		Get All Video Games	1560286404641	1560286404648	OK	 
REQUEST	Video Game DB - Get Specific Video Game	12		Get Specific Video Game	1560286404641	1560286404650	OK	 
REQUEST	Video Game DB - Get All Video Games	28		Get All Video Games	1560286405101	1560286405113	OK	 
REQUEST	Video Game DB - Get All Video Games	33		Get All Video Games	1560286405101	1560286405113	OK	 
REQUEST	Video Game DB - Get All Video Games	23		Get All Video Games	1560286405112	1560286405120	OK	 
REQUEST	Video Game DB - Get All Video Games	18		Get All Video Games	1560286405122	1560286405128	OK	 
REQUEST	Video Game DB - Get All Video Games	13		Get All Video Games	1560286405132	1560286405138	OK	 
REQUEST	Video Game DB - Get All Video Games	8		Get All Video Games	1560286405132	1560286405138	OK	 
REQUEST	Video Game DB - Get All Video Games	4		Get All Video Games	1560286405141	1560286405145	OK	 
REQUEST	Video Game DB - Get All Video Games	34		Get All Video Games	1560286405602	1560286405607	OK	 
REQUEST	Video Game DB - Get All Video Games	29		Get All Video Games	1560286405602	1560286405607	OK	 
REQUEST	Video Game DB - Get All Video Games	14		Get All Video Games	1560286405642	1560286405648	OK	 
REQUEST	Video Game DB - Get All Video Games	19		Get All Video Games	1560286405642	1560286405649	OK	 
REQUEST	Video Game DB - Get All Video Games	5		Get All Video Games	1560286405642	1560286405649	OK	 
REQUEST	Video Game DB - Get All Video Games	9		Get All Video Games	1560286405642	1560286405650	OK	 
REQUEST	Video Game DB - Get All Video Games	24		Get All Video Games	1560286405662	1560286405667	OK	 
REQUEST	Video Game DB - Get All Video Games	1		Get All Video Games	1560286405702	1560286405711	OK	 
REQUEST	Video Game DB - Get All Video Games	30		Get All Video Games	1560286406111	1560286406119	OK	 
REQUEST	Video Game DB - Get All Video Games	25		Get All Video Games	1560286406111	1560286406119	OK	 
REQUEST	Video Game DB - Get All Video Games	35		Get All Video Games	1560286406111	1560286406119	OK	 
REQUEST	Video Game DB - Get All Video Games	20		Get All Video Games	1560286406122	1560286406126	OK	 
REQUEST	Video Game DB - Get All Video Games	10		Get All Video Games	1560286406132	1560286406138	OK	 
REQUEST	Video Game DB - Get All Video Games	15		Get All Video Games	1560286406132	1560286406138	OK	 
REQUEST	Video Game DB - Get All Video Games	6		Get All Video Games	1560286406161	1560286406166	OK	 
REQUEST	Video Game DB - Get All Video Games	2		Get All Video Games	1560286406161	1560286406167	OK	 
REQUEST	Video Game DB - Get All Video Games	31		Get All Video Games	1560286406601	1560286406606	OK	 
REQUEST	Video Game DB - Get All Video Games	26		Get All Video Games	1560286406611	1560286406616	OK	 
REQUEST	Video Game DB - Get Specific Video Game	32		Get Specific Video Game	1560286406611	1560286406616	OK	 
REQUEST	Video Game DB - Get Specific Video Game	27		Get Specific Video Game	1560286406611	1560286406616	OK	 
REQUEST	Video Game DB - Get All Video Games	21		Get All Video Games	1560286406621	1560286406625	OK	 
REQUEST	Video Game DB - Get Specific Video Game	22		Get Specific Video Game	1560286406621	1560286406626	OK	 
REQUEST	Video Game DB - Get Specific Video Game	17		Get Specific Video Game	1560286406631	1560286406636	OK	 
REQUEST	Video Game DB - Get All Video Games	11		Get All Video Games	1560286406642	1560286406647	OK	 
REQUEST	Video Game DB - Get All Video Games	16		Get All Video Games	1560286406642	1560286406647	OK	 
REQUEST	Video Game DB - Get Specific Video Game	12		Get Specific Video Game	1560286406642	1560286406647	OK	 
REQUEST	Video Game DB - Get All Video Games	3		Get All Video Games	1560286406652	1560286406657	OK	 
REQUEST	Video Game DB - Get All Video Games	7		Get All Video Games	1560286406652	1560286406657	OK	 
REQUEST	Video Game DB - Get All Video Games	33		Get All Video Games	1560286407112	1560286407117	OK	 
REQUEST	Video Game DB - Get All Video Games	28		Get All Video Games	1560286407122	1560286407127	OK	 
REQUEST	Video Game DB - Get All Video Games	23		Get All Video Games	1560286407122	1560286407129	OK	 
REQUEST	Video Game DB - Get All Video Games	18		Get All Video Games	1560286407122	1560286407130	OK	 
REQUEST	Video Game DB - Get All Video Games	13		Get All Video Games	1560286407131	1560286407135	OK	 
REQUEST	Video Game DB - Get All Video Games	8		Get All Video Games	1560286407142	1560286407148	OK	 
REQUEST	Video Game DB - Get All Video Games	4		Get All Video Games	1560286407142	1560286407148	OK	 
REQUEST	Video Game DB - Get All Video Games	34		Get All Video Games	1560286407612	1560286407617	OK	 
REQUEST	Video Game DB - Get All Video Games	29		Get All Video Games	1560286407612	1560286407617	OK	 
REQUEST	Video Game DB - Get All Video Games	19		Get All Video Games	1560286407642	1560286407647	OK	 
REQUEST	Video Game DB - Get All Video Games	14		Get All Video Games	1560286407642	1560286407650	OK	 
REQUEST	Video Game DB - Get All Video Games	9		Get All Video Games	1560286407642	1560286407650	OK	 
REQUEST	Video Game DB - Get All Video Games	5		Get All Video Games	1560286407652	1560286407655	OK	 
REQUEST	Video Game DB - Get All Video Games	24		Get All Video Games	1560286407662	1560286407668	OK	 
REQUEST	Video Game DB - Get All Video Games	1		Get All Video Games	1560286407722	1560286407731	OK	 
REQUEST	Video Game DB - Get All Video Games	10		Get All Video Games	1560286408142	1560286408149	OK	 
REQUEST	Video Game DB - Get All Video Games	15		Get All Video Games	1560286408142	1560286408149	OK	 
REQUEST	Video Game DB - Get All Video Games	35		Get All Video Games	1560286408112	1560286408149	OK	 
REQUEST	Video Game DB - Get All Video Games	30		Get All Video Games	1560286408112	1560286408151	OK	 
REQUEST	Video Game DB - Get All Video Games	25		Get All Video Games	1560286408122	1560286408156	OK	 
REQUEST	Video Game DB - Get All Video Games	20		Get All Video Games	1560286408122	1560286408158	OK	 
REQUEST	Video Game DB - Get All Video Games	6		Get All Video Games	1560286408161	1560286408167	OK	 
REQUEST	Video Game DB - Get All Video Games	2		Get All Video Games	1560286408172	1560286408176	OK	 
REQUEST	Video Game DB - Get All Video Games	31		Get All Video Games	1560286408612	1560286408618	OK	 
REQUEST	Video Game DB - Get Specific Video Game	32		Get Specific Video Game	1560286408612	1560286408618	OK	 
REQUEST	Video Game DB - Get All Video Games	26		Get All Video Games	1560286408622	1560286408629	OK	 
REQUEST	Video Game DB - Get Specific Video Game	27		Get Specific Video Game	1560286408622	1560286408629	OK	 
REQUEST	Video Game DB - Get All Video Games	21		Get All Video Games	1560286408631	1560286408636	OK	 
REQUEST	Video Game DB - Get Specific Video Game	22		Get Specific Video Game	1560286408631	1560286408636	OK	 
REQUEST	Video Game DB - Get Specific Video Game	17		Get Specific Video Game	1560286408641	1560286408646	OK	 
REQUEST	Video Game DB - Get Specific Video Game	12		Get Specific Video Game	1560286408652	1560286408658	OK	 
REQUEST	Video Game DB - Get All Video Games	16		Get All Video Games	1560286408652	1560286408659	OK	 
REQUEST	Video Game DB - Get All Video Games	11		Get All Video Games	1560286408652	1560286408659	OK	 
REQUEST	Video Game DB - Get All Video Games	3		Get All Video Games	1560286408652	1560286408659	OK	 
REQUEST	Video Game DB - Get All Video Games	7		Get All Video Games	1560286408662	1560286408668	OK	 
REQUEST	Video Game DB - Get All Video Games	33		Get All Video Games	1560286409111	1560286409117	OK	 
REQUEST	Video Game DB - Get All Video Games	28		Get All Video Games	1560286409122	1560286409126	OK	 
REQUEST	Video Game DB - Get All Video Games	23		Get All Video Games	1560286409132	1560286409138	OK	 
REQUEST	Video Game DB - Get All Video Games	18		Get All Video Games	1560286409132	1560286409138	OK	 
REQUEST	Video Game DB - Get All Video Games	8		Get All Video Games	1560286409141	1560286409147	OK	 
REQUEST	Video Game DB - Get All Video Games	13		Get All Video Games	1560286409141	1560286409147	OK	 
REQUEST	Video Game DB - Get All Video Games	4		Get All Video Games	1560286409151	1560286409156	OK	 
REQUEST	Video Game DB - Get All Video Games	29		Get All Video Games	1560286409612	1560286409617	OK	 
REQUEST	Video Game DB - Get All Video Games	34		Get All Video Games	1560286409612	1560286409617	OK	 
REQUEST	Video Game DB - Get All Video Games	19		Get All Video Games	1560286409652	1560286409657	OK	 
REQUEST	Video Game DB - Get All Video Games	14		Get All Video Games	1560286409652	1560286409657	OK	 
REQUEST	Video Game DB - Get All Video Games	9		Get All Video Games	1560286409652	1560286409659	OK	 
REQUEST	Video Game DB - Get All Video Games	24		Get All Video Games	1560286409662	1560286409667	OK	 
REQUEST	Video Game DB - Get All Video Games	5		Get All Video Games	1560286409662	1560286409667	OK	 
REQUEST	Video Game DB - Get All Video Games	1		Get All Video Games	1560286409721	1560286409726	OK	 
REQUEST	Video Game DB - Get All Video Games	15		Get All Video Games	1560286410141	1560286410146	OK	 
REQUEST	Video Game DB - Get All Video Games	10		Get All Video Games	1560286410141	1560286410146	OK	 
REQUEST	Video Game DB - Get All Video Games	35		Get All Video Games	1560286410151	1560286410155	OK	 
REQUEST	Video Game DB - Get All Video Games	30		Get All Video Games	1560286410162	1560286410167	OK	 
REQUEST	Video Game DB - Get All Video Games	25		Get All Video Games	1560286410162	1560286410167	OK	 
REQUEST	Video Game DB - Get All Video Games	20		Get All Video Games	1560286410162	1560286410167	OK	 
REQUEST	Video Game DB - Get All Video Games	6		Get All Video Games	1560286410172	1560286410176	OK	 
REQUEST	Video Game DB - Get All Video Games	2		Get All Video Games	1560286410172	1560286410176	OK	 
REQUEST	Video Game DB - Get All Video Games	31		Get All Video Games	1560286410612	1560286410617	OK	 
REQUEST	Video Game DB - Get Specific Video Game	32		Get Specific Video Game	1560286410622	1560286410627	OK	 
REQUEST	Video Game DB - Get Specific Video Game	27		Get Specific Video Game	1560286410622	1560286410627	OK	 
REQUEST	Video Game DB - Get All Video Games	26		Get All Video Games	1560286410622	1560286410628	OK	 
REQUEST	Video Game DB - Get Specific Video Game	22		Get Specific Video Game	1560286410631	1560286410636	OK	 
REQUEST	Video Game DB - Get All Video Games	21		Get All Video Games	1560286410631	1560286410635	OK	 
REQUEST	Video Game DB - Get Specific Video Game	17		Get Specific Video Game	1560286410641	1560286410645	OK	 
REQUEST	Video Game DB - Get All Video Games	11		Get All Video Games	1560286410651	1560286410658	OK	 
REQUEST	Video Game DB - Get All Video Games	16		Get All Video Games	1560286410651	1560286410658	OK	 
REQUEST	Video Game DB - Get All Video Games	3		Get All Video Games	1560286410661	1560286410666	OK	 
REQUEST	Video Game DB - Get All Video Games	7		Get All Video Games	1560286410661	1560286410666	OK	 
REQUEST	Video Game DB - Get Specific Video Game	12		Get Specific Video Game	1560286410661	1560286410667	OK	 
REQUEST	Video Game DB - Get All Video Games	28		Get All Video Games	1560286411122	1560286411128	OK	 
REQUEST	Video Game DB - Get All Video Games	33		Get All Video Games	1560286411122	1560286411127	OK	 
REQUEST	Video Game DB - Get All Video Games	23		Get All Video Games	1560286411131	1560286411135	OK	 
REQUEST	Video Game DB - Get All Video Games	18		Get All Video Games	1560286411141	1560286411146	OK	 
REQUEST	Video Game DB - Get All Video Games	4		Get All Video Games	1560286411152	1560286411159	OK	 
REQUEST	Video Game DB - Get All Video Games	13		Get All Video Games	1560286411152	1560286411159	OK	 
REQUEST	Video Game DB - Get All Video Games	8		Get All Video Games	1560286411152	1560286411159	OK	 
REQUEST	Video Game DB - Get All Video Games	29		Get All Video Games	1560286411621	1560286411627	OK	 
REQUEST	Video Game DB - Get All Video Games	34		Get All Video Games	1560286411621	1560286411627	OK	 
REQUEST	Video Game DB - Get All Video Games	9		Get All Video Games	1560286411662	1560286411666	OK	 
REQUEST	Video Game DB - Get All Video Games	19		Get All Video Games	1560286411662	1560286411666	OK	 
REQUEST	Video Game DB - Get All Video Games	5		Get All Video Games	1560286411662	1560286411667	OK	 
REQUEST	Video Game DB - Get All Video Games	14		Get All Video Games	1560286411662	1560286411667	OK	 
REQUEST	Video Game DB - Get All Video Games	24		Get All Video Games	1560286411671	1560286411675	OK	 
REQUEST	Video Game DB - Get All Video Games	1		Get All Video Games	1560286411732	1560286411745	OK	 
REQUEST	Video Game DB - Get All Video Games	35		Get All Video Games	1560286412152	1560286412158	OK	 
REQUEST	Video Game DB - Get All Video Games	10		Get All Video Games	1560286412152	1560286412158	OK	 
REQUEST	Video Game DB - Get All Video Games	15		Get All Video Games	1560286412152	1560286412158	OK	 
REQUEST	Video Game DB - Get All Video Games	30		Get All Video Games	1560286412161	1560286412167	OK	 
REQUEST	Video Game DB - Get All Video Games	25		Get All Video Games	1560286412161	1560286412167	OK	 
REQUEST	Video Game DB - Get All Video Games	6		Get All Video Games	1560286412172	1560286412178	OK	 
REQUEST	Video Game DB - Get All Video Games	20		Get All Video Games	1560286412172	1560286412178	OK	 
REQUEST	Video Game DB - Get All Video Games	2		Get All Video Games	1560286412182	1560286412187	OK	 
REQUEST	Video Game DB - Get All Video Games	31		Get All Video Games	1560286412621	1560286412626	OK	 
REQUEST	Video Game DB - Get Specific Video Game	32		Get Specific Video Game	1560286412621	1560286412631	OK	 
REQUEST	Video Game DB - Get All Video Games	21		Get All Video Games	1560286412631	1560286412637	OK	 
REQUEST	Video Game DB - Get Specific Video Game	27		Get Specific Video Game	1560286412631	1560286412637	OK	 
REQUEST	Video Game DB - Get All Video Games	26		Get All Video Games	1560286412631	1560286412637	OK	 
REQUEST	Video Game DB - Get Specific Video Game	22		Get Specific Video Game	1560286412642	1560286412646	OK	 
REQUEST	Video Game DB - Get Specific Video Game	17		Get Specific Video Game	1560286412652	1560286412656	OK	 
REQUEST	Video Game DB - Get All Video Games	16		Get All Video Games	1560286412661	1560286412666	OK	 
REQUEST	Video Game DB - Get Specific Video Game	12		Get Specific Video Game	1560286412661	1560286412666	OK	 
REQUEST	Video Game DB - Get All Video Games	11		Get All Video Games	1560286412661	1560286412666	OK	 
REQUEST	Video Game DB - Get All Video Games	3		Get All Video Games	1560286412672	1560286412676	OK	 
REQUEST	Video Game DB - Get All Video Games	7		Get All Video Games	1560286412672	1560286412677	OK	 
REQUEST	Video Game DB - Get All Video Games	28		Get All Video Games	1560286413132	1560286413138	OK	 
REQUEST	Video Game DB - Get All Video Games	33		Get All Video Games	1560286413132	1560286413138	OK	 
REQUEST	Video Game DB - Get All Video Games	23		Get All Video Games	1560286413141	1560286413150	OK	 
REQUEST	Video Game DB - Get All Video Games	13		Get All Video Games	1560286413151	1560286413156	OK	 
REQUEST	Video Game DB - Get All Video Games	18		Get All Video Games	1560286413151	1560286413156	OK	 
REQUEST	Video Game DB - Get All Video Games	8		Get All Video Games	1560286413161	1560286413167	OK	 
REQUEST	Video Game DB - Get All Video Games	4		Get All Video Games	1560286413161	1560286413167	OK	 
REQUEST	Video Game DB - Get All Video Games	34		Get All Video Games	1560286413621	1560286413627	OK	 
REQUEST	Video Game DB - Get All Video Games	29		Get All Video Games	1560286413621	1560286413627	OK	 
REQUEST	Video Game DB - Get All Video Games	19		Get All Video Games	1560286413661	1560286413668	OK	 
REQUEST	Video Game DB - Get All Video Games	5		Get All Video Games	1560286413661	1560286413669	OK	 
REQUEST	Video Game DB - Get All Video Games	14		Get All Video Games	1560286413672	1560286413677	OK	 
REQUEST	Video Game DB - Get All Video Games	9		Get All Video Games	1560286413672	1560286413678	OK	 
REQUEST	Video Game DB - Get All Video Games	24		Get All Video Games	1560286413682	1560286413686	OK	 
REQUEST	Video Game DB - Get All Video Games	1		Get All Video Games	1560286413751	1560286413756	OK	 
REQUEST	Video Game DB - Get All Video Games	15		Get All Video Games	1560286414151	1560286414156	OK	 
REQUEST	Video Game DB - Get All Video Games	10		Get All Video Games	1560286414162	1560286414171	OK	 
REQUEST	Video Game DB - Get All Video Games	35		Get All Video Games	1560286414162	1560286414171	OK	 
REQUEST	Video Game DB - Get All Video Games	30		Get All Video Games	1560286414172	1560286414177	OK	 
REQUEST	Video Game DB - Get All Video Games	20		Get All Video Games	1560286414172	1560286414177	OK	 
REQUEST	Video Game DB - Get All Video Games	25		Get All Video Games	1560286414172	1560286414179	OK	 
REQUEST	Video Game DB - Get All Video Games	6		Get All Video Games	1560286414181	1560286414187	OK	 
REQUEST	Video Game DB - Get All Video Games	2		Get All Video Games	1560286414181	1560286414187	OK	 
REQUEST	Video Game DB - Get All Video Games	31		Get All Video Games	1560286414631	1560286414638	OK	 
REQUEST	Video Game DB - Get Specific Video Game	32		Get Specific Video Game	1560286414631	1560286414638	OK	 
REQUEST	Video Game DB - Get Specific Video Game	27		Get Specific Video Game	1560286414641	1560286414648	OK	 
REQUEST	Video Game DB - Get All Video Games	26		Get All Video Games	1560286414641	1560286414649	OK	 
REQUEST	Video Game DB - Get All Video Games	21		Get All Video Games	1560286414641	1560286414649	OK	 
REQUEST	Video Game DB - Get Specific Video Game	22		Get Specific Video Game	1560286414641	1560286414650	OK	 
REQUEST	Video Game DB - Get Specific Video Game	17		Get Specific Video Game	1560286414652	1560286414656	OK	 
REQUEST	Video Game DB - Get All Video Games	7		Get All Video Games	1560286414672	1560286414678	OK	 
REQUEST	Video Game DB - Get All Video Games	16		Get All Video Games	1560286414672	1560286414680	OK	 
REQUEST	Video Game DB - Get All Video Games	11		Get All Video Games	1560286414672	1560286414681	OK	 
REQUEST	Video Game DB - Get Specific Video Game	12		Get Specific Video Game	1560286414672	1560286414681	OK	 
REQUEST	Video Game DB - Get All Video Games	3		Get All Video Games	1560286414672	1560286414682	OK	 
REQUEST	Video Game DB - Get All Video Games	28		Get All Video Games	1560286415131	1560286415139	OK	 
REQUEST	Video Game DB - Get All Video Games	33		Get All Video Games	1560286415131	1560286415139	OK	 
REQUEST	Video Game DB - Get All Video Games	23		Get All Video Games	1560286415141	1560286415146	OK	 
REQUEST	Video Game DB - Get All Video Games	18		Get All Video Games	1560286415152	1560286415158	OK	 
REQUEST	Video Game DB - Get All Video Games	13		Get All Video Games	1560286415162	1560286415166	OK	 
REQUEST	Video Game DB - Get All Video Games	4		Get All Video Games	1560286415172	1560286415178	OK	 
REQUEST	Video Game DB - Get All Video Games	8		Get All Video Games	1560286415172	1560286415178	OK	 
REQUEST	Video Game DB - Get All Video Games	34		Get All Video Games	1560286415632	1560286415637	OK	 
REQUEST	Video Game DB - Get All Video Games	29		Get All Video Games	1560286415632	1560286415637	OK	 
REQUEST	Video Game DB - Get All Video Games	19		Get All Video Games	1560286415662	1560286415667	OK	 
REQUEST	Video Game DB - Get All Video Games	9		Get All Video Games	1560286415672	1560286415677	OK	 
REQUEST	Video Game DB - Get All Video Games	14		Get All Video Games	1560286415672	1560286415677	OK	 
REQUEST	Video Game DB - Get All Video Games	5		Get All Video Games	1560286415672	1560286415677	OK	 
REQUEST	Video Game DB - Get All Video Games	24		Get All Video Games	1560286415681	1560286415686	OK	 
REQUEST	Video Game DB - Get All Video Games	1		Get All Video Games	1560286415752	1560286415757	OK	 
REQUEST	Video Game DB - Get All Video Games	15		Get All Video Games	1560286416162	1560286416168	OK	 
REQUEST	Video Game DB - Get All Video Games	25		Get All Video Games	1560286416171	1560286416176	OK	 
REQUEST	Video Game DB - Get All Video Games	35		Get All Video Games	1560286416171	1560286416178	OK	 
REQUEST	Video Game DB - Get All Video Games	30		Get All Video Games	1560286416171	1560286416179	OK	 
REQUEST	Video Game DB - Get All Video Games	10		Get All Video Games	1560286416171	1560286416179	OK	 
REQUEST	Video Game DB - Get All Video Games	6		Get All Video Games	1560286416181	1560286416186	OK	 
REQUEST	Video Game DB - Get All Video Games	20		Get All Video Games	1560286416181	1560286416186	OK	 
REQUEST	Video Game DB - Get All Video Games	2		Get All Video Games	1560286416191	1560286416196	OK	 
REQUEST	Video Game DB - Get All Video Games	31		Get All Video Games	1560286416631	1560286416641	OK	 
REQUEST	Video Game DB - Get Specific Video Game	22		Get Specific Video Game	1560286416642	1560286416648	OK	 
REQUEST	Video Game DB - Get Specific Video Game	32		Get Specific Video Game	1560286416642	1560286416650	OK	 
REQUEST	Video Game DB - Get Specific Video Game	27		Get Specific Video Game	1560286416642	1560286416651	OK	 
REQUEST	Video Game DB - Get All Video Games	26		Get All Video Games	1560286416642	1560286416651	OK	 
REQUEST	Video Game DB - Get All Video Games	21		Get All Video Games	1560286416642	1560286416652	OK	 
REQUEST	Video Game DB - Get Specific Video Game	17		Get Specific Video Game	1560286416652	1560286416656	OK	 
REQUEST	Video Game DB - Get All Video Games	16		Get All Video Games	1560286416671	1560286416678	OK	 
REQUEST	Video Game DB - Get All Video Games	7		Get All Video Games	1560286416681	1560286416686	OK	 
REQUEST	Video Game DB - Get Specific Video Game	12		Get Specific Video Game	1560286416681	1560286416686	OK	 
REQUEST	Video Game DB - Get All Video Games	11		Get All Video Games	1560286416681	1560286416688	OK	 
REQUEST	Video Game DB - Get All Video Games	3		Get All Video Games	1560286416691	1560286416699	OK	 
REQUEST	Video Game DB - Get All Video Games	33		Get All Video Games	1560286417141	1560286417146	OK	 
REQUEST	Video Game DB - Get All Video Games	28		Get All Video Games	1560286417141	1560286417146	OK	 
REQUEST	Video Game DB - Get All Video Games	23		Get All Video Games	1560286417151	1560286417156	OK	 
REQUEST	Video Game DB - Get All Video Games	13		Get All Video Games	1560286417162	1560286417167	OK	 
REQUEST	Video Game DB - Get All Video Games	18		Get All Video Games	1560286417162	1560286417167	OK	 
REQUEST	Video Game DB - Get All Video Games	4		Get All Video Games	1560286417172	1560286417178	OK	 
REQUEST	Video Game DB - Get All Video Games	8		Get All Video Games	1560286417172	1560286417178	OK	 
REQUEST	Video Game DB - Get All Video Games	34		Get All Video Games	1560286417632	1560286417637	OK	 
REQUEST	Video Game DB - Get All Video Games	29		Get All Video Games	1560286417642	1560286417647	OK	 
REQUEST	Video Game DB - Get All Video Games	19		Get All Video Games	1560286417672	1560286417681	OK	 
REQUEST	Video Game DB - Get All Video Games	14		Get All Video Games	1560286417682	1560286417687	OK	 
REQUEST	Video Game DB - Get All Video Games	9		Get All Video Games	1560286417682	1560286417687	OK	 
REQUEST	Video Game DB - Get All Video Games	24		Get All Video Games	1560286417682	1560286417688	OK	 
REQUEST	Video Game DB - Get All Video Games	5		Get All Video Games	1560286417682	1560286417688	OK	 
REQUEST	Video Game DB - Get All Video Games	1		Get All Video Games	1560286417761	1560286417766	OK	 
REQUEST	Video Game DB - Get All Video Games	10		Get All Video Games	1560286418172	1560286418179	OK	 
REQUEST	Video Game DB - Get All Video Games	15		Get All Video Games	1560286418172	1560286418179	OK	 
REQUEST	Video Game DB - Get All Video Games	30		Get All Video Games	1560286418182	1560286418188	OK	 
REQUEST	Video Game DB - Get All Video Games	25		Get All Video Games	1560286418182	1560286418188	OK	 
REQUEST	Video Game DB - Get All Video Games	35		Get All Video Games	1560286418182	1560286418188	OK	 
REQUEST	Video Game DB - Get All Video Games	20		Get All Video Games	1560286418182	1560286418188	OK	 
REQUEST	Video Game DB - Get All Video Games	6		Get All Video Games	1560286418191	1560286418197	OK	 
REQUEST	Video Game DB - Get All Video Games	2		Get All Video Games	1560286418191	1560286418198	OK	 
REQUEST	Video Game DB - Get Specific Video Game	22		Get Specific Video Game	1560286418652	1560286418656	OK	 
REQUEST	Video Game DB - Get All Video Games	31		Get All Video Games	1560286418652	1560286418656	OK	 
REQUEST	Video Game DB - Get Specific Video Game	32		Get Specific Video Game	1560286418652	1560286418657	OK	 
REQUEST	Video Game DB - Get All Video Games	21		Get All Video Games	1560286418662	1560286418669	OK	 
REQUEST	Video Game DB - Get Specific Video Game	27		Get Specific Video Game	1560286418662	1560286418672	OK	 
REQUEST	Video Game DB - Get All Video Games	26		Get All Video Games	1560286418662	1560286418673	OK	 
REQUEST	Video Game DB - Get Specific Video Game	17		Get Specific Video Game	1560286418662	1560286418674	OK	 
REQUEST	Video Game DB - Get Specific Video Game	12		Get Specific Video Game	1560286418681	1560286418688	OK	 
REQUEST	Video Game DB - Get All Video Games	7		Get All Video Games	1560286418681	1560286418689	OK	 
REQUEST	Video Game DB - Get All Video Games	16		Get All Video Games	1560286418681	1560286418689	OK	 
REQUEST	Video Game DB - Get All Video Games	11		Get All Video Games	1560286418681	1560286418689	OK	 
REQUEST	Video Game DB - Get All Video Games	3		Get All Video Games	1560286418691	1560286418696	OK	 
REQUEST	Video Game DB - Get All Video Games	28		Get All Video Games	1560286419151	1560286419158	OK	 
REQUEST	Video Game DB - Get All Video Games	33		Get All Video Games	1560286419151	1560286419158	OK	 
REQUEST	Video Game DB - Get All Video Games	18		Get All Video Games	1560286419161	1560286419169	OK	 
REQUEST	Video Game DB - Get All Video Games	23		Get All Video Games	1560286419161	1560286419169	OK	 
REQUEST	Video Game DB - Get All Video Games	13		Get All Video Games	1560286419172	1560286419179	OK	 
REQUEST	Video Game DB - Get All Video Games	4		Get All Video Games	1560286419182	1560286419187	OK	 
REQUEST	Video Game DB - Get All Video Games	8		Get All Video Games	1560286419182	1560286419187	OK	 
REQUEST	Video Game DB - Get All Video Games	29		Get All Video Games	1560286419642	1560286419647	OK	 
REQUEST	Video Game DB - Get All Video Games	34		Get All Video Games	1560286419642	1560286419647	OK	 
REQUEST	Video Game DB - Get All Video Games	14		Get All Video Games	1560286419682	1560286419689	OK	 
REQUEST	Video Game DB - Get All Video Games	5		Get All Video Games	1560286419682	1560286419689	OK	 
REQUEST	Video Game DB - Get All Video Games	19		Get All Video Games	1560286419682	1560286419689	OK	 
REQUEST	Video Game DB - Get All Video Games	9		Get All Video Games	1560286419682	1560286419689	OK	 
REQUEST	Video Game DB - Get All Video Games	24		Get All Video Games	1560286419692	1560286419696	OK	 
REQUEST	Video Game DB - Get All Video Games	1		Get All Video Games	1560286419761	1560286419766	OK	 
REQUEST	Video Game DB - Get All Video Games	15		Get All Video Games	1560286420171	1560286420176	OK	 
REQUEST	Video Game DB - Get All Video Games	35		Get All Video Games	1560286420182	1560286420189	OK	 
REQUEST	Video Game DB - Get All Video Games	10		Get All Video Games	1560286420182	1560286420189	OK	 
REQUEST	Video Game DB - Get All Video Games	25		Get All Video Games	1560286420182	1560286420190	OK	 
REQUEST	Video Game DB - Get All Video Games	20		Get All Video Games	1560286420192	1560286420199	OK	 
REQUEST	Video Game DB - Get All Video Games	30		Get All Video Games	1560286420192	1560286420199	OK	 
REQUEST	Video Game DB - Get All Video Games	6		Get All Video Games	1560286420201	1560286420205	OK	 
REQUEST	Video Game DB - Get All Video Games	2		Get All Video Games	1560286420201	1560286420205	OK	 
REQUEST	Video Game DB - Get Specific Video Game	32		Get Specific Video Game	1560286420651	1560286420658	OK	 
REQUEST	Video Game DB - Get All Video Games	31		Get All Video Games	1560286420651	1560286420658	OK	 
REQUEST	Video Game DB - Get All Video Games	21		Get All Video Games	1560286420662	1560286420666	OK	 
REQUEST	Video Game DB - Get Specific Video Game	22		Get Specific Video Game	1560286420662	1560286420667	OK	 
REQUEST	Video Game DB - Get All Video Games	26		Get All Video Games	1560286420672	1560286420677	OK	 
REQUEST	Video Game DB - Get Specific Video Game	27		Get Specific Video Game	1560286420672	1560286420677	OK	 
REQUEST	Video Game DB - Get Specific Video Game	17		Get Specific Video Game	1560286420672	1560286420679	OK	 
REQUEST	Video Game DB - Get All Video Games	7		Get All Video Games	1560286420691	1560286420697	OK	 
REQUEST	Video Game DB - Get Specific Video Game	12		Get Specific Video Game	1560286420691	1560286420697	OK	 
REQUEST	Video Game DB - Get All Video Games	16		Get All Video Games	1560286420691	1560286420698	OK	 
REQUEST	Video Game DB - Get All Video Games	11		Get All Video Games	1560286420691	1560286420698	OK	 
REQUEST	Video Game DB - Get All Video Games	3		Get All Video Games	1560286420701	1560286420706	OK	 
REQUEST	Video Game DB - Get All Video Games	28		Get All Video Games	1560286421151	1560286421159	OK	 
REQUEST	Video Game DB - Get All Video Games	33		Get All Video Games	1560286421151	1560286421160	OK	 
REQUEST	Video Game DB - Get All Video Games	23		Get All Video Games	1560286421161	1560286421165	OK	 
REQUEST	Video Game DB - Get All Video Games	18		Get All Video Games	1560286421171	1560286421176	OK	 
REQUEST	Video Game DB - Get All Video Games	13		Get All Video Games	1560286421171	1560286421176	OK	 
REQUEST	Video Game DB - Get All Video Games	4		Get All Video Games	1560286421181	1560286421186	OK	 
REQUEST	Video Game DB - Get All Video Games	8		Get All Video Games	1560286421181	1560286421186	OK	 
REQUEST	Video Game DB - Get All Video Games	34		Get All Video Games	1560286421641	1560286421646	OK	 
REQUEST	Video Game DB - Get All Video Games	29		Get All Video Games	1560286421641	1560286421646	OK	 
REQUEST	Video Game DB - Get All Video Games	5		Get All Video Games	1560286421691	1560286421738	OK	 
REQUEST	Video Game DB - Get All Video Games	14		Get All Video Games	1560286421691	1560286421738	OK	 
REQUEST	Video Game DB - Get All Video Games	9		Get All Video Games	1560286421691	1560286421741	OK	 
REQUEST	Video Game DB - Get All Video Games	19		Get All Video Games	1560286421691	1560286421744	OK	 
REQUEST	Video Game DB - Get All Video Games	24		Get All Video Games	1560286421701	1560286421744	OK	 
REQUEST	Video Game DB - Get All Video Games	1		Get All Video Games	1560286421772	1560286421777	OK	 
REQUEST	Video Game DB - Get All Video Games	15		Get All Video Games	1560286422181	1560286422185	OK	 
REQUEST	Video Game DB - Get All Video Games	35		Get All Video Games	1560286422191	1560286422197	OK	 
REQUEST	Video Game DB - Get All Video Games	20		Get All Video Games	1560286422191	1560286422199	OK	 
REQUEST	Video Game DB - Get All Video Games	30		Get All Video Games	1560286422191	1560286422201	OK	 
REQUEST	Video Game DB - Get All Video Games	10		Get All Video Games	1560286422191	1560286422201	OK	 
REQUEST	Video Game DB - Get All Video Games	25		Get All Video Games	1560286422191	1560286422202	OK	 
REQUEST	Video Game DB - Get All Video Games	6		Get All Video Games	1560286422201	1560286422208	OK	 
REQUEST	Video Game DB - Get All Video Games	2		Get All Video Games	1560286422211	1560286422218	OK	 
REQUEST	Video Game DB - Get All Video Games	31		Get All Video Games	1560286422652	1560286422657	OK	 
REQUEST	Video Game DB - Get Specific Video Game	32		Get Specific Video Game	1560286422662	1560286422667	OK	 
REQUEST	Video Game DB - Get All Video Games	26		Get All Video Games	1560286422671	1560286422681	OK	 
REQUEST	Video Game DB - Get Specific Video Game	22		Get Specific Video Game	1560286422671	1560286422682	OK	 
REQUEST	Video Game DB - Get Specific Video Game	17		Get Specific Video Game	1560286422671	1560286422684	OK	 
REQUEST	Video Game DB - Get All Video Games	21		Get All Video Games	1560286422671	1560286422684	OK	 
REQUEST	Video Game DB - Get Specific Video Game	27		Get Specific Video Game	1560286422671	1560286422684	OK	 
REQUEST	Video Game DB - Get All Video Games	16		Get All Video Games	1560286422691	1560286422696	OK	 
REQUEST	Video Game DB - Get All Video Games	11		Get All Video Games	1560286422702	1560286422708	OK	 
REQUEST	Video Game DB - Get All Video Games	3		Get All Video Games	1560286422702	1560286422710	OK	 
REQUEST	Video Game DB - Get Specific Video Game	12		Get Specific Video Game	1560286422702	1560286422710	OK	 
REQUEST	Video Game DB - Get All Video Games	7		Get All Video Games	1560286422702	1560286422710	OK	 
REQUEST	Video Game DB - Get All Video Games	28		Get All Video Games	1560286423161	1560286423166	OK	 
REQUEST	Video Game DB - Get All Video Games	33		Get All Video Games	1560286423161	1560286423167	OK	 
REQUEST	Video Game DB - Get All Video Games	23		Get All Video Games	1560286423171	1560286423176	OK	 
REQUEST	Video Game DB - Get All Video Games	13		Get All Video Games	1560286423182	1560286423188	OK	 
REQUEST	Video Game DB - Get All Video Games	18		Get All Video Games	1560286423182	1560286423188	OK	 
REQUEST	Video Game DB - Get All Video Games	4		Get All Video Games	1560286423192	1560286423196	OK	 
REQUEST	Video Game DB - Get All Video Games	8		Get All Video Games	1560286423192	1560286423198	OK	 
REQUEST	Video Game DB - Get All Video Games	29		Get All Video Games	1560286423651	1560286423656	OK	 
REQUEST	Video Game DB - Get All Video Games	34		Get All Video Games	1560286423651	1560286423657	OK	 
REQUEST	Video Game DB - Get All Video Games	5		Get All Video Games	1560286423741	1560286423750	OK	 
REQUEST	Video Game DB - Get All Video Games	14		Get All Video Games	1560286423741	1560286423750	OK	 
REQUEST	Video Game DB - Get All Video Games	24		Get All Video Games	1560286423741	1560286423751	OK	 
REQUEST	Video Game DB - Get All Video Games	9		Get All Video Games	1560286423751	1560286423756	OK	 
REQUEST	Video Game DB - Get All Video Games	19		Get All Video Games	1560286423751	1560286423757	OK	 
REQUEST	Video Game DB - Get All Video Games	1		Get All Video Games	1560286423772	1560286423776	OK	 
REQUEST	Video Game DB - Get All Video Games	15		Get All Video Games	1560286424192	1560286424197	OK	 
REQUEST	Video Game DB - Get All Video Games	35		Get All Video Games	1560286424192	1560286424197	OK	 
REQUEST	Video Game DB - Get All Video Games	30		Get All Video Games	1560286424202	1560286424208	OK	 
REQUEST	Video Game DB - Get All Video Games	10		Get All Video Games	1560286424202	1560286424208	OK	 
REQUEST	Video Game DB - Get All Video Games	20		Get All Video Games	1560286424202	1560286424208	OK	 
REQUEST	Video Game DB - Get All Video Games	6		Get All Video Games	1560286424211	1560286424218	OK	 
REQUEST	Video Game DB - Get All Video Games	25		Get All Video Games	1560286424211	1560286424218	OK	 
REQUEST	Video Game DB - Get All Video Games	2		Get All Video Games	1560286424211	1560286424219	OK	 
REQUEST	Video Game DB - Get All Video Games	31		Get All Video Games	1560286424661	1560286424668	OK	 
REQUEST	Video Game DB - Get Specific Video Game	32		Get Specific Video Game	1560286424671	1560286424676	OK	 
REQUEST	Video Game DB - Get Specific Video Game	22		Get Specific Video Game	1560286424681	1560286424686	OK	 
REQUEST	Video Game DB - Get Specific Video Game	17		Get Specific Video Game	1560286424692	1560286424697	OK	 
REQUEST	Video Game DB - Get Specific Video Game	27		Get Specific Video Game	1560286424692	1560286424698	OK	 
REQUEST	Video Game DB - Get All Video Games	21		Get All Video Games	1560286424692	1560286424700	OK	 
REQUEST	Video Game DB - Get All Video Games	26		Get All Video Games	1560286424692	1560286424703	OK	 
REQUEST	Video Game DB - Get All Video Games	11		Get All Video Games	1560286424702	1560286424708	OK	 
REQUEST	Video Game DB - Get All Video Games	16		Get All Video Games	1560286424702	1560286424711	OK	 
REQUEST	Video Game DB - Get Specific Video Game	12		Get Specific Video Game	1560286424702	1560286424712	OK	 
REQUEST	Video Game DB - Get All Video Games	7		Get All Video Games	1560286424702	1560286424712	OK	 
REQUEST	Video Game DB - Get All Video Games	3		Get All Video Games	1560286424702	1560286424714	OK	 
REQUEST	Video Game DB - Get All Video Games	33		Get All Video Games	1560286425171	1560286425177	OK	 
REQUEST	Video Game DB - Get All Video Games	28		Get All Video Games	1560286425171	1560286425177	OK	 
REQUEST	Video Game DB - Get All Video Games	18		Get All Video Games	1560286425181	1560286425188	OK	 
REQUEST	Video Game DB - Get All Video Games	23		Get All Video Games	1560286425181	1560286425189	OK	 
REQUEST	Video Game DB - Get All Video Games	8		Get All Video Games	1560286425192	1560286425198	OK	 
REQUEST	Video Game DB - Get All Video Games	13		Get All Video Games	1560286425192	1560286425200	OK	 
REQUEST	Video Game DB - Get All Video Games	4		Get All Video Games	1560286425192	1560286425200	OK	 
REQUEST	Video Game DB - Get All Video Games	34		Get All Video Games	1560286425651	1560286425657	OK	 
REQUEST	Video Game DB - Get All Video Games	29		Get All Video Games	1560286425662	1560286425666	OK	 
REQUEST	Video Game DB - Get All Video Games	14		Get All Video Games	1560286425742	1560286425746	OK	 
REQUEST	Video Game DB - Get All Video Games	5		Get All Video Games	1560286425742	1560286425746	OK	 
REQUEST	Video Game DB - Get All Video Games	9		Get All Video Games	1560286425752	1560286425757	OK	 
REQUEST	Video Game DB - Get All Video Games	24		Get All Video Games	1560286425752	1560286425757	OK	 
REQUEST	Video Game DB - Get All Video Games	19		Get All Video Games	1560286425752	1560286425760	OK	 
REQUEST	Video Game DB - Get All Video Games	1		Get All Video Games	1560286425782	1560286425786	OK	 
REQUEST	Video Game DB - Get All Video Games	15		Get All Video Games	1560286426192	1560286426198	OK	 
REQUEST	Video Game DB - Get All Video Games	35		Get All Video Games	1560286426202	1560286426208	OK	 
REQUEST	Video Game DB - Get All Video Games	30		Get All Video Games	1560286426211	1560286426218	OK	 
REQUEST	Video Game DB - Get All Video Games	6		Get All Video Games	1560286426211	1560286426218	OK	 
REQUEST	Video Game DB - Get All Video Games	10		Get All Video Games	1560286426211	1560286426220	OK	 
REQUEST	Video Game DB - Get All Video Games	25		Get All Video Games	1560286426211	1560286426220	OK	 
REQUEST	Video Game DB - Get All Video Games	20		Get All Video Games	1560286426211	1560286426220	OK	 
REQUEST	Video Game DB - Get All Video Games	2		Get All Video Games	1560286426221	1560286426226	OK	 
REQUEST	Video Game DB - Get Specific Video Game	32		Get Specific Video Game	1560286426672	1560286426677	OK	 
REQUEST	Video Game DB - Get All Video Games	31		Get All Video Games	1560286426672	1560286426677	OK	 
REQUEST	Video Game DB - Get Specific Video Game	22		Get Specific Video Game	1560286426682	1560286426686	OK	 
REQUEST	Video Game DB - Get Specific Video Game	17		Get Specific Video Game	1560286426692	1560286426698	OK	 
REQUEST	Video Game DB - Get All Video Games	26		Get All Video Games	1560286426692	1560286426698	OK	 
REQUEST	Video Game DB - Get Specific Video Game	27		Get Specific Video Game	1560286426692	1560286426699	OK	 
REQUEST	Video Game DB - Get All Video Games	21		Get All Video Games	1560286426692	1560286426701	OK	 
REQUEST	Video Game DB - Get All Video Games	16		Get All Video Games	1560286426711	1560286426717	OK	 
REQUEST	Video Game DB - Get All Video Games	11		Get All Video Games	1560286426711	1560286426717	OK	 
REQUEST	Video Game DB - Get All Video Games	7		Get All Video Games	1560286426722	1560286426729	OK	 
REQUEST	Video Game DB - Get Specific Video Game	12		Get Specific Video Game	1560286426722	1560286426730	OK	 
REQUEST	Video Game DB - Get All Video Games	3		Get All Video Games	1560286426722	1560286426730	OK	 
REQUEST	Video Game DB - Get All Video Games	33		Get All Video Games	1560286427172	1560286427177	OK	 
REQUEST	Video Game DB - Get All Video Games	28		Get All Video Games	1560286427172	1560286427177	OK	 
REQUEST	Video Game DB - Get All Video Games	23		Get All Video Games	1560286427182	1560286427187	OK	 
REQUEST	Video Game DB - Get All Video Games	18		Get All Video Games	1560286427191	1560286427196	OK	 
REQUEST	Video Game DB - Get All Video Games	13		Get All Video Games	1560286427191	1560286427196	OK	 
REQUEST	Video Game DB - Get All Video Games	4		Get All Video Games	1560286427202	1560286427206	OK	 
REQUEST	Video Game DB - Get All Video Games	8		Get All Video Games	1560286427202	1560286427207	OK	 
REQUEST	Video Game DB - Get All Video Games	29		Get All Video Games	1560286427661	1560286427666	OK	 
REQUEST	Video Game DB - Get All Video Games	34		Get All Video Games	1560286427661	1560286427666	OK	 
REQUEST	Video Game DB - Get All Video Games	5		Get All Video Games	1560286427752	1560286427757	OK	 
REQUEST	Video Game DB - Get All Video Games	9		Get All Video Games	1560286427752	1560286427757	OK	 
REQUEST	Video Game DB - Get All Video Games	24		Get All Video Games	1560286427752	1560286427759	OK	 
REQUEST	Video Game DB - Get All Video Games	14		Get All Video Games	1560286427752	1560286427759	OK	 
REQUEST	Video Game DB - Get All Video Games	19		Get All Video Games	1560286427752	1560286427759	OK	 
REQUEST	Video Game DB - Get All Video Games	1		Get All Video Games	1560286427781	1560286427789	OK	 
REQUEST	Video Game DB - Get All Video Games	15		Get All Video Games	1560286428201	1560286428206	OK	 
REQUEST	Video Game DB - Get All Video Games	35		Get All Video Games	1560286428212	1560286428217	OK	 
REQUEST	Video Game DB - Get All Video Games	10		Get All Video Games	1560286428212	1560286428217	OK	 
REQUEST	Video Game DB - Get All Video Games	30		Get All Video Games	1560286428221	1560286428225	OK	 
REQUEST	Video Game DB - Get All Video Games	20		Get All Video Games	1560286428221	1560286428226	OK	 
REQUEST	Video Game DB - Get All Video Games	25		Get All Video Games	1560286428221	1560286428228	OK	 
REQUEST	Video Game DB - Get All Video Games	6		Get All Video Games	1560286428221	1560286428227	OK	 
REQUEST	Video Game DB - Get All Video Games	2		Get All Video Games	1560286428231	1560286428236	OK	 
REQUEST	Video Game DB - Get All Video Games	31		Get All Video Games	1560286428671	1560286428678	OK	 
REQUEST	Video Game DB - Get Specific Video Game	32		Get Specific Video Game	1560286428681	1560286428687	OK	 
REQUEST	Video Game DB - Get Specific Video Game	27		Get Specific Video Game	1560286428692	1560286428697	OK	 
REQUEST	Video Game DB - Get All Video Games	26		Get All Video Games	1560286428692	1560286428699	OK	 
REQUEST	Video Game DB - Get Specific Video Game	22		Get Specific Video Game	1560286428692	1560286428699	OK	 
REQUEST	Video Game DB - Get Specific Video Game	17		Get Specific Video Game	1560286428702	1560286428706	OK	 
REQUEST	Video Game DB - Get All Video Games	21		Get All Video Games	1560286428711	1560286428717	OK	 
REQUEST	Video Game DB - Get All Video Games	16		Get All Video Games	1560286428721	1560286428728	OK	 
REQUEST	Video Game DB - Get Specific Video Game	12		Get Specific Video Game	1560286428721	1560286428730	OK	 
REQUEST	Video Game DB - Get All Video Games	7		Get All Video Games	1560286428721	1560286428730	OK	 
REQUEST	Video Game DB - Get All Video Games	11		Get All Video Games	1560286428721	1560286428730	OK	 
REQUEST	Video Game DB - Get All Video Games	3		Get All Video Games	1560286428732	1560286428735	OK	 
REQUEST	Video Game DB - Get All Video Games	33		Get All Video Games	1560286429181	1560286429186	OK	 
REQUEST	Video Game DB - Get All Video Games	28		Get All Video Games	1560286429181	1560286429186	OK	 
REQUEST	Video Game DB - Get All Video Games	18		Get All Video Games	1560286429191	1560286429195	OK	 
REQUEST	Video Game DB - Get All Video Games	23		Get All Video Games	1560286429191	1560286429197	OK	 
REQUEST	Video Game DB - Get All Video Games	8		Get All Video Games	1560286429201	1560286429206	OK	 
REQUEST	Video Game DB - Get All Video Games	13		Get All Video Games	1560286429201	1560286429206	OK	 
REQUEST	Video Game DB - Get All Video Games	4		Get All Video Games	1560286429212	1560286429215	OK	 
REQUEST	Video Game DB - Get All Video Games	34		Get All Video Games	1560286429672	1560286429677	OK	 
REQUEST	Video Game DB - Get All Video Games	29		Get All Video Games	1560286429672	1560286429677	OK	 
REQUEST	Video Game DB - Get All Video Games	14		Get All Video Games	1560286429752	1560286429758	OK	 
REQUEST	Video Game DB - Get All Video Games	24		Get All Video Games	1560286429762	1560286429767	OK	 
REQUEST	Video Game DB - Get All Video Games	5		Get All Video Games	1560286429762	1560286429767	OK	 
REQUEST	Video Game DB - Get All Video Games	9		Get All Video Games	1560286429762	1560286429768	OK	 
REQUEST	Video Game DB - Get All Video Games	19		Get All Video Games	1560286429762	1560286429768	OK	 
REQUEST	Video Game DB - Get All Video Games	1		Get All Video Games	1560286429791	1560286429796	OK	 
REQUEST	Video Game DB - Get All Video Games	15		Get All Video Games	1560286430201	1560286430205	OK	 
REQUEST	Video Game DB - Get All Video Games	35		Get All Video Games	1560286430212	1560286430216	OK	 
REQUEST	Video Game DB - Get All Video Games	10		Get All Video Games	1560286430221	1560286430226	OK	 
REQUEST	Video Game DB - Get All Video Games	30		Get All Video Games	1560286430221	1560286430227	OK	 
REQUEST	Video Game DB - Get All Video Games	20		Get All Video Games	1560286430221	1560286430228	OK	 
REQUEST	Video Game DB - Get All Video Games	6		Get All Video Games	1560286430231	1560286430236	OK	 
REQUEST	Video Game DB - Get All Video Games	25		Get All Video Games	1560286430231	1560286430236	OK	 
REQUEST	Video Game DB - Get All Video Games	2		Get All Video Games	1560286430231	1560286430239	OK	 
REQUEST	Video Game DB - Get All Video Games	31		Get All Video Games	1560286430681	1560286430686	OK	 
REQUEST	Video Game DB - Get Specific Video Game	32		Get Specific Video Game	1560286430692	1560286430696	OK	 
REQUEST	Video Game DB - Get Specific Video Game	22		Get Specific Video Game	1560286430692	1560286430698	OK	 
REQUEST	Video Game DB - Get All Video Games	26		Get All Video Games	1560286430702	1560286430707	OK	 
REQUEST	Video Game DB - Get Specific Video Game	27		Get Specific Video Game	1560286430702	1560286430707	OK	 
REQUEST	Video Game DB - Get Specific Video Game	17		Get Specific Video Game	1560286430702	1560286430707	OK	 
REQUEST	Video Game DB - Get All Video Games	21		Get All Video Games	1560286430711	1560286430716	OK	 
REQUEST	Video Game DB - Get All Video Games	16		Get All Video Games	1560286430721	1560286430727	OK	 
REQUEST	Video Game DB - Get All Video Games	11		Get All Video Games	1560286430721	1560286430727	OK	 
REQUEST	Video Game DB - Get All Video Games	3		Get All Video Games	1560286430731	1560286430737	OK	 
REQUEST	Video Game DB - Get All Video Games	7		Get All Video Games	1560286430731	1560286430737	OK	 
REQUEST	Video Game DB - Get Specific Video Game	12		Get Specific Video Game	1560286430731	1560286430738	OK	 
REQUEST	Video Game DB - Get All Video Games	28		Get All Video Games	1560286431181	1560286431186	OK	 
REQUEST	Video Game DB - Get All Video Games	33		Get All Video Games	1560286431191	1560286431196	OK	 
REQUEST	Video Game DB - Get All Video Games	23		Get All Video Games	1560286431191	1560286431196	OK	 
REQUEST	Video Game DB - Get All Video Games	18		Get All Video Games	1560286431202	1560286431206	OK	 
REQUEST	Video Game DB - Get All Video Games	8		Get All Video Games	1560286431212	1560286431218	OK	 
REQUEST	Video Game DB - Get All Video Games	13		Get All Video Games	1560286431212	1560286431218	OK	 
REQUEST	Video Game DB - Get All Video Games	4		Get All Video Games	1560286431212	1560286431218	OK	 
REQUEST	Video Game DB - Get All Video Games	29		Get All Video Games	1560286431672	1560286431677	OK	 
REQUEST	Video Game DB - Get All Video Games	34		Get All Video Games	1560286431672	1560286431677	OK	 
REQUEST	Video Game DB - Get All Video Games	9		Get All Video Games	1560286431762	1560286431767	OK	 
REQUEST	Video Game DB - Get All Video Games	14		Get All Video Games	1560286431762	1560286431769	OK	 
REQUEST	Video Game DB - Get All Video Games	24		Get All Video Games	1560286431762	1560286431771	OK	 
REQUEST	Video Game DB - Get All Video Games	5		Get All Video Games	1560286431762	1560286431778	OK	 
REQUEST	Video Game DB - Get All Video Games	19		Get All Video Games	1560286431772	1560286431786	OK	 
REQUEST	Video Game DB - Get All Video Games	1		Get All Video Games	1560286431801	1560286431807	OK	 
REQUEST	Video Game DB - Get All Video Games	15		Get All Video Games	1560286432211	1560286432217	OK	 
REQUEST	Video Game DB - Get All Video Games	35		Get All Video Games	1560286432221	1560286432226	OK	 
REQUEST	Video Game DB - Get All Video Games	25		Get All Video Games	1560286432232	1560286432239	OK	 
REQUEST	Video Game DB - Get All Video Games	6		Get All Video Games	1560286432232	1560286432239	OK	 
REQUEST	Video Game DB - Get All Video Games	30		Get All Video Games	1560286432231	1560286432240	OK	 
REQUEST	Video Game DB - Get All Video Games	10		Get All Video Games	1560286432231	1560286432241	OK	 
REQUEST	Video Game DB - Get All Video Games	20		Get All Video Games	1560286432232	1560286432242	OK	 
REQUEST	Video Game DB - Get All Video Games	2		Get All Video Games	1560286432242	1560286432247	OK	 
